                                      1 ;--------------------------------------------------------
                                      2 ; File Created by SDCC : free open source ANSI-C Compiler
                                      3 ; Version 3.3.1 #8804 (Aug  6 2013) (Linux)
                                      4 ; This file was generated Tue Feb 10 06:19:30 2015
                                      5 ;--------------------------------------------------------
                                      6 	.module announcement
                                      7 	.optsdcc -mmcs51 --model-large
                                      8 	
                                      9 ;--------------------------------------------------------
                                     10 ; Public variables in this module
                                     11 ;--------------------------------------------------------
                                     12 	.globl _list_item_next
                                     13 	.globl _list_remove
                                     14 	.globl _list_add
                                     15 	.globl _list_head
                                     16 	.globl _list_init
                                     17 	.globl _announcement_init
                                     18 	.globl _announcement_register
                                     19 	.globl _announcement_remove
                                     20 	.globl _announcement_remove_value
                                     21 	.globl _announcement_set_value
                                     22 	.globl _announcement_bump
                                     23 	.globl _announcement_listen
                                     24 	.globl _announcement_register_listen_callback
                                     25 	.globl _announcement_register_observer_callback
                                     26 	.globl _announcement_list
                                     27 	.globl _announcement_heard
                                     28 ;--------------------------------------------------------
                                     29 ; special function registers
                                     30 ;--------------------------------------------------------
                                     31 	.area RSEG    (ABS,DATA)
      000000                         32 	.org 0x0000
                                     33 ;--------------------------------------------------------
                                     34 ; special function bits
                                     35 ;--------------------------------------------------------
                                     36 	.area RSEG    (ABS,DATA)
      000000                         37 	.org 0x0000
                                     38 ;--------------------------------------------------------
                                     39 ; overlayable register banks
                                     40 ;--------------------------------------------------------
                                     41 	.area REG_BANK_0	(REL,OVR,DATA)
      000000                         42 	.ds 8
                                     43 ;--------------------------------------------------------
                                     44 ; internal ram data
                                     45 ;--------------------------------------------------------
                                     46 	.area DSEG    (DATA)
                                     47 ;--------------------------------------------------------
                                     48 ; overlayable items in internal ram 
                                     49 ;--------------------------------------------------------
                                     50 ;--------------------------------------------------------
                                     51 ; indirectly addressable internal ram data
                                     52 ;--------------------------------------------------------
                                     53 	.area ISEG    (DATA)
                                     54 ;--------------------------------------------------------
                                     55 ; absolute internal ram data
                                     56 ;--------------------------------------------------------
                                     57 	.area IABS    (ABS,DATA)
                                     58 	.area IABS    (ABS,DATA)
                                     59 ;--------------------------------------------------------
                                     60 ; bit data
                                     61 ;--------------------------------------------------------
                                     62 	.area BSEG    (BIT)
                                     63 ;--------------------------------------------------------
                                     64 ; paged external ram data
                                     65 ;--------------------------------------------------------
                                     66 	.area PSEG    (PAG,XDATA)
                                     67 ;--------------------------------------------------------
                                     68 ; external ram data
                                     69 ;--------------------------------------------------------
                                     70 	.area XSEG    (XDATA)
      000000                         71 _listen_callback:
      000000                         72 	.ds 2
      000002                         73 _observer_callback:
      000002                         74 	.ds 2
                                     75 ;--------------------------------------------------------
                                     76 ; absolute external ram data
                                     77 ;--------------------------------------------------------
                                     78 	.area XABS    (ABS,XDATA)
                                     79 ;--------------------------------------------------------
                                     80 ; external initialized ram data
                                     81 ;--------------------------------------------------------
                                     82 	.area XISEG   (XDATA)
      000000                         83 _announcements_list:
      000000                         84 	.ds 3
      000003                         85 _announcements:
      000003                         86 	.ds 3
                                     87 	.area HOME    (CODE)
                                     88 	.area GSINIT0 (CODE)
                                     89 	.area GSINIT1 (CODE)
                                     90 	.area GSINIT2 (CODE)
                                     91 	.area GSINIT3 (CODE)
                                     92 	.area GSINIT4 (CODE)
                                     93 	.area GSINIT5 (CODE)
                                     94 	.area GSINIT  (CODE)
                                     95 	.area GSFINAL (CODE)
                                     96 	.area CSEG    (CODE)
                                     97 ;--------------------------------------------------------
                                     98 ; global & static initialisations
                                     99 ;--------------------------------------------------------
                                    100 	.area HOME    (CODE)
                                    101 	.area GSINIT  (CODE)
                                    102 	.area GSFINAL (CODE)
                                    103 	.area GSINIT  (CODE)
                                    104 ;--------------------------------------------------------
                                    105 ; Home
                                    106 ;--------------------------------------------------------
                                    107 	.area HOME    (CODE)
                                    108 	.area HOME    (CODE)
                                    109 ;--------------------------------------------------------
                                    110 ; code
                                    111 ;--------------------------------------------------------
                                    112 	.area CSEG    (CODE)
                                    113 ;------------------------------------------------------------
                                    114 ;Allocation info for local variables in function 'announcement_init'
                                    115 ;------------------------------------------------------------
                                    116 ;	/home/user/contiki/core/net/rime/announcement.c:56: announcement_init(void)
                                    117 ;	-----------------------------------------
                                    118 ;	 function announcement_init
                                    119 ;	-----------------------------------------
      000000                        120 _announcement_init:
                           000007   121 	ar7 = 0x07
                           000006   122 	ar6 = 0x06
                           000005   123 	ar5 = 0x05
                           000004   124 	ar4 = 0x04
                           000003   125 	ar3 = 0x03
                           000002   126 	ar2 = 0x02
                           000001   127 	ar1 = 0x01
                           000000   128 	ar0 = 0x00
                                    129 ;	/home/user/contiki/core/net/rime/announcement.c:58: list_init(announcements);
      000000 90r00r03         [24]  130 	mov	dptr,#_announcements
      000003 E0               [24]  131 	movx	a,@dptr
      000004 FD               [12]  132 	mov	r5,a
      000005 A3               [24]  133 	inc	dptr
      000006 E0               [24]  134 	movx	a,@dptr
      000007 FE               [12]  135 	mov	r6,a
      000008 A3               [24]  136 	inc	dptr
      000009 E0               [24]  137 	movx	a,@dptr
      00000A FF               [12]  138 	mov	r7,a
      00000B 8D 82            [24]  139 	mov	dpl,r5
      00000D 8E 83            [24]  140 	mov	dph,r6
      00000F 8F F0            [24]  141 	mov	b,r7
      000011 02r00r00         [24]  142 	ljmp	_list_init
                                    143 ;------------------------------------------------------------
                                    144 ;Allocation info for local variables in function 'announcement_register'
                                    145 ;------------------------------------------------------------
                                    146 ;id                        Allocated to stack - sp -12
                                    147 ;callback                  Allocated to stack - sp -14
                                    148 ;a                         Allocated to stack - sp -8
                                    149 ;sloc0                     Allocated to stack - sp -5
                                    150 ;sloc1                     Allocated to stack - sp -2
                                    151 ;------------------------------------------------------------
                                    152 ;	/home/user/contiki/core/net/rime/announcement.c:62: announcement_register(struct announcement *a, uint16_t id,
                                    153 ;	-----------------------------------------
                                    154 ;	 function announcement_register
                                    155 ;	-----------------------------------------
      000014                        156 _announcement_register:
      000014 C0 82            [24]  157 	push	dpl
      000016 C0 83            [24]  158 	push	dph
      000018 C0 F0            [24]  159 	push	b
      00001A E5 81            [12]  160 	mov	a,sp
      00001C 24 06            [12]  161 	add	a,#0x06
                                    162 ;	/home/user/contiki/core/net/rime/announcement.c:65: a->id = id;
      00001E F5 81            [12]  163 	mov	sp,a
      000020 24 F8            [12]  164 	add	a,#0xf8
      000022 F8               [12]  165 	mov	r0,a
      000023 74 03            [12]  166 	mov	a,#0x03
      000025 26               [12]  167 	add	a,@r0
      000026 FA               [12]  168 	mov	r2,a
      000027 E4               [12]  169 	clr	a
      000028 08               [12]  170 	inc	r0
      000029 36               [12]  171 	addc	a,@r0
      00002A FB               [12]  172 	mov	r3,a
      00002B 08               [12]  173 	inc	r0
      00002C 86 04            [24]  174 	mov	ar4,@r0
      00002E 8A 82            [24]  175 	mov	dpl,r2
      000030 8B 83            [24]  176 	mov	dph,r3
      000032 8C F0            [24]  177 	mov	b,r4
      000034 E5 81            [12]  178 	mov	a,sp
      000036 24 F4            [12]  179 	add	a,#0xf4
      000038 F8               [12]  180 	mov	r0,a
      000039 E6               [12]  181 	mov	a,@r0
      00003A 12r00r00         [24]  182 	lcall	__gptrput
      00003D A3               [24]  183 	inc	dptr
      00003E 08               [12]  184 	inc	r0
      00003F E6               [12]  185 	mov	a,@r0
      000040 12r00r00         [24]  186 	lcall	__gptrput
                                    187 ;	/home/user/contiki/core/net/rime/announcement.c:66: a->has_value = 0;
      000043 E5 81            [12]  188 	mov	a,sp
      000045 24 F8            [12]  189 	add	a,#0xf8
      000047 F8               [12]  190 	mov	r0,a
      000048 E5 81            [12]  191 	mov	a,sp
      00004A 24 FB            [12]  192 	add	a,#0xfb
      00004C F9               [12]  193 	mov	r1,a
      00004D 74 09            [12]  194 	mov	a,#0x09
      00004F 26               [12]  195 	add	a,@r0
      000050 F7               [12]  196 	mov	@r1,a
      000051 E4               [12]  197 	clr	a
      000052 08               [12]  198 	inc	r0
      000053 36               [12]  199 	addc	a,@r0
      000054 09               [12]  200 	inc	r1
      000055 F7               [12]  201 	mov	@r1,a
      000056 08               [12]  202 	inc	r0
      000057 09               [12]  203 	inc	r1
      000058 E6               [12]  204 	mov	a,@r0
      000059 F7               [12]  205 	mov	@r1,a
      00005A E5 81            [12]  206 	mov	a,sp
      00005C 24 FB            [12]  207 	add	a,#0xfb
      00005E F8               [12]  208 	mov	r0,a
      00005F 86 82            [24]  209 	mov	dpl,@r0
      000061 08               [12]  210 	inc	r0
      000062 86 83            [24]  211 	mov	dph,@r0
      000064 08               [12]  212 	inc	r0
      000065 86 F0            [24]  213 	mov	b,@r0
      000067 E4               [12]  214 	clr	a
      000068 12r00r00         [24]  215 	lcall	__gptrput
                                    216 ;	/home/user/contiki/core/net/rime/announcement.c:67: a->callback = callback;
      00006B E5 81            [12]  217 	mov	a,sp
      00006D 24 F8            [12]  218 	add	a,#0xf8
      00006F F8               [12]  219 	mov	r0,a
      000070 74 07            [12]  220 	mov	a,#0x07
      000072 26               [12]  221 	add	a,@r0
      000073 FD               [12]  222 	mov	r5,a
      000074 E4               [12]  223 	clr	a
      000075 08               [12]  224 	inc	r0
      000076 36               [12]  225 	addc	a,@r0
      000077 FE               [12]  226 	mov	r6,a
      000078 08               [12]  227 	inc	r0
      000079 86 07            [24]  228 	mov	ar7,@r0
      00007B 8D 82            [24]  229 	mov	dpl,r5
      00007D 8E 83            [24]  230 	mov	dph,r6
      00007F 8F F0            [24]  231 	mov	b,r7
      000081 E5 81            [12]  232 	mov	a,sp
      000083 24 F2            [12]  233 	add	a,#0xf2
      000085 F8               [12]  234 	mov	r0,a
      000086 E6               [12]  235 	mov	a,@r0
      000087 12r00r00         [24]  236 	lcall	__gptrput
      00008A A3               [24]  237 	inc	dptr
      00008B 08               [12]  238 	inc	r0
      00008C E6               [12]  239 	mov	a,@r0
      00008D 12r00r00         [24]  240 	lcall	__gptrput
                                    241 ;	/home/user/contiki/core/net/rime/announcement.c:68: list_add(announcements, a);
      000090 E5 81            [12]  242 	mov	a,sp
      000092 24 F8            [12]  243 	add	a,#0xf8
      000094 F8               [12]  244 	mov	r0,a
      000095 A9 81            [24]  245 	mov	r1,sp
      000097 19               [12]  246 	dec	r1
      000098 19               [12]  247 	dec	r1
      000099 E6               [12]  248 	mov	a,@r0
      00009A F7               [12]  249 	mov	@r1,a
      00009B 08               [12]  250 	inc	r0
      00009C 09               [12]  251 	inc	r1
      00009D E6               [12]  252 	mov	a,@r0
      00009E F7               [12]  253 	mov	@r1,a
      00009F 08               [12]  254 	inc	r0
      0000A0 09               [12]  255 	inc	r1
      0000A1 E6               [12]  256 	mov	a,@r0
      0000A2 F7               [12]  257 	mov	@r1,a
      0000A3 90r00r03         [24]  258 	mov	dptr,#_announcements
      0000A6 E0               [24]  259 	movx	a,@dptr
      0000A7 FD               [12]  260 	mov	r5,a
      0000A8 A3               [24]  261 	inc	dptr
      0000A9 E0               [24]  262 	movx	a,@dptr
      0000AA FE               [12]  263 	mov	r6,a
      0000AB A3               [24]  264 	inc	dptr
      0000AC E0               [24]  265 	movx	a,@dptr
      0000AD FF               [12]  266 	mov	r7,a
      0000AE C0 04            [24]  267 	push	ar4
      0000B0 C0 03            [24]  268 	push	ar3
      0000B2 C0 02            [24]  269 	push	ar2
      0000B4 E5 81            [12]  270 	mov	a,sp
      0000B6 24 FB            [12]  271 	add	a,#0xfb
      0000B8 F8               [12]  272 	mov	r0,a
      0000B9 E6               [12]  273 	mov	a,@r0
      0000BA C0 E0            [24]  274 	push	acc
      0000BC 08               [12]  275 	inc	r0
      0000BD E6               [12]  276 	mov	a,@r0
      0000BE C0 E0            [24]  277 	push	acc
      0000C0 08               [12]  278 	inc	r0
      0000C1 E6               [12]  279 	mov	a,@r0
      0000C2 C0 E0            [24]  280 	push	acc
      0000C4 8D 82            [24]  281 	mov	dpl,r5
      0000C6 8E 83            [24]  282 	mov	dph,r6
      0000C8 8F F0            [24]  283 	mov	b,r7
      0000CA 12r00r00         [24]  284 	lcall	_list_add
      0000CD 15 81            [12]  285 	dec	sp
      0000CF 15 81            [12]  286 	dec	sp
      0000D1 15 81            [12]  287 	dec	sp
      0000D3 D0 02            [24]  288 	pop	ar2
      0000D5 D0 03            [24]  289 	pop	ar3
      0000D7 D0 04            [24]  290 	pop	ar4
                                    291 ;	/home/user/contiki/core/net/rime/announcement.c:69: if(observer_callback) {
      0000D9 90r00r02         [24]  292 	mov	dptr,#_observer_callback
      0000DC E0               [24]  293 	movx	a,@dptr
      0000DD FE               [12]  294 	mov	r6,a
      0000DE A3               [24]  295 	inc	dptr
      0000DF E0               [24]  296 	movx	a,@dptr
      0000E0 FF               [12]  297 	mov	r7,a
      0000E1 4E               [12]  298 	orl	a,r6
      0000E2 60 68            [24]  299 	jz	00103$
                                    300 ;	/home/user/contiki/core/net/rime/announcement.c:71: a->value, 0, ANNOUNCEMENT_BUMP);
      0000E4 E5 81            [12]  301 	mov	a,sp
      0000E6 24 F8            [12]  302 	add	a,#0xf8
      0000E8 F8               [12]  303 	mov	r0,a
      0000E9 74 05            [12]  304 	mov	a,#0x05
      0000EB 26               [12]  305 	add	a,@r0
      0000EC FD               [12]  306 	mov	r5,a
      0000ED E4               [12]  307 	clr	a
      0000EE 08               [12]  308 	inc	r0
      0000EF 36               [12]  309 	addc	a,@r0
      0000F0 FE               [12]  310 	mov	r6,a
      0000F1 08               [12]  311 	inc	r0
      0000F2 86 07            [24]  312 	mov	ar7,@r0
      0000F4 8D 82            [24]  313 	mov	dpl,r5
      0000F6 8E 83            [24]  314 	mov	dph,r6
      0000F8 8F F0            [24]  315 	mov	b,r7
      0000FA 12r00r00         [24]  316 	lcall	__gptrget
      0000FD FD               [12]  317 	mov	r5,a
      0000FE A3               [24]  318 	inc	dptr
      0000FF 12r00r00         [24]  319 	lcall	__gptrget
      000102 FE               [12]  320 	mov	r6,a
                                    321 ;	/home/user/contiki/core/net/rime/announcement.c:70: observer_callback(a->id, a->has_value,
      000103 E5 81            [12]  322 	mov	a,sp
      000105 24 FB            [12]  323 	add	a,#0xfb
      000107 F8               [12]  324 	mov	r0,a
      000108 86 82            [24]  325 	mov	dpl,@r0
      00010A 08               [12]  326 	inc	r0
      00010B 86 83            [24]  327 	mov	dph,@r0
      00010D 08               [12]  328 	inc	r0
      00010E 86 F0            [24]  329 	mov	b,@r0
      000110 12r00r00         [24]  330 	lcall	__gptrget
      000113 FF               [12]  331 	mov	r7,a
      000114 8A 82            [24]  332 	mov	dpl,r2
      000116 8B 83            [24]  333 	mov	dph,r3
      000118 8C F0            [24]  334 	mov	b,r4
      00011A 12r00r00         [24]  335 	lcall	__gptrget
      00011D FA               [12]  336 	mov	r2,a
      00011E A3               [24]  337 	inc	dptr
      00011F 12r00r00         [24]  338 	lcall	__gptrget
      000122 FB               [12]  339 	mov	r3,a
      000123 74 01            [12]  340 	mov	a,#0x01
      000125 C0 E0            [24]  341 	push	acc
      000127 E4               [12]  342 	clr	a
      000128 C0 E0            [24]  343 	push	acc
      00012A C0 E0            [24]  344 	push	acc
      00012C C0 05            [24]  345 	push	ar5
      00012E C0 06            [24]  346 	push	ar6
      000130 C0 07            [24]  347 	push	ar7
      000132 12r01r37         [24]  348 	lcall	00109$
      000135 80 0F            [24]  349 	sjmp	00110$
      000137                        350 00109$:
      000137 90r00r02         [24]  351 	mov	dptr,#_observer_callback
      00013A E0               [24]  352 	movx	a,@dptr
      00013B C0 E0            [24]  353 	push	acc
      00013D A3               [24]  354 	inc	dptr
      00013E E0               [24]  355 	movx	a,@dptr
      00013F C0 E0            [24]  356 	push	acc
      000141 8A 82            [24]  357 	mov	dpl,r2
      000143 8B 83            [24]  358 	mov	dph,r3
      000145 22               [24]  359 	ret
      000146                        360 00110$:
      000146 E5 81            [12]  361 	mov	a,sp
      000148 24 FA            [12]  362 	add	a,#0xfa
      00014A F5 81            [12]  363 	mov	sp,a
      00014C                        364 00103$:
      00014C E5 81            [12]  365 	mov	a,sp
      00014E 24 F7            [12]  366 	add	a,#0xF7
      000150 F5 81            [12]  367 	mov	sp,a
      000152 22               [24]  368 	ret
                                    369 ;------------------------------------------------------------
                                    370 ;Allocation info for local variables in function 'announcement_remove'
                                    371 ;------------------------------------------------------------
                                    372 ;a                         Allocated to registers r5 r6 r7 
                                    373 ;------------------------------------------------------------
                                    374 ;	/home/user/contiki/core/net/rime/announcement.c:76: announcement_remove(struct announcement *a)
                                    375 ;	-----------------------------------------
                                    376 ;	 function announcement_remove
                                    377 ;	-----------------------------------------
      000153                        378 _announcement_remove:
      000153 AD 82            [24]  379 	mov	r5,dpl
      000155 AE 83            [24]  380 	mov	r6,dph
      000157 AF F0            [24]  381 	mov	r7,b
                                    382 ;	/home/user/contiki/core/net/rime/announcement.c:78: list_remove(announcements, a);
      000159 90r00r03         [24]  383 	mov	dptr,#_announcements
      00015C E0               [24]  384 	movx	a,@dptr
      00015D FA               [12]  385 	mov	r2,a
      00015E A3               [24]  386 	inc	dptr
      00015F E0               [24]  387 	movx	a,@dptr
      000160 FB               [12]  388 	mov	r3,a
      000161 A3               [24]  389 	inc	dptr
      000162 E0               [24]  390 	movx	a,@dptr
      000163 FC               [12]  391 	mov	r4,a
      000164 C0 05            [24]  392 	push	ar5
      000166 C0 06            [24]  393 	push	ar6
      000168 C0 07            [24]  394 	push	ar7
      00016A 8A 82            [24]  395 	mov	dpl,r2
      00016C 8B 83            [24]  396 	mov	dph,r3
      00016E 8C F0            [24]  397 	mov	b,r4
      000170 12r00r00         [24]  398 	lcall	_list_remove
      000173 15 81            [12]  399 	dec	sp
      000175 15 81            [12]  400 	dec	sp
      000177 15 81            [12]  401 	dec	sp
      000179 22               [24]  402 	ret
                                    403 ;------------------------------------------------------------
                                    404 ;Allocation info for local variables in function 'announcement_remove_value'
                                    405 ;------------------------------------------------------------
                                    406 ;a                         Allocated to registers r5 r6 r7 
                                    407 ;------------------------------------------------------------
                                    408 ;	/home/user/contiki/core/net/rime/announcement.c:82: announcement_remove_value(struct announcement *a)
                                    409 ;	-----------------------------------------
                                    410 ;	 function announcement_remove_value
                                    411 ;	-----------------------------------------
      00017A                        412 _announcement_remove_value:
      00017A AD 82            [24]  413 	mov	r5,dpl
      00017C AE 83            [24]  414 	mov	r6,dph
      00017E AF F0            [24]  415 	mov	r7,b
                                    416 ;	/home/user/contiki/core/net/rime/announcement.c:84: a->has_value = 0;
      000180 74 09            [12]  417 	mov	a,#0x09
      000182 2D               [12]  418 	add	a,r5
      000183 FA               [12]  419 	mov	r2,a
      000184 E4               [12]  420 	clr	a
      000185 3E               [12]  421 	addc	a,r6
      000186 FB               [12]  422 	mov	r3,a
      000187 8F 04            [24]  423 	mov	ar4,r7
      000189 8A 82            [24]  424 	mov	dpl,r2
      00018B 8B 83            [24]  425 	mov	dph,r3
      00018D 8C F0            [24]  426 	mov	b,r4
      00018F E4               [12]  427 	clr	a
      000190 12r00r00         [24]  428 	lcall	__gptrput
                                    429 ;	/home/user/contiki/core/net/rime/announcement.c:85: if(observer_callback) {
      000193 90r00r02         [24]  430 	mov	dptr,#_observer_callback
      000196 E0               [24]  431 	movx	a,@dptr
      000197 FB               [12]  432 	mov	r3,a
      000198 A3               [24]  433 	inc	dptr
      000199 E0               [24]  434 	movx	a,@dptr
      00019A FC               [12]  435 	mov	r4,a
      00019B 4B               [12]  436 	orl	a,r3
      00019C 60 40            [24]  437 	jz	00103$
                                    438 ;	/home/user/contiki/core/net/rime/announcement.c:86: observer_callback(a->id, 0, 0, 0, ANNOUNCEMENT_NOBUMP);
      00019E 74 03            [12]  439 	mov	a,#0x03
      0001A0 2D               [12]  440 	add	a,r5
      0001A1 FD               [12]  441 	mov	r5,a
      0001A2 E4               [12]  442 	clr	a
      0001A3 3E               [12]  443 	addc	a,r6
      0001A4 FE               [12]  444 	mov	r6,a
      0001A5 8D 82            [24]  445 	mov	dpl,r5
      0001A7 8E 83            [24]  446 	mov	dph,r6
      0001A9 8F F0            [24]  447 	mov	b,r7
      0001AB 12r00r00         [24]  448 	lcall	__gptrget
      0001AE FD               [12]  449 	mov	r5,a
      0001AF A3               [24]  450 	inc	dptr
      0001B0 12r00r00         [24]  451 	lcall	__gptrget
      0001B3 FE               [12]  452 	mov	r6,a
      0001B4 E4               [12]  453 	clr	a
      0001B5 C0 E0            [24]  454 	push	acc
      0001B7 E4               [12]  455 	clr	a
      0001B8 C0 E0            [24]  456 	push	acc
      0001BA C0 E0            [24]  457 	push	acc
      0001BC E4               [12]  458 	clr	a
      0001BD C0 E0            [24]  459 	push	acc
      0001BF C0 E0            [24]  460 	push	acc
      0001C1 E4               [12]  461 	clr	a
      0001C2 C0 E0            [24]  462 	push	acc
      0001C4 12r01rC9         [24]  463 	lcall	00109$
      0001C7 80 0F            [24]  464 	sjmp	00110$
      0001C9                        465 00109$:
      0001C9 90r00r02         [24]  466 	mov	dptr,#_observer_callback
      0001CC E0               [24]  467 	movx	a,@dptr
      0001CD C0 E0            [24]  468 	push	acc
      0001CF A3               [24]  469 	inc	dptr
      0001D0 E0               [24]  470 	movx	a,@dptr
      0001D1 C0 E0            [24]  471 	push	acc
      0001D3 8D 82            [24]  472 	mov	dpl,r5
      0001D5 8E 83            [24]  473 	mov	dph,r6
      0001D7 22               [24]  474 	ret
      0001D8                        475 00110$:
      0001D8 E5 81            [12]  476 	mov	a,sp
      0001DA 24 FA            [12]  477 	add	a,#0xfa
      0001DC F5 81            [12]  478 	mov	sp,a
      0001DE                        479 00103$:
      0001DE 22               [24]  480 	ret
                                    481 ;------------------------------------------------------------
                                    482 ;Allocation info for local variables in function 'announcement_set_value'
                                    483 ;------------------------------------------------------------
                                    484 ;value                     Allocated to stack - sp -8
                                    485 ;a                         Allocated to registers r5 r6 r7 
                                    486 ;oldvalue                  Allocated to stack - sp -1
                                    487 ;sloc0                     Allocated to stack - sp -4
                                    488 ;------------------------------------------------------------
                                    489 ;	/home/user/contiki/core/net/rime/announcement.c:92: announcement_set_value(struct announcement *a, uint16_t value)
                                    490 ;	-----------------------------------------
                                    491 ;	 function announcement_set_value
                                    492 ;	-----------------------------------------
      0001DF                        493 _announcement_set_value:
      0001DF E5 81            [12]  494 	mov	a,sp
      0001E1 24 05            [12]  495 	add	a,#0x05
      0001E3 F5 81            [12]  496 	mov	sp,a
      0001E5 AD 82            [24]  497 	mov	r5,dpl
      0001E7 AE 83            [24]  498 	mov	r6,dph
      0001E9 AF F0            [24]  499 	mov	r7,b
                                    500 ;	/home/user/contiki/core/net/rime/announcement.c:94: uint16_t oldvalue = a->value;
      0001EB 74 05            [12]  501 	mov	a,#0x05
      0001ED 2D               [12]  502 	add	a,r5
      0001EE FA               [12]  503 	mov	r2,a
      0001EF E4               [12]  504 	clr	a
      0001F0 3E               [12]  505 	addc	a,r6
      0001F1 FB               [12]  506 	mov	r3,a
      0001F2 8F 04            [24]  507 	mov	ar4,r7
      0001F4 8A 82            [24]  508 	mov	dpl,r2
      0001F6 8B 83            [24]  509 	mov	dph,r3
      0001F8 8C F0            [24]  510 	mov	b,r4
      0001FA A8 81            [24]  511 	mov	r0,sp
      0001FC 18               [12]  512 	dec	r0
      0001FD 12r00r00         [24]  513 	lcall	__gptrget
      000200 F6               [12]  514 	mov	@r0,a
      000201 A3               [24]  515 	inc	dptr
      000202 12r00r00         [24]  516 	lcall	__gptrget
      000205 08               [12]  517 	inc	r0
      000206 F6               [12]  518 	mov	@r0,a
                                    519 ;	/home/user/contiki/core/net/rime/announcement.c:96: a->has_value = 1;
      000207 E5 81            [12]  520 	mov	a,sp
      000209 24 FC            [12]  521 	add	a,#0xfc
      00020B F8               [12]  522 	mov	r0,a
      00020C 74 09            [12]  523 	mov	a,#0x09
      00020E 2D               [12]  524 	add	a,r5
      00020F F6               [12]  525 	mov	@r0,a
      000210 E4               [12]  526 	clr	a
      000211 3E               [12]  527 	addc	a,r6
      000212 08               [12]  528 	inc	r0
      000213 F6               [12]  529 	mov	@r0,a
      000214 08               [12]  530 	inc	r0
      000215 A6 07            [24]  531 	mov	@r0,ar7
      000217 E5 81            [12]  532 	mov	a,sp
      000219 24 FC            [12]  533 	add	a,#0xfc
      00021B F8               [12]  534 	mov	r0,a
      00021C 86 82            [24]  535 	mov	dpl,@r0
      00021E 08               [12]  536 	inc	r0
      00021F 86 83            [24]  537 	mov	dph,@r0
      000221 08               [12]  538 	inc	r0
      000222 86 F0            [24]  539 	mov	b,@r0
      000224 74 01            [12]  540 	mov	a,#0x01
      000226 12r00r00         [24]  541 	lcall	__gptrput
                                    542 ;	/home/user/contiki/core/net/rime/announcement.c:97: a->value = value;
      000229 8A 82            [24]  543 	mov	dpl,r2
      00022B 8B 83            [24]  544 	mov	dph,r3
      00022D 8C F0            [24]  545 	mov	b,r4
      00022F E5 81            [12]  546 	mov	a,sp
      000231 24 F8            [12]  547 	add	a,#0xf8
      000233 F8               [12]  548 	mov	r0,a
      000234 E6               [12]  549 	mov	a,@r0
      000235 12r00r00         [24]  550 	lcall	__gptrput
      000238 A3               [24]  551 	inc	dptr
      000239 08               [12]  552 	inc	r0
      00023A E6               [12]  553 	mov	a,@r0
      00023B 12r00r00         [24]  554 	lcall	__gptrput
                                    555 ;	/home/user/contiki/core/net/rime/announcement.c:98: if(observer_callback) {
      00023E 90r00r02         [24]  556 	mov	dptr,#_observer_callback
      000241 E0               [24]  557 	movx	a,@dptr
      000242 FB               [12]  558 	mov	r3,a
      000243 A3               [24]  559 	inc	dptr
      000244 E0               [24]  560 	movx	a,@dptr
      000245 FC               [12]  561 	mov	r4,a
      000246 4B               [12]  562 	orl	a,r3
      000247 60 5D            [24]  563 	jz	00103$
                                    564 ;	/home/user/contiki/core/net/rime/announcement.c:99: observer_callback(a->id, a->has_value,
      000249 E5 81            [12]  565 	mov	a,sp
      00024B 24 FC            [12]  566 	add	a,#0xfc
      00024D F8               [12]  567 	mov	r0,a
      00024E 86 82            [24]  568 	mov	dpl,@r0
      000250 08               [12]  569 	inc	r0
      000251 86 83            [24]  570 	mov	dph,@r0
      000253 08               [12]  571 	inc	r0
      000254 86 F0            [24]  572 	mov	b,@r0
      000256 12r00r00         [24]  573 	lcall	__gptrget
      000259 FC               [12]  574 	mov	r4,a
      00025A 74 03            [12]  575 	mov	a,#0x03
      00025C 2D               [12]  576 	add	a,r5
      00025D FD               [12]  577 	mov	r5,a
      00025E E4               [12]  578 	clr	a
      00025F 3E               [12]  579 	addc	a,r6
      000260 FE               [12]  580 	mov	r6,a
      000261 8D 82            [24]  581 	mov	dpl,r5
      000263 8E 83            [24]  582 	mov	dph,r6
      000265 8F F0            [24]  583 	mov	b,r7
      000267 12r00r00         [24]  584 	lcall	__gptrget
      00026A FD               [12]  585 	mov	r5,a
      00026B A3               [24]  586 	inc	dptr
      00026C 12r00r00         [24]  587 	lcall	__gptrget
      00026F FE               [12]  588 	mov	r6,a
      000270 E4               [12]  589 	clr	a
      000271 C0 E0            [24]  590 	push	acc
      000273 A8 81            [24]  591 	mov	r0,sp
      000275 18               [12]  592 	dec	r0
      000276 18               [12]  593 	dec	r0
      000277 E6               [12]  594 	mov	a,@r0
      000278 C0 E0            [24]  595 	push	acc
      00027A 08               [12]  596 	inc	r0
      00027B E6               [12]  597 	mov	a,@r0
      00027C C0 E0            [24]  598 	push	acc
      00027E E5 81            [12]  599 	mov	a,sp
      000280 24 F5            [12]  600 	add	a,#0xf5
      000282 F8               [12]  601 	mov	r0,a
      000283 E6               [12]  602 	mov	a,@r0
      000284 C0 E0            [24]  603 	push	acc
      000286 08               [12]  604 	inc	r0
      000287 E6               [12]  605 	mov	a,@r0
      000288 C0 E0            [24]  606 	push	acc
      00028A C0 04            [24]  607 	push	ar4
      00028C 12r02r91         [24]  608 	lcall	00109$
      00028F 80 0F            [24]  609 	sjmp	00110$
      000291                        610 00109$:
      000291 90r00r02         [24]  611 	mov	dptr,#_observer_callback
      000294 E0               [24]  612 	movx	a,@dptr
      000295 C0 E0            [24]  613 	push	acc
      000297 A3               [24]  614 	inc	dptr
      000298 E0               [24]  615 	movx	a,@dptr
      000299 C0 E0            [24]  616 	push	acc
      00029B 8D 82            [24]  617 	mov	dpl,r5
      00029D 8E 83            [24]  618 	mov	dph,r6
      00029F 22               [24]  619 	ret
      0002A0                        620 00110$:
      0002A0 E5 81            [12]  621 	mov	a,sp
      0002A2 24 FA            [12]  622 	add	a,#0xfa
      0002A4 F5 81            [12]  623 	mov	sp,a
      0002A6                        624 00103$:
      0002A6 E5 81            [12]  625 	mov	a,sp
      0002A8 24 FB            [12]  626 	add	a,#0xFB
      0002AA F5 81            [12]  627 	mov	sp,a
      0002AC 22               [24]  628 	ret
                                    629 ;------------------------------------------------------------
                                    630 ;Allocation info for local variables in function 'announcement_bump'
                                    631 ;------------------------------------------------------------
                                    632 ;a                         Allocated to registers r5 r6 r7 
                                    633 ;------------------------------------------------------------
                                    634 ;	/home/user/contiki/core/net/rime/announcement.c:105: announcement_bump(struct announcement *a)
                                    635 ;	-----------------------------------------
                                    636 ;	 function announcement_bump
                                    637 ;	-----------------------------------------
      0002AD                        638 _announcement_bump:
      0002AD AD 82            [24]  639 	mov	r5,dpl
      0002AF AE 83            [24]  640 	mov	r6,dph
      0002B1 AF F0            [24]  641 	mov	r7,b
                                    642 ;	/home/user/contiki/core/net/rime/announcement.c:107: if(observer_callback) {
      0002B3 90r00r02         [24]  643 	mov	dptr,#_observer_callback
      0002B6 E0               [24]  644 	movx	a,@dptr
      0002B7 FB               [12]  645 	mov	r3,a
      0002B8 A3               [24]  646 	inc	dptr
      0002B9 E0               [24]  647 	movx	a,@dptr
      0002BA FC               [12]  648 	mov	r4,a
      0002BB 4B               [12]  649 	orl	a,r3
      0002BC 60 69            [24]  650 	jz	00103$
                                    651 ;	/home/user/contiki/core/net/rime/announcement.c:109: a->value, a->value, ANNOUNCEMENT_BUMP);
      0002BE 74 05            [12]  652 	mov	a,#0x05
      0002C0 2D               [12]  653 	add	a,r5
      0002C1 FA               [12]  654 	mov	r2,a
      0002C2 E4               [12]  655 	clr	a
      0002C3 3E               [12]  656 	addc	a,r6
      0002C4 FB               [12]  657 	mov	r3,a
      0002C5 8F 04            [24]  658 	mov	ar4,r7
      0002C7 8A 82            [24]  659 	mov	dpl,r2
      0002C9 8B 83            [24]  660 	mov	dph,r3
      0002CB 8C F0            [24]  661 	mov	b,r4
      0002CD 12r00r00         [24]  662 	lcall	__gptrget
      0002D0 FA               [12]  663 	mov	r2,a
      0002D1 A3               [24]  664 	inc	dptr
      0002D2 12r00r00         [24]  665 	lcall	__gptrget
      0002D5 FB               [12]  666 	mov	r3,a
                                    667 ;	/home/user/contiki/core/net/rime/announcement.c:108: observer_callback(a->id, a->has_value,
      0002D6 74 09            [12]  668 	mov	a,#0x09
      0002D8 2D               [12]  669 	add	a,r5
      0002D9 F8               [12]  670 	mov	r0,a
      0002DA E4               [12]  671 	clr	a
      0002DB 3E               [12]  672 	addc	a,r6
      0002DC F9               [12]  673 	mov	r1,a
      0002DD 8F 04            [24]  674 	mov	ar4,r7
      0002DF 88 82            [24]  675 	mov	dpl,r0
      0002E1 89 83            [24]  676 	mov	dph,r1
      0002E3 8C F0            [24]  677 	mov	b,r4
      0002E5 12r00r00         [24]  678 	lcall	__gptrget
      0002E8 F8               [12]  679 	mov	r0,a
      0002E9 74 03            [12]  680 	mov	a,#0x03
      0002EB 2D               [12]  681 	add	a,r5
      0002EC FD               [12]  682 	mov	r5,a
      0002ED E4               [12]  683 	clr	a
      0002EE 3E               [12]  684 	addc	a,r6
      0002EF FE               [12]  685 	mov	r6,a
      0002F0 8D 82            [24]  686 	mov	dpl,r5
      0002F2 8E 83            [24]  687 	mov	dph,r6
      0002F4 8F F0            [24]  688 	mov	b,r7
      0002F6 12r00r00         [24]  689 	lcall	__gptrget
      0002F9 FD               [12]  690 	mov	r5,a
      0002FA A3               [24]  691 	inc	dptr
      0002FB 12r00r00         [24]  692 	lcall	__gptrget
      0002FE FE               [12]  693 	mov	r6,a
      0002FF 74 01            [12]  694 	mov	a,#0x01
      000301 C0 E0            [24]  695 	push	acc
      000303 C0 02            [24]  696 	push	ar2
      000305 C0 03            [24]  697 	push	ar3
      000307 C0 02            [24]  698 	push	ar2
      000309 C0 03            [24]  699 	push	ar3
      00030B C0 00            [24]  700 	push	ar0
      00030D 12r03r12         [24]  701 	lcall	00109$
      000310 80 0F            [24]  702 	sjmp	00110$
      000312                        703 00109$:
      000312 90r00r02         [24]  704 	mov	dptr,#_observer_callback
      000315 E0               [24]  705 	movx	a,@dptr
      000316 C0 E0            [24]  706 	push	acc
      000318 A3               [24]  707 	inc	dptr
      000319 E0               [24]  708 	movx	a,@dptr
      00031A C0 E0            [24]  709 	push	acc
      00031C 8D 82            [24]  710 	mov	dpl,r5
      00031E 8E 83            [24]  711 	mov	dph,r6
      000320 22               [24]  712 	ret
      000321                        713 00110$:
      000321 E5 81            [12]  714 	mov	a,sp
      000323 24 FA            [12]  715 	add	a,#0xfa
      000325 F5 81            [12]  716 	mov	sp,a
      000327                        717 00103$:
      000327 22               [24]  718 	ret
                                    719 ;------------------------------------------------------------
                                    720 ;Allocation info for local variables in function 'announcement_listen'
                                    721 ;------------------------------------------------------------
                                    722 ;time                      Allocated to registers r6 r7 
                                    723 ;------------------------------------------------------------
                                    724 ;	/home/user/contiki/core/net/rime/announcement.c:114: announcement_listen(int time)
                                    725 ;	-----------------------------------------
                                    726 ;	 function announcement_listen
                                    727 ;	-----------------------------------------
      000328                        728 _announcement_listen:
      000328 AE 82            [24]  729 	mov	r6,dpl
      00032A AF 83            [24]  730 	mov	r7,dph
                                    731 ;	/home/user/contiki/core/net/rime/announcement.c:116: if(listen_callback) {
      00032C 90r00r00         [24]  732 	mov	dptr,#_listen_callback
      00032F E0               [24]  733 	movx	a,@dptr
      000330 FC               [12]  734 	mov	r4,a
      000331 A3               [24]  735 	inc	dptr
      000332 E0               [24]  736 	movx	a,@dptr
      000333 FD               [12]  737 	mov	r5,a
      000334 4C               [12]  738 	orl	a,r4
      000335 60 14            [24]  739 	jz	00103$
                                    740 ;	/home/user/contiki/core/net/rime/announcement.c:117: listen_callback(time);
      000337 12r03r3C         [24]  741 	lcall	00109$
      00033A 80 0F            [24]  742 	sjmp	00110$
      00033C                        743 00109$:
      00033C 90r00r00         [24]  744 	mov	dptr,#_listen_callback
      00033F E0               [24]  745 	movx	a,@dptr
      000340 C0 E0            [24]  746 	push	acc
      000342 A3               [24]  747 	inc	dptr
      000343 E0               [24]  748 	movx	a,@dptr
      000344 C0 E0            [24]  749 	push	acc
      000346 8E 82            [24]  750 	mov	dpl,r6
      000348 8F 83            [24]  751 	mov	dph,r7
      00034A 22               [24]  752 	ret
      00034B                        753 00110$:
      00034B                        754 00103$:
      00034B 22               [24]  755 	ret
                                    756 ;------------------------------------------------------------
                                    757 ;Allocation info for local variables in function 'announcement_register_listen_callback'
                                    758 ;------------------------------------------------------------
                                    759 ;callback                  Allocated to registers 
                                    760 ;------------------------------------------------------------
                                    761 ;	/home/user/contiki/core/net/rime/announcement.c:122: announcement_register_listen_callback(void (*callback)(int time))
                                    762 ;	-----------------------------------------
                                    763 ;	 function announcement_register_listen_callback
                                    764 ;	-----------------------------------------
      00034C                        765 _announcement_register_listen_callback:
      00034C AF 83            [24]  766 	mov	r7,dph
      00034E E5 82            [12]  767 	mov	a,dpl
      000350 90r00r00         [24]  768 	mov	dptr,#_listen_callback
      000353 F0               [24]  769 	movx	@dptr,a
      000354 EF               [12]  770 	mov	a,r7
      000355 A3               [24]  771 	inc	dptr
      000356 F0               [24]  772 	movx	@dptr,a
                                    773 ;	/home/user/contiki/core/net/rime/announcement.c:124: listen_callback = callback;
      000357 22               [24]  774 	ret
                                    775 ;------------------------------------------------------------
                                    776 ;Allocation info for local variables in function 'announcement_register_observer_callback'
                                    777 ;------------------------------------------------------------
                                    778 ;callback                  Allocated to registers 
                                    779 ;------------------------------------------------------------
                                    780 ;	/home/user/contiki/core/net/rime/announcement.c:128: announcement_register_observer_callback(announcement_observer callback)
                                    781 ;	-----------------------------------------
                                    782 ;	 function announcement_register_observer_callback
                                    783 ;	-----------------------------------------
      000358                        784 _announcement_register_observer_callback:
      000358 AF 83            [24]  785 	mov	r7,dph
      00035A E5 82            [12]  786 	mov	a,dpl
      00035C 90r00r02         [24]  787 	mov	dptr,#_observer_callback
      00035F F0               [24]  788 	movx	@dptr,a
      000360 EF               [12]  789 	mov	a,r7
      000361 A3               [24]  790 	inc	dptr
      000362 F0               [24]  791 	movx	@dptr,a
                                    792 ;	/home/user/contiki/core/net/rime/announcement.c:130: observer_callback = callback;
      000363 22               [24]  793 	ret
                                    794 ;------------------------------------------------------------
                                    795 ;Allocation info for local variables in function 'announcement_list'
                                    796 ;------------------------------------------------------------
                                    797 ;	/home/user/contiki/core/net/rime/announcement.c:134: announcement_list(void)
                                    798 ;	-----------------------------------------
                                    799 ;	 function announcement_list
                                    800 ;	-----------------------------------------
      000364                        801 _announcement_list:
                                    802 ;	/home/user/contiki/core/net/rime/announcement.c:136: return list_head(announcements);
      000364 90r00r03         [24]  803 	mov	dptr,#_announcements
      000367 E0               [24]  804 	movx	a,@dptr
      000368 FD               [12]  805 	mov	r5,a
      000369 A3               [24]  806 	inc	dptr
      00036A E0               [24]  807 	movx	a,@dptr
      00036B FE               [12]  808 	mov	r6,a
      00036C A3               [24]  809 	inc	dptr
      00036D E0               [24]  810 	movx	a,@dptr
      00036E FF               [12]  811 	mov	r7,a
      00036F 8D 82            [24]  812 	mov	dpl,r5
      000371 8E 83            [24]  813 	mov	dph,r6
      000373 8F F0            [24]  814 	mov	b,r7
      000375 02r00r00         [24]  815 	ljmp	_list_head
                                    816 ;------------------------------------------------------------
                                    817 ;Allocation info for local variables in function 'announcement_heard'
                                    818 ;------------------------------------------------------------
                                    819 ;id                        Allocated to stack - sp -5
                                    820 ;value                     Allocated to stack - sp -7
                                    821 ;from                      Allocated to registers r5 r6 r7 
                                    822 ;a                         Allocated to registers r2 r3 r4 
                                    823 ;sloc0                     Allocated to stack - sp -1
                                    824 ;------------------------------------------------------------
                                    825 ;	/home/user/contiki/core/net/rime/announcement.c:140: announcement_heard(const rimeaddr_t *from, uint16_t id, uint16_t value)
                                    826 ;	-----------------------------------------
                                    827 ;	 function announcement_heard
                                    828 ;	-----------------------------------------
      000378                        829 _announcement_heard:
      000378 05 81            [12]  830 	inc	sp
      00037A 05 81            [12]  831 	inc	sp
      00037C AD 82            [24]  832 	mov	r5,dpl
      00037E AE 83            [24]  833 	mov	r6,dph
      000380 AF F0            [24]  834 	mov	r7,b
                                    835 ;	/home/user/contiki/core/net/rime/announcement.c:143: for(a = list_head(announcements); a != NULL; a = list_item_next(a)) {
      000382 90r00r03         [24]  836 	mov	dptr,#_announcements
      000385 E0               [24]  837 	movx	a,@dptr
      000386 FA               [12]  838 	mov	r2,a
      000387 A3               [24]  839 	inc	dptr
      000388 E0               [24]  840 	movx	a,@dptr
      000389 FB               [12]  841 	mov	r3,a
      00038A A3               [24]  842 	inc	dptr
      00038B E0               [24]  843 	movx	a,@dptr
      00038C FC               [12]  844 	mov	r4,a
      00038D 8A 82            [24]  845 	mov	dpl,r2
      00038F 8B 83            [24]  846 	mov	dph,r3
      000391 8C F0            [24]  847 	mov	b,r4
      000393 C0 07            [24]  848 	push	ar7
      000395 C0 06            [24]  849 	push	ar6
      000397 C0 05            [24]  850 	push	ar5
      000399 12r00r00         [24]  851 	lcall	_list_head
      00039C AA 82            [24]  852 	mov	r2,dpl
      00039E AB 83            [24]  853 	mov	r3,dph
      0003A0 AC F0            [24]  854 	mov	r4,b
      0003A2 D0 05            [24]  855 	pop	ar5
      0003A4 D0 06            [24]  856 	pop	ar6
      0003A6 D0 07            [24]  857 	pop	ar7
      0003A8                        858 00107$:
      0003A8 E4               [12]  859 	clr	a
      0003A9 C0 E0            [24]  860 	push	acc
      0003AB E4               [12]  861 	clr	a
      0003AC C0 E0            [24]  862 	push	acc
      0003AE E4               [12]  863 	clr	a
      0003AF C0 E0            [24]  864 	push	acc
      0003B1 8A 82            [24]  865 	mov	dpl,r2
      0003B3 8B 83            [24]  866 	mov	dph,r3
      0003B5 8C F0            [24]  867 	mov	b,r4
      0003B7 12r00r00         [24]  868 	lcall	___gptr_cmp
      0003BA 15 81            [12]  869 	dec	sp
      0003BC 15 81            [12]  870 	dec	sp
      0003BE 15 81            [12]  871 	dec	sp
      0003C0 70 03            [24]  872 	jnz	00123$
      0003C2 02r04r8F         [24]  873 	ljmp	00109$
      0003C5                        874 00123$:
                                    875 ;	/home/user/contiki/core/net/rime/announcement.c:144: if(a->id == id) {
      0003C5 C0 05            [24]  876 	push	ar5
      0003C7 C0 06            [24]  877 	push	ar6
      0003C9 C0 07            [24]  878 	push	ar7
      0003CB 74 03            [12]  879 	mov	a,#0x03
      0003CD 2A               [12]  880 	add	a,r2
      0003CE FD               [12]  881 	mov	r5,a
      0003CF E4               [12]  882 	clr	a
      0003D0 3B               [12]  883 	addc	a,r3
      0003D1 FE               [12]  884 	mov	r6,a
      0003D2 8C 07            [24]  885 	mov	ar7,r4
      0003D4 8D 82            [24]  886 	mov	dpl,r5
      0003D6 8E 83            [24]  887 	mov	dph,r6
      0003D8 8F F0            [24]  888 	mov	b,r7
      0003DA 12r00r00         [24]  889 	lcall	__gptrget
      0003DD FD               [12]  890 	mov	r5,a
      0003DE A3               [24]  891 	inc	dptr
      0003DF 12r00r00         [24]  892 	lcall	__gptrget
      0003E2 FE               [12]  893 	mov	r6,a
      0003E3 E5 81            [12]  894 	mov	a,sp
      0003E5 24 F8            [12]  895 	add	a,#0xf8
      0003E7 F8               [12]  896 	mov	r0,a
      0003E8 E6               [12]  897 	mov	a,@r0
      0003E9 B5 05 07         [24]  898 	cjne	a,ar5,00124$
      0003EC 08               [12]  899 	inc	r0
      0003ED E6               [12]  900 	mov	a,@r0
      0003EE B5 06 02         [24]  901 	cjne	a,ar6,00124$
      0003F1 80 08            [24]  902 	sjmp	00125$
      0003F3                        903 00124$:
      0003F3 D0 07            [24]  904 	pop	ar7
      0003F5 D0 06            [24]  905 	pop	ar6
      0003F7 D0 05            [24]  906 	pop	ar5
      0003F9 80 6A            [24]  907 	sjmp	00108$
      0003FB                        908 00125$:
                                    909 ;	/home/user/contiki/core/net/rime/announcement.c:145: if(a->callback != NULL) {
      0003FB 74 07            [12]  910 	mov	a,#0x07
      0003FD 2A               [12]  911 	add	a,r2
      0003FE FD               [12]  912 	mov	r5,a
      0003FF E4               [12]  913 	clr	a
      000400 3B               [12]  914 	addc	a,r3
      000401 FE               [12]  915 	mov	r6,a
      000402 8C 07            [24]  916 	mov	ar7,r4
      000404 8D 82            [24]  917 	mov	dpl,r5
      000406 8E 83            [24]  918 	mov	dph,r6
      000408 8F F0            [24]  919 	mov	b,r7
      00040A E5 81            [12]  920 	mov	a,sp
      00040C 24 FC            [12]  921 	add	a,#0xfc
      00040E F8               [12]  922 	mov	r0,a
      00040F 12r00r00         [24]  923 	lcall	__gptrget
      000412 F6               [12]  924 	mov	@r0,a
      000413 A3               [24]  925 	inc	dptr
      000414 12r00r00         [24]  926 	lcall	__gptrget
      000417 08               [12]  927 	inc	r0
      000418 F6               [12]  928 	mov	@r0,a
      000419 D0 07            [24]  929 	pop	ar7
      00041B D0 06            [24]  930 	pop	ar6
      00041D D0 05            [24]  931 	pop	ar5
      00041F A8 81            [24]  932 	mov	r0,sp
      000421 18               [12]  933 	dec	r0
      000422 E6               [12]  934 	mov	a,@r0
      000423 08               [12]  935 	inc	r0
      000424 46               [12]  936 	orl	a,@r0
      000425 60 3C            [24]  937 	jz	00102$
                                    938 ;	/home/user/contiki/core/net/rime/announcement.c:146: a->callback(a, from, id, value);
      000427 E5 81            [12]  939 	mov	a,sp
      000429 24 F9            [12]  940 	add	a,#0xf9
      00042B F8               [12]  941 	mov	r0,a
      00042C E6               [12]  942 	mov	a,@r0
      00042D C0 E0            [24]  943 	push	acc
      00042F 08               [12]  944 	inc	r0
      000430 E6               [12]  945 	mov	a,@r0
      000431 C0 E0            [24]  946 	push	acc
      000433 E5 81            [12]  947 	mov	a,sp
      000435 24 F9            [12]  948 	add	a,#0xf9
      000437 F8               [12]  949 	mov	r0,a
      000438 E6               [12]  950 	mov	a,@r0
      000439 C0 E0            [24]  951 	push	acc
      00043B 08               [12]  952 	inc	r0
      00043C E6               [12]  953 	mov	a,@r0
      00043D C0 E0            [24]  954 	push	acc
      00043F C0 05            [24]  955 	push	ar5
      000441 C0 06            [24]  956 	push	ar6
      000443 C0 07            [24]  957 	push	ar7
      000445 12r04r4A         [24]  958 	lcall	00127$
      000448 80 13            [24]  959 	sjmp	00128$
      00044A                        960 00127$:
      00044A E5 81            [12]  961 	mov	a,sp
      00044C 24 F6            [12]  962 	add	a,#0xf6
      00044E F8               [12]  963 	mov	r0,a
      00044F E6               [12]  964 	mov	a,@r0
      000450 C0 E0            [24]  965 	push	acc
      000452 08               [12]  966 	inc	r0
      000453 E6               [12]  967 	mov	a,@r0
      000454 C0 E0            [24]  968 	push	acc
      000456 8A 82            [24]  969 	mov	dpl,r2
      000458 8B 83            [24]  970 	mov	dph,r3
      00045A 8C F0            [24]  971 	mov	b,r4
      00045C 22               [24]  972 	ret
      00045D                        973 00128$:
      00045D E5 81            [12]  974 	mov	a,sp
      00045F 24 F9            [12]  975 	add	a,#0xf9
      000461 F5 81            [12]  976 	mov	sp,a
      000463                        977 00102$:
                                    978 ;	/home/user/contiki/core/net/rime/announcement.c:148: return;
      000463 80 2A            [24]  979 	sjmp	00109$
      000465                        980 00108$:
                                    981 ;	/home/user/contiki/core/net/rime/announcement.c:143: for(a = list_head(announcements); a != NULL; a = list_item_next(a)) {
      000465 C0 05            [24]  982 	push	ar5
      000467 C0 06            [24]  983 	push	ar6
      000469 C0 07            [24]  984 	push	ar7
      00046B 8A 05            [24]  985 	mov	ar5,r2
      00046D 8B 06            [24]  986 	mov	ar6,r3
      00046F 8C 07            [24]  987 	mov	ar7,r4
      000471 8D 82            [24]  988 	mov	dpl,r5
      000473 8E 83            [24]  989 	mov	dph,r6
      000475 8F F0            [24]  990 	mov	b,r7
      000477 12r00r00         [24]  991 	lcall	_list_item_next
      00047A AD 82            [24]  992 	mov	r5,dpl
      00047C AE 83            [24]  993 	mov	r6,dph
      00047E AF F0            [24]  994 	mov	r7,b
      000480 8D 02            [24]  995 	mov	ar2,r5
      000482 8E 03            [24]  996 	mov	ar3,r6
      000484 8F 04            [24]  997 	mov	ar4,r7
      000486 D0 07            [24]  998 	pop	ar7
      000488 D0 06            [24]  999 	pop	ar6
      00048A D0 05            [24] 1000 	pop	ar5
      00048C 02r03rA8         [24] 1001 	ljmp	00107$
      00048F                       1002 00109$:
      00048F 15 81            [12] 1003 	dec	sp
      000491 15 81            [12] 1004 	dec	sp
      000493 22               [24] 1005 	ret
                                   1006 	.area CSEG    (CODE)
                                   1007 	.area CONST   (CODE)
                                   1008 	.area XINIT   (CODE)
      000000                       1009 __xinit__announcements_list:
                                   1010 ; generic printIvalPtr
      000000 00 00 00              1011 	.byte #0x00,#0x00,#0x00
      000003                       1012 __xinit__announcements:
      000003r00s00 00              1013 	.byte _announcements_list,(_announcements_list >> 8),#0x00
                                   1014 	.area CABS    (ABS,CODE)
