                                      1 ;--------------------------------------------------------
                                      2 ; File Created by SDCC : free open source ANSI-C Compiler
                                      3 ; Version 3.3.1 #8804 (Aug  6 2013) (Linux)
                                      4 ; This file was generated Tue Feb 10 06:19:36 2015
                                      5 ;--------------------------------------------------------
                                      6 	.module mac
                                      7 	.optsdcc -mmcs51 --model-large
                                      8 	
                                      9 ;--------------------------------------------------------
                                     10 ; Public variables in this module
                                     11 ;--------------------------------------------------------
                                     12 	.globl _mac_call_sent_callback
                                     13 ;--------------------------------------------------------
                                     14 ; special function registers
                                     15 ;--------------------------------------------------------
                                     16 	.area RSEG    (ABS,DATA)
      000000                         17 	.org 0x0000
                                     18 ;--------------------------------------------------------
                                     19 ; special function bits
                                     20 ;--------------------------------------------------------
                                     21 	.area RSEG    (ABS,DATA)
      000000                         22 	.org 0x0000
                                     23 ;--------------------------------------------------------
                                     24 ; overlayable register banks
                                     25 ;--------------------------------------------------------
                                     26 	.area REG_BANK_0	(REL,OVR,DATA)
      000000                         27 	.ds 8
                                     28 ;--------------------------------------------------------
                                     29 ; internal ram data
                                     30 ;--------------------------------------------------------
                                     31 	.area DSEG    (DATA)
                                     32 ;--------------------------------------------------------
                                     33 ; overlayable items in internal ram 
                                     34 ;--------------------------------------------------------
                                     35 ;--------------------------------------------------------
                                     36 ; indirectly addressable internal ram data
                                     37 ;--------------------------------------------------------
                                     38 	.area ISEG    (DATA)
                                     39 ;--------------------------------------------------------
                                     40 ; absolute internal ram data
                                     41 ;--------------------------------------------------------
                                     42 	.area IABS    (ABS,DATA)
                                     43 	.area IABS    (ABS,DATA)
                                     44 ;--------------------------------------------------------
                                     45 ; bit data
                                     46 ;--------------------------------------------------------
                                     47 	.area BSEG    (BIT)
                                     48 ;--------------------------------------------------------
                                     49 ; paged external ram data
                                     50 ;--------------------------------------------------------
                                     51 	.area PSEG    (PAG,XDATA)
                                     52 ;--------------------------------------------------------
                                     53 ; external ram data
                                     54 ;--------------------------------------------------------
                                     55 	.area XSEG    (XDATA)
                                     56 ;--------------------------------------------------------
                                     57 ; absolute external ram data
                                     58 ;--------------------------------------------------------
                                     59 	.area XABS    (ABS,XDATA)
                                     60 ;--------------------------------------------------------
                                     61 ; external initialized ram data
                                     62 ;--------------------------------------------------------
                                     63 	.area XISEG   (XDATA)
                                     64 	.area HOME    (CODE)
                                     65 	.area GSINIT0 (CODE)
                                     66 	.area GSINIT1 (CODE)
                                     67 	.area GSINIT2 (CODE)
                                     68 	.area GSINIT3 (CODE)
                                     69 	.area GSINIT4 (CODE)
                                     70 	.area GSINIT5 (CODE)
                                     71 	.area GSINIT  (CODE)
                                     72 	.area GSFINAL (CODE)
                                     73 	.area CSEG    (CODE)
                                     74 ;--------------------------------------------------------
                                     75 ; global & static initialisations
                                     76 ;--------------------------------------------------------
                                     77 	.area HOME    (CODE)
                                     78 	.area GSINIT  (CODE)
                                     79 	.area GSFINAL (CODE)
                                     80 	.area GSINIT  (CODE)
                                     81 ;--------------------------------------------------------
                                     82 ; Home
                                     83 ;--------------------------------------------------------
                                     84 	.area HOME    (CODE)
                                     85 	.area HOME    (CODE)
                                     86 ;--------------------------------------------------------
                                     87 ; code
                                     88 ;--------------------------------------------------------
                                     89 	.area CSEG    (CODE)
                                     90 ;------------------------------------------------------------
                                     91 ;Allocation info for local variables in function 'mac_call_sent_callback'
                                     92 ;------------------------------------------------------------
                                     93 ;ptr                       Allocated to stack - sp -4
                                     94 ;status                    Allocated to stack - sp -6
                                     95 ;num_tx                    Allocated to stack - sp -8
                                     96 ;sent                      Allocated to registers r6 r7 
                                     97 ;------------------------------------------------------------
                                     98 ;	/home/user/contiki/core/net/mac/mac.c:45: mac_call_sent_callback(mac_callback_t sent, void *ptr, int status, int num_tx)
                                     99 ;	-----------------------------------------
                                    100 ;	 function mac_call_sent_callback
                                    101 ;	-----------------------------------------
      000000                        102 _mac_call_sent_callback:
                           000007   103 	ar7 = 0x07
                           000006   104 	ar6 = 0x06
                           000005   105 	ar5 = 0x05
                           000004   106 	ar4 = 0x04
                           000003   107 	ar3 = 0x03
                           000002   108 	ar2 = 0x02
                           000001   109 	ar1 = 0x01
                           000000   110 	ar0 = 0x00
      000000 AE 82            [24]  111 	mov	r6,dpl
      000002 AF 83            [24]  112 	mov	r7,dph
                                    113 ;	/home/user/contiki/core/net/mac/mac.c:63: if(sent) {
      000004 EE               [12]  114 	mov	a,r6
      000005 4F               [12]  115 	orl	a,r7
      000006 60 3D            [24]  116 	jz	00108$
                                    117 ;	/home/user/contiki/core/net/mac/mac.c:64: sent(ptr, status, num_tx);
      000008 C0 07            [24]  118 	push	ar7
      00000A C0 06            [24]  119 	push	ar6
      00000C E5 81            [12]  120 	mov	a,sp
      00000E 24 F6            [12]  121 	add	a,#0xf6
      000010 F8               [12]  122 	mov	r0,a
      000011 E6               [12]  123 	mov	a,@r0
      000012 C0 E0            [24]  124 	push	acc
      000014 08               [12]  125 	inc	r0
      000015 E6               [12]  126 	mov	a,@r0
      000016 C0 E0            [24]  127 	push	acc
      000018 E5 81            [12]  128 	mov	a,sp
      00001A 24 F6            [12]  129 	add	a,#0xf6
      00001C F8               [12]  130 	mov	r0,a
      00001D E6               [12]  131 	mov	a,@r0
      00001E C0 E0            [24]  132 	push	acc
      000020 08               [12]  133 	inc	r0
      000021 E6               [12]  134 	mov	a,@r0
      000022 C0 E0            [24]  135 	push	acc
      000024 12r00r29         [24]  136 	lcall	00116$
      000027 80 12            [24]  137 	sjmp	00117$
      000029                        138 00116$:
      000029 C0 06            [24]  139 	push	ar6
      00002B C0 07            [24]  140 	push	ar7
      00002D E5 81            [12]  141 	mov	a,sp
      00002F 24 F2            [12]  142 	add	a,#0xf2
      000031 F8               [12]  143 	mov	r0,a
      000032 86 82            [24]  144 	mov	dpl,@r0
      000034 08               [12]  145 	inc	r0
      000035 86 83            [24]  146 	mov	dph,@r0
      000037 08               [12]  147 	inc	r0
      000038 86 F0            [24]  148 	mov	b,@r0
      00003A 22               [24]  149 	ret
      00003B                        150 00117$:
      00003B E5 81            [12]  151 	mov	a,sp
      00003D 24 FC            [12]  152 	add	a,#0xfc
      00003F F5 81            [12]  153 	mov	sp,a
      000041 D0 06            [24]  154 	pop	ar6
      000043 D0 07            [24]  155 	pop	ar7
      000045                        156 00108$:
      000045 22               [24]  157 	ret
                                    158 	.area CSEG    (CODE)
                                    159 	.area CONST   (CODE)
                                    160 	.area XINIT   (CODE)
                                    161 	.area CABS    (ABS,CODE)
