                                      1 ;--------------------------------------------------------
                                      2 ; File Created by SDCC : free open source ANSI-C Compiler
                                      3 ; Version 3.3.1 #8804 (Aug  6 2013) (Linux)
                                      4 ; This file was generated Tue Feb 10 06:19:30 2015
                                      5 ;--------------------------------------------------------
                                      6 	.module rime
                                      7 	.optsdcc -mmcs51 --model-large
                                      8 	
                                      9 ;--------------------------------------------------------
                                     10 ; Public variables in this module
                                     11 ;--------------------------------------------------------
                                     12 	.globl _rime_driver
                                     13 	.globl _broadcast_announcement_init
                                     14 	.globl _list_item_next
                                     15 	.globl _list_remove
                                     16 	.globl _list_add
                                     17 	.globl _list_head
                                     18 	.globl _queuebuf_init
                                     19 	.globl _abc_sent
                                     20 	.globl _abc_input
                                     21 	.globl _chameleon_create
                                     22 	.globl _chameleon_parse
                                     23 	.globl _chameleon_init
                                     24 	.globl _packetbuf_compact
                                     25 	.globl _packetbuf_clear
                                     26 	.globl _announcement_init
                                     27 	.globl _ACTIVE
                                     28 	.globl _TX_BYTE
                                     29 	.globl _RX_BYTE
                                     30 	.globl _ERR
                                     31 	.globl _FE
                                     32 	.globl _SLAVE
                                     33 	.globl _RE
                                     34 	.globl _MODE
                                     35 	.globl _T3OVFIF
                                     36 	.globl _T3CH0IF
                                     37 	.globl _T3CH1IF
                                     38 	.globl _T4OVFIF
                                     39 	.globl _T4CH0IF
                                     40 	.globl _T4CH1IF
                                     41 	.globl _OVFIM
                                     42 	.globl _B_0
                                     43 	.globl _B_1
                                     44 	.globl _B_2
                                     45 	.globl _B_3
                                     46 	.globl _B_4
                                     47 	.globl _B_5
                                     48 	.globl _B_6
                                     49 	.globl _B_7
                                     50 	.globl _P2IF
                                     51 	.globl _UTX0IF
                                     52 	.globl _UTX1IF
                                     53 	.globl _P1IF
                                     54 	.globl _WDTIF
                                     55 	.globl _ACC_0
                                     56 	.globl _ACC_1
                                     57 	.globl _ACC_2
                                     58 	.globl _ACC_3
                                     59 	.globl _ACC_4
                                     60 	.globl _ACC_5
                                     61 	.globl _ACC_6
                                     62 	.globl _ACC_7
                                     63 	.globl _P
                                     64 	.globl _F1
                                     65 	.globl _OV
                                     66 	.globl _RS0
                                     67 	.globl _RS1
                                     68 	.globl _F0
                                     69 	.globl _AC
                                     70 	.globl _CY
                                     71 	.globl _DMAIF
                                     72 	.globl _T1IF
                                     73 	.globl _T2IF
                                     74 	.globl _T3IF
                                     75 	.globl _T4IF
                                     76 	.globl _P0IF
                                     77 	.globl _STIF
                                     78 	.globl _DMAIE
                                     79 	.globl _T1IE
                                     80 	.globl _T2IE
                                     81 	.globl _T3IE
                                     82 	.globl _T4IE
                                     83 	.globl _P0IE
                                     84 	.globl _RFERRIE
                                     85 	.globl _ADCIE
                                     86 	.globl _URX0IE
                                     87 	.globl _URX1IE
                                     88 	.globl _ENCIE
                                     89 	.globl _STIE
                                     90 	.globl _EA
                                     91 	.globl _P2_0
                                     92 	.globl _P2_1
                                     93 	.globl _P2_2
                                     94 	.globl _P2_3
                                     95 	.globl _P2_4
                                     96 	.globl _P2_5
                                     97 	.globl _P2_6
                                     98 	.globl _P2_7
                                     99 	.globl _ENCIF_0
                                    100 	.globl _ENCIF_1
                                    101 	.globl _P1_0
                                    102 	.globl _P1_1
                                    103 	.globl _P1_2
                                    104 	.globl _P1_3
                                    105 	.globl _P1_4
                                    106 	.globl _P1_5
                                    107 	.globl _P1_6
                                    108 	.globl _P1_7
                                    109 	.globl _IT0
                                    110 	.globl _RFERRIF
                                    111 	.globl _IT1
                                    112 	.globl _URX0IF
                                    113 	.globl _ADCIF
                                    114 	.globl _URX1IF
                                    115 	.globl _P0_0
                                    116 	.globl _P0_1
                                    117 	.globl _P0_2
                                    118 	.globl _P0_3
                                    119 	.globl _P0_4
                                    120 	.globl _P0_5
                                    121 	.globl _P0_6
                                    122 	.globl _P0_7
                                    123 	.globl _WDCTL
                                    124 	.globl _U1GCR
                                    125 	.globl _U1UCR
                                    126 	.globl _U1BAUD
                                    127 	.globl _U1DBUF
                                    128 	.globl _U1CSR
                                    129 	.globl _U0GCR
                                    130 	.globl _U0UCR
                                    131 	.globl _U0BAUD
                                    132 	.globl _U0DBUF
                                    133 	.globl _U0CSR
                                    134 	.globl _TIMIF
                                    135 	.globl _T4CC1
                                    136 	.globl _T4CCTL1
                                    137 	.globl _T4CC0
                                    138 	.globl _T4CCTL0
                                    139 	.globl _T4CTL
                                    140 	.globl _T4CNT
                                    141 	.globl _T3CC1
                                    142 	.globl _T3CCTL1
                                    143 	.globl _T3CC0
                                    144 	.globl _T3CCTL0
                                    145 	.globl _T3CTL
                                    146 	.globl _T3CNT
                                    147 	.globl _T2MSEL
                                    148 	.globl _T2IRQM
                                    149 	.globl _T2MOVF2
                                    150 	.globl _T2MOVF1
                                    151 	.globl _T2MOVF0
                                    152 	.globl _T2M1
                                    153 	.globl _T2M0
                                    154 	.globl _T2IRQF
                                    155 	.globl _T2EVTCFG
                                    156 	.globl _T2CTRL
                                    157 	.globl _T1STAT
                                    158 	.globl _T1CCTL2
                                    159 	.globl _T1CCTL1
                                    160 	.globl _T1CCTL0
                                    161 	.globl _T1CTL
                                    162 	.globl _T1CNTH
                                    163 	.globl _T1CNTL
                                    164 	.globl _T1CC2H
                                    165 	.globl _T1CC2L
                                    166 	.globl _T1CC1H
                                    167 	.globl _T1CC1L
                                    168 	.globl _T1CC0H
                                    169 	.globl _T1CC0L
                                    170 	.globl _CLKCONSTA
                                    171 	.globl _CLKCONCMD
                                    172 	.globl _SLEEPSTA
                                    173 	.globl _SLEEPCMD
                                    174 	.globl _STLOAD
                                    175 	.globl _ST2
                                    176 	.globl _ST1
                                    177 	.globl _ST0
                                    178 	.globl _RFERRF
                                    179 	.globl _RFIRQF0
                                    180 	.globl _RFST
                                    181 	.globl _RFD
                                    182 	.globl _RFIRQF1
                                    183 	.globl _PSBANK
                                    184 	.globl _FMAP
                                    185 	.globl _MEMCTR
                                    186 	.globl __XPAGE
                                    187 	.globl _MPAGE
                                    188 	.globl _PMUX
                                    189 	.globl _P2DIR
                                    190 	.globl _P1DIR
                                    191 	.globl _P0DIR
                                    192 	.globl _P2INP
                                    193 	.globl _P1INP
                                    194 	.globl _P2SEL
                                    195 	.globl _P1SEL
                                    196 	.globl _P0SEL
                                    197 	.globl _APCFG
                                    198 	.globl _PERCFG
                                    199 	.globl _P0INP
                                    200 	.globl _P2IEN
                                    201 	.globl _P1IEN
                                    202 	.globl _P0IEN
                                    203 	.globl _PICTL
                                    204 	.globl _P2IFG
                                    205 	.globl _P1IFG
                                    206 	.globl _P0IFG
                                    207 	.globl _DMAREQ
                                    208 	.globl _DMAARM
                                    209 	.globl _DMA0CFGH
                                    210 	.globl _DMA0CFGL
                                    211 	.globl _DMA1CFGH
                                    212 	.globl _DMA1CFGL
                                    213 	.globl _DMAIRQ
                                    214 	.globl _ENCCS
                                    215 	.globl _ENCDO
                                    216 	.globl _ENCDI
                                    217 	.globl _RNDH
                                    218 	.globl _RNDL
                                    219 	.globl _ADCH
                                    220 	.globl _ADCL
                                    221 	.globl _ADCCON3
                                    222 	.globl _ADCCON2
                                    223 	.globl _ADCCON1
                                    224 	.globl _B
                                    225 	.globl _IRCON2
                                    226 	.globl _ACC
                                    227 	.globl _PSW
                                    228 	.globl _IRCON
                                    229 	.globl _IP1
                                    230 	.globl _IEN1
                                    231 	.globl _IP0
                                    232 	.globl _IEN0
                                    233 	.globl _P2
                                    234 	.globl _S1CON
                                    235 	.globl _IEN2
                                    236 	.globl _S0CON
                                    237 	.globl _DPS
                                    238 	.globl _P1
                                    239 	.globl _TCON
                                    240 	.globl _PCON
                                    241 	.globl _DPH1
                                    242 	.globl _DPL1
                                    243 	.globl _DPH0
                                    244 	.globl _DPL0
                                    245 	.globl _SP
                                    246 	.globl _P0
                                    247 	.globl _X_IEEE_ADDR
                                    248 	.globl _X_INFOPAGE
                                    249 	.globl _X_P2DIR
                                    250 	.globl _X_P1DIR
                                    251 	.globl _X_P0DIR
                                    252 	.globl _X_U1GCR
                                    253 	.globl _X_U1UCR
                                    254 	.globl _X_U1BAUD
                                    255 	.globl _X_U1DBUF
                                    256 	.globl _X_U1CSR
                                    257 	.globl _X_P2INP
                                    258 	.globl _X_P1INP
                                    259 	.globl _X_P2SEL
                                    260 	.globl _X_P1SEL
                                    261 	.globl _X_P0SEL
                                    262 	.globl _X_APCFG
                                    263 	.globl _X_PERCFG
                                    264 	.globl _X_T4CC1
                                    265 	.globl _X_T4CCTL1
                                    266 	.globl _X_T4CC0
                                    267 	.globl _X_T4CCTL0
                                    268 	.globl _X_T4CTL
                                    269 	.globl _X_T4CNT
                                    270 	.globl _X_RFIRQF0
                                    271 	.globl _X_T1CCTL2
                                    272 	.globl _X_T1CCTL1
                                    273 	.globl _X_T1CCTL0
                                    274 	.globl _X_T1CTL
                                    275 	.globl _X_T1CNTH
                                    276 	.globl _X_T1CNTL
                                    277 	.globl _X_RFST
                                    278 	.globl _X_T1CC2H
                                    279 	.globl _X_T1CC2L
                                    280 	.globl _X_T1CC1H
                                    281 	.globl _X_T1CC1L
                                    282 	.globl _X_T1CC0H
                                    283 	.globl _X_T1CC0L
                                    284 	.globl _X_RFD
                                    285 	.globl _X_TIMIF
                                    286 	.globl _X_DMAREQ
                                    287 	.globl _X_DMAARM
                                    288 	.globl _X_DMA0CFGH
                                    289 	.globl _X_DMA0CFGL
                                    290 	.globl _X_DMA1CFGH
                                    291 	.globl _X_DMA1CFGL
                                    292 	.globl _X_DMAIRQ
                                    293 	.globl _X_T3CC1
                                    294 	.globl _X_T3CCTL1
                                    295 	.globl _X_T3CC0
                                    296 	.globl _X_T3CCTL0
                                    297 	.globl _X_T3CTL
                                    298 	.globl _X_T3CNT
                                    299 	.globl _X_WDCTL
                                    300 	.globl _X_MEMCTR
                                    301 	.globl _X_CLKCONCMD
                                    302 	.globl _X_U0GCR
                                    303 	.globl _X_U0UCR
                                    304 	.globl _X_T2MSEL
                                    305 	.globl _X_U0BAUD
                                    306 	.globl _X_U0DBUF
                                    307 	.globl _X_RFERRF
                                    308 	.globl _X_SLEEPCMD
                                    309 	.globl _X_RNDH
                                    310 	.globl _X_RNDL
                                    311 	.globl _X_ADCH
                                    312 	.globl _X_ADCL
                                    313 	.globl _X_ADCCON3
                                    314 	.globl _X_ADCCON2
                                    315 	.globl _X_ADCCON1
                                    316 	.globl _X_ENCCS
                                    317 	.globl _X_ENCDO
                                    318 	.globl _X_ENCDI
                                    319 	.globl _X_T1STAT
                                    320 	.globl _X_PMUX
                                    321 	.globl _X_STLOAD
                                    322 	.globl _X_P2IEN
                                    323 	.globl _X_P0IEN
                                    324 	.globl _X_T2IRQM
                                    325 	.globl _X_T2MOVF2
                                    326 	.globl _X_T2MOVF1
                                    327 	.globl _X_T2MOVF0
                                    328 	.globl _X_T2M1
                                    329 	.globl _X_T2M0
                                    330 	.globl _X_T2IRQF
                                    331 	.globl _X_P2
                                    332 	.globl _X_PSBANK
                                    333 	.globl _X_FMAP
                                    334 	.globl _X_CLKCONSTA
                                    335 	.globl _X_SLEEPSTA
                                    336 	.globl _X_T2EVTCFG
                                    337 	.globl _X_ST2
                                    338 	.globl _X_ST1
                                    339 	.globl _X_ST0
                                    340 	.globl _X_T2CTRL
                                    341 	.globl _X__XPAGE
                                    342 	.globl _X_MPAGE
                                    343 	.globl _X_RFIRQF1
                                    344 	.globl _X_P1
                                    345 	.globl _X_P0INP
                                    346 	.globl _X_P1IEN
                                    347 	.globl _X_PICTL
                                    348 	.globl _X_P2IFG
                                    349 	.globl _X_P1IFG
                                    350 	.globl _X_P0IFG
                                    351 	.globl _X_U0CSR
                                    352 	.globl _X_P0
                                    353 	.globl _USBF5
                                    354 	.globl _USBF4
                                    355 	.globl _USBF3
                                    356 	.globl _USBF2
                                    357 	.globl _USBF1
                                    358 	.globl _USBF0
                                    359 	.globl _USBCNTH
                                    360 	.globl _USBCNTL
                                    361 	.globl _USBCNT0
                                    362 	.globl _USBCSOH
                                    363 	.globl _USBCSOL
                                    364 	.globl _USBMAXO
                                    365 	.globl _USBCSIH
                                    366 	.globl _USBCSIL
                                    367 	.globl _USBCS0
                                    368 	.globl _USBMAXI
                                    369 	.globl _USBCTRL
                                    370 	.globl _USBINDEX
                                    371 	.globl _USBFRMH
                                    372 	.globl _USBFRML
                                    373 	.globl _USBCIE
                                    374 	.globl _USBOIE
                                    375 	.globl _USBIIE
                                    376 	.globl _USBCIF
                                    377 	.globl _USBOIF
                                    378 	.globl _USBIIF
                                    379 	.globl _USBPOW
                                    380 	.globl _USBADDR
                                    381 	.globl _CSPT
                                    382 	.globl _CSPZ
                                    383 	.globl _CSPY
                                    384 	.globl _CSPX
                                    385 	.globl _CSPSTAT
                                    386 	.globl _CSPCTRL
                                    387 	.globl _CSPPROG23
                                    388 	.globl _CSPPROG22
                                    389 	.globl _CSPPROG21
                                    390 	.globl _CSPPROG20
                                    391 	.globl _CSPPROG19
                                    392 	.globl _CSPPROG18
                                    393 	.globl _CSPPROG17
                                    394 	.globl _CSPPROG16
                                    395 	.globl _CSPPROG15
                                    396 	.globl _CSPPROG14
                                    397 	.globl _CSPPROG13
                                    398 	.globl _CSPPROG12
                                    399 	.globl _CSPPROG11
                                    400 	.globl _CSPPROG10
                                    401 	.globl _CSPPROG9
                                    402 	.globl _CSPPROG8
                                    403 	.globl _CSPPROG7
                                    404 	.globl _CSPPROG6
                                    405 	.globl _CSPPROG5
                                    406 	.globl _CSPPROG4
                                    407 	.globl _CSPPROG3
                                    408 	.globl _CSPPROG2
                                    409 	.globl _CSPPROG1
                                    410 	.globl _CSPPROG0
                                    411 	.globl _RFC_OBS_CTRL2
                                    412 	.globl _RFC_OBS_CTRL1
                                    413 	.globl _RFC_OBS_CTRL0
                                    414 	.globl _TXFILTCFG
                                    415 	.globl _PTEST1
                                    416 	.globl _PTEST0
                                    417 	.globl _ATEST
                                    418 	.globl _DACTEST2
                                    419 	.globl _DACTEST1
                                    420 	.globl _DACTEST0
                                    421 	.globl _MDMTEST1
                                    422 	.globl _MDMTEST0
                                    423 	.globl _ADCTEST2
                                    424 	.globl _ADCTEST1
                                    425 	.globl _ADCTEST0
                                    426 	.globl _AGCCTRL3
                                    427 	.globl _AGCCTRL2
                                    428 	.globl _AGCCTRL1
                                    429 	.globl _AGCCTRL0
                                    430 	.globl _FSCAL3
                                    431 	.globl _FSCAL2
                                    432 	.globl _FSCAL1
                                    433 	.globl _FSCAL0
                                    434 	.globl _FSCTRL
                                    435 	.globl _RXCTRL
                                    436 	.globl _FREQEST
                                    437 	.globl _MDMCTRL1
                                    438 	.globl _MDMCTRL0
                                    439 	.globl _RFRND
                                    440 	.globl _RFERRM
                                    441 	.globl _RFIRQM1
                                    442 	.globl _RFIRQM0
                                    443 	.globl _TXLAST_PTR
                                    444 	.globl _TXFIRST_PTR
                                    445 	.globl _RXP1_PTR
                                    446 	.globl _RXLAST_PTR
                                    447 	.globl _RXFIRST_PTR
                                    448 	.globl _TXFIFOCNT
                                    449 	.globl _RXFIFOCNT
                                    450 	.globl _RXFIRST
                                    451 	.globl _RSSISTAT
                                    452 	.globl _RSSI
                                    453 	.globl _CCACTRL1
                                    454 	.globl _CCACTRL0
                                    455 	.globl _FSMCTRL
                                    456 	.globl _FIFOPCTRL
                                    457 	.globl _FSMSTAT1
                                    458 	.globl _FSMSTAT0
                                    459 	.globl _TXCTRL
                                    460 	.globl _TXPOWER
                                    461 	.globl _FREQCTRL
                                    462 	.globl _FREQTUNE
                                    463 	.globl _RXMASKCLR
                                    464 	.globl _RXMASKSET
                                    465 	.globl _RXENABLE
                                    466 	.globl _FRMCTRL1
                                    467 	.globl _FRMCTRL0
                                    468 	.globl _SRCEXTEN2
                                    469 	.globl _SRCEXTEN1
                                    470 	.globl _SRCEXTEN0
                                    471 	.globl _SRCSHORTEN2
                                    472 	.globl _SRCSHORTEN1
                                    473 	.globl _SRCSHORTEN0
                                    474 	.globl _SRCMATCH
                                    475 	.globl _FRMFILT1
                                    476 	.globl _FRMFILT0
                                    477 	.globl _SHORT_ADDR1
                                    478 	.globl _SHORT_ADDR0
                                    479 	.globl _PAN_ID1
                                    480 	.globl _PAN_ID0
                                    481 	.globl _EXT_ADDR7
                                    482 	.globl _EXT_ADDR6
                                    483 	.globl _EXT_ADDR5
                                    484 	.globl _EXT_ADDR4
                                    485 	.globl _EXT_ADDR3
                                    486 	.globl _EXT_ADDR2
                                    487 	.globl _EXT_ADDR1
                                    488 	.globl _EXT_ADDR0
                                    489 	.globl _SRCSHORTPENDEN2
                                    490 	.globl _SRCSHORTPENDEN1
                                    491 	.globl _SRCSHORTPENDEN0
                                    492 	.globl _SRCEXTPENDEN2
                                    493 	.globl _SRCEXTPENDEN1
                                    494 	.globl _SRCEXTPENDEN0
                                    495 	.globl _SRCRESINDEX
                                    496 	.globl _SRCRESMASK2
                                    497 	.globl _SRCRESMASK1
                                    498 	.globl _SRCRESMASK0
                                    499 	.globl _SRC_ADDR_TABLE
                                    500 	.globl _TXFIFO
                                    501 	.globl _RXFIFO
                                    502 	.globl _RFCORE_RAM
                                    503 	.globl _CMPCTL
                                    504 	.globl _OPAMPS
                                    505 	.globl _OPAMPC
                                    506 	.globl _STCV2
                                    507 	.globl _STCV1
                                    508 	.globl _STCV0
                                    509 	.globl _STCS
                                    510 	.globl _STCC
                                    511 	.globl _T1CC4H
                                    512 	.globl _T1CC4L
                                    513 	.globl _T1CC3H
                                    514 	.globl _T1CC3L
                                    515 	.globl _XX_T1CC2H
                                    516 	.globl _XX_T1CC2L
                                    517 	.globl _XX_T1CC1H
                                    518 	.globl _XX_T1CC1L
                                    519 	.globl _XX_T1CC0H
                                    520 	.globl _XX_T1CC0L
                                    521 	.globl _T1CCTL4
                                    522 	.globl _T1CCTL3
                                    523 	.globl _XX_T1CCTL2
                                    524 	.globl _XX_T1CCTL1
                                    525 	.globl _XX_T1CCTL0
                                    526 	.globl _CLD
                                    527 	.globl _IRCTL
                                    528 	.globl _CHIPINFO1
                                    529 	.globl _CHIPINFO0
                                    530 	.globl _FWDATA
                                    531 	.globl _FADDRH
                                    532 	.globl _FADDRL
                                    533 	.globl _FCTL
                                    534 	.globl _IVCTRL
                                    535 	.globl _BATTMON
                                    536 	.globl _SRCRC
                                    537 	.globl _DBGDATA
                                    538 	.globl _TESTREG0
                                    539 	.globl _CHIPID
                                    540 	.globl _CHVER
                                    541 	.globl _OBSSEL5
                                    542 	.globl _OBSSEL4
                                    543 	.globl _OBSSEL3
                                    544 	.globl _OBSSEL2
                                    545 	.globl _OBSSEL1
                                    546 	.globl _OBSSEL0
                                    547 	.globl _I2CIO
                                    548 	.globl _I2CWC
                                    549 	.globl _I2CADDR
                                    550 	.globl _I2CDATA
                                    551 	.globl _I2CSTAT
                                    552 	.globl _I2CCFG
                                    553 	.globl _OPAMPMC
                                    554 	.globl _MONMUX
                                    555 	.globl _rime_sniffer_add
                                    556 	.globl _rime_sniffer_remove
                                    557 	.globl _rime_output
                                    558 ;--------------------------------------------------------
                                    559 ; special function registers
                                    560 ;--------------------------------------------------------
                                    561 	.area RSEG    (ABS,DATA)
      000000                        562 	.org 0x0000
                           000080   563 _P0	=	0x0080
                           000081   564 _SP	=	0x0081
                           000082   565 _DPL0	=	0x0082
                           000083   566 _DPH0	=	0x0083
                           000084   567 _DPL1	=	0x0084
                           000085   568 _DPH1	=	0x0085
                           000087   569 _PCON	=	0x0087
                           000088   570 _TCON	=	0x0088
                           000090   571 _P1	=	0x0090
                           000092   572 _DPS	=	0x0092
                           000098   573 _S0CON	=	0x0098
                           00009A   574 _IEN2	=	0x009a
                           00009B   575 _S1CON	=	0x009b
                           0000A0   576 _P2	=	0x00a0
                           0000A8   577 _IEN0	=	0x00a8
                           0000A9   578 _IP0	=	0x00a9
                           0000B8   579 _IEN1	=	0x00b8
                           0000B9   580 _IP1	=	0x00b9
                           0000C0   581 _IRCON	=	0x00c0
                           0000D0   582 _PSW	=	0x00d0
                           0000E0   583 _ACC	=	0x00e0
                           0000E8   584 _IRCON2	=	0x00e8
                           0000F0   585 _B	=	0x00f0
                           0000B4   586 _ADCCON1	=	0x00b4
                           0000B5   587 _ADCCON2	=	0x00b5
                           0000B6   588 _ADCCON3	=	0x00b6
                           0000BA   589 _ADCL	=	0x00ba
                           0000BB   590 _ADCH	=	0x00bb
                           0000BC   591 _RNDL	=	0x00bc
                           0000BD   592 _RNDH	=	0x00bd
                           0000B1   593 _ENCDI	=	0x00b1
                           0000B2   594 _ENCDO	=	0x00b2
                           0000B3   595 _ENCCS	=	0x00b3
                           0000D1   596 _DMAIRQ	=	0x00d1
                           0000D2   597 _DMA1CFGL	=	0x00d2
                           0000D3   598 _DMA1CFGH	=	0x00d3
                           0000D4   599 _DMA0CFGL	=	0x00d4
                           0000D5   600 _DMA0CFGH	=	0x00d5
                           0000D6   601 _DMAARM	=	0x00d6
                           0000D7   602 _DMAREQ	=	0x00d7
                           000089   603 _P0IFG	=	0x0089
                           00008A   604 _P1IFG	=	0x008a
                           00008B   605 _P2IFG	=	0x008b
                           00008C   606 _PICTL	=	0x008c
                           0000AB   607 _P0IEN	=	0x00ab
                           00008D   608 _P1IEN	=	0x008d
                           0000AC   609 _P2IEN	=	0x00ac
                           00008F   610 _P0INP	=	0x008f
                           0000F1   611 _PERCFG	=	0x00f1
                           0000F2   612 _APCFG	=	0x00f2
                           0000F3   613 _P0SEL	=	0x00f3
                           0000F4   614 _P1SEL	=	0x00f4
                           0000F5   615 _P2SEL	=	0x00f5
                           0000F6   616 _P1INP	=	0x00f6
                           0000F7   617 _P2INP	=	0x00f7
                           0000FD   618 _P0DIR	=	0x00fd
                           0000FE   619 _P1DIR	=	0x00fe
                           0000FF   620 _P2DIR	=	0x00ff
                           0000AE   621 _PMUX	=	0x00ae
                           000093   622 _MPAGE	=	0x0093
                           000093   623 __XPAGE	=	0x0093
                           0000C7   624 _MEMCTR	=	0x00c7
                           00009F   625 _FMAP	=	0x009f
                           00009F   626 _PSBANK	=	0x009f
                           000091   627 _RFIRQF1	=	0x0091
                           0000D9   628 _RFD	=	0x00d9
                           0000E1   629 _RFST	=	0x00e1
                           0000E9   630 _RFIRQF0	=	0x00e9
                           0000BF   631 _RFERRF	=	0x00bf
                           000095   632 _ST0	=	0x0095
                           000096   633 _ST1	=	0x0096
                           000097   634 _ST2	=	0x0097
                           0000AD   635 _STLOAD	=	0x00ad
                           0000BE   636 _SLEEPCMD	=	0x00be
                           00009D   637 _SLEEPSTA	=	0x009d
                           0000C6   638 _CLKCONCMD	=	0x00c6
                           00009E   639 _CLKCONSTA	=	0x009e
                           0000DA   640 _T1CC0L	=	0x00da
                           0000DB   641 _T1CC0H	=	0x00db
                           0000DC   642 _T1CC1L	=	0x00dc
                           0000DD   643 _T1CC1H	=	0x00dd
                           0000DE   644 _T1CC2L	=	0x00de
                           0000DF   645 _T1CC2H	=	0x00df
                           0000E2   646 _T1CNTL	=	0x00e2
                           0000E3   647 _T1CNTH	=	0x00e3
                           0000E4   648 _T1CTL	=	0x00e4
                           0000E5   649 _T1CCTL0	=	0x00e5
                           0000E6   650 _T1CCTL1	=	0x00e6
                           0000E7   651 _T1CCTL2	=	0x00e7
                           0000AF   652 _T1STAT	=	0x00af
                           000094   653 _T2CTRL	=	0x0094
                           00009C   654 _T2EVTCFG	=	0x009c
                           0000A1   655 _T2IRQF	=	0x00a1
                           0000A2   656 _T2M0	=	0x00a2
                           0000A3   657 _T2M1	=	0x00a3
                           0000A4   658 _T2MOVF0	=	0x00a4
                           0000A5   659 _T2MOVF1	=	0x00a5
                           0000A6   660 _T2MOVF2	=	0x00a6
                           0000A7   661 _T2IRQM	=	0x00a7
                           0000C3   662 _T2MSEL	=	0x00c3
                           0000CA   663 _T3CNT	=	0x00ca
                           0000CB   664 _T3CTL	=	0x00cb
                           0000CC   665 _T3CCTL0	=	0x00cc
                           0000CD   666 _T3CC0	=	0x00cd
                           0000CE   667 _T3CCTL1	=	0x00ce
                           0000CF   668 _T3CC1	=	0x00cf
                           0000EA   669 _T4CNT	=	0x00ea
                           0000EB   670 _T4CTL	=	0x00eb
                           0000EC   671 _T4CCTL0	=	0x00ec
                           0000ED   672 _T4CC0	=	0x00ed
                           0000EE   673 _T4CCTL1	=	0x00ee
                           0000EF   674 _T4CC1	=	0x00ef
                           0000D8   675 _TIMIF	=	0x00d8
                           000086   676 _U0CSR	=	0x0086
                           0000C1   677 _U0DBUF	=	0x00c1
                           0000C2   678 _U0BAUD	=	0x00c2
                           0000C4   679 _U0UCR	=	0x00c4
                           0000C5   680 _U0GCR	=	0x00c5
                           0000F8   681 _U1CSR	=	0x00f8
                           0000F9   682 _U1DBUF	=	0x00f9
                           0000FA   683 _U1BAUD	=	0x00fa
                           0000FB   684 _U1UCR	=	0x00fb
                           0000FC   685 _U1GCR	=	0x00fc
                           0000C9   686 _WDCTL	=	0x00c9
                                    687 ;--------------------------------------------------------
                                    688 ; special function bits
                                    689 ;--------------------------------------------------------
                                    690 	.area RSEG    (ABS,DATA)
      000000                        691 	.org 0x0000
                           000087   692 _P0_7	=	0x0087
                           000086   693 _P0_6	=	0x0086
                           000085   694 _P0_5	=	0x0085
                           000084   695 _P0_4	=	0x0084
                           000083   696 _P0_3	=	0x0083
                           000082   697 _P0_2	=	0x0082
                           000081   698 _P0_1	=	0x0081
                           000080   699 _P0_0	=	0x0080
                           00008F   700 _URX1IF	=	0x008f
                           00008D   701 _ADCIF	=	0x008d
                           00008B   702 _URX0IF	=	0x008b
                           00008A   703 _IT1	=	0x008a
                           000089   704 _RFERRIF	=	0x0089
                           000088   705 _IT0	=	0x0088
                           000097   706 _P1_7	=	0x0097
                           000096   707 _P1_6	=	0x0096
                           000095   708 _P1_5	=	0x0095
                           000094   709 _P1_4	=	0x0094
                           000093   710 _P1_3	=	0x0093
                           000092   711 _P1_2	=	0x0092
                           000091   712 _P1_1	=	0x0091
                           000090   713 _P1_0	=	0x0090
                           000099   714 _ENCIF_1	=	0x0099
                           000098   715 _ENCIF_0	=	0x0098
                           0000A7   716 _P2_7	=	0x00a7
                           0000A6   717 _P2_6	=	0x00a6
                           0000A5   718 _P2_5	=	0x00a5
                           0000A4   719 _P2_4	=	0x00a4
                           0000A3   720 _P2_3	=	0x00a3
                           0000A2   721 _P2_2	=	0x00a2
                           0000A1   722 _P2_1	=	0x00a1
                           0000A0   723 _P2_0	=	0x00a0
                           0000AF   724 _EA	=	0x00af
                           0000AD   725 _STIE	=	0x00ad
                           0000AC   726 _ENCIE	=	0x00ac
                           0000AB   727 _URX1IE	=	0x00ab
                           0000AA   728 _URX0IE	=	0x00aa
                           0000A9   729 _ADCIE	=	0x00a9
                           0000A8   730 _RFERRIE	=	0x00a8
                           0000BD   731 _P0IE	=	0x00bd
                           0000BC   732 _T4IE	=	0x00bc
                           0000BB   733 _T3IE	=	0x00bb
                           0000BA   734 _T2IE	=	0x00ba
                           0000B9   735 _T1IE	=	0x00b9
                           0000B8   736 _DMAIE	=	0x00b8
                           0000C7   737 _STIF	=	0x00c7
                           0000C5   738 _P0IF	=	0x00c5
                           0000C4   739 _T4IF	=	0x00c4
                           0000C3   740 _T3IF	=	0x00c3
                           0000C2   741 _T2IF	=	0x00c2
                           0000C1   742 _T1IF	=	0x00c1
                           0000C0   743 _DMAIF	=	0x00c0
                           0000D7   744 _CY	=	0x00d7
                           0000D6   745 _AC	=	0x00d6
                           0000D5   746 _F0	=	0x00d5
                           0000D4   747 _RS1	=	0x00d4
                           0000D3   748 _RS0	=	0x00d3
                           0000D2   749 _OV	=	0x00d2
                           0000D1   750 _F1	=	0x00d1
                           0000D0   751 _P	=	0x00d0
                           0000E7   752 _ACC_7	=	0x00e7
                           0000E6   753 _ACC_6	=	0x00e6
                           0000E5   754 _ACC_5	=	0x00e5
                           0000E4   755 _ACC_4	=	0x00e4
                           0000E3   756 _ACC_3	=	0x00e3
                           0000E2   757 _ACC_2	=	0x00e2
                           0000E1   758 _ACC_1	=	0x00e1
                           0000E0   759 _ACC_0	=	0x00e0
                           0000EC   760 _WDTIF	=	0x00ec
                           0000EB   761 _P1IF	=	0x00eb
                           0000EA   762 _UTX1IF	=	0x00ea
                           0000E9   763 _UTX0IF	=	0x00e9
                           0000E8   764 _P2IF	=	0x00e8
                           0000F7   765 _B_7	=	0x00f7
                           0000F6   766 _B_6	=	0x00f6
                           0000F5   767 _B_5	=	0x00f5
                           0000F4   768 _B_4	=	0x00f4
                           0000F3   769 _B_3	=	0x00f3
                           0000F2   770 _B_2	=	0x00f2
                           0000F1   771 _B_1	=	0x00f1
                           0000F0   772 _B_0	=	0x00f0
                           0000DE   773 _OVFIM	=	0x00de
                           0000DD   774 _T4CH1IF	=	0x00dd
                           0000DC   775 _T4CH0IF	=	0x00dc
                           0000DB   776 _T4OVFIF	=	0x00db
                           0000DA   777 _T3CH1IF	=	0x00da
                           0000D9   778 _T3CH0IF	=	0x00d9
                           0000D8   779 _T3OVFIF	=	0x00d8
                           0000FF   780 _MODE	=	0x00ff
                           0000FE   781 _RE	=	0x00fe
                           0000FD   782 _SLAVE	=	0x00fd
                           0000FC   783 _FE	=	0x00fc
                           0000FB   784 _ERR	=	0x00fb
                           0000FA   785 _RX_BYTE	=	0x00fa
                           0000F9   786 _TX_BYTE	=	0x00f9
                           0000F8   787 _ACTIVE	=	0x00f8
                                    788 ;--------------------------------------------------------
                                    789 ; overlayable register banks
                                    790 ;--------------------------------------------------------
                                    791 	.area REG_BANK_0	(REL,OVR,DATA)
      000000                        792 	.ds 8
                                    793 ;--------------------------------------------------------
                                    794 ; internal ram data
                                    795 ;--------------------------------------------------------
                                    796 	.area DSEG    (DATA)
                                    797 ;--------------------------------------------------------
                                    798 ; overlayable items in internal ram 
                                    799 ;--------------------------------------------------------
                                    800 ;--------------------------------------------------------
                                    801 ; indirectly addressable internal ram data
                                    802 ;--------------------------------------------------------
                                    803 	.area ISEG    (DATA)
                                    804 ;--------------------------------------------------------
                                    805 ; absolute internal ram data
                                    806 ;--------------------------------------------------------
                                    807 	.area IABS    (ABS,DATA)
                                    808 	.area IABS    (ABS,DATA)
                                    809 ;--------------------------------------------------------
                                    810 ; bit data
                                    811 ;--------------------------------------------------------
                                    812 	.area BSEG    (BIT)
                                    813 ;--------------------------------------------------------
                                    814 ; paged external ram data
                                    815 ;--------------------------------------------------------
                                    816 	.area PSEG    (PAG,XDATA)
                                    817 ;--------------------------------------------------------
                                    818 ; external ram data
                                    819 ;--------------------------------------------------------
                                    820 	.area XSEG    (XDATA)
                           0061A6   821 _MONMUX	=	0x61a6
                           0061A6   822 _OPAMPMC	=	0x61a6
                           006230   823 _I2CCFG	=	0x6230
                           006231   824 _I2CSTAT	=	0x6231
                           006232   825 _I2CDATA	=	0x6232
                           006233   826 _I2CADDR	=	0x6233
                           006234   827 _I2CWC	=	0x6234
                           006235   828 _I2CIO	=	0x6235
                           006243   829 _OBSSEL0	=	0x6243
                           006244   830 _OBSSEL1	=	0x6244
                           006245   831 _OBSSEL2	=	0x6245
                           006246   832 _OBSSEL3	=	0x6246
                           006247   833 _OBSSEL4	=	0x6247
                           006248   834 _OBSSEL5	=	0x6248
                           006249   835 _CHVER	=	0x6249
                           00624A   836 _CHIPID	=	0x624a
                           00624B   837 _TESTREG0	=	0x624b
                           006260   838 _DBGDATA	=	0x6260
                           006262   839 _SRCRC	=	0x6262
                           006264   840 _BATTMON	=	0x6264
                           006265   841 _IVCTRL	=	0x6265
                           006270   842 _FCTL	=	0x6270
                           006271   843 _FADDRL	=	0x6271
                           006272   844 _FADDRH	=	0x6272
                           006273   845 _FWDATA	=	0x6273
                           006276   846 _CHIPINFO0	=	0x6276
                           006277   847 _CHIPINFO1	=	0x6277
                           006281   848 _IRCTL	=	0x6281
                           006290   849 _CLD	=	0x6290
                           0062A0   850 _XX_T1CCTL0	=	0x62a0
                           0062A1   851 _XX_T1CCTL1	=	0x62a1
                           0062A2   852 _XX_T1CCTL2	=	0x62a2
                           0062A3   853 _T1CCTL3	=	0x62a3
                           0062A4   854 _T1CCTL4	=	0x62a4
                           0062A6   855 _XX_T1CC0L	=	0x62a6
                           0062A7   856 _XX_T1CC0H	=	0x62a7
                           0062A8   857 _XX_T1CC1L	=	0x62a8
                           0062A9   858 _XX_T1CC1H	=	0x62a9
                           0062AA   859 _XX_T1CC2L	=	0x62aa
                           0062AB   860 _XX_T1CC2H	=	0x62ab
                           0062AC   861 _T1CC3L	=	0x62ac
                           0062AD   862 _T1CC3H	=	0x62ad
                           0062AE   863 _T1CC4L	=	0x62ae
                           0062AF   864 _T1CC4H	=	0x62af
                           0062B0   865 _STCC	=	0x62b0
                           0062B1   866 _STCS	=	0x62b1
                           0062B2   867 _STCV0	=	0x62b2
                           0062B3   868 _STCV1	=	0x62b3
                           0062B4   869 _STCV2	=	0x62b4
                           0062C0   870 _OPAMPC	=	0x62c0
                           0062C1   871 _OPAMPS	=	0x62c1
                           0062D0   872 _CMPCTL	=	0x62d0
                           006000   873 _RFCORE_RAM	=	0x6000
                           006000   874 _RXFIFO	=	0x6000
                           006080   875 _TXFIFO	=	0x6080
                           006100   876 _SRC_ADDR_TABLE	=	0x6100
                           006160   877 _SRCRESMASK0	=	0x6160
                           006161   878 _SRCRESMASK1	=	0x6161
                           006162   879 _SRCRESMASK2	=	0x6162
                           006163   880 _SRCRESINDEX	=	0x6163
                           006164   881 _SRCEXTPENDEN0	=	0x6164
                           006165   882 _SRCEXTPENDEN1	=	0x6165
                           006166   883 _SRCEXTPENDEN2	=	0x6166
                           006167   884 _SRCSHORTPENDEN0	=	0x6167
                           006168   885 _SRCSHORTPENDEN1	=	0x6168
                           006169   886 _SRCSHORTPENDEN2	=	0x6169
                           00616A   887 _EXT_ADDR0	=	0x616a
                           00616B   888 _EXT_ADDR1	=	0x616b
                           00616C   889 _EXT_ADDR2	=	0x616c
                           00616D   890 _EXT_ADDR3	=	0x616d
                           00616E   891 _EXT_ADDR4	=	0x616e
                           00616F   892 _EXT_ADDR5	=	0x616f
                           006170   893 _EXT_ADDR6	=	0x6170
                           006171   894 _EXT_ADDR7	=	0x6171
                           006172   895 _PAN_ID0	=	0x6172
                           006173   896 _PAN_ID1	=	0x6173
                           006174   897 _SHORT_ADDR0	=	0x6174
                           006175   898 _SHORT_ADDR1	=	0x6175
                           006180   899 _FRMFILT0	=	0x6180
                           006181   900 _FRMFILT1	=	0x6181
                           006182   901 _SRCMATCH	=	0x6182
                           006183   902 _SRCSHORTEN0	=	0x6183
                           006184   903 _SRCSHORTEN1	=	0x6184
                           006185   904 _SRCSHORTEN2	=	0x6185
                           006186   905 _SRCEXTEN0	=	0x6186
                           006187   906 _SRCEXTEN1	=	0x6187
                           006188   907 _SRCEXTEN2	=	0x6188
                           006189   908 _FRMCTRL0	=	0x6189
                           00618A   909 _FRMCTRL1	=	0x618a
                           00618B   910 _RXENABLE	=	0x618b
                           00618C   911 _RXMASKSET	=	0x618c
                           00618D   912 _RXMASKCLR	=	0x618d
                           00618E   913 _FREQTUNE	=	0x618e
                           00618F   914 _FREQCTRL	=	0x618f
                           006190   915 _TXPOWER	=	0x6190
                           006191   916 _TXCTRL	=	0x6191
                           006192   917 _FSMSTAT0	=	0x6192
                           006193   918 _FSMSTAT1	=	0x6193
                           006194   919 _FIFOPCTRL	=	0x6194
                           006195   920 _FSMCTRL	=	0x6195
                           006196   921 _CCACTRL0	=	0x6196
                           006197   922 _CCACTRL1	=	0x6197
                           006198   923 _RSSI	=	0x6198
                           006199   924 _RSSISTAT	=	0x6199
                           00619A   925 _RXFIRST	=	0x619a
                           00619B   926 _RXFIFOCNT	=	0x619b
                           00619C   927 _TXFIFOCNT	=	0x619c
                           00619D   928 _RXFIRST_PTR	=	0x619d
                           00619E   929 _RXLAST_PTR	=	0x619e
                           00619F   930 _RXP1_PTR	=	0x619f
                           0061A1   931 _TXFIRST_PTR	=	0x61a1
                           0061A2   932 _TXLAST_PTR	=	0x61a2
                           0061A3   933 _RFIRQM0	=	0x61a3
                           0061A4   934 _RFIRQM1	=	0x61a4
                           0061A5   935 _RFERRM	=	0x61a5
                           0061A7   936 _RFRND	=	0x61a7
                           0061A8   937 _MDMCTRL0	=	0x61a8
                           0061A9   938 _MDMCTRL1	=	0x61a9
                           0061AA   939 _FREQEST	=	0x61aa
                           0061AB   940 _RXCTRL	=	0x61ab
                           0061AC   941 _FSCTRL	=	0x61ac
                           0061AD   942 _FSCAL0	=	0x61ad
                           0061AE   943 _FSCAL1	=	0x61ae
                           0061AF   944 _FSCAL2	=	0x61af
                           0061B0   945 _FSCAL3	=	0x61b0
                           0061B1   946 _AGCCTRL0	=	0x61b1
                           0061B2   947 _AGCCTRL1	=	0x61b2
                           0061B3   948 _AGCCTRL2	=	0x61b3
                           0061B4   949 _AGCCTRL3	=	0x61b4
                           0061B5   950 _ADCTEST0	=	0x61b5
                           0061B6   951 _ADCTEST1	=	0x61b6
                           0061B7   952 _ADCTEST2	=	0x61b7
                           0061B8   953 _MDMTEST0	=	0x61b8
                           0061B9   954 _MDMTEST1	=	0x61b9
                           0061BA   955 _DACTEST0	=	0x61ba
                           0061BB   956 _DACTEST1	=	0x61bb
                           0061BC   957 _DACTEST2	=	0x61bc
                           0061BD   958 _ATEST	=	0x61bd
                           0061BE   959 _PTEST0	=	0x61be
                           0061BF   960 _PTEST1	=	0x61bf
                           0061FA   961 _TXFILTCFG	=	0x61fa
                           0061EB   962 _RFC_OBS_CTRL0	=	0x61eb
                           0061EC   963 _RFC_OBS_CTRL1	=	0x61ec
                           0061ED   964 _RFC_OBS_CTRL2	=	0x61ed
                           0061C0   965 _CSPPROG0	=	0x61c0
                           0061C1   966 _CSPPROG1	=	0x61c1
                           0061C2   967 _CSPPROG2	=	0x61c2
                           0061C3   968 _CSPPROG3	=	0x61c3
                           0061C4   969 _CSPPROG4	=	0x61c4
                           0061C5   970 _CSPPROG5	=	0x61c5
                           0061C6   971 _CSPPROG6	=	0x61c6
                           0061C7   972 _CSPPROG7	=	0x61c7
                           0061C8   973 _CSPPROG8	=	0x61c8
                           0061C9   974 _CSPPROG9	=	0x61c9
                           0061CA   975 _CSPPROG10	=	0x61ca
                           0061CB   976 _CSPPROG11	=	0x61cb
                           0061CC   977 _CSPPROG12	=	0x61cc
                           0061CD   978 _CSPPROG13	=	0x61cd
                           0061CE   979 _CSPPROG14	=	0x61ce
                           0061CF   980 _CSPPROG15	=	0x61cf
                           0061D0   981 _CSPPROG16	=	0x61d0
                           0061D1   982 _CSPPROG17	=	0x61d1
                           0061D2   983 _CSPPROG18	=	0x61d2
                           0061D3   984 _CSPPROG19	=	0x61d3
                           0061D4   985 _CSPPROG20	=	0x61d4
                           0061D5   986 _CSPPROG21	=	0x61d5
                           0061D6   987 _CSPPROG22	=	0x61d6
                           0061D7   988 _CSPPROG23	=	0x61d7
                           0061E0   989 _CSPCTRL	=	0x61e0
                           0061E1   990 _CSPSTAT	=	0x61e1
                           0061E2   991 _CSPX	=	0x61e2
                           0061E3   992 _CSPY	=	0x61e3
                           0061E4   993 _CSPZ	=	0x61e4
                           0061E5   994 _CSPT	=	0x61e5
                           006200   995 _USBADDR	=	0x6200
                           006201   996 _USBPOW	=	0x6201
                           006202   997 _USBIIF	=	0x6202
                           006204   998 _USBOIF	=	0x6204
                           006206   999 _USBCIF	=	0x6206
                           006207  1000 _USBIIE	=	0x6207
                           006209  1001 _USBOIE	=	0x6209
                           00620B  1002 _USBCIE	=	0x620b
                           00620C  1003 _USBFRML	=	0x620c
                           00620D  1004 _USBFRMH	=	0x620d
                           00620E  1005 _USBINDEX	=	0x620e
                           00620F  1006 _USBCTRL	=	0x620f
                           006210  1007 _USBMAXI	=	0x6210
                           006211  1008 _USBCS0	=	0x6211
                           006211  1009 _USBCSIL	=	0x6211
                           006212  1010 _USBCSIH	=	0x6212
                           006213  1011 _USBMAXO	=	0x6213
                           006214  1012 _USBCSOL	=	0x6214
                           006215  1013 _USBCSOH	=	0x6215
                           006216  1014 _USBCNT0	=	0x6216
                           006216  1015 _USBCNTL	=	0x6216
                           006217  1016 _USBCNTH	=	0x6217
                           006220  1017 _USBF0	=	0x6220
                           006222  1018 _USBF1	=	0x6222
                           006224  1019 _USBF2	=	0x6224
                           006226  1020 _USBF3	=	0x6226
                           006228  1021 _USBF4	=	0x6228
                           00622A  1022 _USBF5	=	0x622a
                           007080  1023 _X_P0	=	0x7080
                           007086  1024 _X_U0CSR	=	0x7086
                           007089  1025 _X_P0IFG	=	0x7089
                           00708A  1026 _X_P1IFG	=	0x708a
                           00708B  1027 _X_P2IFG	=	0x708b
                           00708C  1028 _X_PICTL	=	0x708c
                           00708D  1029 _X_P1IEN	=	0x708d
                           00708F  1030 _X_P0INP	=	0x708f
                           007090  1031 _X_P1	=	0x7090
                           007091  1032 _X_RFIRQF1	=	0x7091
                           007093  1033 _X_MPAGE	=	0x7093
                           007093  1034 _X__XPAGE	=	0x7093
                           007094  1035 _X_T2CTRL	=	0x7094
                           007095  1036 _X_ST0	=	0x7095
                           007096  1037 _X_ST1	=	0x7096
                           007097  1038 _X_ST2	=	0x7097
                           00709C  1039 _X_T2EVTCFG	=	0x709c
                           00709D  1040 _X_SLEEPSTA	=	0x709d
                           00709E  1041 _X_CLKCONSTA	=	0x709e
                           00709F  1042 _X_FMAP	=	0x709f
                           00709F  1043 _X_PSBANK	=	0x709f
                           0070A0  1044 _X_P2	=	0x70a0
                           0070A1  1045 _X_T2IRQF	=	0x70a1
                           0070A2  1046 _X_T2M0	=	0x70a2
                           0070A3  1047 _X_T2M1	=	0x70a3
                           0070A4  1048 _X_T2MOVF0	=	0x70a4
                           0070A5  1049 _X_T2MOVF1	=	0x70a5
                           0070A6  1050 _X_T2MOVF2	=	0x70a6
                           0070A7  1051 _X_T2IRQM	=	0x70a7
                           0070AB  1052 _X_P0IEN	=	0x70ab
                           0070AC  1053 _X_P2IEN	=	0x70ac
                           0070AD  1054 _X_STLOAD	=	0x70ad
                           0070AE  1055 _X_PMUX	=	0x70ae
                           0070AF  1056 _X_T1STAT	=	0x70af
                           0070B1  1057 _X_ENCDI	=	0x70b1
                           0070B2  1058 _X_ENCDO	=	0x70b2
                           0070B3  1059 _X_ENCCS	=	0x70b3
                           0070B4  1060 _X_ADCCON1	=	0x70b4
                           0070B5  1061 _X_ADCCON2	=	0x70b5
                           0070B6  1062 _X_ADCCON3	=	0x70b6
                           0070BA  1063 _X_ADCL	=	0x70ba
                           0070BB  1064 _X_ADCH	=	0x70bb
                           0070BC  1065 _X_RNDL	=	0x70bc
                           0070BD  1066 _X_RNDH	=	0x70bd
                           0070BE  1067 _X_SLEEPCMD	=	0x70be
                           0070BF  1068 _X_RFERRF	=	0x70bf
                           0070C1  1069 _X_U0DBUF	=	0x70c1
                           0070C2  1070 _X_U0BAUD	=	0x70c2
                           0070C3  1071 _X_T2MSEL	=	0x70c3
                           0070C4  1072 _X_U0UCR	=	0x70c4
                           0070C5  1073 _X_U0GCR	=	0x70c5
                           0070C6  1074 _X_CLKCONCMD	=	0x70c6
                           0070C7  1075 _X_MEMCTR	=	0x70c7
                           0070C9  1076 _X_WDCTL	=	0x70c9
                           0070CA  1077 _X_T3CNT	=	0x70ca
                           0070CB  1078 _X_T3CTL	=	0x70cb
                           0070CC  1079 _X_T3CCTL0	=	0x70cc
                           0070CD  1080 _X_T3CC0	=	0x70cd
                           0070CE  1081 _X_T3CCTL1	=	0x70ce
                           0070CF  1082 _X_T3CC1	=	0x70cf
                           0070D1  1083 _X_DMAIRQ	=	0x70d1
                           0070D2  1084 _X_DMA1CFGL	=	0x70d2
                           0070D3  1085 _X_DMA1CFGH	=	0x70d3
                           0070D4  1086 _X_DMA0CFGL	=	0x70d4
                           0070D5  1087 _X_DMA0CFGH	=	0x70d5
                           0070D6  1088 _X_DMAARM	=	0x70d6
                           0070D7  1089 _X_DMAREQ	=	0x70d7
                           0070D8  1090 _X_TIMIF	=	0x70d8
                           0070D9  1091 _X_RFD	=	0x70d9
                           0070DA  1092 _X_T1CC0L	=	0x70da
                           0070DB  1093 _X_T1CC0H	=	0x70db
                           0070DC  1094 _X_T1CC1L	=	0x70dc
                           0070DD  1095 _X_T1CC1H	=	0x70dd
                           0070DE  1096 _X_T1CC2L	=	0x70de
                           0070DF  1097 _X_T1CC2H	=	0x70df
                           0070E1  1098 _X_RFST	=	0x70e1
                           0070E2  1099 _X_T1CNTL	=	0x70e2
                           0070E3  1100 _X_T1CNTH	=	0x70e3
                           0070E4  1101 _X_T1CTL	=	0x70e4
                           0070E5  1102 _X_T1CCTL0	=	0x70e5
                           0070E6  1103 _X_T1CCTL1	=	0x70e6
                           0070E7  1104 _X_T1CCTL2	=	0x70e7
                           0070E9  1105 _X_RFIRQF0	=	0x70e9
                           0070EA  1106 _X_T4CNT	=	0x70ea
                           0070EB  1107 _X_T4CTL	=	0x70eb
                           0070EC  1108 _X_T4CCTL0	=	0x70ec
                           0070ED  1109 _X_T4CC0	=	0x70ed
                           0070EE  1110 _X_T4CCTL1	=	0x70ee
                           0070EF  1111 _X_T4CC1	=	0x70ef
                           0070F1  1112 _X_PERCFG	=	0x70f1
                           0070F2  1113 _X_APCFG	=	0x70f2
                           0070F3  1114 _X_P0SEL	=	0x70f3
                           0070F4  1115 _X_P1SEL	=	0x70f4
                           0070F5  1116 _X_P2SEL	=	0x70f5
                           0070F6  1117 _X_P1INP	=	0x70f6
                           0070F7  1118 _X_P2INP	=	0x70f7
                           0070F8  1119 _X_U1CSR	=	0x70f8
                           0070F9  1120 _X_U1DBUF	=	0x70f9
                           0070FA  1121 _X_U1BAUD	=	0x70fa
                           0070FB  1122 _X_U1UCR	=	0x70fb
                           0070FC  1123 _X_U1GCR	=	0x70fc
                           0070FD  1124 _X_P0DIR	=	0x70fd
                           0070FE  1125 _X_P1DIR	=	0x70fe
                           0070FF  1126 _X_P2DIR	=	0x70ff
                           007800  1127 _X_INFOPAGE	=	0x7800
                           00780C  1128 _X_IEEE_ADDR	=	0x780c
                                   1129 ;--------------------------------------------------------
                                   1130 ; absolute external ram data
                                   1131 ;--------------------------------------------------------
                                   1132 	.area XABS    (ABS,XDATA)
                                   1133 ;--------------------------------------------------------
                                   1134 ; external initialized ram data
                                   1135 ;--------------------------------------------------------
                                   1136 	.area XISEG   (XDATA)
      000000                       1137 _sniffers_list:
      000000                       1138 	.ds 3
      000003                       1139 _sniffers:
      000003                       1140 	.ds 3
                                   1141 	.area HOME    (CODE)
                                   1142 	.area GSINIT0 (CODE)
                                   1143 	.area GSINIT1 (CODE)
                                   1144 	.area GSINIT2 (CODE)
                                   1145 	.area GSINIT3 (CODE)
                                   1146 	.area GSINIT4 (CODE)
                                   1147 	.area GSINIT5 (CODE)
                                   1148 	.area GSINIT  (CODE)
                                   1149 	.area GSFINAL (CODE)
                                   1150 	.area CSEG    (CODE)
                                   1151 ;--------------------------------------------------------
                                   1152 ; global & static initialisations
                                   1153 ;--------------------------------------------------------
                                   1154 	.area HOME    (CODE)
                                   1155 	.area GSINIT  (CODE)
                                   1156 	.area GSFINAL (CODE)
                                   1157 	.area GSINIT  (CODE)
                                   1158 ;--------------------------------------------------------
                                   1159 ; Home
                                   1160 ;--------------------------------------------------------
                                   1161 	.area HOME    (CODE)
                                   1162 	.area HOME    (CODE)
                                   1163 ;--------------------------------------------------------
                                   1164 ; code
                                   1165 ;--------------------------------------------------------
                                   1166 	.area CSEG    (CODE)
                                   1167 ;------------------------------------------------------------
                                   1168 ;Allocation info for local variables in function 'rime_sniffer_add'
                                   1169 ;------------------------------------------------------------
                                   1170 ;s                         Allocated to registers r5 r6 r7 
                                   1171 ;------------------------------------------------------------
                                   1172 ;	/home/user/contiki/core/net/rime/rime.c:92: rime_sniffer_add(struct rime_sniffer *s)
                                   1173 ;	-----------------------------------------
                                   1174 ;	 function rime_sniffer_add
                                   1175 ;	-----------------------------------------
      000000                       1176 _rime_sniffer_add:
                           000007  1177 	ar7 = 0x07
                           000006  1178 	ar6 = 0x06
                           000005  1179 	ar5 = 0x05
                           000004  1180 	ar4 = 0x04
                           000003  1181 	ar3 = 0x03
                           000002  1182 	ar2 = 0x02
                           000001  1183 	ar1 = 0x01
                           000000  1184 	ar0 = 0x00
      000000 AD 82            [24] 1185 	mov	r5,dpl
      000002 AE 83            [24] 1186 	mov	r6,dph
      000004 AF F0            [24] 1187 	mov	r7,b
                                   1188 ;	/home/user/contiki/core/net/rime/rime.c:94: list_add(sniffers, s);
      000006 90r00r03         [24] 1189 	mov	dptr,#_sniffers
      000009 E0               [24] 1190 	movx	a,@dptr
      00000A FA               [12] 1191 	mov	r2,a
      00000B A3               [24] 1192 	inc	dptr
      00000C E0               [24] 1193 	movx	a,@dptr
      00000D FB               [12] 1194 	mov	r3,a
      00000E A3               [24] 1195 	inc	dptr
      00000F E0               [24] 1196 	movx	a,@dptr
      000010 FC               [12] 1197 	mov	r4,a
      000011 C0 05            [24] 1198 	push	ar5
      000013 C0 06            [24] 1199 	push	ar6
      000015 C0 07            [24] 1200 	push	ar7
      000017 8A 82            [24] 1201 	mov	dpl,r2
      000019 8B 83            [24] 1202 	mov	dph,r3
      00001B 8C F0            [24] 1203 	mov	b,r4
      00001D 12r00r00         [24] 1204 	lcall	_list_add
      000020 15 81            [12] 1205 	dec	sp
      000022 15 81            [12] 1206 	dec	sp
      000024 15 81            [12] 1207 	dec	sp
      000026 22               [24] 1208 	ret
                                   1209 ;------------------------------------------------------------
                                   1210 ;Allocation info for local variables in function 'rime_sniffer_remove'
                                   1211 ;------------------------------------------------------------
                                   1212 ;s                         Allocated to registers r5 r6 r7 
                                   1213 ;------------------------------------------------------------
                                   1214 ;	/home/user/contiki/core/net/rime/rime.c:98: rime_sniffer_remove(struct rime_sniffer *s)
                                   1215 ;	-----------------------------------------
                                   1216 ;	 function rime_sniffer_remove
                                   1217 ;	-----------------------------------------
      000027                       1218 _rime_sniffer_remove:
      000027 AD 82            [24] 1219 	mov	r5,dpl
      000029 AE 83            [24] 1220 	mov	r6,dph
      00002B AF F0            [24] 1221 	mov	r7,b
                                   1222 ;	/home/user/contiki/core/net/rime/rime.c:100: list_remove(sniffers, s);
      00002D 90r00r03         [24] 1223 	mov	dptr,#_sniffers
      000030 E0               [24] 1224 	movx	a,@dptr
      000031 FA               [12] 1225 	mov	r2,a
      000032 A3               [24] 1226 	inc	dptr
      000033 E0               [24] 1227 	movx	a,@dptr
      000034 FB               [12] 1228 	mov	r3,a
      000035 A3               [24] 1229 	inc	dptr
      000036 E0               [24] 1230 	movx	a,@dptr
      000037 FC               [12] 1231 	mov	r4,a
      000038 C0 05            [24] 1232 	push	ar5
      00003A C0 06            [24] 1233 	push	ar6
      00003C C0 07            [24] 1234 	push	ar7
      00003E 8A 82            [24] 1235 	mov	dpl,r2
      000040 8B 83            [24] 1236 	mov	dph,r3
      000042 8C F0            [24] 1237 	mov	b,r4
      000044 12r00r00         [24] 1238 	lcall	_list_remove
      000047 15 81            [12] 1239 	dec	sp
      000049 15 81            [12] 1240 	dec	sp
      00004B 15 81            [12] 1241 	dec	sp
      00004D 22               [24] 1242 	ret
                                   1243 ;------------------------------------------------------------
                                   1244 ;Allocation info for local variables in function 'input'
                                   1245 ;------------------------------------------------------------
                                   1246 ;s                         Allocated to registers r2 r3 r4 
                                   1247 ;c                         Allocated to registers r5 r6 r7 
                                   1248 ;sloc0                     Allocated to stack - sp -1
                                   1249 ;------------------------------------------------------------
                                   1250 ;	/home/user/contiki/core/net/rime/rime.c:104: input(void)
                                   1251 ;	-----------------------------------------
                                   1252 ;	 function input
                                   1253 ;	-----------------------------------------
      00004E                       1254 _input:
      00004E 05 81            [12] 1255 	inc	sp
      000050 05 81            [12] 1256 	inc	sp
                                   1257 ;	/home/user/contiki/core/net/rime/rime.c:110: c = chameleon_parse();
      000052 12r00r00         [24] 1258 	lcall	_chameleon_parse
      000055 AD 82            [24] 1259 	mov	r5,dpl
      000057 AE 83            [24] 1260 	mov	r6,dph
      000059 AF F0            [24] 1261 	mov	r7,b
                                   1262 ;	/home/user/contiki/core/net/rime/rime.c:112: for(s = list_head(sniffers); s != NULL; s = list_item_next(s)) {
      00005B 90r00r03         [24] 1263 	mov	dptr,#_sniffers
      00005E E0               [24] 1264 	movx	a,@dptr
      00005F FA               [12] 1265 	mov	r2,a
      000060 A3               [24] 1266 	inc	dptr
      000061 E0               [24] 1267 	movx	a,@dptr
      000062 FB               [12] 1268 	mov	r3,a
      000063 A3               [24] 1269 	inc	dptr
      000064 E0               [24] 1270 	movx	a,@dptr
      000065 FC               [12] 1271 	mov	r4,a
      000066 8A 82            [24] 1272 	mov	dpl,r2
      000068 8B 83            [24] 1273 	mov	dph,r3
      00006A 8C F0            [24] 1274 	mov	b,r4
      00006C C0 07            [24] 1275 	push	ar7
      00006E C0 06            [24] 1276 	push	ar6
      000070 C0 05            [24] 1277 	push	ar5
      000072 12r00r00         [24] 1278 	lcall	_list_head
      000075 AA 82            [24] 1279 	mov	r2,dpl
      000077 AB 83            [24] 1280 	mov	r3,dph
      000079 AC F0            [24] 1281 	mov	r4,b
      00007B D0 05            [24] 1282 	pop	ar5
      00007D D0 06            [24] 1283 	pop	ar6
      00007F D0 07            [24] 1284 	pop	ar7
      000081                       1285 00107$:
      000081 E4               [12] 1286 	clr	a
      000082 C0 E0            [24] 1287 	push	acc
      000084 E4               [12] 1288 	clr	a
      000085 C0 E0            [24] 1289 	push	acc
      000087 E4               [12] 1290 	clr	a
      000088 C0 E0            [24] 1291 	push	acc
      00008A 8A 82            [24] 1292 	mov	dpl,r2
      00008C 8B 83            [24] 1293 	mov	dph,r3
      00008E 8C F0            [24] 1294 	mov	b,r4
      000090 12r00r00         [24] 1295 	lcall	___gptr_cmp
      000093 15 81            [12] 1296 	dec	sp
      000095 15 81            [12] 1297 	dec	sp
      000097 15 81            [12] 1298 	dec	sp
      000099 70 03            [24] 1299 	jnz	00123$
      00009B 02r01r1F         [24] 1300 	ljmp	00103$
      00009E                       1301 00123$:
                                   1302 ;	/home/user/contiki/core/net/rime/rime.c:113: if(s->input_callback != NULL) {
      00009E C0 05            [24] 1303 	push	ar5
      0000A0 C0 06            [24] 1304 	push	ar6
      0000A2 C0 07            [24] 1305 	push	ar7
      0000A4 74 03            [12] 1306 	mov	a,#0x03
      0000A6 2A               [12] 1307 	add	a,r2
      0000A7 FD               [12] 1308 	mov	r5,a
      0000A8 E4               [12] 1309 	clr	a
      0000A9 3B               [12] 1310 	addc	a,r3
      0000AA FE               [12] 1311 	mov	r6,a
      0000AB 8C 07            [24] 1312 	mov	ar7,r4
      0000AD 8D 82            [24] 1313 	mov	dpl,r5
      0000AF 8E 83            [24] 1314 	mov	dph,r6
      0000B1 8F F0            [24] 1315 	mov	b,r7
      0000B3 E5 81            [12] 1316 	mov	a,sp
      0000B5 24 FC            [12] 1317 	add	a,#0xfc
      0000B7 F8               [12] 1318 	mov	r0,a
      0000B8 12r00r00         [24] 1319 	lcall	__gptrget
      0000BB F6               [12] 1320 	mov	@r0,a
      0000BC A3               [24] 1321 	inc	dptr
      0000BD 12r00r00         [24] 1322 	lcall	__gptrget
      0000C0 08               [12] 1323 	inc	r0
      0000C1 F6               [12] 1324 	mov	@r0,a
      0000C2 D0 07            [24] 1325 	pop	ar7
      0000C4 D0 06            [24] 1326 	pop	ar6
      0000C6 D0 05            [24] 1327 	pop	ar5
      0000C8 A8 81            [24] 1328 	mov	r0,sp
      0000CA 18               [12] 1329 	dec	r0
      0000CB E6               [12] 1330 	mov	a,@r0
      0000CC 08               [12] 1331 	inc	r0
      0000CD 46               [12] 1332 	orl	a,@r0
      0000CE 60 25            [24] 1333 	jz	00108$
                                   1334 ;	/home/user/contiki/core/net/rime/rime.c:114: s->input_callback();
      0000D0 C0 07            [24] 1335 	push	ar7
      0000D2 C0 06            [24] 1336 	push	ar6
      0000D4 C0 05            [24] 1337 	push	ar5
      0000D6 C0 04            [24] 1338 	push	ar4
      0000D8 C0 03            [24] 1339 	push	ar3
      0000DA C0 02            [24] 1340 	push	ar2
      0000DC E5 81            [12] 1341 	mov	a,sp
      0000DE 24 F9            [12] 1342 	add	a,#0xf9
      0000E0 F8               [12] 1343 	mov	r0,a
      0000E1 86 82            [24] 1344 	mov	dpl,@r0
      0000E3 08               [12] 1345 	inc	r0
      0000E4 86 83            [24] 1346 	mov	dph,@r0
      0000E6 12r00r00         [24] 1347 	lcall	__sdcc_call_dptr
      0000E9 D0 02            [24] 1348 	pop	ar2
      0000EB D0 03            [24] 1349 	pop	ar3
      0000ED D0 04            [24] 1350 	pop	ar4
      0000EF D0 05            [24] 1351 	pop	ar5
      0000F1 D0 06            [24] 1352 	pop	ar6
      0000F3 D0 07            [24] 1353 	pop	ar7
      0000F5                       1354 00108$:
                                   1355 ;	/home/user/contiki/core/net/rime/rime.c:112: for(s = list_head(sniffers); s != NULL; s = list_item_next(s)) {
      0000F5 C0 05            [24] 1356 	push	ar5
      0000F7 C0 06            [24] 1357 	push	ar6
      0000F9 C0 07            [24] 1358 	push	ar7
      0000FB 8A 05            [24] 1359 	mov	ar5,r2
      0000FD 8B 06            [24] 1360 	mov	ar6,r3
      0000FF 8C 07            [24] 1361 	mov	ar7,r4
      000101 8D 82            [24] 1362 	mov	dpl,r5
      000103 8E 83            [24] 1363 	mov	dph,r6
      000105 8F F0            [24] 1364 	mov	b,r7
      000107 12r00r00         [24] 1365 	lcall	_list_item_next
      00010A AD 82            [24] 1366 	mov	r5,dpl
      00010C AE 83            [24] 1367 	mov	r6,dph
      00010E AF F0            [24] 1368 	mov	r7,b
      000110 8D 02            [24] 1369 	mov	ar2,r5
      000112 8E 03            [24] 1370 	mov	ar3,r6
      000114 8F 04            [24] 1371 	mov	ar4,r7
      000116 D0 07            [24] 1372 	pop	ar7
      000118 D0 06            [24] 1373 	pop	ar6
      00011A D0 05            [24] 1374 	pop	ar5
      00011C 02r00r81         [24] 1375 	ljmp	00107$
      00011F                       1376 00103$:
                                   1377 ;	/home/user/contiki/core/net/rime/rime.c:118: if(c != NULL) {
      00011F ED               [12] 1378 	mov	a,r5
      000120 4E               [12] 1379 	orl	a,r6
      000121 60 09            [24] 1380 	jz	00109$
                                   1381 ;	/home/user/contiki/core/net/rime/rime.c:119: abc_input(c);
      000123 8D 82            [24] 1382 	mov	dpl,r5
      000125 8E 83            [24] 1383 	mov	dph,r6
      000127 8F F0            [24] 1384 	mov	b,r7
      000129 12r00r00         [24] 1385 	lcall	_abc_input
      00012C                       1386 00109$:
      00012C 15 81            [12] 1387 	dec	sp
      00012E 15 81            [12] 1388 	dec	sp
      000130 22               [24] 1389 	ret
                                   1390 ;------------------------------------------------------------
                                   1391 ;Allocation info for local variables in function 'init'
                                   1392 ;------------------------------------------------------------
                                   1393 ;	/home/user/contiki/core/net/rime/rime.c:124: init(void)
                                   1394 ;	-----------------------------------------
                                   1395 ;	 function init
                                   1396 ;	-----------------------------------------
      000131                       1397 _init:
                                   1398 ;	/home/user/contiki/core/net/rime/rime.c:126: queuebuf_init();
      000131 12r00r00         [24] 1399 	lcall	_queuebuf_init
                                   1400 ;	/home/user/contiki/core/net/rime/rime.c:127: packetbuf_clear();
      000134 12r00r00         [24] 1401 	lcall	_packetbuf_clear
                                   1402 ;	/home/user/contiki/core/net/rime/rime.c:128: announcement_init();
      000137 12r00r00         [24] 1403 	lcall	_announcement_init
                                   1404 ;	/home/user/contiki/core/net/rime/rime.c:130: chameleon_init();
      00013A 12r00r00         [24] 1405 	lcall	_chameleon_init
                                   1406 ;	/home/user/contiki/core/net/rime/rime.c:140: broadcast_announcement_init(BROADCAST_ANNOUNCEMENT_CHANNEL,
      00013D E4               [12] 1407 	clr	a
      00013E C0 E0            [24] 1408 	push	acc
      000140 74 08            [12] 1409 	mov	a,#0x08
      000142 C0 E0            [24] 1410 	push	acc
      000144 E4               [12] 1411 	clr	a
      000145 C0 E0            [24] 1412 	push	acc
      000147 74 1E            [12] 1413 	mov	a,#0x1E
      000149 C0 E0            [24] 1414 	push	acc
      00014B E4               [12] 1415 	clr	a
      00014C C0 E0            [24] 1416 	push	acc
      00014E 74 02            [12] 1417 	mov	a,#0x02
      000150 C0 E0            [24] 1418 	push	acc
      000152 90 00 02         [24] 1419 	mov	dptr,#0x0002
      000155 12r00r00         [24] 1420 	lcall	_broadcast_announcement_init
      000158 E5 81            [12] 1421 	mov	a,sp
      00015A 24 FA            [12] 1422 	add	a,#0xfa
      00015C F5 81            [12] 1423 	mov	sp,a
      00015E 22               [24] 1424 	ret
                                   1425 ;------------------------------------------------------------
                                   1426 ;Allocation info for local variables in function 'packet_sent'
                                   1427 ;------------------------------------------------------------
                                   1428 ;status                    Allocated to stack - sp -5
                                   1429 ;num_tx                    Allocated to stack - sp -7
                                   1430 ;ptr                       Allocated to registers r5 r6 r7 
                                   1431 ;c                         Allocated to registers r5 r6 r7 
                                   1432 ;s                         Allocated to registers r2 r3 r4 
                                   1433 ;sloc0                     Allocated to stack - sp -1
                                   1434 ;------------------------------------------------------------
                                   1435 ;	/home/user/contiki/core/net/rime/rime.c:147: packet_sent(void *ptr, int status, int num_tx)
                                   1436 ;	-----------------------------------------
                                   1437 ;	 function packet_sent
                                   1438 ;	-----------------------------------------
      00015F                       1439 _packet_sent:
      00015F 05 81            [12] 1440 	inc	sp
      000161 05 81            [12] 1441 	inc	sp
      000163 AD 82            [24] 1442 	mov	r5,dpl
      000165 AE 83            [24] 1443 	mov	r6,dph
      000167 AF F0            [24] 1444 	mov	r7,b
                                   1445 ;	/home/user/contiki/core/net/rime/rime.c:149: struct channel *c = ptr;
                                   1446 ;	/home/user/contiki/core/net/rime/rime.c:167: for(s = list_head(sniffers); s != NULL; s = list_item_next(s)) {
      000169 90r00r03         [24] 1447 	mov	dptr,#_sniffers
      00016C E0               [24] 1448 	movx	a,@dptr
      00016D FA               [12] 1449 	mov	r2,a
      00016E A3               [24] 1450 	inc	dptr
      00016F E0               [24] 1451 	movx	a,@dptr
      000170 FB               [12] 1452 	mov	r3,a
      000171 A3               [24] 1453 	inc	dptr
      000172 E0               [24] 1454 	movx	a,@dptr
      000173 FC               [12] 1455 	mov	r4,a
      000174 8A 82            [24] 1456 	mov	dpl,r2
      000176 8B 83            [24] 1457 	mov	dph,r3
      000178 8C F0            [24] 1458 	mov	b,r4
      00017A C0 07            [24] 1459 	push	ar7
      00017C C0 06            [24] 1460 	push	ar6
      00017E C0 05            [24] 1461 	push	ar5
      000180 12r00r00         [24] 1462 	lcall	_list_head
      000183 AA 82            [24] 1463 	mov	r2,dpl
      000185 AB 83            [24] 1464 	mov	r3,dph
      000187 AC F0            [24] 1465 	mov	r4,b
      000189 D0 05            [24] 1466 	pop	ar5
      00018B D0 06            [24] 1467 	pop	ar6
      00018D D0 07            [24] 1468 	pop	ar7
      00018F                       1469 00110$:
      00018F E4               [12] 1470 	clr	a
      000190 C0 E0            [24] 1471 	push	acc
      000192 E4               [12] 1472 	clr	a
      000193 C0 E0            [24] 1473 	push	acc
      000195 E4               [12] 1474 	clr	a
      000196 C0 E0            [24] 1475 	push	acc
      000198 8A 82            [24] 1476 	mov	dpl,r2
      00019A 8B 83            [24] 1477 	mov	dph,r3
      00019C 8C F0            [24] 1478 	mov	b,r4
      00019E 12r00r00         [24] 1479 	lcall	___gptr_cmp
      0001A1 15 81            [12] 1480 	dec	sp
      0001A3 15 81            [12] 1481 	dec	sp
      0001A5 15 81            [12] 1482 	dec	sp
      0001A7 70 03            [24] 1483 	jnz	00125$
      0001A9 02r02r3C         [24] 1484 	ljmp	00108$
      0001AC                       1485 00125$:
                                   1486 ;	/home/user/contiki/core/net/rime/rime.c:168: if(s->output_callback != NULL) {
      0001AC C0 05            [24] 1487 	push	ar5
      0001AE C0 06            [24] 1488 	push	ar6
      0001B0 C0 07            [24] 1489 	push	ar7
      0001B2 74 05            [12] 1490 	mov	a,#0x05
      0001B4 2A               [12] 1491 	add	a,r2
      0001B5 FD               [12] 1492 	mov	r5,a
      0001B6 E4               [12] 1493 	clr	a
      0001B7 3B               [12] 1494 	addc	a,r3
      0001B8 FE               [12] 1495 	mov	r6,a
      0001B9 8C 07            [24] 1496 	mov	ar7,r4
      0001BB 8D 82            [24] 1497 	mov	dpl,r5
      0001BD 8E 83            [24] 1498 	mov	dph,r6
      0001BF 8F F0            [24] 1499 	mov	b,r7
      0001C1 E5 81            [12] 1500 	mov	a,sp
      0001C3 24 FC            [12] 1501 	add	a,#0xfc
      0001C5 F8               [12] 1502 	mov	r0,a
      0001C6 12r00r00         [24] 1503 	lcall	__gptrget
      0001C9 F6               [12] 1504 	mov	@r0,a
      0001CA A3               [24] 1505 	inc	dptr
      0001CB 12r00r00         [24] 1506 	lcall	__gptrget
      0001CE 08               [12] 1507 	inc	r0
      0001CF F6               [12] 1508 	mov	@r0,a
      0001D0 D0 07            [24] 1509 	pop	ar7
      0001D2 D0 06            [24] 1510 	pop	ar6
      0001D4 D0 05            [24] 1511 	pop	ar5
      0001D6 A8 81            [24] 1512 	mov	r0,sp
      0001D8 18               [12] 1513 	dec	r0
      0001D9 E6               [12] 1514 	mov	a,@r0
      0001DA 08               [12] 1515 	inc	r0
      0001DB 46               [12] 1516 	orl	a,@r0
      0001DC 60 34            [24] 1517 	jz	00111$
                                   1518 ;	/home/user/contiki/core/net/rime/rime.c:169: s->output_callback(status);
      0001DE C0 07            [24] 1519 	push	ar7
      0001E0 C0 06            [24] 1520 	push	ar6
      0001E2 C0 05            [24] 1521 	push	ar5
      0001E4 C0 04            [24] 1522 	push	ar4
      0001E6 C0 03            [24] 1523 	push	ar3
      0001E8 C0 02            [24] 1524 	push	ar2
      0001EA 12r01rEF         [24] 1525 	lcall	00127$
      0001ED 80 17            [24] 1526 	sjmp	00128$
      0001EF                       1527 00127$:
      0001EF E5 81            [12] 1528 	mov	a,sp
      0001F1 24 F7            [12] 1529 	add	a,#0xf7
      0001F3 F8               [12] 1530 	mov	r0,a
      0001F4 E6               [12] 1531 	mov	a,@r0
      0001F5 C0 E0            [24] 1532 	push	acc
      0001F7 08               [12] 1533 	inc	r0
      0001F8 E6               [12] 1534 	mov	a,@r0
      0001F9 C0 E0            [24] 1535 	push	acc
      0001FB E5 81            [12] 1536 	mov	a,sp
      0001FD 24 F1            [12] 1537 	add	a,#0xf1
      0001FF F8               [12] 1538 	mov	r0,a
      000200 86 82            [24] 1539 	mov	dpl,@r0
      000202 08               [12] 1540 	inc	r0
      000203 86 83            [24] 1541 	mov	dph,@r0
      000205 22               [24] 1542 	ret
      000206                       1543 00128$:
      000206 D0 02            [24] 1544 	pop	ar2
      000208 D0 03            [24] 1545 	pop	ar3
      00020A D0 04            [24] 1546 	pop	ar4
      00020C D0 05            [24] 1547 	pop	ar5
      00020E D0 06            [24] 1548 	pop	ar6
      000210 D0 07            [24] 1549 	pop	ar7
      000212                       1550 00111$:
                                   1551 ;	/home/user/contiki/core/net/rime/rime.c:167: for(s = list_head(sniffers); s != NULL; s = list_item_next(s)) {
      000212 C0 05            [24] 1552 	push	ar5
      000214 C0 06            [24] 1553 	push	ar6
      000216 C0 07            [24] 1554 	push	ar7
      000218 8A 05            [24] 1555 	mov	ar5,r2
      00021A 8B 06            [24] 1556 	mov	ar6,r3
      00021C 8C 07            [24] 1557 	mov	ar7,r4
      00021E 8D 82            [24] 1558 	mov	dpl,r5
      000220 8E 83            [24] 1559 	mov	dph,r6
      000222 8F F0            [24] 1560 	mov	b,r7
      000224 12r00r00         [24] 1561 	lcall	_list_item_next
      000227 AD 82            [24] 1562 	mov	r5,dpl
      000229 AE 83            [24] 1563 	mov	r6,dph
      00022B AF F0            [24] 1564 	mov	r7,b
      00022D 8D 02            [24] 1565 	mov	ar2,r5
      00022F 8E 03            [24] 1566 	mov	ar3,r6
      000231 8F 04            [24] 1567 	mov	ar4,r7
      000233 D0 07            [24] 1568 	pop	ar7
      000235 D0 06            [24] 1569 	pop	ar6
      000237 D0 05            [24] 1570 	pop	ar5
      000239 02r01r8F         [24] 1571 	ljmp	00110$
      00023C                       1572 00108$:
                                   1573 ;	/home/user/contiki/core/net/rime/rime.c:173: abc_sent(c, status, num_tx);
      00023C E5 81            [12] 1574 	mov	a,sp
      00023E 24 F9            [12] 1575 	add	a,#0xf9
      000240 F8               [12] 1576 	mov	r0,a
      000241 E6               [12] 1577 	mov	a,@r0
      000242 C0 E0            [24] 1578 	push	acc
      000244 08               [12] 1579 	inc	r0
      000245 E6               [12] 1580 	mov	a,@r0
      000246 C0 E0            [24] 1581 	push	acc
      000248 E5 81            [12] 1582 	mov	a,sp
      00024A 24 F9            [12] 1583 	add	a,#0xf9
      00024C F8               [12] 1584 	mov	r0,a
      00024D E6               [12] 1585 	mov	a,@r0
      00024E C0 E0            [24] 1586 	push	acc
      000250 08               [12] 1587 	inc	r0
      000251 E6               [12] 1588 	mov	a,@r0
      000252 C0 E0            [24] 1589 	push	acc
      000254 8D 82            [24] 1590 	mov	dpl,r5
      000256 8E 83            [24] 1591 	mov	dph,r6
      000258 8F F0            [24] 1592 	mov	b,r7
      00025A 12r00r00         [24] 1593 	lcall	_abc_sent
      00025D E5 81            [12] 1594 	mov	a,sp
      00025F 24 FC            [12] 1595 	add	a,#0xfc
      000261 F5 81            [12] 1596 	mov	sp,a
      000263 15 81            [12] 1597 	dec	sp
      000265 15 81            [12] 1598 	dec	sp
      000267 22               [24] 1599 	ret
                                   1600 ;------------------------------------------------------------
                                   1601 ;Allocation info for local variables in function 'rime_output'
                                   1602 ;------------------------------------------------------------
                                   1603 ;c                         Allocated to registers r5 r6 r7 
                                   1604 ;------------------------------------------------------------
                                   1605 ;	/home/user/contiki/core/net/rime/rime.c:177: rime_output(struct channel *c)
                                   1606 ;	-----------------------------------------
                                   1607 ;	 function rime_output
                                   1608 ;	-----------------------------------------
      000268                       1609 _rime_output:
                                   1610 ;	/home/user/contiki/core/net/rime/rime.c:180: if(chameleon_create(c)) {
      000268 AD 82            [24] 1611 	mov	r5,dpl
      00026A AE 83            [24] 1612 	mov	r6,dph
      00026C AF F0            [24] 1613 	mov	r7,b
      00026E C0 07            [24] 1614 	push	ar7
      000270 C0 06            [24] 1615 	push	ar6
      000272 C0 05            [24] 1616 	push	ar5
      000274 12r00r00         [24] 1617 	lcall	_chameleon_create
      000277 E5 82            [12] 1618 	mov	a,dpl
      000279 85 83 F0         [24] 1619 	mov	b,dph
      00027C D0 05            [24] 1620 	pop	ar5
      00027E D0 06            [24] 1621 	pop	ar6
      000280 D0 07            [24] 1622 	pop	ar7
      000282 45 F0            [12] 1623 	orl	a,b
      000284 60 3E            [24] 1624 	jz	00102$
                                   1625 ;	/home/user/contiki/core/net/rime/rime.c:181: packetbuf_compact();
      000286 C0 07            [24] 1626 	push	ar7
      000288 C0 06            [24] 1627 	push	ar6
      00028A C0 05            [24] 1628 	push	ar5
      00028C 12r00r00         [24] 1629 	lcall	_packetbuf_compact
      00028F D0 05            [24] 1630 	pop	ar5
      000291 D0 06            [24] 1631 	pop	ar6
      000293 D0 07            [24] 1632 	pop	ar7
                                   1633 ;	/home/user/contiki/core/net/rime/rime.c:183: NETSTACK_MAC.send(packet_sent, c);
      000295 90r00r05         [24] 1634 	mov	dptr,#(_csma_driver + 0x0005)
      000298 E4               [12] 1635 	clr	a
      000299 93               [24] 1636 	movc	a,@a+dptr
      00029A FB               [12] 1637 	mov	r3,a
      00029B A3               [24] 1638 	inc	dptr
      00029C E4               [12] 1639 	clr	a
      00029D 93               [24] 1640 	movc	a,@a+dptr
      00029E FC               [12] 1641 	mov	r4,a
      00029F C0 04            [24] 1642 	push	ar4
      0002A1 C0 03            [24] 1643 	push	ar3
      0002A3 C0 05            [24] 1644 	push	ar5
      0002A5 C0 06            [24] 1645 	push	ar6
      0002A7 C0 07            [24] 1646 	push	ar7
      0002A9 12r02rAE         [24] 1647 	lcall	00109$
      0002AC 80 08            [24] 1648 	sjmp	00110$
      0002AE                       1649 00109$:
      0002AE C0 03            [24] 1650 	push	ar3
      0002B0 C0 04            [24] 1651 	push	ar4
      0002B2 90r01r5F         [24] 1652 	mov	dptr,#_packet_sent
      0002B5 22               [24] 1653 	ret
      0002B6                       1654 00110$:
      0002B6 15 81            [12] 1655 	dec	sp
      0002B8 15 81            [12] 1656 	dec	sp
      0002BA 15 81            [12] 1657 	dec	sp
      0002BC D0 03            [24] 1658 	pop	ar3
      0002BE D0 04            [24] 1659 	pop	ar4
                                   1660 ;	/home/user/contiki/core/net/rime/rime.c:184: return 1;
      0002C0 90 00 01         [24] 1661 	mov	dptr,#0x0001
      0002C3 22               [24] 1662 	ret
      0002C4                       1663 00102$:
                                   1664 ;	/home/user/contiki/core/net/rime/rime.c:186: return 0;
      0002C4 90 00 00         [24] 1665 	mov	dptr,#0x0000
      0002C7 22               [24] 1666 	ret
                                   1667 	.area CSEG    (CODE)
                                   1668 	.area CONST   (CODE)
      000000                       1669 _rime_driver:
      000000r07s00 80              1670 	.byte _str_0,(_str_0 >> 8),#0x80
      000003r31s01                 1671 	.byte _init,(_init >> 8)
      000005r4Es00                 1672 	.byte _input,(_input >> 8)
      000007                       1673 _str_0:
      000007 52 69 6D 65           1674 	.ascii "Rime"
      00000B 00                    1675 	.db 0x00
                                   1676 	.area XINIT   (CODE)
      000000                       1677 __xinit__sniffers_list:
                                   1678 ; generic printIvalPtr
      000000 00 00 00              1679 	.byte #0x00,#0x00,#0x00
      000003                       1680 __xinit__sniffers:
      000003r00s00 00              1681 	.byte _sniffers_list,(_sniffers_list >> 8),#0x00
                                   1682 	.area CABS    (ABS,CODE)
