                                      1 ;--------------------------------------------------------
                                      2 ; File Created by SDCC : free open source ANSI-C Compiler
                                      3 ; Version 3.3.1 #8804 (Aug  6 2013) (Linux)
                                      4 ; This file was generated Tue Feb 10 06:19:31 2015
                                      5 ;--------------------------------------------------------
                                      6 	.module trickle
                                      7 	.optsdcc -mmcs51 --model-large
                                      8 	
                                      9 ;--------------------------------------------------------
                                     10 ; Public variables in this module
                                     11 ;--------------------------------------------------------
                                     12 	.globl _random_rand
                                     13 	.globl _queuebuf_free
                                     14 	.globl _queuebuf_to_packetbuf
                                     15 	.globl _queuebuf_new_from_packetbuf
                                     16 	.globl _broadcast_send
                                     17 	.globl _broadcast_close
                                     18 	.globl _broadcast_open
                                     19 	.globl _channel_set_attributes
                                     20 	.globl _packetbuf_attr
                                     21 	.globl _packetbuf_set_attr
                                     22 	.globl _ctimer_stop
                                     23 	.globl _ctimer_set
                                     24 	.globl _trickle_open
                                     25 	.globl _trickle_close
                                     26 	.globl _trickle_send
                                     27 ;--------------------------------------------------------
                                     28 ; special function registers
                                     29 ;--------------------------------------------------------
                                     30 	.area RSEG    (ABS,DATA)
      000000                         31 	.org 0x0000
                                     32 ;--------------------------------------------------------
                                     33 ; special function bits
                                     34 ;--------------------------------------------------------
                                     35 	.area RSEG    (ABS,DATA)
      000000                         36 	.org 0x0000
                                     37 ;--------------------------------------------------------
                                     38 ; overlayable register banks
                                     39 ;--------------------------------------------------------
                                     40 	.area REG_BANK_0	(REL,OVR,DATA)
      000000                         41 	.ds 8
                                     42 ;--------------------------------------------------------
                                     43 ; internal ram data
                                     44 ;--------------------------------------------------------
                                     45 	.area DSEG    (DATA)
                                     46 ;--------------------------------------------------------
                                     47 ; overlayable items in internal ram 
                                     48 ;--------------------------------------------------------
                                     49 ;--------------------------------------------------------
                                     50 ; indirectly addressable internal ram data
                                     51 ;--------------------------------------------------------
                                     52 	.area ISEG    (DATA)
                                     53 ;--------------------------------------------------------
                                     54 ; absolute internal ram data
                                     55 ;--------------------------------------------------------
                                     56 	.area IABS    (ABS,DATA)
                                     57 	.area IABS    (ABS,DATA)
                                     58 ;--------------------------------------------------------
                                     59 ; bit data
                                     60 ;--------------------------------------------------------
                                     61 	.area BSEG    (BIT)
                                     62 ;--------------------------------------------------------
                                     63 ; paged external ram data
                                     64 ;--------------------------------------------------------
                                     65 	.area PSEG    (PAG,XDATA)
                                     66 ;--------------------------------------------------------
                                     67 ; external ram data
                                     68 ;--------------------------------------------------------
                                     69 	.area XSEG    (XDATA)
                                     70 ;--------------------------------------------------------
                                     71 ; absolute external ram data
                                     72 ;--------------------------------------------------------
                                     73 	.area XABS    (ABS,XDATA)
                                     74 ;--------------------------------------------------------
                                     75 ; external initialized ram data
                                     76 ;--------------------------------------------------------
                                     77 	.area XISEG   (XDATA)
                                     78 	.area HOME    (CODE)
                                     79 	.area GSINIT0 (CODE)
                                     80 	.area GSINIT1 (CODE)
                                     81 	.area GSINIT2 (CODE)
                                     82 	.area GSINIT3 (CODE)
                                     83 	.area GSINIT4 (CODE)
                                     84 	.area GSINIT5 (CODE)
                                     85 	.area GSINIT  (CODE)
                                     86 	.area GSFINAL (CODE)
                                     87 	.area CSEG    (CODE)
                                     88 ;--------------------------------------------------------
                                     89 ; global & static initialisations
                                     90 ;--------------------------------------------------------
                                     91 	.area HOME    (CODE)
                                     92 	.area GSINIT  (CODE)
                                     93 	.area GSFINAL (CODE)
                                     94 	.area GSINIT  (CODE)
                                     95 ;--------------------------------------------------------
                                     96 ; Home
                                     97 ;--------------------------------------------------------
                                     98 	.area HOME    (CODE)
                                     99 	.area HOME    (CODE)
                                    100 ;--------------------------------------------------------
                                    101 ; code
                                    102 ;--------------------------------------------------------
                                    103 	.area CSEG    (CODE)
                                    104 ;------------------------------------------------------------
                                    105 ;Allocation info for local variables in function 'send'
                                    106 ;------------------------------------------------------------
                                    107 ;ptr                       Allocated to registers r5 r6 r7 
                                    108 ;c                         Allocated to registers r5 r6 r7 
                                    109 ;------------------------------------------------------------
                                    110 ;	/home/user/contiki/core/net/rime/trickle.c:76: send(void *ptr)
                                    111 ;	-----------------------------------------
                                    112 ;	 function send
                                    113 ;	-----------------------------------------
      000000                        114 _send:
                           000007   115 	ar7 = 0x07
                           000006   116 	ar6 = 0x06
                           000005   117 	ar5 = 0x05
                           000004   118 	ar4 = 0x04
                           000003   119 	ar3 = 0x03
                           000002   120 	ar2 = 0x02
                           000001   121 	ar1 = 0x01
                           000000   122 	ar0 = 0x00
      000000 AD 82            [24]  123 	mov	r5,dpl
      000002 AE 83            [24]  124 	mov	r6,dph
      000004 AF F0            [24]  125 	mov	r7,b
                                    126 ;	/home/user/contiki/core/net/rime/trickle.c:78: struct trickle_conn *c = ptr;
                                    127 ;	/home/user/contiki/core/net/rime/trickle.c:80: if(c->q != NULL) {
      000006 74 53            [12]  128 	mov	a,#0x53
      000008 2D               [12]  129 	add	a,r5
      000009 FA               [12]  130 	mov	r2,a
      00000A E4               [12]  131 	clr	a
      00000B 3E               [12]  132 	addc	a,r6
      00000C FB               [12]  133 	mov	r3,a
      00000D 8F 04            [24]  134 	mov	ar4,r7
      00000F 8A 82            [24]  135 	mov	dpl,r2
      000011 8B 83            [24]  136 	mov	dph,r3
      000013 8C F0            [24]  137 	mov	b,r4
      000015 12r00r00         [24]  138 	lcall	__gptrget
      000018 FA               [12]  139 	mov	r2,a
      000019 A3               [24]  140 	inc	dptr
      00001A 12r00r00         [24]  141 	lcall	__gptrget
      00001D FB               [12]  142 	mov	r3,a
      00001E A3               [24]  143 	inc	dptr
      00001F 12r00r00         [24]  144 	lcall	__gptrget
      000022 FC               [12]  145 	mov	r4,a
      000023 EA               [12]  146 	mov	a,r2
      000024 4B               [12]  147 	orl	a,r3
      000025 60 1E            [24]  148 	jz	00103$
                                    149 ;	/home/user/contiki/core/net/rime/trickle.c:81: queuebuf_to_packetbuf(c->q);
      000027 8A 82            [24]  150 	mov	dpl,r2
      000029 8B 83            [24]  151 	mov	dph,r3
      00002B 8C F0            [24]  152 	mov	b,r4
      00002D C0 07            [24]  153 	push	ar7
      00002F C0 06            [24]  154 	push	ar6
      000031 C0 05            [24]  155 	push	ar5
      000033 12r00r00         [24]  156 	lcall	_queuebuf_to_packetbuf
      000036 D0 05            [24]  157 	pop	ar5
      000038 D0 06            [24]  158 	pop	ar6
      00003A D0 07            [24]  159 	pop	ar7
                                    160 ;	/home/user/contiki/core/net/rime/trickle.c:82: broadcast_send(&c->c);
      00003C 8D 82            [24]  161 	mov	dpl,r5
      00003E 8E 83            [24]  162 	mov	dph,r6
      000040 8F F0            [24]  163 	mov	b,r7
      000042 02r00r00         [24]  164 	ljmp	_broadcast_send
      000045                        165 00103$:
      000045 22               [24]  166 	ret
                                    167 ;------------------------------------------------------------
                                    168 ;Allocation info for local variables in function 'timer_callback'
                                    169 ;------------------------------------------------------------
                                    170 ;ptr                       Allocated to registers r5 r6 r7 
                                    171 ;c                         Allocated to registers r5 r6 r7 
                                    172 ;------------------------------------------------------------
                                    173 ;	/home/user/contiki/core/net/rime/trickle.c:90: timer_callback(void *ptr)
                                    174 ;	-----------------------------------------
                                    175 ;	 function timer_callback
                                    176 ;	-----------------------------------------
      000046                        177 _timer_callback:
                                    178 ;	/home/user/contiki/core/net/rime/trickle.c:92: struct trickle_conn *c = ptr;
                                    179 ;	/home/user/contiki/core/net/rime/trickle.c:93: run_trickle(c);
      000046 02r00rA7         [24]  180 	ljmp	_run_trickle
                                    181 ;------------------------------------------------------------
                                    182 ;Allocation info for local variables in function 'reset_interval'
                                    183 ;------------------------------------------------------------
                                    184 ;c                         Allocated to registers r5 r6 r7 
                                    185 ;------------------------------------------------------------
                                    186 ;	/home/user/contiki/core/net/rime/trickle.c:97: reset_interval(struct trickle_conn *c)
                                    187 ;	-----------------------------------------
                                    188 ;	 function reset_interval
                                    189 ;	-----------------------------------------
      000049                        190 _reset_interval:
      000049 AD 82            [24]  191 	mov	r5,dpl
      00004B AE 83            [24]  192 	mov	r6,dph
      00004D AF F0            [24]  193 	mov	r7,b
                                    194 ;	/home/user/contiki/core/net/rime/trickle.c:99: PT_INIT(&c->pt);
      00004F 74 51            [12]  195 	mov	a,#0x51
      000051 2D               [12]  196 	add	a,r5
      000052 FA               [12]  197 	mov	r2,a
      000053 E4               [12]  198 	clr	a
      000054 3E               [12]  199 	addc	a,r6
      000055 FB               [12]  200 	mov	r3,a
      000056 8F 04            [24]  201 	mov	ar4,r7
      000058 8A 82            [24]  202 	mov	dpl,r2
      00005A 8B 83            [24]  203 	mov	dph,r3
      00005C 8C F0            [24]  204 	mov	b,r4
      00005E E4               [12]  205 	clr	a
      00005F 12r00r00         [24]  206 	lcall	__gptrput
      000062 A3               [24]  207 	inc	dptr
      000063 E4               [12]  208 	clr	a
      000064 12r00r00         [24]  209 	lcall	__gptrput
                                    210 ;	/home/user/contiki/core/net/rime/trickle.c:100: run_trickle(c);
      000067 8D 82            [24]  211 	mov	dpl,r5
      000069 8E 83            [24]  212 	mov	dph,r6
      00006B 8F F0            [24]  213 	mov	b,r7
      00006D 02r00rA7         [24]  214 	ljmp	_run_trickle
                                    215 ;------------------------------------------------------------
                                    216 ;Allocation info for local variables in function 'set_timer'
                                    217 ;------------------------------------------------------------
                                    218 ;t                         Allocated to stack - sp -4
                                    219 ;i                         Allocated to stack - sp -6
                                    220 ;c                         Allocated to registers r5 r6 r7 
                                    221 ;------------------------------------------------------------
                                    222 ;	/home/user/contiki/core/net/rime/trickle.c:104: set_timer(struct trickle_conn *c, struct ctimer *t, clock_time_t i)
                                    223 ;	-----------------------------------------
                                    224 ;	 function set_timer
                                    225 ;	-----------------------------------------
      000070                        226 _set_timer:
      000070 AD 82            [24]  227 	mov	r5,dpl
      000072 AE 83            [24]  228 	mov	r6,dph
      000074 AF F0            [24]  229 	mov	r7,b
                                    230 ;	/home/user/contiki/core/net/rime/trickle.c:106: ctimer_set(t, i, timer_callback, c);
      000076 C0 05            [24]  231 	push	ar5
      000078 C0 06            [24]  232 	push	ar6
      00007A C0 07            [24]  233 	push	ar7
      00007C 74r46            [12]  234 	mov	a,#_timer_callback
      00007E C0 E0            [24]  235 	push	acc
      000080 74s00            [12]  236 	mov	a,#(_timer_callback >> 8)
      000082 C0 E0            [24]  237 	push	acc
      000084 E5 81            [12]  238 	mov	a,sp
      000086 24 F5            [12]  239 	add	a,#0xf5
      000088 F8               [12]  240 	mov	r0,a
      000089 E6               [12]  241 	mov	a,@r0
      00008A C0 E0            [24]  242 	push	acc
      00008C 08               [12]  243 	inc	r0
      00008D E6               [12]  244 	mov	a,@r0
      00008E C0 E0            [24]  245 	push	acc
      000090 E5 81            [12]  246 	mov	a,sp
      000092 24 F5            [12]  247 	add	a,#0xf5
      000094 F8               [12]  248 	mov	r0,a
      000095 86 82            [24]  249 	mov	dpl,@r0
      000097 08               [12]  250 	inc	r0
      000098 86 83            [24]  251 	mov	dph,@r0
      00009A 08               [12]  252 	inc	r0
      00009B 86 F0            [24]  253 	mov	b,@r0
      00009D 12r00r00         [24]  254 	lcall	_ctimer_set
      0000A0 E5 81            [12]  255 	mov	a,sp
      0000A2 24 F9            [12]  256 	add	a,#0xf9
      0000A4 F5 81            [12]  257 	mov	sp,a
      0000A6 22               [24]  258 	ret
                                    259 ;------------------------------------------------------------
                                    260 ;Allocation info for local variables in function 'run_trickle'
                                    261 ;------------------------------------------------------------
                                    262 ;c                         Allocated to stack - sp -3
                                    263 ;interval                  Allocated to registers r4 r3 
                                    264 ;PT_YIELD_FLAG             Allocated to stack - sp +0
                                    265 ;sloc0                     Allocated to stack - sp +3
                                    266 ;sloc1                     Allocated to stack - sp +5
                                    267 ;------------------------------------------------------------
                                    268 ;	/home/user/contiki/core/net/rime/trickle.c:110: run_trickle(struct trickle_conn *c)
                                    269 ;	-----------------------------------------
                                    270 ;	 function run_trickle
                                    271 ;	-----------------------------------------
      0000A7                        272 _run_trickle:
      0000A7 C0 82            [24]  273 	push	dpl
      0000A9 C0 83            [24]  274 	push	dph
      0000AB C0 F0            [24]  275 	push	b
      0000AD 05 81            [12]  276 	inc	sp
                                    277 ;	/home/user/contiki/core/net/rime/trickle.c:113: PT_BEGIN(&c->pt);
      0000AF A8 81            [24]  278 	mov	r0,sp
      0000B1 76 01            [12]  279 	mov	@r0,#0x01
      0000B3 E5 81            [12]  280 	mov	a,sp
      0000B5 24 FD            [12]  281 	add	a,#0xfd
      0000B7 F8               [12]  282 	mov	r0,a
      0000B8 74 51            [12]  283 	mov	a,#0x51
      0000BA 26               [12]  284 	add	a,@r0
      0000BB FA               [12]  285 	mov	r2,a
      0000BC E4               [12]  286 	clr	a
      0000BD 08               [12]  287 	inc	r0
      0000BE 36               [12]  288 	addc	a,@r0
      0000BF FB               [12]  289 	mov	r3,a
      0000C0 08               [12]  290 	inc	r0
      0000C1 86 04            [24]  291 	mov	ar4,@r0
      0000C3 8A 82            [24]  292 	mov	dpl,r2
      0000C5 8B 83            [24]  293 	mov	dph,r3
      0000C7 8C F0            [24]  294 	mov	b,r4
      0000C9 12r00r00         [24]  295 	lcall	__gptrget
      0000CC FF               [12]  296 	mov	r7,a
      0000CD A3               [24]  297 	inc	dptr
      0000CE 12r00r00         [24]  298 	lcall	__gptrget
      0000D1 FE               [12]  299 	mov	r6,a
      0000D2 BF 00 05         [24]  300 	cjne	r7,#0x00,00148$
      0000D5 BE 00 02         [24]  301 	cjne	r6,#0x00,00148$
      0000D8 80 15            [24]  302 	sjmp	00119$
      0000DA                        303 00148$:
      0000DA BF 79 06         [24]  304 	cjne	r7,#0x79,00149$
      0000DD BE 00 03         [24]  305 	cjne	r6,#0x00,00149$
      0000E0 02r02r1A         [24]  306 	ljmp	00102$
      0000E3                        307 00149$:
      0000E3 BF 7D 06         [24]  308 	cjne	r7,#0x7D,00150$
      0000E6 BE 00 03         [24]  309 	cjne	r6,#0x00,00150$
      0000E9 02r02r7E         [24]  310 	ljmp	00110$
      0000EC                        311 00150$:
      0000EC 02r02rB8         [24]  312 	ljmp	00121$
                                    313 ;	/home/user/contiki/core/net/rime/trickle.c:115: while(1) {
      0000EF                        314 00119$:
                                    315 ;	/home/user/contiki/core/net/rime/trickle.c:116: interval = c->interval << c->interval_scaling;
      0000EF E5 81            [12]  316 	mov	a,sp
      0000F1 24 FD            [12]  317 	add	a,#0xfd
      0000F3 F8               [12]  318 	mov	r0,a
      0000F4 74 56            [12]  319 	mov	a,#0x56
      0000F6 26               [12]  320 	add	a,@r0
      0000F7 FD               [12]  321 	mov	r5,a
      0000F8 E4               [12]  322 	clr	a
      0000F9 08               [12]  323 	inc	r0
      0000FA 36               [12]  324 	addc	a,@r0
      0000FB FE               [12]  325 	mov	r6,a
      0000FC 08               [12]  326 	inc	r0
      0000FD 86 07            [24]  327 	mov	ar7,@r0
      0000FF 8D 82            [24]  328 	mov	dpl,r5
      000101 8E 83            [24]  329 	mov	dph,r6
      000103 8F F0            [24]  330 	mov	b,r7
      000105 12r00r00         [24]  331 	lcall	__gptrget
      000108 FC               [12]  332 	mov	r4,a
      000109 A3               [24]  333 	inc	dptr
      00010A 12r00r00         [24]  334 	lcall	__gptrget
      00010D FB               [12]  335 	mov	r3,a
      00010E E5 81            [12]  336 	mov	a,sp
      000110 24 FD            [12]  337 	add	a,#0xfd
      000112 F8               [12]  338 	mov	r0,a
      000113 74 59            [12]  339 	mov	a,#0x59
      000115 26               [12]  340 	add	a,@r0
      000116 FD               [12]  341 	mov	r5,a
      000117 E4               [12]  342 	clr	a
      000118 08               [12]  343 	inc	r0
      000119 36               [12]  344 	addc	a,@r0
      00011A FE               [12]  345 	mov	r6,a
      00011B 08               [12]  346 	inc	r0
      00011C 86 07            [24]  347 	mov	ar7,@r0
      00011E 8D 82            [24]  348 	mov	dpl,r5
      000120 8E 83            [24]  349 	mov	dph,r6
      000122 8F F0            [24]  350 	mov	b,r7
      000124 12r00r00         [24]  351 	lcall	__gptrget
      000127 FD               [12]  352 	mov	r5,a
      000128 8D F0            [24]  353 	mov	b,r5
      00012A 05 F0            [12]  354 	inc	b
      00012C AD 04            [24]  355 	mov	r5,ar4
      00012E AF 03            [24]  356 	mov	r7,ar3
      000130 80 06            [24]  357 	sjmp	00152$
      000132                        358 00151$:
      000132 ED               [12]  359 	mov	a,r5
      000133 2D               [12]  360 	add	a,r5
      000134 FD               [12]  361 	mov	r5,a
      000135 EF               [12]  362 	mov	a,r7
      000136 33               [12]  363 	rlc	a
      000137 FF               [12]  364 	mov	r7,a
      000138                        365 00152$:
      000138 D5 F0 F7         [24]  366 	djnz	b,00151$
      00013B 8D 04            [24]  367 	mov	ar4,r5
      00013D 8F 03            [24]  368 	mov	ar3,r7
                                    369 ;	/home/user/contiki/core/net/rime/trickle.c:117: set_timer(c, &c->interval_timer, interval);
      00013F E5 81            [12]  370 	mov	a,sp
      000141 24 FD            [12]  371 	add	a,#0xfd
      000143 F8               [12]  372 	mov	r0,a
      000144 74 27            [12]  373 	mov	a,#0x27
      000146 26               [12]  374 	add	a,@r0
      000147 FD               [12]  375 	mov	r5,a
      000148 E4               [12]  376 	clr	a
      000149 08               [12]  377 	inc	r0
      00014A 36               [12]  378 	addc	a,@r0
      00014B FE               [12]  379 	mov	r6,a
      00014C 08               [12]  380 	inc	r0
      00014D 86 07            [24]  381 	mov	ar7,@r0
      00014F C0 04            [24]  382 	push	ar4
      000151 C0 03            [24]  383 	push	ar3
      000153 C0 04            [24]  384 	push	ar4
      000155 C0 03            [24]  385 	push	ar3
      000157 C0 05            [24]  386 	push	ar5
      000159 C0 06            [24]  387 	push	ar6
      00015B C0 07            [24]  388 	push	ar7
      00015D E5 81            [12]  389 	mov	a,sp
      00015F 24 F6            [12]  390 	add	a,#0xf6
      000161 F8               [12]  391 	mov	r0,a
      000162 86 82            [24]  392 	mov	dpl,@r0
      000164 08               [12]  393 	inc	r0
      000165 86 83            [24]  394 	mov	dph,@r0
      000167 08               [12]  395 	inc	r0
      000168 86 F0            [24]  396 	mov	b,@r0
      00016A 12r00r70         [24]  397 	lcall	_set_timer
      00016D E5 81            [12]  398 	mov	a,sp
      00016F 24 FB            [12]  399 	add	a,#0xfb
      000171 F5 81            [12]  400 	mov	sp,a
      000173 D0 03            [24]  401 	pop	ar3
      000175 D0 04            [24]  402 	pop	ar4
                                    403 ;	/home/user/contiki/core/net/rime/trickle.c:118: set_timer(c, &c->t, interval / 2 + (random_rand() % (interval / 2)));
      000177 EB               [12]  404 	mov	a,r3
      000178 C3               [12]  405 	clr	c
      000179 13               [12]  406 	rrc	a
      00017A CC               [12]  407 	xch	a,r4
      00017B 13               [12]  408 	rrc	a
      00017C CC               [12]  409 	xch	a,r4
      00017D FB               [12]  410 	mov	r3,a
      00017E C0 04            [24]  411 	push	ar4
      000180 C0 03            [24]  412 	push	ar3
      000182 12r00r00         [24]  413 	lcall	_random_rand
      000185 AD 82            [24]  414 	mov	r5,dpl
      000187 AF 83            [24]  415 	mov	r7,dph
      000189 D0 03            [24]  416 	pop	ar3
      00018B D0 04            [24]  417 	pop	ar4
      00018D C0 04            [24]  418 	push	ar4
      00018F C0 03            [24]  419 	push	ar3
      000191 C0 04            [24]  420 	push	ar4
      000193 C0 03            [24]  421 	push	ar3
      000195 8D 82            [24]  422 	mov	dpl,r5
      000197 8F 83            [24]  423 	mov	dph,r7
      000199 12r00r00         [24]  424 	lcall	__moduint
      00019C AE 82            [24]  425 	mov	r6,dpl
      00019E AF 83            [24]  426 	mov	r7,dph
      0001A0 15 81            [12]  427 	dec	sp
      0001A2 15 81            [12]  428 	dec	sp
      0001A4 D0 03            [24]  429 	pop	ar3
      0001A6 D0 04            [24]  430 	pop	ar4
      0001A8 EE               [12]  431 	mov	a,r6
      0001A9 2C               [12]  432 	add	a,r4
      0001AA FC               [12]  433 	mov	r4,a
      0001AB EF               [12]  434 	mov	a,r7
      0001AC 3B               [12]  435 	addc	a,r3
      0001AD FB               [12]  436 	mov	r3,a
      0001AE E5 81            [12]  437 	mov	a,sp
      0001B0 24 FD            [12]  438 	add	a,#0xfd
      0001B2 F8               [12]  439 	mov	r0,a
      0001B3 74 12            [12]  440 	mov	a,#0x12
      0001B5 26               [12]  441 	add	a,@r0
      0001B6 FD               [12]  442 	mov	r5,a
      0001B7 E4               [12]  443 	clr	a
      0001B8 08               [12]  444 	inc	r0
      0001B9 36               [12]  445 	addc	a,@r0
      0001BA FE               [12]  446 	mov	r6,a
      0001BB 08               [12]  447 	inc	r0
      0001BC 86 07            [24]  448 	mov	ar7,@r0
      0001BE C0 04            [24]  449 	push	ar4
      0001C0 C0 03            [24]  450 	push	ar3
      0001C2 C0 05            [24]  451 	push	ar5
      0001C4 C0 06            [24]  452 	push	ar6
      0001C6 C0 07            [24]  453 	push	ar7
      0001C8 E5 81            [12]  454 	mov	a,sp
      0001CA 24 F8            [12]  455 	add	a,#0xf8
      0001CC F8               [12]  456 	mov	r0,a
      0001CD 86 82            [24]  457 	mov	dpl,@r0
      0001CF 08               [12]  458 	inc	r0
      0001D0 86 83            [24]  459 	mov	dph,@r0
      0001D2 08               [12]  460 	inc	r0
      0001D3 86 F0            [24]  461 	mov	b,@r0
      0001D5 12r00r70         [24]  462 	lcall	_set_timer
      0001D8 E5 81            [12]  463 	mov	a,sp
      0001DA 24 FB            [12]  464 	add	a,#0xfb
                                    465 ;	/home/user/contiki/core/net/rime/trickle.c:120: c->duplicates = 0;
      0001DC F5 81            [12]  466 	mov	sp,a
      0001DE 24 FD            [12]  467 	add	a,#0xfd
      0001E0 F8               [12]  468 	mov	r0,a
      0001E1 74 5A            [12]  469 	mov	a,#0x5A
      0001E3 26               [12]  470 	add	a,@r0
      0001E4 FD               [12]  471 	mov	r5,a
      0001E5 E4               [12]  472 	clr	a
      0001E6 08               [12]  473 	inc	r0
      0001E7 36               [12]  474 	addc	a,@r0
      0001E8 FE               [12]  475 	mov	r6,a
      0001E9 08               [12]  476 	inc	r0
      0001EA 86 07            [24]  477 	mov	ar7,@r0
      0001EC 8D 82            [24]  478 	mov	dpl,r5
      0001EE 8E 83            [24]  479 	mov	dph,r6
      0001F0 8F F0            [24]  480 	mov	b,r7
      0001F2 E4               [12]  481 	clr	a
      0001F3 12r00r00         [24]  482 	lcall	__gptrput
                                    483 ;	/home/user/contiki/core/net/rime/trickle.c:121: PT_YIELD(&c->pt); /* Wait until listen timeout */
      0001F6 A8 81            [24]  484 	mov	r0,sp
      0001F8 76 00            [12]  485 	mov	@r0,#0x00
      0001FA E5 81            [12]  486 	mov	a,sp
      0001FC 24 FD            [12]  487 	add	a,#0xfd
      0001FE F8               [12]  488 	mov	r0,a
      0001FF 74 51            [12]  489 	mov	a,#0x51
      000201 26               [12]  490 	add	a,@r0
      000202 FD               [12]  491 	mov	r5,a
      000203 E4               [12]  492 	clr	a
      000204 08               [12]  493 	inc	r0
      000205 36               [12]  494 	addc	a,@r0
      000206 FE               [12]  495 	mov	r6,a
      000207 08               [12]  496 	inc	r0
      000208 86 07            [24]  497 	mov	ar7,@r0
      00020A 8D 82            [24]  498 	mov	dpl,r5
      00020C 8E 83            [24]  499 	mov	dph,r6
      00020E 8F F0            [24]  500 	mov	b,r7
      000210 74 79            [12]  501 	mov	a,#0x79
      000212 12r00r00         [24]  502 	lcall	__gptrput
      000215 A3               [24]  503 	inc	dptr
      000216 E4               [12]  504 	clr	a
      000217 12r00r00         [24]  505 	lcall	__gptrput
      00021A                        506 00102$:
      00021A A8 81            [24]  507 	mov	r0,sp
      00021C E6               [12]  508 	mov	a,@r0
      00021D 70 06            [24]  509 	jnz	00106$
      00021F 90 00 01         [24]  510 	mov	dptr,#0x0001
      000222 02r02rCA         [24]  511 	ljmp	00122$
      000225                        512 00106$:
                                    513 ;	/home/user/contiki/core/net/rime/trickle.c:122: if(c->duplicates < DUPLICATE_THRESHOLD) {
      000225 E5 81            [12]  514 	mov	a,sp
      000227 24 FD            [12]  515 	add	a,#0xfd
      000229 F8               [12]  516 	mov	r0,a
      00022A 74 5A            [12]  517 	mov	a,#0x5A
      00022C 26               [12]  518 	add	a,@r0
      00022D FD               [12]  519 	mov	r5,a
      00022E E4               [12]  520 	clr	a
      00022F 08               [12]  521 	inc	r0
      000230 36               [12]  522 	addc	a,@r0
      000231 FE               [12]  523 	mov	r6,a
      000232 08               [12]  524 	inc	r0
      000233 86 07            [24]  525 	mov	ar7,@r0
      000235 8D 82            [24]  526 	mov	dpl,r5
      000237 8E 83            [24]  527 	mov	dph,r6
      000239 8F F0            [24]  528 	mov	b,r7
      00023B 12r00r00         [24]  529 	lcall	__gptrget
      00023E FD               [12]  530 	mov	r5,a
      00023F BD 01 00         [24]  531 	cjne	r5,#0x01,00154$
      000242                        532 00154$:
      000242 50 16            [24]  533 	jnc	00113$
                                    534 ;	/home/user/contiki/core/net/rime/trickle.c:123: send(c);
      000244 E5 81            [12]  535 	mov	a,sp
      000246 24 FD            [12]  536 	add	a,#0xfd
      000248 F8               [12]  537 	mov	r0,a
      000249 86 05            [24]  538 	mov	ar5,@r0
      00024B 08               [12]  539 	inc	r0
      00024C 86 06            [24]  540 	mov	ar6,@r0
      00024E 08               [12]  541 	inc	r0
      00024F 86 07            [24]  542 	mov	ar7,@r0
      000251 8D 82            [24]  543 	mov	dpl,r5
      000253 8E 83            [24]  544 	mov	dph,r6
      000255 8F F0            [24]  545 	mov	b,r7
      000257 12r00r00         [24]  546 	lcall	_send
                                    547 ;	/home/user/contiki/core/net/rime/trickle.c:125: PT_YIELD(&c->pt); /* Wait until interval timer expired. */
      00025A                        548 00113$:
      00025A A8 81            [24]  549 	mov	r0,sp
      00025C 76 00            [12]  550 	mov	@r0,#0x00
      00025E E5 81            [12]  551 	mov	a,sp
      000260 24 FD            [12]  552 	add	a,#0xfd
      000262 F8               [12]  553 	mov	r0,a
      000263 74 51            [12]  554 	mov	a,#0x51
      000265 26               [12]  555 	add	a,@r0
      000266 FD               [12]  556 	mov	r5,a
      000267 E4               [12]  557 	clr	a
      000268 08               [12]  558 	inc	r0
      000269 36               [12]  559 	addc	a,@r0
      00026A FE               [12]  560 	mov	r6,a
      00026B 08               [12]  561 	inc	r0
      00026C 86 07            [24]  562 	mov	ar7,@r0
      00026E 8D 82            [24]  563 	mov	dpl,r5
      000270 8E 83            [24]  564 	mov	dph,r6
      000272 8F F0            [24]  565 	mov	b,r7
      000274 74 7D            [12]  566 	mov	a,#0x7D
      000276 12r00r00         [24]  567 	lcall	__gptrput
      000279 A3               [24]  568 	inc	dptr
      00027A E4               [12]  569 	clr	a
      00027B 12r00r00         [24]  570 	lcall	__gptrput
      00027E                        571 00110$:
      00027E A8 81            [24]  572 	mov	r0,sp
      000280 E6               [12]  573 	mov	a,@r0
      000281 70 05            [24]  574 	jnz	00114$
      000283 90 00 01         [24]  575 	mov	dptr,#0x0001
      000286 80 42            [24]  576 	sjmp	00122$
      000288                        577 00114$:
                                    578 ;	/home/user/contiki/core/net/rime/trickle.c:126: if(c->interval_scaling < INTERVAL_MAX) {
      000288 E5 81            [12]  579 	mov	a,sp
      00028A 24 FD            [12]  580 	add	a,#0xfd
      00028C F8               [12]  581 	mov	r0,a
      00028D 74 59            [12]  582 	mov	a,#0x59
      00028F 26               [12]  583 	add	a,@r0
      000290 FE               [12]  584 	mov	r6,a
      000291 E4               [12]  585 	clr	a
      000292 08               [12]  586 	inc	r0
      000293 36               [12]  587 	addc	a,@r0
      000294 FD               [12]  588 	mov	r5,a
      000295 08               [12]  589 	inc	r0
      000296 86 04            [24]  590 	mov	ar4,@r0
      000298 8E 82            [24]  591 	mov	dpl,r6
      00029A 8D 83            [24]  592 	mov	dph,r5
      00029C 8C F0            [24]  593 	mov	b,r4
      00029E 12r00r00         [24]  594 	lcall	__gptrget
      0002A1 FF               [12]  595 	mov	r7,a
      0002A2 BF 04 00         [24]  596 	cjne	r7,#0x04,00157$
      0002A5                        597 00157$:
      0002A5 40 03            [24]  598 	jc	00158$
      0002A7 02r00rEF         [24]  599 	ljmp	00119$
      0002AA                        600 00158$:
                                    601 ;	/home/user/contiki/core/net/rime/trickle.c:127: c->interval_scaling++;
      0002AA 0F               [12]  602 	inc	r7
      0002AB 8E 82            [24]  603 	mov	dpl,r6
      0002AD 8D 83            [24]  604 	mov	dph,r5
      0002AF 8C F0            [24]  605 	mov	b,r4
      0002B1 EF               [12]  606 	mov	a,r7
      0002B2 12r00r00         [24]  607 	lcall	__gptrput
      0002B5 02r00rEF         [24]  608 	ljmp	00119$
                                    609 ;	/home/user/contiki/core/net/rime/trickle.c:131: PT_END(&c->pt);
      0002B8                        610 00121$:
      0002B8 8A 82            [24]  611 	mov	dpl,r2
      0002BA 8B 83            [24]  612 	mov	dph,r3
      0002BC 8C F0            [24]  613 	mov	b,r4
      0002BE E4               [12]  614 	clr	a
      0002BF 12r00r00         [24]  615 	lcall	__gptrput
      0002C2 A3               [24]  616 	inc	dptr
      0002C3 E4               [12]  617 	clr	a
      0002C4 12r00r00         [24]  618 	lcall	__gptrput
      0002C7 90 00 03         [24]  619 	mov	dptr,#0x0003
      0002CA                        620 00122$:
      0002CA E5 81            [12]  621 	mov	a,sp
      0002CC 24 FC            [12]  622 	add	a,#0xFC
      0002CE F5 81            [12]  623 	mov	sp,a
      0002D0 22               [24]  624 	ret
                                    625 ;------------------------------------------------------------
                                    626 ;Allocation info for local variables in function 'recv'
                                    627 ;------------------------------------------------------------
                                    628 ;from                      Allocated to stack - sp -12
                                    629 ;bc                        Allocated to registers r5 r6 r7 
                                    630 ;c                         Allocated to stack - sp -4
                                    631 ;seqno                     Allocated to stack - sp -1
                                    632 ;sloc0                     Allocated to stack - sp +1
                                    633 ;sloc1                     Allocated to stack - sp -7
                                    634 ;------------------------------------------------------------
                                    635 ;	/home/user/contiki/core/net/rime/trickle.c:135: recv(struct broadcast_conn *bc, const rimeaddr_t *from)
                                    636 ;	-----------------------------------------
                                    637 ;	 function recv
                                    638 ;	-----------------------------------------
      0002D1                        639 _recv:
      0002D1 E5 81            [12]  640 	mov	a,sp
      0002D3 24 08            [12]  641 	add	a,#0x08
      0002D5 F5 81            [12]  642 	mov	sp,a
      0002D7 AD 82            [24]  643 	mov	r5,dpl
      0002D9 AE 83            [24]  644 	mov	r6,dph
      0002DB AF F0            [24]  645 	mov	r7,b
                                    646 ;	/home/user/contiki/core/net/rime/trickle.c:137: struct trickle_conn *c = (struct trickle_conn *)bc;
      0002DD E5 81            [12]  647 	mov	a,sp
      0002DF 24 FC            [12]  648 	add	a,#0xfc
      0002E1 F8               [12]  649 	mov	r0,a
      0002E2 A6 05            [24]  650 	mov	@r0,ar5
      0002E4 08               [12]  651 	inc	r0
      0002E5 A6 06            [24]  652 	mov	@r0,ar6
      0002E7 08               [12]  653 	inc	r0
      0002E8 A6 07            [24]  654 	mov	@r0,ar7
                                    655 ;	/home/user/contiki/core/net/rime/trickle.c:138: uint16_t seqno = packetbuf_attr(PACKETBUF_ATTR_EPACKET_ID);
      0002EA 75 82 15         [24]  656 	mov	dpl,#0x15
      0002ED 12r00r00         [24]  657 	lcall	_packetbuf_attr
      0002F0 AB 82            [24]  658 	mov	r3,dpl
      0002F2 AC 83            [24]  659 	mov	r4,dph
      0002F4 A8 81            [24]  660 	mov	r0,sp
      0002F6 18               [12]  661 	dec	r0
      0002F7 A6 03            [24]  662 	mov	@r0,ar3
      0002F9 08               [12]  663 	inc	r0
      0002FA A6 04            [24]  664 	mov	@r0,ar4
                                    665 ;	/home/user/contiki/core/net/rime/trickle.c:148: if(seqno == c->seqno) {
      0002FC E5 81            [12]  666 	mov	a,sp
      0002FE 24 FC            [12]  667 	add	a,#0xfc
      000300 F8               [12]  668 	mov	r0,a
      000301 74 58            [12]  669 	mov	a,#0x58
      000303 26               [12]  670 	add	a,@r0
      000304 FA               [12]  671 	mov	r2,a
      000305 E4               [12]  672 	clr	a
      000306 08               [12]  673 	inc	r0
      000307 36               [12]  674 	addc	a,@r0
      000308 FB               [12]  675 	mov	r3,a
      000309 08               [12]  676 	inc	r0
      00030A 86 04            [24]  677 	mov	ar4,@r0
      00030C 8A 82            [24]  678 	mov	dpl,r2
      00030E 8B 83            [24]  679 	mov	dph,r3
      000310 8C F0            [24]  680 	mov	b,r4
      000312 12r00r00         [24]  681 	lcall	__gptrget
      000315 FD               [12]  682 	mov	r5,a
      000316 FE               [12]  683 	mov	r6,a
      000317 7F 00            [12]  684 	mov	r7,#0x00
      000319 A8 81            [24]  685 	mov	r0,sp
      00031B 18               [12]  686 	dec	r0
      00031C E6               [12]  687 	mov	a,@r0
      00031D B5 06 07         [24]  688 	cjne	a,ar6,00120$
      000320 08               [12]  689 	inc	r0
      000321 E6               [12]  690 	mov	a,@r0
      000322 B5 07 02         [24]  691 	cjne	a,ar7,00120$
      000325 80 02            [24]  692 	sjmp	00121$
      000327                        693 00120$:
      000327 80 28            [24]  694 	sjmp	00107$
      000329                        695 00121$:
                                    696 ;	/home/user/contiki/core/net/rime/trickle.c:150: ++c->duplicates;
      000329 E5 81            [12]  697 	mov	a,sp
      00032B 24 FC            [12]  698 	add	a,#0xfc
      00032D F8               [12]  699 	mov	r0,a
      00032E 74 5A            [12]  700 	mov	a,#0x5A
      000330 26               [12]  701 	add	a,@r0
      000331 FE               [12]  702 	mov	r6,a
      000332 E4               [12]  703 	clr	a
      000333 08               [12]  704 	inc	r0
      000334 36               [12]  705 	addc	a,@r0
      000335 FD               [12]  706 	mov	r5,a
      000336 08               [12]  707 	inc	r0
      000337 86 04            [24]  708 	mov	ar4,@r0
      000339 8E 82            [24]  709 	mov	dpl,r6
      00033B 8D 83            [24]  710 	mov	dph,r5
      00033D 8C F0            [24]  711 	mov	b,r4
      00033F 12r00r00         [24]  712 	lcall	__gptrget
      000342 FF               [12]  713 	mov	r7,a
      000343 0F               [12]  714 	inc	r7
      000344 8E 82            [24]  715 	mov	dpl,r6
      000346 8D 83            [24]  716 	mov	dph,r5
      000348 8C F0            [24]  717 	mov	b,r4
      00034A EF               [12]  718 	mov	a,r7
      00034B 12r00r00         [24]  719 	lcall	__gptrput
      00034E 02r05r24         [24]  720 	ljmp	00109$
      000351                        721 00107$:
                                    722 ;	/home/user/contiki/core/net/rime/trickle.c:151: } else if(SEQNO_LT(seqno, c->seqno)) {
      000351 A8 81            [24]  723 	mov	r0,sp
      000353 18               [12]  724 	dec	r0
      000354 E6               [12]  725 	mov	a,@r0
      000355 FF               [12]  726 	mov	r7,a
      000356 C3               [12]  727 	clr	c
      000357 9D               [12]  728 	subb	a,r5
      000358 FE               [12]  729 	mov	r6,a
      000359 30 E7 33         [24]  730 	jnb	acc.7,00104$
                                    731 ;	/home/user/contiki/core/net/rime/trickle.c:152: c->interval_scaling = 0;
      00035C E5 81            [12]  732 	mov	a,sp
      00035E 24 FC            [12]  733 	add	a,#0xfc
      000360 F8               [12]  734 	mov	r0,a
      000361 74 59            [12]  735 	mov	a,#0x59
      000363 26               [12]  736 	add	a,@r0
      000364 FF               [12]  737 	mov	r7,a
      000365 E4               [12]  738 	clr	a
      000366 08               [12]  739 	inc	r0
      000367 36               [12]  740 	addc	a,@r0
      000368 FE               [12]  741 	mov	r6,a
      000369 08               [12]  742 	inc	r0
      00036A 86 05            [24]  743 	mov	ar5,@r0
      00036C 8F 82            [24]  744 	mov	dpl,r7
      00036E 8E 83            [24]  745 	mov	dph,r6
      000370 8D F0            [24]  746 	mov	b,r5
      000372 E4               [12]  747 	clr	a
      000373 12r00r00         [24]  748 	lcall	__gptrput
                                    749 ;	/home/user/contiki/core/net/rime/trickle.c:153: send(c);
      000376 E5 81            [12]  750 	mov	a,sp
      000378 24 FC            [12]  751 	add	a,#0xfc
      00037A F8               [12]  752 	mov	r0,a
      00037B 86 05            [24]  753 	mov	ar5,@r0
      00037D 08               [12]  754 	inc	r0
      00037E 86 06            [24]  755 	mov	ar6,@r0
      000380 08               [12]  756 	inc	r0
      000381 86 07            [24]  757 	mov	ar7,@r0
      000383 8D 82            [24]  758 	mov	dpl,r5
      000385 8E 83            [24]  759 	mov	dph,r6
      000387 8F F0            [24]  760 	mov	b,r7
      000389 12r00r00         [24]  761 	lcall	_send
      00038C 02r05r24         [24]  762 	ljmp	00109$
      00038F                        763 00104$:
                                    764 ;	/home/user/contiki/core/net/rime/trickle.c:158: c->seqno = seqno;
      00038F 8A 82            [24]  765 	mov	dpl,r2
      000391 8B 83            [24]  766 	mov	dph,r3
      000393 8C F0            [24]  767 	mov	b,r4
      000395 EF               [12]  768 	mov	a,r7
      000396 12r00r00         [24]  769 	lcall	__gptrput
                                    770 ;	/home/user/contiki/core/net/rime/trickle.c:160: if(c->q != NULL) {
      000399 E5 81            [12]  771 	mov	a,sp
      00039B 24 FC            [12]  772 	add	a,#0xfc
      00039D F8               [12]  773 	mov	r0,a
      00039E 74 53            [12]  774 	mov	a,#0x53
      0003A0 26               [12]  775 	add	a,@r0
      0003A1 FD               [12]  776 	mov	r5,a
      0003A2 E4               [12]  777 	clr	a
      0003A3 08               [12]  778 	inc	r0
      0003A4 36               [12]  779 	addc	a,@r0
      0003A5 FE               [12]  780 	mov	r6,a
      0003A6 08               [12]  781 	inc	r0
      0003A7 86 07            [24]  782 	mov	ar7,@r0
      0003A9 8D 82            [24]  783 	mov	dpl,r5
      0003AB 8E 83            [24]  784 	mov	dph,r6
      0003AD 8F F0            [24]  785 	mov	b,r7
      0003AF 12r00r00         [24]  786 	lcall	__gptrget
      0003B2 FA               [12]  787 	mov	r2,a
      0003B3 A3               [24]  788 	inc	dptr
      0003B4 12r00r00         [24]  789 	lcall	__gptrget
      0003B7 FB               [12]  790 	mov	r3,a
      0003B8 A3               [24]  791 	inc	dptr
      0003B9 12r00r00         [24]  792 	lcall	__gptrget
      0003BC FC               [12]  793 	mov	r4,a
      0003BD EA               [12]  794 	mov	a,r2
      0003BE 4B               [12]  795 	orl	a,r3
      0003BF 60 15            [24]  796 	jz	00102$
                                    797 ;	/home/user/contiki/core/net/rime/trickle.c:161: queuebuf_free(c->q);
      0003C1 8A 82            [24]  798 	mov	dpl,r2
      0003C3 8B 83            [24]  799 	mov	dph,r3
      0003C5 8C F0            [24]  800 	mov	b,r4
      0003C7 C0 07            [24]  801 	push	ar7
      0003C9 C0 06            [24]  802 	push	ar6
      0003CB C0 05            [24]  803 	push	ar5
      0003CD 12r00r00         [24]  804 	lcall	_queuebuf_free
      0003D0 D0 05            [24]  805 	pop	ar5
      0003D2 D0 06            [24]  806 	pop	ar6
      0003D4 D0 07            [24]  807 	pop	ar7
      0003D6                        808 00102$:
                                    809 ;	/home/user/contiki/core/net/rime/trickle.c:163: c->q = queuebuf_new_from_packetbuf();
      0003D6 C0 07            [24]  810 	push	ar7
      0003D8 C0 06            [24]  811 	push	ar6
      0003DA C0 05            [24]  812 	push	ar5
      0003DC 12r00r00         [24]  813 	lcall	_queuebuf_new_from_packetbuf
      0003DF AA 82            [24]  814 	mov	r2,dpl
      0003E1 AB 83            [24]  815 	mov	r3,dph
      0003E3 AC F0            [24]  816 	mov	r4,b
      0003E5 D0 05            [24]  817 	pop	ar5
      0003E7 D0 06            [24]  818 	pop	ar6
      0003E9 D0 07            [24]  819 	pop	ar7
      0003EB 8D 82            [24]  820 	mov	dpl,r5
      0003ED 8E 83            [24]  821 	mov	dph,r6
      0003EF 8F F0            [24]  822 	mov	b,r7
      0003F1 EA               [12]  823 	mov	a,r2
      0003F2 12r00r00         [24]  824 	lcall	__gptrput
      0003F5 A3               [24]  825 	inc	dptr
      0003F6 EB               [12]  826 	mov	a,r3
      0003F7 12r00r00         [24]  827 	lcall	__gptrput
      0003FA A3               [24]  828 	inc	dptr
      0003FB EC               [12]  829 	mov	a,r4
      0003FC 12r00r00         [24]  830 	lcall	__gptrput
                                    831 ;	/home/user/contiki/core/net/rime/trickle.c:164: c->interval_scaling = 0;
      0003FF E5 81            [12]  832 	mov	a,sp
      000401 24 FC            [12]  833 	add	a,#0xfc
      000403 F8               [12]  834 	mov	r0,a
      000404 74 59            [12]  835 	mov	a,#0x59
      000406 26               [12]  836 	add	a,@r0
      000407 FD               [12]  837 	mov	r5,a
      000408 E4               [12]  838 	clr	a
      000409 08               [12]  839 	inc	r0
      00040A 36               [12]  840 	addc	a,@r0
      00040B FE               [12]  841 	mov	r6,a
      00040C 08               [12]  842 	inc	r0
      00040D 86 07            [24]  843 	mov	ar7,@r0
      00040F 8D 82            [24]  844 	mov	dpl,r5
      000411 8E 83            [24]  845 	mov	dph,r6
      000413 8F F0            [24]  846 	mov	b,r7
      000415 E4               [12]  847 	clr	a
      000416 12r00r00         [24]  848 	lcall	__gptrput
                                    849 ;	/home/user/contiki/core/net/rime/trickle.c:165: reset_interval(c);
      000419 E5 81            [12]  850 	mov	a,sp
      00041B 24 FC            [12]  851 	add	a,#0xfc
      00041D F8               [12]  852 	mov	r0,a
      00041E 86 82            [24]  853 	mov	dpl,@r0
      000420 08               [12]  854 	inc	r0
      000421 86 83            [24]  855 	mov	dph,@r0
      000423 08               [12]  856 	inc	r0
      000424 86 F0            [24]  857 	mov	b,@r0
      000426 12r00r49         [24]  858 	lcall	_reset_interval
                                    859 ;	/home/user/contiki/core/net/rime/trickle.c:167: send, c);
      000429 E5 81            [12]  860 	mov	a,sp
      00042B 24 FC            [12]  861 	add	a,#0xfc
      00042D F8               [12]  862 	mov	r0,a
      00042E 86 05            [24]  863 	mov	ar5,@r0
      000430 08               [12]  864 	inc	r0
      000431 86 06            [24]  865 	mov	ar6,@r0
      000433 08               [12]  866 	inc	r0
      000434 86 07            [24]  867 	mov	ar7,@r0
                                    868 ;	/home/user/contiki/core/net/rime/trickle.c:166: ctimer_set(&c->first_transmission_timer, random_rand() % c->interval,
      000436 C0 07            [24]  869 	push	ar7
      000438 C0 06            [24]  870 	push	ar6
      00043A C0 05            [24]  871 	push	ar5
      00043C 12r00r00         [24]  872 	lcall	_random_rand
      00043F C8               [12]  873 	xch	a,r0
      000440 E5 81            [12]  874 	mov	a,sp
      000442 24 F6            [12]  875 	add	a,#0xf6
      000444 C8               [12]  876 	xch	a,r0
      000445 A6 82            [24]  877 	mov	@r0,dpl
      000447 08               [12]  878 	inc	r0
      000448 A6 83            [24]  879 	mov	@r0,dph
      00044A D0 05            [24]  880 	pop	ar5
      00044C D0 06            [24]  881 	pop	ar6
      00044E D0 07            [24]  882 	pop	ar7
      000450 E5 81            [12]  883 	mov	a,sp
      000452 24 FC            [12]  884 	add	a,#0xfc
      000454 F8               [12]  885 	mov	r0,a
      000455 74 56            [12]  886 	mov	a,#0x56
      000457 26               [12]  887 	add	a,@r0
      000458 FA               [12]  888 	mov	r2,a
      000459 E4               [12]  889 	clr	a
      00045A 08               [12]  890 	inc	r0
      00045B 36               [12]  891 	addc	a,@r0
      00045C FB               [12]  892 	mov	r3,a
      00045D 08               [12]  893 	inc	r0
      00045E 86 04            [24]  894 	mov	ar4,@r0
      000460 8A 82            [24]  895 	mov	dpl,r2
      000462 8B 83            [24]  896 	mov	dph,r3
      000464 8C F0            [24]  897 	mov	b,r4
      000466 12r00r00         [24]  898 	lcall	__gptrget
      000469 FA               [12]  899 	mov	r2,a
      00046A A3               [24]  900 	inc	dptr
      00046B 12r00r00         [24]  901 	lcall	__gptrget
      00046E FB               [12]  902 	mov	r3,a
      00046F C0 07            [24]  903 	push	ar7
      000471 C0 06            [24]  904 	push	ar6
      000473 C0 05            [24]  905 	push	ar5
      000475 C0 02            [24]  906 	push	ar2
      000477 C0 03            [24]  907 	push	ar3
      000479 E5 81            [12]  908 	mov	a,sp
      00047B 24 F4            [12]  909 	add	a,#0xf4
      00047D F8               [12]  910 	mov	r0,a
      00047E 86 82            [24]  911 	mov	dpl,@r0
      000480 08               [12]  912 	inc	r0
      000481 86 83            [24]  913 	mov	dph,@r0
      000483 12r00r00         [24]  914 	lcall	__moduint
      000486 C8               [12]  915 	xch	a,r0
      000487 E5 81            [12]  916 	mov	a,sp
      000489 24 F4            [12]  917 	add	a,#0xf4
      00048B C8               [12]  918 	xch	a,r0
      00048C A6 82            [24]  919 	mov	@r0,dpl
      00048E 08               [12]  920 	inc	r0
      00048F A6 83            [24]  921 	mov	@r0,dph
      000491 15 81            [12]  922 	dec	sp
      000493 15 81            [12]  923 	dec	sp
      000495 D0 05            [24]  924 	pop	ar5
      000497 D0 06            [24]  925 	pop	ar6
      000499 D0 07            [24]  926 	pop	ar7
      00049B E5 81            [12]  927 	mov	a,sp
      00049D 24 FC            [12]  928 	add	a,#0xfc
      00049F F8               [12]  929 	mov	r0,a
      0004A0 74 3C            [12]  930 	mov	a,#0x3C
      0004A2 26               [12]  931 	add	a,@r0
      0004A3 FA               [12]  932 	mov	r2,a
      0004A4 E4               [12]  933 	clr	a
      0004A5 08               [12]  934 	inc	r0
      0004A6 36               [12]  935 	addc	a,@r0
      0004A7 FB               [12]  936 	mov	r3,a
      0004A8 08               [12]  937 	inc	r0
      0004A9 86 04            [24]  938 	mov	ar4,@r0
      0004AB C0 05            [24]  939 	push	ar5
      0004AD C0 06            [24]  940 	push	ar6
      0004AF C0 07            [24]  941 	push	ar7
      0004B1 74r00            [12]  942 	mov	a,#_send
      0004B3 C0 E0            [24]  943 	push	acc
      0004B5 74s00            [12]  944 	mov	a,#(_send >> 8)
      0004B7 C0 E0            [24]  945 	push	acc
      0004B9 E5 81            [12]  946 	mov	a,sp
      0004BB 24 F4            [12]  947 	add	a,#0xf4
      0004BD F8               [12]  948 	mov	r0,a
      0004BE E6               [12]  949 	mov	a,@r0
      0004BF C0 E0            [24]  950 	push	acc
      0004C1 08               [12]  951 	inc	r0
      0004C2 E6               [12]  952 	mov	a,@r0
      0004C3 C0 E0            [24]  953 	push	acc
      0004C5 8A 82            [24]  954 	mov	dpl,r2
      0004C7 8B 83            [24]  955 	mov	dph,r3
      0004C9 8C F0            [24]  956 	mov	b,r4
      0004CB 12r00r00         [24]  957 	lcall	_ctimer_set
      0004CE E5 81            [12]  958 	mov	a,sp
      0004D0 24 F9            [12]  959 	add	a,#0xf9
                                    960 ;	/home/user/contiki/core/net/rime/trickle.c:168: c->cb->recv(c);
      0004D2 F5 81            [12]  961 	mov	sp,a
      0004D4 24 FC            [12]  962 	add	a,#0xfc
      0004D6 F8               [12]  963 	mov	r0,a
      0004D7 74 0F            [12]  964 	mov	a,#0x0F
      0004D9 26               [12]  965 	add	a,@r0
      0004DA FD               [12]  966 	mov	r5,a
      0004DB E4               [12]  967 	clr	a
      0004DC 08               [12]  968 	inc	r0
      0004DD 36               [12]  969 	addc	a,@r0
      0004DE FE               [12]  970 	mov	r6,a
      0004DF 08               [12]  971 	inc	r0
      0004E0 86 07            [24]  972 	mov	ar7,@r0
      0004E2 8D 82            [24]  973 	mov	dpl,r5
      0004E4 8E 83            [24]  974 	mov	dph,r6
      0004E6 8F F0            [24]  975 	mov	b,r7
      0004E8 12r00r00         [24]  976 	lcall	__gptrget
      0004EB FD               [12]  977 	mov	r5,a
      0004EC A3               [24]  978 	inc	dptr
      0004ED 12r00r00         [24]  979 	lcall	__gptrget
      0004F0 FE               [12]  980 	mov	r6,a
      0004F1 A3               [24]  981 	inc	dptr
      0004F2 12r00r00         [24]  982 	lcall	__gptrget
      0004F5 FF               [12]  983 	mov	r7,a
      0004F6 8D 82            [24]  984 	mov	dpl,r5
      0004F8 8E 83            [24]  985 	mov	dph,r6
      0004FA 8F F0            [24]  986 	mov	b,r7
      0004FC 12r00r00         [24]  987 	lcall	__gptrget
      0004FF FD               [12]  988 	mov	r5,a
      000500 A3               [24]  989 	inc	dptr
      000501 12r00r00         [24]  990 	lcall	__gptrget
      000504 FE               [12]  991 	mov	r6,a
      000505 C0 06            [24]  992 	push	ar6
      000507 C0 05            [24]  993 	push	ar5
      000509 12r05r0E         [24]  994 	lcall	00124$
      00050C 80 12            [24]  995 	sjmp	00125$
      00050E                        996 00124$:
      00050E C0 05            [24]  997 	push	ar5
      000510 C0 06            [24]  998 	push	ar6
      000512 E5 81            [12]  999 	mov	a,sp
      000514 24 F6            [12] 1000 	add	a,#0xf6
      000516 F8               [12] 1001 	mov	r0,a
      000517 86 82            [24] 1002 	mov	dpl,@r0
      000519 08               [12] 1003 	inc	r0
      00051A 86 83            [24] 1004 	mov	dph,@r0
      00051C 08               [12] 1005 	inc	r0
      00051D 86 F0            [24] 1006 	mov	b,@r0
      00051F 22               [24] 1007 	ret
      000520                       1008 00125$:
      000520 D0 05            [24] 1009 	pop	ar5
      000522 D0 06            [24] 1010 	pop	ar6
      000524                       1011 00109$:
      000524 E5 81            [12] 1012 	mov	a,sp
      000526 24 F8            [12] 1013 	add	a,#0xF8
      000528 F5 81            [12] 1014 	mov	sp,a
      00052A 22               [24] 1015 	ret
                                   1016 ;------------------------------------------------------------
                                   1017 ;Allocation info for local variables in function 'trickle_open'
                                   1018 ;------------------------------------------------------------
                                   1019 ;interval                  Allocated to stack - sp -3
                                   1020 ;channel                   Allocated to stack - sp -5
                                   1021 ;cb                        Allocated to stack - sp -8
                                   1022 ;c                         Allocated to registers r5 r6 r7 
                                   1023 ;------------------------------------------------------------
                                   1024 ;	/home/user/contiki/core/net/rime/trickle.c:175: trickle_open(struct trickle_conn *c, clock_time_t interval,
                                   1025 ;	-----------------------------------------
                                   1026 ;	 function trickle_open
                                   1027 ;	-----------------------------------------
      00052B                       1028 _trickle_open:
      00052B AD 82            [24] 1029 	mov	r5,dpl
      00052D AE 83            [24] 1030 	mov	r6,dph
      00052F AF F0            [24] 1031 	mov	r7,b
                                   1032 ;	/home/user/contiki/core/net/rime/trickle.c:178: broadcast_open(&c->c, channel, &bc);
      000531 C0 07            [24] 1033 	push	ar7
      000533 C0 06            [24] 1034 	push	ar6
      000535 C0 05            [24] 1035 	push	ar5
      000537 74r06            [12] 1036 	mov	a,#_bc
      000539 C0 E0            [24] 1037 	push	acc
      00053B 74s00            [12] 1038 	mov	a,#(_bc >> 8)
      00053D C0 E0            [24] 1039 	push	acc
      00053F 74 80            [12] 1040 	mov	a,#0x80
      000541 C0 E0            [24] 1041 	push	acc
      000543 E5 81            [12] 1042 	mov	a,sp
      000545 24 F5            [12] 1043 	add	a,#0xf5
      000547 F8               [12] 1044 	mov	r0,a
      000548 E6               [12] 1045 	mov	a,@r0
      000549 C0 E0            [24] 1046 	push	acc
      00054B 08               [12] 1047 	inc	r0
      00054C E6               [12] 1048 	mov	a,@r0
      00054D C0 E0            [24] 1049 	push	acc
      00054F 8D 82            [24] 1050 	mov	dpl,r5
      000551 8E 83            [24] 1051 	mov	dph,r6
      000553 8F F0            [24] 1052 	mov	b,r7
      000555 12r00r00         [24] 1053 	lcall	_broadcast_open
      000558 E5 81            [12] 1054 	mov	a,sp
      00055A 24 FB            [12] 1055 	add	a,#0xfb
      00055C F5 81            [12] 1056 	mov	sp,a
      00055E D0 05            [24] 1057 	pop	ar5
      000560 D0 06            [24] 1058 	pop	ar6
      000562 D0 07            [24] 1059 	pop	ar7
                                   1060 ;	/home/user/contiki/core/net/rime/trickle.c:179: c->cb = cb;
      000564 74 0F            [12] 1061 	mov	a,#0x0F
      000566 2D               [12] 1062 	add	a,r5
      000567 FA               [12] 1063 	mov	r2,a
      000568 E4               [12] 1064 	clr	a
      000569 3E               [12] 1065 	addc	a,r6
      00056A FB               [12] 1066 	mov	r3,a
      00056B 8F 04            [24] 1067 	mov	ar4,r7
      00056D 8A 82            [24] 1068 	mov	dpl,r2
      00056F 8B 83            [24] 1069 	mov	dph,r3
      000571 8C F0            [24] 1070 	mov	b,r4
      000573 E5 81            [12] 1071 	mov	a,sp
      000575 24 F8            [12] 1072 	add	a,#0xf8
      000577 F8               [12] 1073 	mov	r0,a
      000578 E6               [12] 1074 	mov	a,@r0
      000579 12r00r00         [24] 1075 	lcall	__gptrput
      00057C A3               [24] 1076 	inc	dptr
      00057D 08               [12] 1077 	inc	r0
      00057E E6               [12] 1078 	mov	a,@r0
      00057F 12r00r00         [24] 1079 	lcall	__gptrput
      000582 A3               [24] 1080 	inc	dptr
      000583 08               [12] 1081 	inc	r0
      000584 E6               [12] 1082 	mov	a,@r0
      000585 12r00r00         [24] 1083 	lcall	__gptrput
                                   1084 ;	/home/user/contiki/core/net/rime/trickle.c:180: c->q = NULL;
      000588 74 53            [12] 1085 	mov	a,#0x53
      00058A 2D               [12] 1086 	add	a,r5
      00058B FA               [12] 1087 	mov	r2,a
      00058C E4               [12] 1088 	clr	a
      00058D 3E               [12] 1089 	addc	a,r6
      00058E FB               [12] 1090 	mov	r3,a
      00058F 8F 04            [24] 1091 	mov	ar4,r7
      000591 8A 82            [24] 1092 	mov	dpl,r2
      000593 8B 83            [24] 1093 	mov	dph,r3
      000595 8C F0            [24] 1094 	mov	b,r4
      000597 E4               [12] 1095 	clr	a
      000598 12r00r00         [24] 1096 	lcall	__gptrput
      00059B A3               [24] 1097 	inc	dptr
      00059C E4               [12] 1098 	clr	a
      00059D 12r00r00         [24] 1099 	lcall	__gptrput
      0005A0 A3               [24] 1100 	inc	dptr
      0005A1 E4               [12] 1101 	clr	a
      0005A2 12r00r00         [24] 1102 	lcall	__gptrput
                                   1103 ;	/home/user/contiki/core/net/rime/trickle.c:181: c->interval = interval;
      0005A5 74 56            [12] 1104 	mov	a,#0x56
      0005A7 2D               [12] 1105 	add	a,r5
      0005A8 FA               [12] 1106 	mov	r2,a
      0005A9 E4               [12] 1107 	clr	a
      0005AA 3E               [12] 1108 	addc	a,r6
      0005AB FB               [12] 1109 	mov	r3,a
      0005AC 8F 04            [24] 1110 	mov	ar4,r7
      0005AE 8A 82            [24] 1111 	mov	dpl,r2
      0005B0 8B 83            [24] 1112 	mov	dph,r3
      0005B2 8C F0            [24] 1113 	mov	b,r4
      0005B4 E5 81            [12] 1114 	mov	a,sp
      0005B6 24 FD            [12] 1115 	add	a,#0xfd
      0005B8 F8               [12] 1116 	mov	r0,a
      0005B9 E6               [12] 1117 	mov	a,@r0
      0005BA 12r00r00         [24] 1118 	lcall	__gptrput
      0005BD A3               [24] 1119 	inc	dptr
      0005BE 08               [12] 1120 	inc	r0
      0005BF E6               [12] 1121 	mov	a,@r0
      0005C0 12r00r00         [24] 1122 	lcall	__gptrput
                                   1123 ;	/home/user/contiki/core/net/rime/trickle.c:182: c->interval_scaling = 0;
      0005C3 74 59            [12] 1124 	mov	a,#0x59
      0005C5 2D               [12] 1125 	add	a,r5
      0005C6 FD               [12] 1126 	mov	r5,a
      0005C7 E4               [12] 1127 	clr	a
      0005C8 3E               [12] 1128 	addc	a,r6
      0005C9 FE               [12] 1129 	mov	r6,a
      0005CA 8D 82            [24] 1130 	mov	dpl,r5
      0005CC 8E 83            [24] 1131 	mov	dph,r6
      0005CE 8F F0            [24] 1132 	mov	b,r7
      0005D0 E4               [12] 1133 	clr	a
      0005D1 12r00r00         [24] 1134 	lcall	__gptrput
                                   1135 ;	/home/user/contiki/core/net/rime/trickle.c:183: channel_set_attributes(channel, attributes);
      0005D4 74r00            [12] 1136 	mov	a,#_attributes
      0005D6 C0 E0            [24] 1137 	push	acc
      0005D8 74s00            [12] 1138 	mov	a,#(_attributes >> 8)
      0005DA C0 E0            [24] 1139 	push	acc
      0005DC 74 80            [12] 1140 	mov	a,#0x80
      0005DE C0 E0            [24] 1141 	push	acc
      0005E0 E5 81            [12] 1142 	mov	a,sp
      0005E2 24 F8            [12] 1143 	add	a,#0xf8
      0005E4 F8               [12] 1144 	mov	r0,a
      0005E5 86 82            [24] 1145 	mov	dpl,@r0
      0005E7 08               [12] 1146 	inc	r0
      0005E8 86 83            [24] 1147 	mov	dph,@r0
      0005EA 12r00r00         [24] 1148 	lcall	_channel_set_attributes
      0005ED 15 81            [12] 1149 	dec	sp
      0005EF 15 81            [12] 1150 	dec	sp
      0005F1 15 81            [12] 1151 	dec	sp
      0005F3 22               [24] 1152 	ret
                                   1153 ;------------------------------------------------------------
                                   1154 ;Allocation info for local variables in function 'trickle_close'
                                   1155 ;------------------------------------------------------------
                                   1156 ;c                         Allocated to registers r5 r6 r7 
                                   1157 ;------------------------------------------------------------
                                   1158 ;	/home/user/contiki/core/net/rime/trickle.c:187: trickle_close(struct trickle_conn *c)
                                   1159 ;	-----------------------------------------
                                   1160 ;	 function trickle_close
                                   1161 ;	-----------------------------------------
      0005F4                       1162 _trickle_close:
                                   1163 ;	/home/user/contiki/core/net/rime/trickle.c:189: broadcast_close(&c->c);
      0005F4 AD 82            [24] 1164 	mov	r5,dpl
      0005F6 AE 83            [24] 1165 	mov	r6,dph
      0005F8 AF F0            [24] 1166 	mov	r7,b
      0005FA C0 07            [24] 1167 	push	ar7
      0005FC C0 06            [24] 1168 	push	ar6
      0005FE C0 05            [24] 1169 	push	ar5
      000600 12r00r00         [24] 1170 	lcall	_broadcast_close
      000603 D0 05            [24] 1171 	pop	ar5
      000605 D0 06            [24] 1172 	pop	ar6
      000607 D0 07            [24] 1173 	pop	ar7
                                   1174 ;	/home/user/contiki/core/net/rime/trickle.c:190: ctimer_stop(&c->t);
      000609 74 12            [12] 1175 	mov	a,#0x12
      00060B 2D               [12] 1176 	add	a,r5
      00060C FA               [12] 1177 	mov	r2,a
      00060D E4               [12] 1178 	clr	a
      00060E 3E               [12] 1179 	addc	a,r6
      00060F FB               [12] 1180 	mov	r3,a
      000610 8F 04            [24] 1181 	mov	ar4,r7
      000612 8A 82            [24] 1182 	mov	dpl,r2
      000614 8B 83            [24] 1183 	mov	dph,r3
      000616 8C F0            [24] 1184 	mov	b,r4
      000618 C0 07            [24] 1185 	push	ar7
      00061A C0 06            [24] 1186 	push	ar6
      00061C C0 05            [24] 1187 	push	ar5
      00061E 12r00r00         [24] 1188 	lcall	_ctimer_stop
      000621 D0 05            [24] 1189 	pop	ar5
      000623 D0 06            [24] 1190 	pop	ar6
      000625 D0 07            [24] 1191 	pop	ar7
                                   1192 ;	/home/user/contiki/core/net/rime/trickle.c:191: ctimer_stop(&c->interval_timer);
      000627 74 27            [12] 1193 	mov	a,#0x27
      000629 2D               [12] 1194 	add	a,r5
      00062A FD               [12] 1195 	mov	r5,a
      00062B E4               [12] 1196 	clr	a
      00062C 3E               [12] 1197 	addc	a,r6
      00062D FE               [12] 1198 	mov	r6,a
      00062E 8D 82            [24] 1199 	mov	dpl,r5
      000630 8E 83            [24] 1200 	mov	dph,r6
      000632 8F F0            [24] 1201 	mov	b,r7
      000634 02r00r00         [24] 1202 	ljmp	_ctimer_stop
                                   1203 ;------------------------------------------------------------
                                   1204 ;Allocation info for local variables in function 'trickle_send'
                                   1205 ;------------------------------------------------------------
                                   1206 ;c                         Allocated to stack - sp -5
                                   1207 ;sloc0                     Allocated to stack - sp -2
                                   1208 ;------------------------------------------------------------
                                   1209 ;	/home/user/contiki/core/net/rime/trickle.c:195: trickle_send(struct trickle_conn *c)
                                   1210 ;	-----------------------------------------
                                   1211 ;	 function trickle_send
                                   1212 ;	-----------------------------------------
      000637                       1213 _trickle_send:
      000637 C0 82            [24] 1214 	push	dpl
      000639 C0 83            [24] 1215 	push	dph
      00063B C0 F0            [24] 1216 	push	b
      00063D 05 81            [12] 1217 	inc	sp
      00063F 05 81            [12] 1218 	inc	sp
      000641 05 81            [12] 1219 	inc	sp
                                   1220 ;	/home/user/contiki/core/net/rime/trickle.c:197: if(c->q != NULL) {
      000643 E5 81            [12] 1221 	mov	a,sp
      000645 24 FB            [12] 1222 	add	a,#0xfb
      000647 F8               [12] 1223 	mov	r0,a
      000648 74 53            [12] 1224 	mov	a,#0x53
      00064A 26               [12] 1225 	add	a,@r0
      00064B FA               [12] 1226 	mov	r2,a
      00064C E4               [12] 1227 	clr	a
      00064D 08               [12] 1228 	inc	r0
      00064E 36               [12] 1229 	addc	a,@r0
      00064F FB               [12] 1230 	mov	r3,a
      000650 08               [12] 1231 	inc	r0
      000651 86 04            [24] 1232 	mov	ar4,@r0
      000653 8A 82            [24] 1233 	mov	dpl,r2
      000655 8B 83            [24] 1234 	mov	dph,r3
      000657 8C F0            [24] 1235 	mov	b,r4
      000659 12r00r00         [24] 1236 	lcall	__gptrget
      00065C FF               [12] 1237 	mov	r7,a
      00065D A3               [24] 1238 	inc	dptr
      00065E 12r00r00         [24] 1239 	lcall	__gptrget
      000661 FE               [12] 1240 	mov	r6,a
      000662 A3               [24] 1241 	inc	dptr
      000663 12r00r00         [24] 1242 	lcall	__gptrget
      000666 FD               [12] 1243 	mov	r5,a
      000667 EF               [12] 1244 	mov	a,r7
      000668 4E               [12] 1245 	orl	a,r6
      000669 60 15            [24] 1246 	jz	00102$
                                   1247 ;	/home/user/contiki/core/net/rime/trickle.c:198: queuebuf_free(c->q);
      00066B 8F 82            [24] 1248 	mov	dpl,r7
      00066D 8E 83            [24] 1249 	mov	dph,r6
      00066F 8D F0            [24] 1250 	mov	b,r5
      000671 C0 04            [24] 1251 	push	ar4
      000673 C0 03            [24] 1252 	push	ar3
      000675 C0 02            [24] 1253 	push	ar2
      000677 12r00r00         [24] 1254 	lcall	_queuebuf_free
      00067A D0 02            [24] 1255 	pop	ar2
      00067C D0 03            [24] 1256 	pop	ar3
      00067E D0 04            [24] 1257 	pop	ar4
      000680                       1258 00102$:
                                   1259 ;	/home/user/contiki/core/net/rime/trickle.c:200: c->seqno++;
      000680 E5 81            [12] 1260 	mov	a,sp
      000682 24 FB            [12] 1261 	add	a,#0xfb
      000684 F8               [12] 1262 	mov	r0,a
      000685 A9 81            [24] 1263 	mov	r1,sp
      000687 19               [12] 1264 	dec	r1
      000688 19               [12] 1265 	dec	r1
      000689 74 58            [12] 1266 	mov	a,#0x58
      00068B 26               [12] 1267 	add	a,@r0
      00068C F7               [12] 1268 	mov	@r1,a
      00068D E4               [12] 1269 	clr	a
      00068E 08               [12] 1270 	inc	r0
      00068F 36               [12] 1271 	addc	a,@r0
      000690 09               [12] 1272 	inc	r1
      000691 F7               [12] 1273 	mov	@r1,a
      000692 08               [12] 1274 	inc	r0
      000693 09               [12] 1275 	inc	r1
      000694 E6               [12] 1276 	mov	a,@r0
      000695 F7               [12] 1277 	mov	@r1,a
      000696 A8 81            [24] 1278 	mov	r0,sp
      000698 18               [12] 1279 	dec	r0
      000699 18               [12] 1280 	dec	r0
      00069A 86 82            [24] 1281 	mov	dpl,@r0
      00069C 08               [12] 1282 	inc	r0
      00069D 86 83            [24] 1283 	mov	dph,@r0
      00069F 08               [12] 1284 	inc	r0
      0006A0 86 F0            [24] 1285 	mov	b,@r0
      0006A2 12r00r00         [24] 1286 	lcall	__gptrget
      0006A5 FF               [12] 1287 	mov	r7,a
      0006A6 0F               [12] 1288 	inc	r7
      0006A7 A8 81            [24] 1289 	mov	r0,sp
      0006A9 18               [12] 1290 	dec	r0
      0006AA 18               [12] 1291 	dec	r0
      0006AB 86 82            [24] 1292 	mov	dpl,@r0
      0006AD 08               [12] 1293 	inc	r0
      0006AE 86 83            [24] 1294 	mov	dph,@r0
      0006B0 08               [12] 1295 	inc	r0
      0006B1 86 F0            [24] 1296 	mov	b,@r0
      0006B3 EF               [12] 1297 	mov	a,r7
      0006B4 12r00r00         [24] 1298 	lcall	__gptrput
                                   1299 ;	/home/user/contiki/core/net/rime/trickle.c:201: packetbuf_set_attr(PACKETBUF_ATTR_EPACKET_ID, c->seqno);
      0006B7 7E 00            [12] 1300 	mov	r6,#0x00
      0006B9 C0 04            [24] 1301 	push	ar4
      0006BB C0 03            [24] 1302 	push	ar3
      0006BD C0 02            [24] 1303 	push	ar2
      0006BF C0 07            [24] 1304 	push	ar7
      0006C1 C0 06            [24] 1305 	push	ar6
      0006C3 75 82 15         [24] 1306 	mov	dpl,#0x15
      0006C6 12r00r00         [24] 1307 	lcall	_packetbuf_set_attr
      0006C9 15 81            [12] 1308 	dec	sp
      0006CB 15 81            [12] 1309 	dec	sp
                                   1310 ;	/home/user/contiki/core/net/rime/trickle.c:202: c->q = queuebuf_new_from_packetbuf();
      0006CD 12r00r00         [24] 1311 	lcall	_queuebuf_new_from_packetbuf
      0006D0 AD 82            [24] 1312 	mov	r5,dpl
      0006D2 AE 83            [24] 1313 	mov	r6,dph
      0006D4 AF F0            [24] 1314 	mov	r7,b
      0006D6 D0 02            [24] 1315 	pop	ar2
      0006D8 D0 03            [24] 1316 	pop	ar3
      0006DA D0 04            [24] 1317 	pop	ar4
      0006DC 8A 82            [24] 1318 	mov	dpl,r2
      0006DE 8B 83            [24] 1319 	mov	dph,r3
      0006E0 8C F0            [24] 1320 	mov	b,r4
      0006E2 ED               [12] 1321 	mov	a,r5
      0006E3 12r00r00         [24] 1322 	lcall	__gptrput
      0006E6 A3               [24] 1323 	inc	dptr
      0006E7 EE               [12] 1324 	mov	a,r6
      0006E8 12r00r00         [24] 1325 	lcall	__gptrput
      0006EB A3               [24] 1326 	inc	dptr
      0006EC EF               [12] 1327 	mov	a,r7
      0006ED 12r00r00         [24] 1328 	lcall	__gptrput
                                   1329 ;	/home/user/contiki/core/net/rime/trickle.c:206: reset_interval(c);
      0006F0 E5 81            [12] 1330 	mov	a,sp
      0006F2 24 FB            [12] 1331 	add	a,#0xfb
      0006F4 F8               [12] 1332 	mov	r0,a
      0006F5 86 82            [24] 1333 	mov	dpl,@r0
      0006F7 08               [12] 1334 	inc	r0
      0006F8 86 83            [24] 1335 	mov	dph,@r0
      0006FA 08               [12] 1336 	inc	r0
      0006FB 86 F0            [24] 1337 	mov	b,@r0
      0006FD 12r00r49         [24] 1338 	lcall	_reset_interval
                                   1339 ;	/home/user/contiki/core/net/rime/trickle.c:207: send(c);
      000700 E5 81            [12] 1340 	mov	a,sp
      000702 24 FB            [12] 1341 	add	a,#0xfb
      000704 F8               [12] 1342 	mov	r0,a
      000705 86 05            [24] 1343 	mov	ar5,@r0
      000707 08               [12] 1344 	inc	r0
      000708 86 06            [24] 1345 	mov	ar6,@r0
      00070A 08               [12] 1346 	inc	r0
      00070B 86 07            [24] 1347 	mov	ar7,@r0
      00070D 8D 82            [24] 1348 	mov	dpl,r5
      00070F 8E 83            [24] 1349 	mov	dph,r6
      000711 8F F0            [24] 1350 	mov	b,r7
      000713 12r00r00         [24] 1351 	lcall	_send
      000716 E5 81            [12] 1352 	mov	a,sp
      000718 24 FA            [12] 1353 	add	a,#0xFA
      00071A F5 81            [12] 1354 	mov	sp,a
      00071C 22               [24] 1355 	ret
                                   1356 	.area CSEG    (CODE)
                                   1357 	.area CONST   (CODE)
      000000                       1358 _attributes:
      000000 15                    1359 	.db #0x15	; 21
      000001 08                    1360 	.db #0x08	; 8
      000002 18                    1361 	.db #0x18	; 24
      000003 10                    1362 	.db #0x10	; 16
      000004 00                    1363 	.db #0x00	; 0
      000005 00                    1364 	.db #0x00	; 0
      000006                       1365 _bc:
      000006rD1s02                 1366 	.byte _recv,(_recv >> 8)
      000008 00 00                 1367 	.byte #0x00,#0x00
                                   1368 	.area XINIT   (CODE)
                                   1369 	.area CABS    (ABS,CODE)
