                                      1 ;--------------------------------------------------------
                                      2 ; File Created by SDCC : free open source ANSI-C Compiler
                                      3 ; Version 3.3.1 #8804 (Aug  6 2013) (Linux)
                                      4 ; This file was generated Tue Feb 10 06:19:46 2015
                                      5 ;--------------------------------------------------------
                                      6 	.module uip_packetqueue
                                      7 	.optsdcc -mmcs51 --model-large
                                      8 	
                                      9 ;--------------------------------------------------------
                                     10 ; Public variables in this module
                                     11 ;--------------------------------------------------------
                                     12 	.globl _memb_free
                                     13 	.globl _memb_alloc
                                     14 	.globl _ctimer_stop
                                     15 	.globl _ctimer_set
                                     16 	.globl _ACTIVE
                                     17 	.globl _TX_BYTE
                                     18 	.globl _RX_BYTE
                                     19 	.globl _ERR
                                     20 	.globl _FE
                                     21 	.globl _SLAVE
                                     22 	.globl _RE
                                     23 	.globl _MODE
                                     24 	.globl _T3OVFIF
                                     25 	.globl _T3CH0IF
                                     26 	.globl _T3CH1IF
                                     27 	.globl _T4OVFIF
                                     28 	.globl _T4CH0IF
                                     29 	.globl _T4CH1IF
                                     30 	.globl _OVFIM
                                     31 	.globl _B_0
                                     32 	.globl _B_1
                                     33 	.globl _B_2
                                     34 	.globl _B_3
                                     35 	.globl _B_4
                                     36 	.globl _B_5
                                     37 	.globl _B_6
                                     38 	.globl _B_7
                                     39 	.globl _P2IF
                                     40 	.globl _UTX0IF
                                     41 	.globl _UTX1IF
                                     42 	.globl _P1IF
                                     43 	.globl _WDTIF
                                     44 	.globl _ACC_0
                                     45 	.globl _ACC_1
                                     46 	.globl _ACC_2
                                     47 	.globl _ACC_3
                                     48 	.globl _ACC_4
                                     49 	.globl _ACC_5
                                     50 	.globl _ACC_6
                                     51 	.globl _ACC_7
                                     52 	.globl _P
                                     53 	.globl _F1
                                     54 	.globl _OV
                                     55 	.globl _RS0
                                     56 	.globl _RS1
                                     57 	.globl _F0
                                     58 	.globl _AC
                                     59 	.globl _CY
                                     60 	.globl _DMAIF
                                     61 	.globl _T1IF
                                     62 	.globl _T2IF
                                     63 	.globl _T3IF
                                     64 	.globl _T4IF
                                     65 	.globl _P0IF
                                     66 	.globl _STIF
                                     67 	.globl _DMAIE
                                     68 	.globl _T1IE
                                     69 	.globl _T2IE
                                     70 	.globl _T3IE
                                     71 	.globl _T4IE
                                     72 	.globl _P0IE
                                     73 	.globl _RFERRIE
                                     74 	.globl _ADCIE
                                     75 	.globl _URX0IE
                                     76 	.globl _URX1IE
                                     77 	.globl _ENCIE
                                     78 	.globl _STIE
                                     79 	.globl _EA
                                     80 	.globl _P2_0
                                     81 	.globl _P2_1
                                     82 	.globl _P2_2
                                     83 	.globl _P2_3
                                     84 	.globl _P2_4
                                     85 	.globl _P2_5
                                     86 	.globl _P2_6
                                     87 	.globl _P2_7
                                     88 	.globl _ENCIF_0
                                     89 	.globl _ENCIF_1
                                     90 	.globl _P1_0
                                     91 	.globl _P1_1
                                     92 	.globl _P1_2
                                     93 	.globl _P1_3
                                     94 	.globl _P1_4
                                     95 	.globl _P1_5
                                     96 	.globl _P1_6
                                     97 	.globl _P1_7
                                     98 	.globl _IT0
                                     99 	.globl _RFERRIF
                                    100 	.globl _IT1
                                    101 	.globl _URX0IF
                                    102 	.globl _ADCIF
                                    103 	.globl _URX1IF
                                    104 	.globl _P0_0
                                    105 	.globl _P0_1
                                    106 	.globl _P0_2
                                    107 	.globl _P0_3
                                    108 	.globl _P0_4
                                    109 	.globl _P0_5
                                    110 	.globl _P0_6
                                    111 	.globl _P0_7
                                    112 	.globl _WDCTL
                                    113 	.globl _U1GCR
                                    114 	.globl _U1UCR
                                    115 	.globl _U1BAUD
                                    116 	.globl _U1DBUF
                                    117 	.globl _U1CSR
                                    118 	.globl _U0GCR
                                    119 	.globl _U0UCR
                                    120 	.globl _U0BAUD
                                    121 	.globl _U0DBUF
                                    122 	.globl _U0CSR
                                    123 	.globl _TIMIF
                                    124 	.globl _T4CC1
                                    125 	.globl _T4CCTL1
                                    126 	.globl _T4CC0
                                    127 	.globl _T4CCTL0
                                    128 	.globl _T4CTL
                                    129 	.globl _T4CNT
                                    130 	.globl _T3CC1
                                    131 	.globl _T3CCTL1
                                    132 	.globl _T3CC0
                                    133 	.globl _T3CCTL0
                                    134 	.globl _T3CTL
                                    135 	.globl _T3CNT
                                    136 	.globl _T2MSEL
                                    137 	.globl _T2IRQM
                                    138 	.globl _T2MOVF2
                                    139 	.globl _T2MOVF1
                                    140 	.globl _T2MOVF0
                                    141 	.globl _T2M1
                                    142 	.globl _T2M0
                                    143 	.globl _T2IRQF
                                    144 	.globl _T2EVTCFG
                                    145 	.globl _T2CTRL
                                    146 	.globl _T1STAT
                                    147 	.globl _T1CCTL2
                                    148 	.globl _T1CCTL1
                                    149 	.globl _T1CCTL0
                                    150 	.globl _T1CTL
                                    151 	.globl _T1CNTH
                                    152 	.globl _T1CNTL
                                    153 	.globl _T1CC2H
                                    154 	.globl _T1CC2L
                                    155 	.globl _T1CC1H
                                    156 	.globl _T1CC1L
                                    157 	.globl _T1CC0H
                                    158 	.globl _T1CC0L
                                    159 	.globl _CLKCONSTA
                                    160 	.globl _CLKCONCMD
                                    161 	.globl _SLEEPSTA
                                    162 	.globl _SLEEPCMD
                                    163 	.globl _STLOAD
                                    164 	.globl _ST2
                                    165 	.globl _ST1
                                    166 	.globl _ST0
                                    167 	.globl _RFERRF
                                    168 	.globl _RFIRQF0
                                    169 	.globl _RFST
                                    170 	.globl _RFD
                                    171 	.globl _RFIRQF1
                                    172 	.globl _PSBANK
                                    173 	.globl _FMAP
                                    174 	.globl _MEMCTR
                                    175 	.globl __XPAGE
                                    176 	.globl _MPAGE
                                    177 	.globl _PMUX
                                    178 	.globl _P2DIR
                                    179 	.globl _P1DIR
                                    180 	.globl _P0DIR
                                    181 	.globl _P2INP
                                    182 	.globl _P1INP
                                    183 	.globl _P2SEL
                                    184 	.globl _P1SEL
                                    185 	.globl _P0SEL
                                    186 	.globl _APCFG
                                    187 	.globl _PERCFG
                                    188 	.globl _P0INP
                                    189 	.globl _P2IEN
                                    190 	.globl _P1IEN
                                    191 	.globl _P0IEN
                                    192 	.globl _PICTL
                                    193 	.globl _P2IFG
                                    194 	.globl _P1IFG
                                    195 	.globl _P0IFG
                                    196 	.globl _DMAREQ
                                    197 	.globl _DMAARM
                                    198 	.globl _DMA0CFGH
                                    199 	.globl _DMA0CFGL
                                    200 	.globl _DMA1CFGH
                                    201 	.globl _DMA1CFGL
                                    202 	.globl _DMAIRQ
                                    203 	.globl _ENCCS
                                    204 	.globl _ENCDO
                                    205 	.globl _ENCDI
                                    206 	.globl _RNDH
                                    207 	.globl _RNDL
                                    208 	.globl _ADCH
                                    209 	.globl _ADCL
                                    210 	.globl _ADCCON3
                                    211 	.globl _ADCCON2
                                    212 	.globl _ADCCON1
                                    213 	.globl _B
                                    214 	.globl _IRCON2
                                    215 	.globl _ACC
                                    216 	.globl _PSW
                                    217 	.globl _IRCON
                                    218 	.globl _IP1
                                    219 	.globl _IEN1
                                    220 	.globl _IP0
                                    221 	.globl _IEN0
                                    222 	.globl _P2
                                    223 	.globl _S1CON
                                    224 	.globl _IEN2
                                    225 	.globl _S0CON
                                    226 	.globl _DPS
                                    227 	.globl _P1
                                    228 	.globl _TCON
                                    229 	.globl _PCON
                                    230 	.globl _DPH1
                                    231 	.globl _DPL1
                                    232 	.globl _DPH0
                                    233 	.globl _DPL0
                                    234 	.globl _SP
                                    235 	.globl _P0
                                    236 	.globl _X_IEEE_ADDR
                                    237 	.globl _X_INFOPAGE
                                    238 	.globl _X_P2DIR
                                    239 	.globl _X_P1DIR
                                    240 	.globl _X_P0DIR
                                    241 	.globl _X_U1GCR
                                    242 	.globl _X_U1UCR
                                    243 	.globl _X_U1BAUD
                                    244 	.globl _X_U1DBUF
                                    245 	.globl _X_U1CSR
                                    246 	.globl _X_P2INP
                                    247 	.globl _X_P1INP
                                    248 	.globl _X_P2SEL
                                    249 	.globl _X_P1SEL
                                    250 	.globl _X_P0SEL
                                    251 	.globl _X_APCFG
                                    252 	.globl _X_PERCFG
                                    253 	.globl _X_T4CC1
                                    254 	.globl _X_T4CCTL1
                                    255 	.globl _X_T4CC0
                                    256 	.globl _X_T4CCTL0
                                    257 	.globl _X_T4CTL
                                    258 	.globl _X_T4CNT
                                    259 	.globl _X_RFIRQF0
                                    260 	.globl _X_T1CCTL2
                                    261 	.globl _X_T1CCTL1
                                    262 	.globl _X_T1CCTL0
                                    263 	.globl _X_T1CTL
                                    264 	.globl _X_T1CNTH
                                    265 	.globl _X_T1CNTL
                                    266 	.globl _X_RFST
                                    267 	.globl _X_T1CC2H
                                    268 	.globl _X_T1CC2L
                                    269 	.globl _X_T1CC1H
                                    270 	.globl _X_T1CC1L
                                    271 	.globl _X_T1CC0H
                                    272 	.globl _X_T1CC0L
                                    273 	.globl _X_RFD
                                    274 	.globl _X_TIMIF
                                    275 	.globl _X_DMAREQ
                                    276 	.globl _X_DMAARM
                                    277 	.globl _X_DMA0CFGH
                                    278 	.globl _X_DMA0CFGL
                                    279 	.globl _X_DMA1CFGH
                                    280 	.globl _X_DMA1CFGL
                                    281 	.globl _X_DMAIRQ
                                    282 	.globl _X_T3CC1
                                    283 	.globl _X_T3CCTL1
                                    284 	.globl _X_T3CC0
                                    285 	.globl _X_T3CCTL0
                                    286 	.globl _X_T3CTL
                                    287 	.globl _X_T3CNT
                                    288 	.globl _X_WDCTL
                                    289 	.globl _X_MEMCTR
                                    290 	.globl _X_CLKCONCMD
                                    291 	.globl _X_U0GCR
                                    292 	.globl _X_U0UCR
                                    293 	.globl _X_T2MSEL
                                    294 	.globl _X_U0BAUD
                                    295 	.globl _X_U0DBUF
                                    296 	.globl _X_RFERRF
                                    297 	.globl _X_SLEEPCMD
                                    298 	.globl _X_RNDH
                                    299 	.globl _X_RNDL
                                    300 	.globl _X_ADCH
                                    301 	.globl _X_ADCL
                                    302 	.globl _X_ADCCON3
                                    303 	.globl _X_ADCCON2
                                    304 	.globl _X_ADCCON1
                                    305 	.globl _X_ENCCS
                                    306 	.globl _X_ENCDO
                                    307 	.globl _X_ENCDI
                                    308 	.globl _X_T1STAT
                                    309 	.globl _X_PMUX
                                    310 	.globl _X_STLOAD
                                    311 	.globl _X_P2IEN
                                    312 	.globl _X_P0IEN
                                    313 	.globl _X_T2IRQM
                                    314 	.globl _X_T2MOVF2
                                    315 	.globl _X_T2MOVF1
                                    316 	.globl _X_T2MOVF0
                                    317 	.globl _X_T2M1
                                    318 	.globl _X_T2M0
                                    319 	.globl _X_T2IRQF
                                    320 	.globl _X_P2
                                    321 	.globl _X_PSBANK
                                    322 	.globl _X_FMAP
                                    323 	.globl _X_CLKCONSTA
                                    324 	.globl _X_SLEEPSTA
                                    325 	.globl _X_T2EVTCFG
                                    326 	.globl _X_ST2
                                    327 	.globl _X_ST1
                                    328 	.globl _X_ST0
                                    329 	.globl _X_T2CTRL
                                    330 	.globl _X__XPAGE
                                    331 	.globl _X_MPAGE
                                    332 	.globl _X_RFIRQF1
                                    333 	.globl _X_P1
                                    334 	.globl _X_P0INP
                                    335 	.globl _X_P1IEN
                                    336 	.globl _X_PICTL
                                    337 	.globl _X_P2IFG
                                    338 	.globl _X_P1IFG
                                    339 	.globl _X_P0IFG
                                    340 	.globl _X_U0CSR
                                    341 	.globl _X_P0
                                    342 	.globl _USBF5
                                    343 	.globl _USBF4
                                    344 	.globl _USBF3
                                    345 	.globl _USBF2
                                    346 	.globl _USBF1
                                    347 	.globl _USBF0
                                    348 	.globl _USBCNTH
                                    349 	.globl _USBCNTL
                                    350 	.globl _USBCNT0
                                    351 	.globl _USBCSOH
                                    352 	.globl _USBCSOL
                                    353 	.globl _USBMAXO
                                    354 	.globl _USBCSIH
                                    355 	.globl _USBCSIL
                                    356 	.globl _USBCS0
                                    357 	.globl _USBMAXI
                                    358 	.globl _USBCTRL
                                    359 	.globl _USBINDEX
                                    360 	.globl _USBFRMH
                                    361 	.globl _USBFRML
                                    362 	.globl _USBCIE
                                    363 	.globl _USBOIE
                                    364 	.globl _USBIIE
                                    365 	.globl _USBCIF
                                    366 	.globl _USBOIF
                                    367 	.globl _USBIIF
                                    368 	.globl _USBPOW
                                    369 	.globl _USBADDR
                                    370 	.globl _CSPT
                                    371 	.globl _CSPZ
                                    372 	.globl _CSPY
                                    373 	.globl _CSPX
                                    374 	.globl _CSPSTAT
                                    375 	.globl _CSPCTRL
                                    376 	.globl _CSPPROG23
                                    377 	.globl _CSPPROG22
                                    378 	.globl _CSPPROG21
                                    379 	.globl _CSPPROG20
                                    380 	.globl _CSPPROG19
                                    381 	.globl _CSPPROG18
                                    382 	.globl _CSPPROG17
                                    383 	.globl _CSPPROG16
                                    384 	.globl _CSPPROG15
                                    385 	.globl _CSPPROG14
                                    386 	.globl _CSPPROG13
                                    387 	.globl _CSPPROG12
                                    388 	.globl _CSPPROG11
                                    389 	.globl _CSPPROG10
                                    390 	.globl _CSPPROG9
                                    391 	.globl _CSPPROG8
                                    392 	.globl _CSPPROG7
                                    393 	.globl _CSPPROG6
                                    394 	.globl _CSPPROG5
                                    395 	.globl _CSPPROG4
                                    396 	.globl _CSPPROG3
                                    397 	.globl _CSPPROG2
                                    398 	.globl _CSPPROG1
                                    399 	.globl _CSPPROG0
                                    400 	.globl _RFC_OBS_CTRL2
                                    401 	.globl _RFC_OBS_CTRL1
                                    402 	.globl _RFC_OBS_CTRL0
                                    403 	.globl _TXFILTCFG
                                    404 	.globl _PTEST1
                                    405 	.globl _PTEST0
                                    406 	.globl _ATEST
                                    407 	.globl _DACTEST2
                                    408 	.globl _DACTEST1
                                    409 	.globl _DACTEST0
                                    410 	.globl _MDMTEST1
                                    411 	.globl _MDMTEST0
                                    412 	.globl _ADCTEST2
                                    413 	.globl _ADCTEST1
                                    414 	.globl _ADCTEST0
                                    415 	.globl _AGCCTRL3
                                    416 	.globl _AGCCTRL2
                                    417 	.globl _AGCCTRL1
                                    418 	.globl _AGCCTRL0
                                    419 	.globl _FSCAL3
                                    420 	.globl _FSCAL2
                                    421 	.globl _FSCAL1
                                    422 	.globl _FSCAL0
                                    423 	.globl _FSCTRL
                                    424 	.globl _RXCTRL
                                    425 	.globl _FREQEST
                                    426 	.globl _MDMCTRL1
                                    427 	.globl _MDMCTRL0
                                    428 	.globl _RFRND
                                    429 	.globl _RFERRM
                                    430 	.globl _RFIRQM1
                                    431 	.globl _RFIRQM0
                                    432 	.globl _TXLAST_PTR
                                    433 	.globl _TXFIRST_PTR
                                    434 	.globl _RXP1_PTR
                                    435 	.globl _RXLAST_PTR
                                    436 	.globl _RXFIRST_PTR
                                    437 	.globl _TXFIFOCNT
                                    438 	.globl _RXFIFOCNT
                                    439 	.globl _RXFIRST
                                    440 	.globl _RSSISTAT
                                    441 	.globl _RSSI
                                    442 	.globl _CCACTRL1
                                    443 	.globl _CCACTRL0
                                    444 	.globl _FSMCTRL
                                    445 	.globl _FIFOPCTRL
                                    446 	.globl _FSMSTAT1
                                    447 	.globl _FSMSTAT0
                                    448 	.globl _TXCTRL
                                    449 	.globl _TXPOWER
                                    450 	.globl _FREQCTRL
                                    451 	.globl _FREQTUNE
                                    452 	.globl _RXMASKCLR
                                    453 	.globl _RXMASKSET
                                    454 	.globl _RXENABLE
                                    455 	.globl _FRMCTRL1
                                    456 	.globl _FRMCTRL0
                                    457 	.globl _SRCEXTEN2
                                    458 	.globl _SRCEXTEN1
                                    459 	.globl _SRCEXTEN0
                                    460 	.globl _SRCSHORTEN2
                                    461 	.globl _SRCSHORTEN1
                                    462 	.globl _SRCSHORTEN0
                                    463 	.globl _SRCMATCH
                                    464 	.globl _FRMFILT1
                                    465 	.globl _FRMFILT0
                                    466 	.globl _SHORT_ADDR1
                                    467 	.globl _SHORT_ADDR0
                                    468 	.globl _PAN_ID1
                                    469 	.globl _PAN_ID0
                                    470 	.globl _EXT_ADDR7
                                    471 	.globl _EXT_ADDR6
                                    472 	.globl _EXT_ADDR5
                                    473 	.globl _EXT_ADDR4
                                    474 	.globl _EXT_ADDR3
                                    475 	.globl _EXT_ADDR2
                                    476 	.globl _EXT_ADDR1
                                    477 	.globl _EXT_ADDR0
                                    478 	.globl _SRCSHORTPENDEN2
                                    479 	.globl _SRCSHORTPENDEN1
                                    480 	.globl _SRCSHORTPENDEN0
                                    481 	.globl _SRCEXTPENDEN2
                                    482 	.globl _SRCEXTPENDEN1
                                    483 	.globl _SRCEXTPENDEN0
                                    484 	.globl _SRCRESINDEX
                                    485 	.globl _SRCRESMASK2
                                    486 	.globl _SRCRESMASK1
                                    487 	.globl _SRCRESMASK0
                                    488 	.globl _SRC_ADDR_TABLE
                                    489 	.globl _TXFIFO
                                    490 	.globl _RXFIFO
                                    491 	.globl _RFCORE_RAM
                                    492 	.globl _CMPCTL
                                    493 	.globl _OPAMPS
                                    494 	.globl _OPAMPC
                                    495 	.globl _STCV2
                                    496 	.globl _STCV1
                                    497 	.globl _STCV0
                                    498 	.globl _STCS
                                    499 	.globl _STCC
                                    500 	.globl _T1CC4H
                                    501 	.globl _T1CC4L
                                    502 	.globl _T1CC3H
                                    503 	.globl _T1CC3L
                                    504 	.globl _XX_T1CC2H
                                    505 	.globl _XX_T1CC2L
                                    506 	.globl _XX_T1CC1H
                                    507 	.globl _XX_T1CC1L
                                    508 	.globl _XX_T1CC0H
                                    509 	.globl _XX_T1CC0L
                                    510 	.globl _T1CCTL4
                                    511 	.globl _T1CCTL3
                                    512 	.globl _XX_T1CCTL2
                                    513 	.globl _XX_T1CCTL1
                                    514 	.globl _XX_T1CCTL0
                                    515 	.globl _CLD
                                    516 	.globl _IRCTL
                                    517 	.globl _CHIPINFO1
                                    518 	.globl _CHIPINFO0
                                    519 	.globl _FWDATA
                                    520 	.globl _FADDRH
                                    521 	.globl _FADDRL
                                    522 	.globl _FCTL
                                    523 	.globl _IVCTRL
                                    524 	.globl _BATTMON
                                    525 	.globl _SRCRC
                                    526 	.globl _DBGDATA
                                    527 	.globl _TESTREG0
                                    528 	.globl _CHIPID
                                    529 	.globl _CHVER
                                    530 	.globl _OBSSEL5
                                    531 	.globl _OBSSEL4
                                    532 	.globl _OBSSEL3
                                    533 	.globl _OBSSEL2
                                    534 	.globl _OBSSEL1
                                    535 	.globl _OBSSEL0
                                    536 	.globl _I2CIO
                                    537 	.globl _I2CWC
                                    538 	.globl _I2CADDR
                                    539 	.globl _I2CDATA
                                    540 	.globl _I2CSTAT
                                    541 	.globl _I2CCFG
                                    542 	.globl _OPAMPMC
                                    543 	.globl _MONMUX
                                    544 	.globl _uip_packetqueue_new
                                    545 	.globl _uip_packetqueue_alloc
                                    546 	.globl _uip_packetqueue_free
                                    547 	.globl _uip_packetqueue_buf
                                    548 	.globl _uip_packetqueue_buflen
                                    549 	.globl _uip_packetqueue_set_buflen
                                    550 ;--------------------------------------------------------
                                    551 ; special function registers
                                    552 ;--------------------------------------------------------
                                    553 	.area RSEG    (ABS,DATA)
      000000                        554 	.org 0x0000
                           000080   555 _P0	=	0x0080
                           000081   556 _SP	=	0x0081
                           000082   557 _DPL0	=	0x0082
                           000083   558 _DPH0	=	0x0083
                           000084   559 _DPL1	=	0x0084
                           000085   560 _DPH1	=	0x0085
                           000087   561 _PCON	=	0x0087
                           000088   562 _TCON	=	0x0088
                           000090   563 _P1	=	0x0090
                           000092   564 _DPS	=	0x0092
                           000098   565 _S0CON	=	0x0098
                           00009A   566 _IEN2	=	0x009a
                           00009B   567 _S1CON	=	0x009b
                           0000A0   568 _P2	=	0x00a0
                           0000A8   569 _IEN0	=	0x00a8
                           0000A9   570 _IP0	=	0x00a9
                           0000B8   571 _IEN1	=	0x00b8
                           0000B9   572 _IP1	=	0x00b9
                           0000C0   573 _IRCON	=	0x00c0
                           0000D0   574 _PSW	=	0x00d0
                           0000E0   575 _ACC	=	0x00e0
                           0000E8   576 _IRCON2	=	0x00e8
                           0000F0   577 _B	=	0x00f0
                           0000B4   578 _ADCCON1	=	0x00b4
                           0000B5   579 _ADCCON2	=	0x00b5
                           0000B6   580 _ADCCON3	=	0x00b6
                           0000BA   581 _ADCL	=	0x00ba
                           0000BB   582 _ADCH	=	0x00bb
                           0000BC   583 _RNDL	=	0x00bc
                           0000BD   584 _RNDH	=	0x00bd
                           0000B1   585 _ENCDI	=	0x00b1
                           0000B2   586 _ENCDO	=	0x00b2
                           0000B3   587 _ENCCS	=	0x00b3
                           0000D1   588 _DMAIRQ	=	0x00d1
                           0000D2   589 _DMA1CFGL	=	0x00d2
                           0000D3   590 _DMA1CFGH	=	0x00d3
                           0000D4   591 _DMA0CFGL	=	0x00d4
                           0000D5   592 _DMA0CFGH	=	0x00d5
                           0000D6   593 _DMAARM	=	0x00d6
                           0000D7   594 _DMAREQ	=	0x00d7
                           000089   595 _P0IFG	=	0x0089
                           00008A   596 _P1IFG	=	0x008a
                           00008B   597 _P2IFG	=	0x008b
                           00008C   598 _PICTL	=	0x008c
                           0000AB   599 _P0IEN	=	0x00ab
                           00008D   600 _P1IEN	=	0x008d
                           0000AC   601 _P2IEN	=	0x00ac
                           00008F   602 _P0INP	=	0x008f
                           0000F1   603 _PERCFG	=	0x00f1
                           0000F2   604 _APCFG	=	0x00f2
                           0000F3   605 _P0SEL	=	0x00f3
                           0000F4   606 _P1SEL	=	0x00f4
                           0000F5   607 _P2SEL	=	0x00f5
                           0000F6   608 _P1INP	=	0x00f6
                           0000F7   609 _P2INP	=	0x00f7
                           0000FD   610 _P0DIR	=	0x00fd
                           0000FE   611 _P1DIR	=	0x00fe
                           0000FF   612 _P2DIR	=	0x00ff
                           0000AE   613 _PMUX	=	0x00ae
                           000093   614 _MPAGE	=	0x0093
                           000093   615 __XPAGE	=	0x0093
                           0000C7   616 _MEMCTR	=	0x00c7
                           00009F   617 _FMAP	=	0x009f
                           00009F   618 _PSBANK	=	0x009f
                           000091   619 _RFIRQF1	=	0x0091
                           0000D9   620 _RFD	=	0x00d9
                           0000E1   621 _RFST	=	0x00e1
                           0000E9   622 _RFIRQF0	=	0x00e9
                           0000BF   623 _RFERRF	=	0x00bf
                           000095   624 _ST0	=	0x0095
                           000096   625 _ST1	=	0x0096
                           000097   626 _ST2	=	0x0097
                           0000AD   627 _STLOAD	=	0x00ad
                           0000BE   628 _SLEEPCMD	=	0x00be
                           00009D   629 _SLEEPSTA	=	0x009d
                           0000C6   630 _CLKCONCMD	=	0x00c6
                           00009E   631 _CLKCONSTA	=	0x009e
                           0000DA   632 _T1CC0L	=	0x00da
                           0000DB   633 _T1CC0H	=	0x00db
                           0000DC   634 _T1CC1L	=	0x00dc
                           0000DD   635 _T1CC1H	=	0x00dd
                           0000DE   636 _T1CC2L	=	0x00de
                           0000DF   637 _T1CC2H	=	0x00df
                           0000E2   638 _T1CNTL	=	0x00e2
                           0000E3   639 _T1CNTH	=	0x00e3
                           0000E4   640 _T1CTL	=	0x00e4
                           0000E5   641 _T1CCTL0	=	0x00e5
                           0000E6   642 _T1CCTL1	=	0x00e6
                           0000E7   643 _T1CCTL2	=	0x00e7
                           0000AF   644 _T1STAT	=	0x00af
                           000094   645 _T2CTRL	=	0x0094
                           00009C   646 _T2EVTCFG	=	0x009c
                           0000A1   647 _T2IRQF	=	0x00a1
                           0000A2   648 _T2M0	=	0x00a2
                           0000A3   649 _T2M1	=	0x00a3
                           0000A4   650 _T2MOVF0	=	0x00a4
                           0000A5   651 _T2MOVF1	=	0x00a5
                           0000A6   652 _T2MOVF2	=	0x00a6
                           0000A7   653 _T2IRQM	=	0x00a7
                           0000C3   654 _T2MSEL	=	0x00c3
                           0000CA   655 _T3CNT	=	0x00ca
                           0000CB   656 _T3CTL	=	0x00cb
                           0000CC   657 _T3CCTL0	=	0x00cc
                           0000CD   658 _T3CC0	=	0x00cd
                           0000CE   659 _T3CCTL1	=	0x00ce
                           0000CF   660 _T3CC1	=	0x00cf
                           0000EA   661 _T4CNT	=	0x00ea
                           0000EB   662 _T4CTL	=	0x00eb
                           0000EC   663 _T4CCTL0	=	0x00ec
                           0000ED   664 _T4CC0	=	0x00ed
                           0000EE   665 _T4CCTL1	=	0x00ee
                           0000EF   666 _T4CC1	=	0x00ef
                           0000D8   667 _TIMIF	=	0x00d8
                           000086   668 _U0CSR	=	0x0086
                           0000C1   669 _U0DBUF	=	0x00c1
                           0000C2   670 _U0BAUD	=	0x00c2
                           0000C4   671 _U0UCR	=	0x00c4
                           0000C5   672 _U0GCR	=	0x00c5
                           0000F8   673 _U1CSR	=	0x00f8
                           0000F9   674 _U1DBUF	=	0x00f9
                           0000FA   675 _U1BAUD	=	0x00fa
                           0000FB   676 _U1UCR	=	0x00fb
                           0000FC   677 _U1GCR	=	0x00fc
                           0000C9   678 _WDCTL	=	0x00c9
                                    679 ;--------------------------------------------------------
                                    680 ; special function bits
                                    681 ;--------------------------------------------------------
                                    682 	.area RSEG    (ABS,DATA)
      000000                        683 	.org 0x0000
                           000087   684 _P0_7	=	0x0087
                           000086   685 _P0_6	=	0x0086
                           000085   686 _P0_5	=	0x0085
                           000084   687 _P0_4	=	0x0084
                           000083   688 _P0_3	=	0x0083
                           000082   689 _P0_2	=	0x0082
                           000081   690 _P0_1	=	0x0081
                           000080   691 _P0_0	=	0x0080
                           00008F   692 _URX1IF	=	0x008f
                           00008D   693 _ADCIF	=	0x008d
                           00008B   694 _URX0IF	=	0x008b
                           00008A   695 _IT1	=	0x008a
                           000089   696 _RFERRIF	=	0x0089
                           000088   697 _IT0	=	0x0088
                           000097   698 _P1_7	=	0x0097
                           000096   699 _P1_6	=	0x0096
                           000095   700 _P1_5	=	0x0095
                           000094   701 _P1_4	=	0x0094
                           000093   702 _P1_3	=	0x0093
                           000092   703 _P1_2	=	0x0092
                           000091   704 _P1_1	=	0x0091
                           000090   705 _P1_0	=	0x0090
                           000099   706 _ENCIF_1	=	0x0099
                           000098   707 _ENCIF_0	=	0x0098
                           0000A7   708 _P2_7	=	0x00a7
                           0000A6   709 _P2_6	=	0x00a6
                           0000A5   710 _P2_5	=	0x00a5
                           0000A4   711 _P2_4	=	0x00a4
                           0000A3   712 _P2_3	=	0x00a3
                           0000A2   713 _P2_2	=	0x00a2
                           0000A1   714 _P2_1	=	0x00a1
                           0000A0   715 _P2_0	=	0x00a0
                           0000AF   716 _EA	=	0x00af
                           0000AD   717 _STIE	=	0x00ad
                           0000AC   718 _ENCIE	=	0x00ac
                           0000AB   719 _URX1IE	=	0x00ab
                           0000AA   720 _URX0IE	=	0x00aa
                           0000A9   721 _ADCIE	=	0x00a9
                           0000A8   722 _RFERRIE	=	0x00a8
                           0000BD   723 _P0IE	=	0x00bd
                           0000BC   724 _T4IE	=	0x00bc
                           0000BB   725 _T3IE	=	0x00bb
                           0000BA   726 _T2IE	=	0x00ba
                           0000B9   727 _T1IE	=	0x00b9
                           0000B8   728 _DMAIE	=	0x00b8
                           0000C7   729 _STIF	=	0x00c7
                           0000C5   730 _P0IF	=	0x00c5
                           0000C4   731 _T4IF	=	0x00c4
                           0000C3   732 _T3IF	=	0x00c3
                           0000C2   733 _T2IF	=	0x00c2
                           0000C1   734 _T1IF	=	0x00c1
                           0000C0   735 _DMAIF	=	0x00c0
                           0000D7   736 _CY	=	0x00d7
                           0000D6   737 _AC	=	0x00d6
                           0000D5   738 _F0	=	0x00d5
                           0000D4   739 _RS1	=	0x00d4
                           0000D3   740 _RS0	=	0x00d3
                           0000D2   741 _OV	=	0x00d2
                           0000D1   742 _F1	=	0x00d1
                           0000D0   743 _P	=	0x00d0
                           0000E7   744 _ACC_7	=	0x00e7
                           0000E6   745 _ACC_6	=	0x00e6
                           0000E5   746 _ACC_5	=	0x00e5
                           0000E4   747 _ACC_4	=	0x00e4
                           0000E3   748 _ACC_3	=	0x00e3
                           0000E2   749 _ACC_2	=	0x00e2
                           0000E1   750 _ACC_1	=	0x00e1
                           0000E0   751 _ACC_0	=	0x00e0
                           0000EC   752 _WDTIF	=	0x00ec
                           0000EB   753 _P1IF	=	0x00eb
                           0000EA   754 _UTX1IF	=	0x00ea
                           0000E9   755 _UTX0IF	=	0x00e9
                           0000E8   756 _P2IF	=	0x00e8
                           0000F7   757 _B_7	=	0x00f7
                           0000F6   758 _B_6	=	0x00f6
                           0000F5   759 _B_5	=	0x00f5
                           0000F4   760 _B_4	=	0x00f4
                           0000F3   761 _B_3	=	0x00f3
                           0000F2   762 _B_2	=	0x00f2
                           0000F1   763 _B_1	=	0x00f1
                           0000F0   764 _B_0	=	0x00f0
                           0000DE   765 _OVFIM	=	0x00de
                           0000DD   766 _T4CH1IF	=	0x00dd
                           0000DC   767 _T4CH0IF	=	0x00dc
                           0000DB   768 _T4OVFIF	=	0x00db
                           0000DA   769 _T3CH1IF	=	0x00da
                           0000D9   770 _T3CH0IF	=	0x00d9
                           0000D8   771 _T3OVFIF	=	0x00d8
                           0000FF   772 _MODE	=	0x00ff
                           0000FE   773 _RE	=	0x00fe
                           0000FD   774 _SLAVE	=	0x00fd
                           0000FC   775 _FE	=	0x00fc
                           0000FB   776 _ERR	=	0x00fb
                           0000FA   777 _RX_BYTE	=	0x00fa
                           0000F9   778 _TX_BYTE	=	0x00f9
                           0000F8   779 _ACTIVE	=	0x00f8
                                    780 ;--------------------------------------------------------
                                    781 ; overlayable register banks
                                    782 ;--------------------------------------------------------
                                    783 	.area REG_BANK_0	(REL,OVR,DATA)
      000000                        784 	.ds 8
                                    785 ;--------------------------------------------------------
                                    786 ; internal ram data
                                    787 ;--------------------------------------------------------
                                    788 	.area DSEG    (DATA)
                                    789 ;--------------------------------------------------------
                                    790 ; overlayable items in internal ram 
                                    791 ;--------------------------------------------------------
                                    792 ;--------------------------------------------------------
                                    793 ; indirectly addressable internal ram data
                                    794 ;--------------------------------------------------------
                                    795 	.area ISEG    (DATA)
                                    796 ;--------------------------------------------------------
                                    797 ; absolute internal ram data
                                    798 ;--------------------------------------------------------
                                    799 	.area IABS    (ABS,DATA)
                                    800 	.area IABS    (ABS,DATA)
                                    801 ;--------------------------------------------------------
                                    802 ; bit data
                                    803 ;--------------------------------------------------------
                                    804 	.area BSEG    (BIT)
                                    805 ;--------------------------------------------------------
                                    806 ; paged external ram data
                                    807 ;--------------------------------------------------------
                                    808 	.area PSEG    (PAG,XDATA)
                                    809 ;--------------------------------------------------------
                                    810 ; external ram data
                                    811 ;--------------------------------------------------------
                                    812 	.area XSEG    (XDATA)
                           0061A6   813 _MONMUX	=	0x61a6
                           0061A6   814 _OPAMPMC	=	0x61a6
                           006230   815 _I2CCFG	=	0x6230
                           006231   816 _I2CSTAT	=	0x6231
                           006232   817 _I2CDATA	=	0x6232
                           006233   818 _I2CADDR	=	0x6233
                           006234   819 _I2CWC	=	0x6234
                           006235   820 _I2CIO	=	0x6235
                           006243   821 _OBSSEL0	=	0x6243
                           006244   822 _OBSSEL1	=	0x6244
                           006245   823 _OBSSEL2	=	0x6245
                           006246   824 _OBSSEL3	=	0x6246
                           006247   825 _OBSSEL4	=	0x6247
                           006248   826 _OBSSEL5	=	0x6248
                           006249   827 _CHVER	=	0x6249
                           00624A   828 _CHIPID	=	0x624a
                           00624B   829 _TESTREG0	=	0x624b
                           006260   830 _DBGDATA	=	0x6260
                           006262   831 _SRCRC	=	0x6262
                           006264   832 _BATTMON	=	0x6264
                           006265   833 _IVCTRL	=	0x6265
                           006270   834 _FCTL	=	0x6270
                           006271   835 _FADDRL	=	0x6271
                           006272   836 _FADDRH	=	0x6272
                           006273   837 _FWDATA	=	0x6273
                           006276   838 _CHIPINFO0	=	0x6276
                           006277   839 _CHIPINFO1	=	0x6277
                           006281   840 _IRCTL	=	0x6281
                           006290   841 _CLD	=	0x6290
                           0062A0   842 _XX_T1CCTL0	=	0x62a0
                           0062A1   843 _XX_T1CCTL1	=	0x62a1
                           0062A2   844 _XX_T1CCTL2	=	0x62a2
                           0062A3   845 _T1CCTL3	=	0x62a3
                           0062A4   846 _T1CCTL4	=	0x62a4
                           0062A6   847 _XX_T1CC0L	=	0x62a6
                           0062A7   848 _XX_T1CC0H	=	0x62a7
                           0062A8   849 _XX_T1CC1L	=	0x62a8
                           0062A9   850 _XX_T1CC1H	=	0x62a9
                           0062AA   851 _XX_T1CC2L	=	0x62aa
                           0062AB   852 _XX_T1CC2H	=	0x62ab
                           0062AC   853 _T1CC3L	=	0x62ac
                           0062AD   854 _T1CC3H	=	0x62ad
                           0062AE   855 _T1CC4L	=	0x62ae
                           0062AF   856 _T1CC4H	=	0x62af
                           0062B0   857 _STCC	=	0x62b0
                           0062B1   858 _STCS	=	0x62b1
                           0062B2   859 _STCV0	=	0x62b2
                           0062B3   860 _STCV1	=	0x62b3
                           0062B4   861 _STCV2	=	0x62b4
                           0062C0   862 _OPAMPC	=	0x62c0
                           0062C1   863 _OPAMPS	=	0x62c1
                           0062D0   864 _CMPCTL	=	0x62d0
                           006000   865 _RFCORE_RAM	=	0x6000
                           006000   866 _RXFIFO	=	0x6000
                           006080   867 _TXFIFO	=	0x6080
                           006100   868 _SRC_ADDR_TABLE	=	0x6100
                           006160   869 _SRCRESMASK0	=	0x6160
                           006161   870 _SRCRESMASK1	=	0x6161
                           006162   871 _SRCRESMASK2	=	0x6162
                           006163   872 _SRCRESINDEX	=	0x6163
                           006164   873 _SRCEXTPENDEN0	=	0x6164
                           006165   874 _SRCEXTPENDEN1	=	0x6165
                           006166   875 _SRCEXTPENDEN2	=	0x6166
                           006167   876 _SRCSHORTPENDEN0	=	0x6167
                           006168   877 _SRCSHORTPENDEN1	=	0x6168
                           006169   878 _SRCSHORTPENDEN2	=	0x6169
                           00616A   879 _EXT_ADDR0	=	0x616a
                           00616B   880 _EXT_ADDR1	=	0x616b
                           00616C   881 _EXT_ADDR2	=	0x616c
                           00616D   882 _EXT_ADDR3	=	0x616d
                           00616E   883 _EXT_ADDR4	=	0x616e
                           00616F   884 _EXT_ADDR5	=	0x616f
                           006170   885 _EXT_ADDR6	=	0x6170
                           006171   886 _EXT_ADDR7	=	0x6171
                           006172   887 _PAN_ID0	=	0x6172
                           006173   888 _PAN_ID1	=	0x6173
                           006174   889 _SHORT_ADDR0	=	0x6174
                           006175   890 _SHORT_ADDR1	=	0x6175
                           006180   891 _FRMFILT0	=	0x6180
                           006181   892 _FRMFILT1	=	0x6181
                           006182   893 _SRCMATCH	=	0x6182
                           006183   894 _SRCSHORTEN0	=	0x6183
                           006184   895 _SRCSHORTEN1	=	0x6184
                           006185   896 _SRCSHORTEN2	=	0x6185
                           006186   897 _SRCEXTEN0	=	0x6186
                           006187   898 _SRCEXTEN1	=	0x6187
                           006188   899 _SRCEXTEN2	=	0x6188
                           006189   900 _FRMCTRL0	=	0x6189
                           00618A   901 _FRMCTRL1	=	0x618a
                           00618B   902 _RXENABLE	=	0x618b
                           00618C   903 _RXMASKSET	=	0x618c
                           00618D   904 _RXMASKCLR	=	0x618d
                           00618E   905 _FREQTUNE	=	0x618e
                           00618F   906 _FREQCTRL	=	0x618f
                           006190   907 _TXPOWER	=	0x6190
                           006191   908 _TXCTRL	=	0x6191
                           006192   909 _FSMSTAT0	=	0x6192
                           006193   910 _FSMSTAT1	=	0x6193
                           006194   911 _FIFOPCTRL	=	0x6194
                           006195   912 _FSMCTRL	=	0x6195
                           006196   913 _CCACTRL0	=	0x6196
                           006197   914 _CCACTRL1	=	0x6197
                           006198   915 _RSSI	=	0x6198
                           006199   916 _RSSISTAT	=	0x6199
                           00619A   917 _RXFIRST	=	0x619a
                           00619B   918 _RXFIFOCNT	=	0x619b
                           00619C   919 _TXFIFOCNT	=	0x619c
                           00619D   920 _RXFIRST_PTR	=	0x619d
                           00619E   921 _RXLAST_PTR	=	0x619e
                           00619F   922 _RXP1_PTR	=	0x619f
                           0061A1   923 _TXFIRST_PTR	=	0x61a1
                           0061A2   924 _TXLAST_PTR	=	0x61a2
                           0061A3   925 _RFIRQM0	=	0x61a3
                           0061A4   926 _RFIRQM1	=	0x61a4
                           0061A5   927 _RFERRM	=	0x61a5
                           0061A7   928 _RFRND	=	0x61a7
                           0061A8   929 _MDMCTRL0	=	0x61a8
                           0061A9   930 _MDMCTRL1	=	0x61a9
                           0061AA   931 _FREQEST	=	0x61aa
                           0061AB   932 _RXCTRL	=	0x61ab
                           0061AC   933 _FSCTRL	=	0x61ac
                           0061AD   934 _FSCAL0	=	0x61ad
                           0061AE   935 _FSCAL1	=	0x61ae
                           0061AF   936 _FSCAL2	=	0x61af
                           0061B0   937 _FSCAL3	=	0x61b0
                           0061B1   938 _AGCCTRL0	=	0x61b1
                           0061B2   939 _AGCCTRL1	=	0x61b2
                           0061B3   940 _AGCCTRL2	=	0x61b3
                           0061B4   941 _AGCCTRL3	=	0x61b4
                           0061B5   942 _ADCTEST0	=	0x61b5
                           0061B6   943 _ADCTEST1	=	0x61b6
                           0061B7   944 _ADCTEST2	=	0x61b7
                           0061B8   945 _MDMTEST0	=	0x61b8
                           0061B9   946 _MDMTEST1	=	0x61b9
                           0061BA   947 _DACTEST0	=	0x61ba
                           0061BB   948 _DACTEST1	=	0x61bb
                           0061BC   949 _DACTEST2	=	0x61bc
                           0061BD   950 _ATEST	=	0x61bd
                           0061BE   951 _PTEST0	=	0x61be
                           0061BF   952 _PTEST1	=	0x61bf
                           0061FA   953 _TXFILTCFG	=	0x61fa
                           0061EB   954 _RFC_OBS_CTRL0	=	0x61eb
                           0061EC   955 _RFC_OBS_CTRL1	=	0x61ec
                           0061ED   956 _RFC_OBS_CTRL2	=	0x61ed
                           0061C0   957 _CSPPROG0	=	0x61c0
                           0061C1   958 _CSPPROG1	=	0x61c1
                           0061C2   959 _CSPPROG2	=	0x61c2
                           0061C3   960 _CSPPROG3	=	0x61c3
                           0061C4   961 _CSPPROG4	=	0x61c4
                           0061C5   962 _CSPPROG5	=	0x61c5
                           0061C6   963 _CSPPROG6	=	0x61c6
                           0061C7   964 _CSPPROG7	=	0x61c7
                           0061C8   965 _CSPPROG8	=	0x61c8
                           0061C9   966 _CSPPROG9	=	0x61c9
                           0061CA   967 _CSPPROG10	=	0x61ca
                           0061CB   968 _CSPPROG11	=	0x61cb
                           0061CC   969 _CSPPROG12	=	0x61cc
                           0061CD   970 _CSPPROG13	=	0x61cd
                           0061CE   971 _CSPPROG14	=	0x61ce
                           0061CF   972 _CSPPROG15	=	0x61cf
                           0061D0   973 _CSPPROG16	=	0x61d0
                           0061D1   974 _CSPPROG17	=	0x61d1
                           0061D2   975 _CSPPROG18	=	0x61d2
                           0061D3   976 _CSPPROG19	=	0x61d3
                           0061D4   977 _CSPPROG20	=	0x61d4
                           0061D5   978 _CSPPROG21	=	0x61d5
                           0061D6   979 _CSPPROG22	=	0x61d6
                           0061D7   980 _CSPPROG23	=	0x61d7
                           0061E0   981 _CSPCTRL	=	0x61e0
                           0061E1   982 _CSPSTAT	=	0x61e1
                           0061E2   983 _CSPX	=	0x61e2
                           0061E3   984 _CSPY	=	0x61e3
                           0061E4   985 _CSPZ	=	0x61e4
                           0061E5   986 _CSPT	=	0x61e5
                           006200   987 _USBADDR	=	0x6200
                           006201   988 _USBPOW	=	0x6201
                           006202   989 _USBIIF	=	0x6202
                           006204   990 _USBOIF	=	0x6204
                           006206   991 _USBCIF	=	0x6206
                           006207   992 _USBIIE	=	0x6207
                           006209   993 _USBOIE	=	0x6209
                           00620B   994 _USBCIE	=	0x620b
                           00620C   995 _USBFRML	=	0x620c
                           00620D   996 _USBFRMH	=	0x620d
                           00620E   997 _USBINDEX	=	0x620e
                           00620F   998 _USBCTRL	=	0x620f
                           006210   999 _USBMAXI	=	0x6210
                           006211  1000 _USBCS0	=	0x6211
                           006211  1001 _USBCSIL	=	0x6211
                           006212  1002 _USBCSIH	=	0x6212
                           006213  1003 _USBMAXO	=	0x6213
                           006214  1004 _USBCSOL	=	0x6214
                           006215  1005 _USBCSOH	=	0x6215
                           006216  1006 _USBCNT0	=	0x6216
                           006216  1007 _USBCNTL	=	0x6216
                           006217  1008 _USBCNTH	=	0x6217
                           006220  1009 _USBF0	=	0x6220
                           006222  1010 _USBF1	=	0x6222
                           006224  1011 _USBF2	=	0x6224
                           006226  1012 _USBF3	=	0x6226
                           006228  1013 _USBF4	=	0x6228
                           00622A  1014 _USBF5	=	0x622a
                           007080  1015 _X_P0	=	0x7080
                           007086  1016 _X_U0CSR	=	0x7086
                           007089  1017 _X_P0IFG	=	0x7089
                           00708A  1018 _X_P1IFG	=	0x708a
                           00708B  1019 _X_P2IFG	=	0x708b
                           00708C  1020 _X_PICTL	=	0x708c
                           00708D  1021 _X_P1IEN	=	0x708d
                           00708F  1022 _X_P0INP	=	0x708f
                           007090  1023 _X_P1	=	0x7090
                           007091  1024 _X_RFIRQF1	=	0x7091
                           007093  1025 _X_MPAGE	=	0x7093
                           007093  1026 _X__XPAGE	=	0x7093
                           007094  1027 _X_T2CTRL	=	0x7094
                           007095  1028 _X_ST0	=	0x7095
                           007096  1029 _X_ST1	=	0x7096
                           007097  1030 _X_ST2	=	0x7097
                           00709C  1031 _X_T2EVTCFG	=	0x709c
                           00709D  1032 _X_SLEEPSTA	=	0x709d
                           00709E  1033 _X_CLKCONSTA	=	0x709e
                           00709F  1034 _X_FMAP	=	0x709f
                           00709F  1035 _X_PSBANK	=	0x709f
                           0070A0  1036 _X_P2	=	0x70a0
                           0070A1  1037 _X_T2IRQF	=	0x70a1
                           0070A2  1038 _X_T2M0	=	0x70a2
                           0070A3  1039 _X_T2M1	=	0x70a3
                           0070A4  1040 _X_T2MOVF0	=	0x70a4
                           0070A5  1041 _X_T2MOVF1	=	0x70a5
                           0070A6  1042 _X_T2MOVF2	=	0x70a6
                           0070A7  1043 _X_T2IRQM	=	0x70a7
                           0070AB  1044 _X_P0IEN	=	0x70ab
                           0070AC  1045 _X_P2IEN	=	0x70ac
                           0070AD  1046 _X_STLOAD	=	0x70ad
                           0070AE  1047 _X_PMUX	=	0x70ae
                           0070AF  1048 _X_T1STAT	=	0x70af
                           0070B1  1049 _X_ENCDI	=	0x70b1
                           0070B2  1050 _X_ENCDO	=	0x70b2
                           0070B3  1051 _X_ENCCS	=	0x70b3
                           0070B4  1052 _X_ADCCON1	=	0x70b4
                           0070B5  1053 _X_ADCCON2	=	0x70b5
                           0070B6  1054 _X_ADCCON3	=	0x70b6
                           0070BA  1055 _X_ADCL	=	0x70ba
                           0070BB  1056 _X_ADCH	=	0x70bb
                           0070BC  1057 _X_RNDL	=	0x70bc
                           0070BD  1058 _X_RNDH	=	0x70bd
                           0070BE  1059 _X_SLEEPCMD	=	0x70be
                           0070BF  1060 _X_RFERRF	=	0x70bf
                           0070C1  1061 _X_U0DBUF	=	0x70c1
                           0070C2  1062 _X_U0BAUD	=	0x70c2
                           0070C3  1063 _X_T2MSEL	=	0x70c3
                           0070C4  1064 _X_U0UCR	=	0x70c4
                           0070C5  1065 _X_U0GCR	=	0x70c5
                           0070C6  1066 _X_CLKCONCMD	=	0x70c6
                           0070C7  1067 _X_MEMCTR	=	0x70c7
                           0070C9  1068 _X_WDCTL	=	0x70c9
                           0070CA  1069 _X_T3CNT	=	0x70ca
                           0070CB  1070 _X_T3CTL	=	0x70cb
                           0070CC  1071 _X_T3CCTL0	=	0x70cc
                           0070CD  1072 _X_T3CC0	=	0x70cd
                           0070CE  1073 _X_T3CCTL1	=	0x70ce
                           0070CF  1074 _X_T3CC1	=	0x70cf
                           0070D1  1075 _X_DMAIRQ	=	0x70d1
                           0070D2  1076 _X_DMA1CFGL	=	0x70d2
                           0070D3  1077 _X_DMA1CFGH	=	0x70d3
                           0070D4  1078 _X_DMA0CFGL	=	0x70d4
                           0070D5  1079 _X_DMA0CFGH	=	0x70d5
                           0070D6  1080 _X_DMAARM	=	0x70d6
                           0070D7  1081 _X_DMAREQ	=	0x70d7
                           0070D8  1082 _X_TIMIF	=	0x70d8
                           0070D9  1083 _X_RFD	=	0x70d9
                           0070DA  1084 _X_T1CC0L	=	0x70da
                           0070DB  1085 _X_T1CC0H	=	0x70db
                           0070DC  1086 _X_T1CC1L	=	0x70dc
                           0070DD  1087 _X_T1CC1H	=	0x70dd
                           0070DE  1088 _X_T1CC2L	=	0x70de
                           0070DF  1089 _X_T1CC2H	=	0x70df
                           0070E1  1090 _X_RFST	=	0x70e1
                           0070E2  1091 _X_T1CNTL	=	0x70e2
                           0070E3  1092 _X_T1CNTH	=	0x70e3
                           0070E4  1093 _X_T1CTL	=	0x70e4
                           0070E5  1094 _X_T1CCTL0	=	0x70e5
                           0070E6  1095 _X_T1CCTL1	=	0x70e6
                           0070E7  1096 _X_T1CCTL2	=	0x70e7
                           0070E9  1097 _X_RFIRQF0	=	0x70e9
                           0070EA  1098 _X_T4CNT	=	0x70ea
                           0070EB  1099 _X_T4CTL	=	0x70eb
                           0070EC  1100 _X_T4CCTL0	=	0x70ec
                           0070ED  1101 _X_T4CC0	=	0x70ed
                           0070EE  1102 _X_T4CCTL1	=	0x70ee
                           0070EF  1103 _X_T4CC1	=	0x70ef
                           0070F1  1104 _X_PERCFG	=	0x70f1
                           0070F2  1105 _X_APCFG	=	0x70f2
                           0070F3  1106 _X_P0SEL	=	0x70f3
                           0070F4  1107 _X_P1SEL	=	0x70f4
                           0070F5  1108 _X_P2SEL	=	0x70f5
                           0070F6  1109 _X_P1INP	=	0x70f6
                           0070F7  1110 _X_P2INP	=	0x70f7
                           0070F8  1111 _X_U1CSR	=	0x70f8
                           0070F9  1112 _X_U1DBUF	=	0x70f9
                           0070FA  1113 _X_U1BAUD	=	0x70fa
                           0070FB  1114 _X_U1UCR	=	0x70fb
                           0070FC  1115 _X_U1GCR	=	0x70fc
                           0070FD  1116 _X_P0DIR	=	0x70fd
                           0070FE  1117 _X_P1DIR	=	0x70fe
                           0070FF  1118 _X_P2DIR	=	0x70ff
                           007800  1119 _X_INFOPAGE	=	0x7800
                           00780C  1120 _X_IEEE_ADDR	=	0x780c
      000000                       1121 _packets_memb_memb_count:
      000000                       1122 	.ds 2
      000002                       1123 _packets_memb_memb_mem:
      000002                       1124 	.ds 246
                                   1125 ;--------------------------------------------------------
                                   1126 ; absolute external ram data
                                   1127 ;--------------------------------------------------------
                                   1128 	.area XABS    (ABS,XDATA)
                                   1129 ;--------------------------------------------------------
                                   1130 ; external initialized ram data
                                   1131 ;--------------------------------------------------------
                                   1132 	.area XISEG   (XDATA)
      000000                       1133 _packets_memb:
      000000                       1134 	.ds 10
                                   1135 	.area HOME    (CODE)
                                   1136 	.area GSINIT0 (CODE)
                                   1137 	.area GSINIT1 (CODE)
                                   1138 	.area GSINIT2 (CODE)
                                   1139 	.area GSINIT3 (CODE)
                                   1140 	.area GSINIT4 (CODE)
                                   1141 	.area GSINIT5 (CODE)
                                   1142 	.area GSINIT  (CODE)
                                   1143 	.area GSFINAL (CODE)
                                   1144 	.area CSEG    (CODE)
                                   1145 ;--------------------------------------------------------
                                   1146 ; global & static initialisations
                                   1147 ;--------------------------------------------------------
                                   1148 	.area HOME    (CODE)
                                   1149 	.area GSINIT  (CODE)
                                   1150 	.area GSFINAL (CODE)
                                   1151 	.area GSINIT  (CODE)
                                   1152 ;--------------------------------------------------------
                                   1153 ; Home
                                   1154 ;--------------------------------------------------------
                                   1155 	.area HOME    (CODE)
                                   1156 	.area HOME    (CODE)
                                   1157 ;--------------------------------------------------------
                                   1158 ; code
                                   1159 ;--------------------------------------------------------
                                   1160 	.area CSEG    (CODE)
                                   1161 ;------------------------------------------------------------
                                   1162 ;Allocation info for local variables in function 'packet_timedout'
                                   1163 ;------------------------------------------------------------
                                   1164 ;ptr                       Allocated to registers r5 r6 r7 
                                   1165 ;h                         Allocated to registers r5 r6 r7 
                                   1166 ;------------------------------------------------------------
                                   1167 ;	/home/user/contiki/core/net/uip-packetqueue.c:22: packet_timedout(void *ptr)
                                   1168 ;	-----------------------------------------
                                   1169 ;	 function packet_timedout
                                   1170 ;	-----------------------------------------
      000000                       1171 _packet_timedout:
                           000007  1172 	ar7 = 0x07
                           000006  1173 	ar6 = 0x06
                           000005  1174 	ar5 = 0x05
                           000004  1175 	ar4 = 0x04
                           000003  1176 	ar3 = 0x03
                           000002  1177 	ar2 = 0x02
                           000001  1178 	ar1 = 0x01
                           000000  1179 	ar0 = 0x00
                                   1180 ;	/home/user/contiki/core/net/uip-packetqueue.c:24: struct uip_packetqueue_handle *h = ptr;
                                   1181 ;	/home/user/contiki/core/net/uip-packetqueue.c:27: memb_free(&packets_memb, h->packet);
      000000 AD 82            [24] 1182 	mov	r5,dpl
      000002 AE 83            [24] 1183 	mov	r6,dph
      000004 AF F0            [24] 1184 	mov	r7,b
      000006 12r00r00         [24] 1185 	lcall	__gptrget
      000009 FA               [12] 1186 	mov	r2,a
      00000A A3               [24] 1187 	inc	dptr
      00000B 12r00r00         [24] 1188 	lcall	__gptrget
      00000E FB               [12] 1189 	mov	r3,a
      00000F A3               [24] 1190 	inc	dptr
      000010 12r00r00         [24] 1191 	lcall	__gptrget
      000013 FC               [12] 1192 	mov	r4,a
      000014 C0 07            [24] 1193 	push	ar7
      000016 C0 06            [24] 1194 	push	ar6
      000018 C0 05            [24] 1195 	push	ar5
      00001A C0 02            [24] 1196 	push	ar2
      00001C C0 03            [24] 1197 	push	ar3
      00001E C0 04            [24] 1198 	push	ar4
      000020 90r00r00         [24] 1199 	mov	dptr,#_packets_memb
      000023 75 F0 00         [24] 1200 	mov	b,#0x00
      000026 12r00r00         [24] 1201 	lcall	_memb_free
      000029 15 81            [12] 1202 	dec	sp
      00002B 15 81            [12] 1203 	dec	sp
      00002D 15 81            [12] 1204 	dec	sp
      00002F D0 05            [24] 1205 	pop	ar5
      000031 D0 06            [24] 1206 	pop	ar6
      000033 D0 07            [24] 1207 	pop	ar7
                                   1208 ;	/home/user/contiki/core/net/uip-packetqueue.c:28: h->packet = NULL;
      000035 8D 82            [24] 1209 	mov	dpl,r5
      000037 8E 83            [24] 1210 	mov	dph,r6
      000039 8F F0            [24] 1211 	mov	b,r7
      00003B E4               [12] 1212 	clr	a
      00003C 12r00r00         [24] 1213 	lcall	__gptrput
      00003F A3               [24] 1214 	inc	dptr
      000040 E4               [12] 1215 	clr	a
      000041 12r00r00         [24] 1216 	lcall	__gptrput
      000044 A3               [24] 1217 	inc	dptr
      000045 E4               [12] 1218 	clr	a
      000046 02r00r00         [24] 1219 	ljmp	__gptrput
                                   1220 ;------------------------------------------------------------
                                   1221 ;Allocation info for local variables in function 'uip_packetqueue_new'
                                   1222 ;------------------------------------------------------------
                                   1223 ;handle                    Allocated to registers r5 r6 r7 
                                   1224 ;------------------------------------------------------------
                                   1225 ;	/home/user/contiki/core/net/uip-packetqueue.c:32: uip_packetqueue_new(struct uip_packetqueue_handle *handle)
                                   1226 ;	-----------------------------------------
                                   1227 ;	 function uip_packetqueue_new
                                   1228 ;	-----------------------------------------
      000049                       1229 _uip_packetqueue_new:
                                   1230 ;	/home/user/contiki/core/net/uip-packetqueue.c:35: handle->packet = NULL;
      000049 E4               [12] 1231 	clr	a
      00004A 12r00r00         [24] 1232 	lcall	__gptrput
      00004D A3               [24] 1233 	inc	dptr
      00004E E4               [12] 1234 	clr	a
      00004F 12r00r00         [24] 1235 	lcall	__gptrput
      000052 A3               [24] 1236 	inc	dptr
      000053 E4               [12] 1237 	clr	a
      000054 02r00r00         [24] 1238 	ljmp	__gptrput
                                   1239 ;------------------------------------------------------------
                                   1240 ;Allocation info for local variables in function 'uip_packetqueue_alloc'
                                   1241 ;------------------------------------------------------------
                                   1242 ;lifetime                  Allocated to stack - sp -6
                                   1243 ;handle                    Allocated to registers r5 r6 r7 
                                   1244 ;sloc0                     Allocated to stack - sp -2
                                   1245 ;------------------------------------------------------------
                                   1246 ;	/home/user/contiki/core/net/uip-packetqueue.c:39: uip_packetqueue_alloc(struct uip_packetqueue_handle *handle, clock_time_t lifetime)
                                   1247 ;	-----------------------------------------
                                   1248 ;	 function uip_packetqueue_alloc
                                   1249 ;	-----------------------------------------
      000057                       1250 _uip_packetqueue_alloc:
      000057 05 81            [12] 1251 	inc	sp
      000059 05 81            [12] 1252 	inc	sp
      00005B 05 81            [12] 1253 	inc	sp
                                   1254 ;	/home/user/contiki/core/net/uip-packetqueue.c:42: if(handle->packet != NULL) {
      00005D AD 82            [24] 1255 	mov	r5,dpl
      00005F AE 83            [24] 1256 	mov	r6,dph
      000061 AF F0            [24] 1257 	mov	r7,b
      000063 12r00r00         [24] 1258 	lcall	__gptrget
      000066 FA               [12] 1259 	mov	r2,a
      000067 A3               [24] 1260 	inc	dptr
      000068 12r00r00         [24] 1261 	lcall	__gptrget
      00006B FB               [12] 1262 	mov	r3,a
      00006C A3               [24] 1263 	inc	dptr
      00006D 12r00r00         [24] 1264 	lcall	__gptrget
      000070 FC               [12] 1265 	mov	r4,a
      000071 EA               [12] 1266 	mov	a,r2
      000072 4B               [12] 1267 	orl	a,r3
      000073 60 09            [24] 1268 	jz	00102$
                                   1269 ;	/home/user/contiki/core/net/uip-packetqueue.c:44: return NULL;
      000075 90 00 00         [24] 1270 	mov	dptr,#0x0000
      000078 75 F0 00         [24] 1271 	mov	b,#0x00
      00007B 02r01r3C         [24] 1272 	ljmp	00105$
      00007E                       1273 00102$:
                                   1274 ;	/home/user/contiki/core/net/uip-packetqueue.c:46: handle->packet = memb_alloc(&packets_memb);
      00007E 90r00r00         [24] 1275 	mov	dptr,#_packets_memb
      000081 75 F0 00         [24] 1276 	mov	b,#0x00
      000084 C0 07            [24] 1277 	push	ar7
      000086 C0 06            [24] 1278 	push	ar6
      000088 C0 05            [24] 1279 	push	ar5
      00008A 12r00r00         [24] 1280 	lcall	_memb_alloc
      00008D AA 82            [24] 1281 	mov	r2,dpl
      00008F AB 83            [24] 1282 	mov	r3,dph
      000091 AC F0            [24] 1283 	mov	r4,b
      000093 D0 05            [24] 1284 	pop	ar5
      000095 D0 06            [24] 1285 	pop	ar6
      000097 D0 07            [24] 1286 	pop	ar7
      000099 8D 82            [24] 1287 	mov	dpl,r5
      00009B 8E 83            [24] 1288 	mov	dph,r6
      00009D 8F F0            [24] 1289 	mov	b,r7
      00009F EA               [12] 1290 	mov	a,r2
      0000A0 12r00r00         [24] 1291 	lcall	__gptrput
      0000A3 A3               [24] 1292 	inc	dptr
      0000A4 EB               [12] 1293 	mov	a,r3
      0000A5 12r00r00         [24] 1294 	lcall	__gptrput
      0000A8 A3               [24] 1295 	inc	dptr
      0000A9 EC               [12] 1296 	mov	a,r4
      0000AA 12r00r00         [24] 1297 	lcall	__gptrput
                                   1298 ;	/home/user/contiki/core/net/uip-packetqueue.c:47: if(handle->packet != NULL) {
      0000AD 8D 82            [24] 1299 	mov	dpl,r5
      0000AF 8E 83            [24] 1300 	mov	dph,r6
      0000B1 8F F0            [24] 1301 	mov	b,r7
      0000B3 A8 81            [24] 1302 	mov	r0,sp
      0000B5 18               [12] 1303 	dec	r0
      0000B6 18               [12] 1304 	dec	r0
      0000B7 12r00r00         [24] 1305 	lcall	__gptrget
      0000BA F6               [12] 1306 	mov	@r0,a
      0000BB A3               [24] 1307 	inc	dptr
      0000BC 12r00r00         [24] 1308 	lcall	__gptrget
      0000BF 08               [12] 1309 	inc	r0
      0000C0 F6               [12] 1310 	mov	@r0,a
      0000C1 A3               [24] 1311 	inc	dptr
      0000C2 12r00r00         [24] 1312 	lcall	__gptrget
      0000C5 08               [12] 1313 	inc	r0
      0000C6 F6               [12] 1314 	mov	@r0,a
      0000C7 EA               [12] 1315 	mov	a,r2
      0000C8 4B               [12] 1316 	orl	a,r3
      0000C9 60 57            [24] 1317 	jz	00104$
                                   1318 ;	/home/user/contiki/core/net/uip-packetqueue.c:49: packet_timedout, handle);
      0000CB 8D 02            [24] 1319 	mov	ar2,r5
      0000CD 8E 03            [24] 1320 	mov	ar3,r6
      0000CF 8F 04            [24] 1321 	mov	ar4,r7
                                   1322 ;	/home/user/contiki/core/net/uip-packetqueue.c:48: ctimer_set(&handle->packet->lifetimer, lifetime,
      0000D1 C0 05            [24] 1323 	push	ar5
      0000D3 C0 06            [24] 1324 	push	ar6
      0000D5 C0 07            [24] 1325 	push	ar7
      0000D7 E5 81            [12] 1326 	mov	a,sp
      0000D9 24 FB            [12] 1327 	add	a,#0xfb
      0000DB F8               [12] 1328 	mov	r0,a
      0000DC 74 63            [12] 1329 	mov	a,#0x63
      0000DE 26               [12] 1330 	add	a,@r0
      0000DF FD               [12] 1331 	mov	r5,a
      0000E0 E4               [12] 1332 	clr	a
      0000E1 08               [12] 1333 	inc	r0
      0000E2 36               [12] 1334 	addc	a,@r0
      0000E3 FE               [12] 1335 	mov	r6,a
      0000E4 08               [12] 1336 	inc	r0
      0000E5 86 07            [24] 1337 	mov	ar7,@r0
      0000E7 C0 07            [24] 1338 	push	ar7
      0000E9 C0 06            [24] 1339 	push	ar6
      0000EB C0 05            [24] 1340 	push	ar5
      0000ED C0 02            [24] 1341 	push	ar2
      0000EF C0 03            [24] 1342 	push	ar3
      0000F1 C0 04            [24] 1343 	push	ar4
      0000F3 74r00            [12] 1344 	mov	a,#_packet_timedout
      0000F5 C0 E0            [24] 1345 	push	acc
      0000F7 74s00            [12] 1346 	mov	a,#(_packet_timedout >> 8)
      0000F9 C0 E0            [24] 1347 	push	acc
      0000FB E5 81            [12] 1348 	mov	a,sp
      0000FD 24 EF            [12] 1349 	add	a,#0xef
      0000FF F8               [12] 1350 	mov	r0,a
      000100 E6               [12] 1351 	mov	a,@r0
      000101 C0 E0            [24] 1352 	push	acc
      000103 08               [12] 1353 	inc	r0
      000104 E6               [12] 1354 	mov	a,@r0
      000105 C0 E0            [24] 1355 	push	acc
      000107 8D 82            [24] 1356 	mov	dpl,r5
      000109 8E 83            [24] 1357 	mov	dph,r6
      00010B 8F F0            [24] 1358 	mov	b,r7
      00010D 12r00r00         [24] 1359 	lcall	_ctimer_set
      000110 E5 81            [12] 1360 	mov	a,sp
      000112 24 F9            [12] 1361 	add	a,#0xf9
      000114 F5 81            [12] 1362 	mov	sp,a
      000116 D0 05            [24] 1363 	pop	ar5
      000118 D0 06            [24] 1364 	pop	ar6
      00011A D0 07            [24] 1365 	pop	ar7
                                   1366 ;	/home/user/contiki/core/net/uip-packetqueue.c:53: return handle->packet;
      00011C D0 07            [24] 1367 	pop	ar7
      00011E D0 06            [24] 1368 	pop	ar6
      000120 D0 05            [24] 1369 	pop	ar5
                                   1370 ;	/home/user/contiki/core/net/uip-packetqueue.c:48: ctimer_set(&handle->packet->lifetimer, lifetime,
      000122                       1371 00104$:
                                   1372 ;	/home/user/contiki/core/net/uip-packetqueue.c:53: return handle->packet;
      000122 8D 82            [24] 1373 	mov	dpl,r5
      000124 8E 83            [24] 1374 	mov	dph,r6
      000126 8F F0            [24] 1375 	mov	b,r7
      000128 12r00r00         [24] 1376 	lcall	__gptrget
      00012B FD               [12] 1377 	mov	r5,a
      00012C A3               [24] 1378 	inc	dptr
      00012D 12r00r00         [24] 1379 	lcall	__gptrget
      000130 FE               [12] 1380 	mov	r6,a
      000131 A3               [24] 1381 	inc	dptr
      000132 12r00r00         [24] 1382 	lcall	__gptrget
      000135 FF               [12] 1383 	mov	r7,a
      000136 8D 82            [24] 1384 	mov	dpl,r5
      000138 8E 83            [24] 1385 	mov	dph,r6
      00013A 8F F0            [24] 1386 	mov	b,r7
      00013C                       1387 00105$:
      00013C 15 81            [12] 1388 	dec	sp
      00013E 15 81            [12] 1389 	dec	sp
      000140 15 81            [12] 1390 	dec	sp
      000142 22               [24] 1391 	ret
                                   1392 ;------------------------------------------------------------
                                   1393 ;Allocation info for local variables in function 'uip_packetqueue_free'
                                   1394 ;------------------------------------------------------------
                                   1395 ;handle                    Allocated to registers r5 r6 r7 
                                   1396 ;------------------------------------------------------------
                                   1397 ;	/home/user/contiki/core/net/uip-packetqueue.c:57: uip_packetqueue_free(struct uip_packetqueue_handle *handle)
                                   1398 ;	-----------------------------------------
                                   1399 ;	 function uip_packetqueue_free
                                   1400 ;	-----------------------------------------
      000143                       1401 _uip_packetqueue_free:
                                   1402 ;	/home/user/contiki/core/net/uip-packetqueue.c:60: if(handle->packet != NULL) {
      000143 AD 82            [24] 1403 	mov	r5,dpl
      000145 AE 83            [24] 1404 	mov	r6,dph
      000147 AF F0            [24] 1405 	mov	r7,b
      000149 12r00r00         [24] 1406 	lcall	__gptrget
      00014C FA               [12] 1407 	mov	r2,a
      00014D A3               [24] 1408 	inc	dptr
      00014E 12r00r00         [24] 1409 	lcall	__gptrget
      000151 FB               [12] 1410 	mov	r3,a
      000152 A3               [24] 1411 	inc	dptr
      000153 12r00r00         [24] 1412 	lcall	__gptrget
      000156 FC               [12] 1413 	mov	r4,a
      000157 EA               [12] 1414 	mov	a,r2
      000158 4B               [12] 1415 	orl	a,r3
      000159 60 65            [24] 1416 	jz	00103$
                                   1417 ;	/home/user/contiki/core/net/uip-packetqueue.c:61: ctimer_stop(&handle->packet->lifetimer);
      00015B 74 63            [12] 1418 	mov	a,#0x63
      00015D 2A               [12] 1419 	add	a,r2
      00015E FA               [12] 1420 	mov	r2,a
      00015F E4               [12] 1421 	clr	a
      000160 3B               [12] 1422 	addc	a,r3
      000161 FB               [12] 1423 	mov	r3,a
      000162 8A 82            [24] 1424 	mov	dpl,r2
      000164 8B 83            [24] 1425 	mov	dph,r3
      000166 8C F0            [24] 1426 	mov	b,r4
      000168 C0 07            [24] 1427 	push	ar7
      00016A C0 06            [24] 1428 	push	ar6
      00016C C0 05            [24] 1429 	push	ar5
      00016E 12r00r00         [24] 1430 	lcall	_ctimer_stop
      000171 D0 05            [24] 1431 	pop	ar5
      000173 D0 06            [24] 1432 	pop	ar6
      000175 D0 07            [24] 1433 	pop	ar7
                                   1434 ;	/home/user/contiki/core/net/uip-packetqueue.c:62: memb_free(&packets_memb, handle->packet);
      000177 8D 82            [24] 1435 	mov	dpl,r5
      000179 8E 83            [24] 1436 	mov	dph,r6
      00017B 8F F0            [24] 1437 	mov	b,r7
      00017D 12r00r00         [24] 1438 	lcall	__gptrget
      000180 FA               [12] 1439 	mov	r2,a
      000181 A3               [24] 1440 	inc	dptr
      000182 12r00r00         [24] 1441 	lcall	__gptrget
      000185 FB               [12] 1442 	mov	r3,a
      000186 A3               [24] 1443 	inc	dptr
      000187 12r00r00         [24] 1444 	lcall	__gptrget
      00018A FC               [12] 1445 	mov	r4,a
      00018B C0 07            [24] 1446 	push	ar7
      00018D C0 06            [24] 1447 	push	ar6
      00018F C0 05            [24] 1448 	push	ar5
      000191 C0 02            [24] 1449 	push	ar2
      000193 C0 03            [24] 1450 	push	ar3
      000195 C0 04            [24] 1451 	push	ar4
      000197 90r00r00         [24] 1452 	mov	dptr,#_packets_memb
      00019A 75 F0 00         [24] 1453 	mov	b,#0x00
      00019D 12r00r00         [24] 1454 	lcall	_memb_free
      0001A0 15 81            [12] 1455 	dec	sp
      0001A2 15 81            [12] 1456 	dec	sp
      0001A4 15 81            [12] 1457 	dec	sp
      0001A6 D0 05            [24] 1458 	pop	ar5
      0001A8 D0 06            [24] 1459 	pop	ar6
      0001AA D0 07            [24] 1460 	pop	ar7
                                   1461 ;	/home/user/contiki/core/net/uip-packetqueue.c:63: handle->packet = NULL;
      0001AC 8D 82            [24] 1462 	mov	dpl,r5
      0001AE 8E 83            [24] 1463 	mov	dph,r6
      0001B0 8F F0            [24] 1464 	mov	b,r7
      0001B2 E4               [12] 1465 	clr	a
      0001B3 12r00r00         [24] 1466 	lcall	__gptrput
      0001B6 A3               [24] 1467 	inc	dptr
      0001B7 E4               [12] 1468 	clr	a
      0001B8 12r00r00         [24] 1469 	lcall	__gptrput
      0001BB A3               [24] 1470 	inc	dptr
      0001BC E4               [12] 1471 	clr	a
      0001BD 02r00r00         [24] 1472 	ljmp	__gptrput
      0001C0                       1473 00103$:
      0001C0 22               [24] 1474 	ret
                                   1475 ;------------------------------------------------------------
                                   1476 ;Allocation info for local variables in function 'uip_packetqueue_buf'
                                   1477 ;------------------------------------------------------------
                                   1478 ;h                         Allocated to registers r5 r6 r7 
                                   1479 ;------------------------------------------------------------
                                   1480 ;	/home/user/contiki/core/net/uip-packetqueue.c:68: uip_packetqueue_buf(struct uip_packetqueue_handle *h)
                                   1481 ;	-----------------------------------------
                                   1482 ;	 function uip_packetqueue_buf
                                   1483 ;	-----------------------------------------
      0001C1                       1484 _uip_packetqueue_buf:
                                   1485 ;	/home/user/contiki/core/net/uip-packetqueue.c:70: return h->packet != NULL? h->packet->queue_buf: NULL;
      0001C1 12r00r00         [24] 1486 	lcall	__gptrget
      0001C4 FD               [12] 1487 	mov	r5,a
      0001C5 A3               [24] 1488 	inc	dptr
      0001C6 12r00r00         [24] 1489 	lcall	__gptrget
      0001C9 FE               [12] 1490 	mov	r6,a
      0001CA A3               [24] 1491 	inc	dptr
      0001CB 12r00r00         [24] 1492 	lcall	__gptrget
      0001CE FF               [12] 1493 	mov	r7,a
      0001CF ED               [12] 1494 	mov	a,r5
      0001D0 4E               [12] 1495 	orl	a,r6
      0001D1 60 09            [24] 1496 	jz	00103$
      0001D3 74 03            [12] 1497 	mov	a,#0x03
      0001D5 2D               [12] 1498 	add	a,r5
      0001D6 FD               [12] 1499 	mov	r5,a
      0001D7 E4               [12] 1500 	clr	a
      0001D8 3E               [12] 1501 	addc	a,r6
      0001D9 FE               [12] 1502 	mov	r6,a
      0001DA 80 06            [24] 1503 	sjmp	00104$
      0001DC                       1504 00103$:
      0001DC 7D 00            [12] 1505 	mov	r5,#0x00
      0001DE 7E 00            [12] 1506 	mov	r6,#0x00
      0001E0 7F 00            [12] 1507 	mov	r7,#0x00
      0001E2                       1508 00104$:
      0001E2 8D 82            [24] 1509 	mov	dpl,r5
      0001E4 8E 83            [24] 1510 	mov	dph,r6
      0001E6 8F F0            [24] 1511 	mov	b,r7
      0001E8 22               [24] 1512 	ret
                                   1513 ;------------------------------------------------------------
                                   1514 ;Allocation info for local variables in function 'uip_packetqueue_buflen'
                                   1515 ;------------------------------------------------------------
                                   1516 ;h                         Allocated to registers r5 r6 r7 
                                   1517 ;------------------------------------------------------------
                                   1518 ;	/home/user/contiki/core/net/uip-packetqueue.c:74: uip_packetqueue_buflen(struct uip_packetqueue_handle *h)
                                   1519 ;	-----------------------------------------
                                   1520 ;	 function uip_packetqueue_buflen
                                   1521 ;	-----------------------------------------
      0001E9                       1522 _uip_packetqueue_buflen:
                                   1523 ;	/home/user/contiki/core/net/uip-packetqueue.c:76: return h->packet != NULL? h->packet->queue_buf_len: 0;
      0001E9 12r00r00         [24] 1524 	lcall	__gptrget
      0001EC FD               [12] 1525 	mov	r5,a
      0001ED A3               [24] 1526 	inc	dptr
      0001EE 12r00r00         [24] 1527 	lcall	__gptrget
      0001F1 FE               [12] 1528 	mov	r6,a
      0001F2 A3               [24] 1529 	inc	dptr
      0001F3 12r00r00         [24] 1530 	lcall	__gptrget
      0001F6 FF               [12] 1531 	mov	r7,a
      0001F7 ED               [12] 1532 	mov	a,r5
      0001F8 4E               [12] 1533 	orl	a,r6
      0001F9 60 18            [24] 1534 	jz	00103$
      0001FB 74 61            [12] 1535 	mov	a,#0x61
      0001FD 2D               [12] 1536 	add	a,r5
      0001FE FD               [12] 1537 	mov	r5,a
      0001FF E4               [12] 1538 	clr	a
      000200 3E               [12] 1539 	addc	a,r6
      000201 FE               [12] 1540 	mov	r6,a
      000202 8D 82            [24] 1541 	mov	dpl,r5
      000204 8E 83            [24] 1542 	mov	dph,r6
      000206 8F F0            [24] 1543 	mov	b,r7
      000208 12r00r00         [24] 1544 	lcall	__gptrget
      00020B FE               [12] 1545 	mov	r6,a
      00020C A3               [24] 1546 	inc	dptr
      00020D 12r00r00         [24] 1547 	lcall	__gptrget
      000210 FF               [12] 1548 	mov	r7,a
      000211 80 04            [24] 1549 	sjmp	00104$
      000213                       1550 00103$:
      000213 7E 00            [12] 1551 	mov	r6,#0x00
      000215 7F 00            [12] 1552 	mov	r7,#0x00
      000217                       1553 00104$:
      000217 8E 82            [24] 1554 	mov	dpl,r6
      000219 8F 83            [24] 1555 	mov	dph,r7
      00021B 22               [24] 1556 	ret
                                   1557 ;------------------------------------------------------------
                                   1558 ;Allocation info for local variables in function 'uip_packetqueue_set_buflen'
                                   1559 ;------------------------------------------------------------
                                   1560 ;len                       Allocated to stack - sp -3
                                   1561 ;h                         Allocated to registers r5 r6 r7 
                                   1562 ;------------------------------------------------------------
                                   1563 ;	/home/user/contiki/core/net/uip-packetqueue.c:80: uip_packetqueue_set_buflen(struct uip_packetqueue_handle *h, uint16_t len)
                                   1564 ;	-----------------------------------------
                                   1565 ;	 function uip_packetqueue_set_buflen
                                   1566 ;	-----------------------------------------
      00021C                       1567 _uip_packetqueue_set_buflen:
                                   1568 ;	/home/user/contiki/core/net/uip-packetqueue.c:82: if(h->packet != NULL) {
      00021C 12r00r00         [24] 1569 	lcall	__gptrget
      00021F FD               [12] 1570 	mov	r5,a
      000220 A3               [24] 1571 	inc	dptr
      000221 12r00r00         [24] 1572 	lcall	__gptrget
      000224 FE               [12] 1573 	mov	r6,a
      000225 A3               [24] 1574 	inc	dptr
      000226 12r00r00         [24] 1575 	lcall	__gptrget
      000229 FF               [12] 1576 	mov	r7,a
      00022A ED               [12] 1577 	mov	a,r5
      00022B 4E               [12] 1578 	orl	a,r6
      00022C 60 1C            [24] 1579 	jz	00103$
                                   1580 ;	/home/user/contiki/core/net/uip-packetqueue.c:83: h->packet->queue_buf_len = len;
      00022E 74 61            [12] 1581 	mov	a,#0x61
      000230 2D               [12] 1582 	add	a,r5
      000231 FD               [12] 1583 	mov	r5,a
      000232 E4               [12] 1584 	clr	a
      000233 3E               [12] 1585 	addc	a,r6
      000234 FE               [12] 1586 	mov	r6,a
      000235 8D 82            [24] 1587 	mov	dpl,r5
      000237 8E 83            [24] 1588 	mov	dph,r6
      000239 8F F0            [24] 1589 	mov	b,r7
      00023B E5 81            [12] 1590 	mov	a,sp
      00023D 24 FD            [12] 1591 	add	a,#0xfd
      00023F F8               [12] 1592 	mov	r0,a
      000240 E6               [12] 1593 	mov	a,@r0
      000241 12r00r00         [24] 1594 	lcall	__gptrput
      000244 A3               [24] 1595 	inc	dptr
      000245 08               [12] 1596 	inc	r0
      000246 E6               [12] 1597 	mov	a,@r0
      000247 02r00r00         [24] 1598 	ljmp	__gptrput
      00024A                       1599 00103$:
      00024A 22               [24] 1600 	ret
                                   1601 	.area CSEG    (CODE)
                                   1602 	.area CONST   (CODE)
                                   1603 	.area XINIT   (CODE)
      000000                       1604 __xinit__packets_memb:
      000000 7B 00                 1605 	.byte #0x7B,#0x00	; 123
      000002 02 00                 1606 	.byte #0x02,#0x00	; 2
      000004r00s00 00              1607 	.byte _packets_memb_memb_count,(_packets_memb_memb_count >> 8),#0x00
      000007r02s00 00              1608 	.byte _packets_memb_memb_mem,(_packets_memb_memb_mem >> 8),#0x00
                                   1609 	.area CABS    (ABS,CODE)
