                                      1 ;--------------------------------------------------------
                                      2 ; File Created by SDCC : free open source ANSI-C Compiler
                                      3 ; Version 3.3.1 #8804 (Aug  6 2013) (Linux)
                                      4 ; This file was generated Tue Feb 10 06:19:46 2015
                                      5 ;--------------------------------------------------------
                                      6 	.module uip_split
                                      7 	.optsdcc -mmcs51 --model-large
                                      8 	
                                      9 ;--------------------------------------------------------
                                     10 ; Public variables in this module
                                     11 ;--------------------------------------------------------
                                     12 	.globl _uip_tcpchksum
                                     13 	.globl _uip_ipchksum
                                     14 	.globl _uip_add32
                                     15 	.globl _tcpip_output
                                     16 	.globl _memcpy
                                     17 	.globl _ACTIVE
                                     18 	.globl _TX_BYTE
                                     19 	.globl _RX_BYTE
                                     20 	.globl _ERR
                                     21 	.globl _FE
                                     22 	.globl _SLAVE
                                     23 	.globl _RE
                                     24 	.globl _MODE
                                     25 	.globl _T3OVFIF
                                     26 	.globl _T3CH0IF
                                     27 	.globl _T3CH1IF
                                     28 	.globl _T4OVFIF
                                     29 	.globl _T4CH0IF
                                     30 	.globl _T4CH1IF
                                     31 	.globl _OVFIM
                                     32 	.globl _B_0
                                     33 	.globl _B_1
                                     34 	.globl _B_2
                                     35 	.globl _B_3
                                     36 	.globl _B_4
                                     37 	.globl _B_5
                                     38 	.globl _B_6
                                     39 	.globl _B_7
                                     40 	.globl _P2IF
                                     41 	.globl _UTX0IF
                                     42 	.globl _UTX1IF
                                     43 	.globl _P1IF
                                     44 	.globl _WDTIF
                                     45 	.globl _ACC_0
                                     46 	.globl _ACC_1
                                     47 	.globl _ACC_2
                                     48 	.globl _ACC_3
                                     49 	.globl _ACC_4
                                     50 	.globl _ACC_5
                                     51 	.globl _ACC_6
                                     52 	.globl _ACC_7
                                     53 	.globl _P
                                     54 	.globl _F1
                                     55 	.globl _OV
                                     56 	.globl _RS0
                                     57 	.globl _RS1
                                     58 	.globl _F0
                                     59 	.globl _AC
                                     60 	.globl _CY
                                     61 	.globl _DMAIF
                                     62 	.globl _T1IF
                                     63 	.globl _T2IF
                                     64 	.globl _T3IF
                                     65 	.globl _T4IF
                                     66 	.globl _P0IF
                                     67 	.globl _STIF
                                     68 	.globl _DMAIE
                                     69 	.globl _T1IE
                                     70 	.globl _T2IE
                                     71 	.globl _T3IE
                                     72 	.globl _T4IE
                                     73 	.globl _P0IE
                                     74 	.globl _RFERRIE
                                     75 	.globl _ADCIE
                                     76 	.globl _URX0IE
                                     77 	.globl _URX1IE
                                     78 	.globl _ENCIE
                                     79 	.globl _STIE
                                     80 	.globl _EA
                                     81 	.globl _P2_0
                                     82 	.globl _P2_1
                                     83 	.globl _P2_2
                                     84 	.globl _P2_3
                                     85 	.globl _P2_4
                                     86 	.globl _P2_5
                                     87 	.globl _P2_6
                                     88 	.globl _P2_7
                                     89 	.globl _ENCIF_0
                                     90 	.globl _ENCIF_1
                                     91 	.globl _P1_0
                                     92 	.globl _P1_1
                                     93 	.globl _P1_2
                                     94 	.globl _P1_3
                                     95 	.globl _P1_4
                                     96 	.globl _P1_5
                                     97 	.globl _P1_6
                                     98 	.globl _P1_7
                                     99 	.globl _IT0
                                    100 	.globl _RFERRIF
                                    101 	.globl _IT1
                                    102 	.globl _URX0IF
                                    103 	.globl _ADCIF
                                    104 	.globl _URX1IF
                                    105 	.globl _P0_0
                                    106 	.globl _P0_1
                                    107 	.globl _P0_2
                                    108 	.globl _P0_3
                                    109 	.globl _P0_4
                                    110 	.globl _P0_5
                                    111 	.globl _P0_6
                                    112 	.globl _P0_7
                                    113 	.globl _WDCTL
                                    114 	.globl _U1GCR
                                    115 	.globl _U1UCR
                                    116 	.globl _U1BAUD
                                    117 	.globl _U1DBUF
                                    118 	.globl _U1CSR
                                    119 	.globl _U0GCR
                                    120 	.globl _U0UCR
                                    121 	.globl _U0BAUD
                                    122 	.globl _U0DBUF
                                    123 	.globl _U0CSR
                                    124 	.globl _TIMIF
                                    125 	.globl _T4CC1
                                    126 	.globl _T4CCTL1
                                    127 	.globl _T4CC0
                                    128 	.globl _T4CCTL0
                                    129 	.globl _T4CTL
                                    130 	.globl _T4CNT
                                    131 	.globl _T3CC1
                                    132 	.globl _T3CCTL1
                                    133 	.globl _T3CC0
                                    134 	.globl _T3CCTL0
                                    135 	.globl _T3CTL
                                    136 	.globl _T3CNT
                                    137 	.globl _T2MSEL
                                    138 	.globl _T2IRQM
                                    139 	.globl _T2MOVF2
                                    140 	.globl _T2MOVF1
                                    141 	.globl _T2MOVF0
                                    142 	.globl _T2M1
                                    143 	.globl _T2M0
                                    144 	.globl _T2IRQF
                                    145 	.globl _T2EVTCFG
                                    146 	.globl _T2CTRL
                                    147 	.globl _T1STAT
                                    148 	.globl _T1CCTL2
                                    149 	.globl _T1CCTL1
                                    150 	.globl _T1CCTL0
                                    151 	.globl _T1CTL
                                    152 	.globl _T1CNTH
                                    153 	.globl _T1CNTL
                                    154 	.globl _T1CC2H
                                    155 	.globl _T1CC2L
                                    156 	.globl _T1CC1H
                                    157 	.globl _T1CC1L
                                    158 	.globl _T1CC0H
                                    159 	.globl _T1CC0L
                                    160 	.globl _CLKCONSTA
                                    161 	.globl _CLKCONCMD
                                    162 	.globl _SLEEPSTA
                                    163 	.globl _SLEEPCMD
                                    164 	.globl _STLOAD
                                    165 	.globl _ST2
                                    166 	.globl _ST1
                                    167 	.globl _ST0
                                    168 	.globl _RFERRF
                                    169 	.globl _RFIRQF0
                                    170 	.globl _RFST
                                    171 	.globl _RFD
                                    172 	.globl _RFIRQF1
                                    173 	.globl _PSBANK
                                    174 	.globl _FMAP
                                    175 	.globl _MEMCTR
                                    176 	.globl __XPAGE
                                    177 	.globl _MPAGE
                                    178 	.globl _PMUX
                                    179 	.globl _P2DIR
                                    180 	.globl _P1DIR
                                    181 	.globl _P0DIR
                                    182 	.globl _P2INP
                                    183 	.globl _P1INP
                                    184 	.globl _P2SEL
                                    185 	.globl _P1SEL
                                    186 	.globl _P0SEL
                                    187 	.globl _APCFG
                                    188 	.globl _PERCFG
                                    189 	.globl _P0INP
                                    190 	.globl _P2IEN
                                    191 	.globl _P1IEN
                                    192 	.globl _P0IEN
                                    193 	.globl _PICTL
                                    194 	.globl _P2IFG
                                    195 	.globl _P1IFG
                                    196 	.globl _P0IFG
                                    197 	.globl _DMAREQ
                                    198 	.globl _DMAARM
                                    199 	.globl _DMA0CFGH
                                    200 	.globl _DMA0CFGL
                                    201 	.globl _DMA1CFGH
                                    202 	.globl _DMA1CFGL
                                    203 	.globl _DMAIRQ
                                    204 	.globl _ENCCS
                                    205 	.globl _ENCDO
                                    206 	.globl _ENCDI
                                    207 	.globl _RNDH
                                    208 	.globl _RNDL
                                    209 	.globl _ADCH
                                    210 	.globl _ADCL
                                    211 	.globl _ADCCON3
                                    212 	.globl _ADCCON2
                                    213 	.globl _ADCCON1
                                    214 	.globl _B
                                    215 	.globl _IRCON2
                                    216 	.globl _ACC
                                    217 	.globl _PSW
                                    218 	.globl _IRCON
                                    219 	.globl _IP1
                                    220 	.globl _IEN1
                                    221 	.globl _IP0
                                    222 	.globl _IEN0
                                    223 	.globl _P2
                                    224 	.globl _S1CON
                                    225 	.globl _IEN2
                                    226 	.globl _S0CON
                                    227 	.globl _DPS
                                    228 	.globl _P1
                                    229 	.globl _TCON
                                    230 	.globl _PCON
                                    231 	.globl _DPH1
                                    232 	.globl _DPL1
                                    233 	.globl _DPH0
                                    234 	.globl _DPL0
                                    235 	.globl _SP
                                    236 	.globl _P0
                                    237 	.globl _X_IEEE_ADDR
                                    238 	.globl _X_INFOPAGE
                                    239 	.globl _X_P2DIR
                                    240 	.globl _X_P1DIR
                                    241 	.globl _X_P0DIR
                                    242 	.globl _X_U1GCR
                                    243 	.globl _X_U1UCR
                                    244 	.globl _X_U1BAUD
                                    245 	.globl _X_U1DBUF
                                    246 	.globl _X_U1CSR
                                    247 	.globl _X_P2INP
                                    248 	.globl _X_P1INP
                                    249 	.globl _X_P2SEL
                                    250 	.globl _X_P1SEL
                                    251 	.globl _X_P0SEL
                                    252 	.globl _X_APCFG
                                    253 	.globl _X_PERCFG
                                    254 	.globl _X_T4CC1
                                    255 	.globl _X_T4CCTL1
                                    256 	.globl _X_T4CC0
                                    257 	.globl _X_T4CCTL0
                                    258 	.globl _X_T4CTL
                                    259 	.globl _X_T4CNT
                                    260 	.globl _X_RFIRQF0
                                    261 	.globl _X_T1CCTL2
                                    262 	.globl _X_T1CCTL1
                                    263 	.globl _X_T1CCTL0
                                    264 	.globl _X_T1CTL
                                    265 	.globl _X_T1CNTH
                                    266 	.globl _X_T1CNTL
                                    267 	.globl _X_RFST
                                    268 	.globl _X_T1CC2H
                                    269 	.globl _X_T1CC2L
                                    270 	.globl _X_T1CC1H
                                    271 	.globl _X_T1CC1L
                                    272 	.globl _X_T1CC0H
                                    273 	.globl _X_T1CC0L
                                    274 	.globl _X_RFD
                                    275 	.globl _X_TIMIF
                                    276 	.globl _X_DMAREQ
                                    277 	.globl _X_DMAARM
                                    278 	.globl _X_DMA0CFGH
                                    279 	.globl _X_DMA0CFGL
                                    280 	.globl _X_DMA1CFGH
                                    281 	.globl _X_DMA1CFGL
                                    282 	.globl _X_DMAIRQ
                                    283 	.globl _X_T3CC1
                                    284 	.globl _X_T3CCTL1
                                    285 	.globl _X_T3CC0
                                    286 	.globl _X_T3CCTL0
                                    287 	.globl _X_T3CTL
                                    288 	.globl _X_T3CNT
                                    289 	.globl _X_WDCTL
                                    290 	.globl _X_MEMCTR
                                    291 	.globl _X_CLKCONCMD
                                    292 	.globl _X_U0GCR
                                    293 	.globl _X_U0UCR
                                    294 	.globl _X_T2MSEL
                                    295 	.globl _X_U0BAUD
                                    296 	.globl _X_U0DBUF
                                    297 	.globl _X_RFERRF
                                    298 	.globl _X_SLEEPCMD
                                    299 	.globl _X_RNDH
                                    300 	.globl _X_RNDL
                                    301 	.globl _X_ADCH
                                    302 	.globl _X_ADCL
                                    303 	.globl _X_ADCCON3
                                    304 	.globl _X_ADCCON2
                                    305 	.globl _X_ADCCON1
                                    306 	.globl _X_ENCCS
                                    307 	.globl _X_ENCDO
                                    308 	.globl _X_ENCDI
                                    309 	.globl _X_T1STAT
                                    310 	.globl _X_PMUX
                                    311 	.globl _X_STLOAD
                                    312 	.globl _X_P2IEN
                                    313 	.globl _X_P0IEN
                                    314 	.globl _X_T2IRQM
                                    315 	.globl _X_T2MOVF2
                                    316 	.globl _X_T2MOVF1
                                    317 	.globl _X_T2MOVF0
                                    318 	.globl _X_T2M1
                                    319 	.globl _X_T2M0
                                    320 	.globl _X_T2IRQF
                                    321 	.globl _X_P2
                                    322 	.globl _X_PSBANK
                                    323 	.globl _X_FMAP
                                    324 	.globl _X_CLKCONSTA
                                    325 	.globl _X_SLEEPSTA
                                    326 	.globl _X_T2EVTCFG
                                    327 	.globl _X_ST2
                                    328 	.globl _X_ST1
                                    329 	.globl _X_ST0
                                    330 	.globl _X_T2CTRL
                                    331 	.globl _X__XPAGE
                                    332 	.globl _X_MPAGE
                                    333 	.globl _X_RFIRQF1
                                    334 	.globl _X_P1
                                    335 	.globl _X_P0INP
                                    336 	.globl _X_P1IEN
                                    337 	.globl _X_PICTL
                                    338 	.globl _X_P2IFG
                                    339 	.globl _X_P1IFG
                                    340 	.globl _X_P0IFG
                                    341 	.globl _X_U0CSR
                                    342 	.globl _X_P0
                                    343 	.globl _USBF5
                                    344 	.globl _USBF4
                                    345 	.globl _USBF3
                                    346 	.globl _USBF2
                                    347 	.globl _USBF1
                                    348 	.globl _USBF0
                                    349 	.globl _USBCNTH
                                    350 	.globl _USBCNTL
                                    351 	.globl _USBCNT0
                                    352 	.globl _USBCSOH
                                    353 	.globl _USBCSOL
                                    354 	.globl _USBMAXO
                                    355 	.globl _USBCSIH
                                    356 	.globl _USBCSIL
                                    357 	.globl _USBCS0
                                    358 	.globl _USBMAXI
                                    359 	.globl _USBCTRL
                                    360 	.globl _USBINDEX
                                    361 	.globl _USBFRMH
                                    362 	.globl _USBFRML
                                    363 	.globl _USBCIE
                                    364 	.globl _USBOIE
                                    365 	.globl _USBIIE
                                    366 	.globl _USBCIF
                                    367 	.globl _USBOIF
                                    368 	.globl _USBIIF
                                    369 	.globl _USBPOW
                                    370 	.globl _USBADDR
                                    371 	.globl _CSPT
                                    372 	.globl _CSPZ
                                    373 	.globl _CSPY
                                    374 	.globl _CSPX
                                    375 	.globl _CSPSTAT
                                    376 	.globl _CSPCTRL
                                    377 	.globl _CSPPROG23
                                    378 	.globl _CSPPROG22
                                    379 	.globl _CSPPROG21
                                    380 	.globl _CSPPROG20
                                    381 	.globl _CSPPROG19
                                    382 	.globl _CSPPROG18
                                    383 	.globl _CSPPROG17
                                    384 	.globl _CSPPROG16
                                    385 	.globl _CSPPROG15
                                    386 	.globl _CSPPROG14
                                    387 	.globl _CSPPROG13
                                    388 	.globl _CSPPROG12
                                    389 	.globl _CSPPROG11
                                    390 	.globl _CSPPROG10
                                    391 	.globl _CSPPROG9
                                    392 	.globl _CSPPROG8
                                    393 	.globl _CSPPROG7
                                    394 	.globl _CSPPROG6
                                    395 	.globl _CSPPROG5
                                    396 	.globl _CSPPROG4
                                    397 	.globl _CSPPROG3
                                    398 	.globl _CSPPROG2
                                    399 	.globl _CSPPROG1
                                    400 	.globl _CSPPROG0
                                    401 	.globl _RFC_OBS_CTRL2
                                    402 	.globl _RFC_OBS_CTRL1
                                    403 	.globl _RFC_OBS_CTRL0
                                    404 	.globl _TXFILTCFG
                                    405 	.globl _PTEST1
                                    406 	.globl _PTEST0
                                    407 	.globl _ATEST
                                    408 	.globl _DACTEST2
                                    409 	.globl _DACTEST1
                                    410 	.globl _DACTEST0
                                    411 	.globl _MDMTEST1
                                    412 	.globl _MDMTEST0
                                    413 	.globl _ADCTEST2
                                    414 	.globl _ADCTEST1
                                    415 	.globl _ADCTEST0
                                    416 	.globl _AGCCTRL3
                                    417 	.globl _AGCCTRL2
                                    418 	.globl _AGCCTRL1
                                    419 	.globl _AGCCTRL0
                                    420 	.globl _FSCAL3
                                    421 	.globl _FSCAL2
                                    422 	.globl _FSCAL1
                                    423 	.globl _FSCAL0
                                    424 	.globl _FSCTRL
                                    425 	.globl _RXCTRL
                                    426 	.globl _FREQEST
                                    427 	.globl _MDMCTRL1
                                    428 	.globl _MDMCTRL0
                                    429 	.globl _RFRND
                                    430 	.globl _RFERRM
                                    431 	.globl _RFIRQM1
                                    432 	.globl _RFIRQM0
                                    433 	.globl _TXLAST_PTR
                                    434 	.globl _TXFIRST_PTR
                                    435 	.globl _RXP1_PTR
                                    436 	.globl _RXLAST_PTR
                                    437 	.globl _RXFIRST_PTR
                                    438 	.globl _TXFIFOCNT
                                    439 	.globl _RXFIFOCNT
                                    440 	.globl _RXFIRST
                                    441 	.globl _RSSISTAT
                                    442 	.globl _RSSI
                                    443 	.globl _CCACTRL1
                                    444 	.globl _CCACTRL0
                                    445 	.globl _FSMCTRL
                                    446 	.globl _FIFOPCTRL
                                    447 	.globl _FSMSTAT1
                                    448 	.globl _FSMSTAT0
                                    449 	.globl _TXCTRL
                                    450 	.globl _TXPOWER
                                    451 	.globl _FREQCTRL
                                    452 	.globl _FREQTUNE
                                    453 	.globl _RXMASKCLR
                                    454 	.globl _RXMASKSET
                                    455 	.globl _RXENABLE
                                    456 	.globl _FRMCTRL1
                                    457 	.globl _FRMCTRL0
                                    458 	.globl _SRCEXTEN2
                                    459 	.globl _SRCEXTEN1
                                    460 	.globl _SRCEXTEN0
                                    461 	.globl _SRCSHORTEN2
                                    462 	.globl _SRCSHORTEN1
                                    463 	.globl _SRCSHORTEN0
                                    464 	.globl _SRCMATCH
                                    465 	.globl _FRMFILT1
                                    466 	.globl _FRMFILT0
                                    467 	.globl _SHORT_ADDR1
                                    468 	.globl _SHORT_ADDR0
                                    469 	.globl _PAN_ID1
                                    470 	.globl _PAN_ID0
                                    471 	.globl _EXT_ADDR7
                                    472 	.globl _EXT_ADDR6
                                    473 	.globl _EXT_ADDR5
                                    474 	.globl _EXT_ADDR4
                                    475 	.globl _EXT_ADDR3
                                    476 	.globl _EXT_ADDR2
                                    477 	.globl _EXT_ADDR1
                                    478 	.globl _EXT_ADDR0
                                    479 	.globl _SRCSHORTPENDEN2
                                    480 	.globl _SRCSHORTPENDEN1
                                    481 	.globl _SRCSHORTPENDEN0
                                    482 	.globl _SRCEXTPENDEN2
                                    483 	.globl _SRCEXTPENDEN1
                                    484 	.globl _SRCEXTPENDEN0
                                    485 	.globl _SRCRESINDEX
                                    486 	.globl _SRCRESMASK2
                                    487 	.globl _SRCRESMASK1
                                    488 	.globl _SRCRESMASK0
                                    489 	.globl _SRC_ADDR_TABLE
                                    490 	.globl _TXFIFO
                                    491 	.globl _RXFIFO
                                    492 	.globl _RFCORE_RAM
                                    493 	.globl _CMPCTL
                                    494 	.globl _OPAMPS
                                    495 	.globl _OPAMPC
                                    496 	.globl _STCV2
                                    497 	.globl _STCV1
                                    498 	.globl _STCV0
                                    499 	.globl _STCS
                                    500 	.globl _STCC
                                    501 	.globl _T1CC4H
                                    502 	.globl _T1CC4L
                                    503 	.globl _T1CC3H
                                    504 	.globl _T1CC3L
                                    505 	.globl _XX_T1CC2H
                                    506 	.globl _XX_T1CC2L
                                    507 	.globl _XX_T1CC1H
                                    508 	.globl _XX_T1CC1L
                                    509 	.globl _XX_T1CC0H
                                    510 	.globl _XX_T1CC0L
                                    511 	.globl _T1CCTL4
                                    512 	.globl _T1CCTL3
                                    513 	.globl _XX_T1CCTL2
                                    514 	.globl _XX_T1CCTL1
                                    515 	.globl _XX_T1CCTL0
                                    516 	.globl _CLD
                                    517 	.globl _IRCTL
                                    518 	.globl _CHIPINFO1
                                    519 	.globl _CHIPINFO0
                                    520 	.globl _FWDATA
                                    521 	.globl _FADDRH
                                    522 	.globl _FADDRL
                                    523 	.globl _FCTL
                                    524 	.globl _IVCTRL
                                    525 	.globl _BATTMON
                                    526 	.globl _SRCRC
                                    527 	.globl _DBGDATA
                                    528 	.globl _TESTREG0
                                    529 	.globl _CHIPID
                                    530 	.globl _CHVER
                                    531 	.globl _OBSSEL5
                                    532 	.globl _OBSSEL4
                                    533 	.globl _OBSSEL3
                                    534 	.globl _OBSSEL2
                                    535 	.globl _OBSSEL1
                                    536 	.globl _OBSSEL0
                                    537 	.globl _I2CIO
                                    538 	.globl _I2CWC
                                    539 	.globl _I2CADDR
                                    540 	.globl _I2CDATA
                                    541 	.globl _I2CSTAT
                                    542 	.globl _I2CCFG
                                    543 	.globl _OPAMPMC
                                    544 	.globl _MONMUX
                                    545 	.globl _uip_split_output
                                    546 ;--------------------------------------------------------
                                    547 ; special function registers
                                    548 ;--------------------------------------------------------
                                    549 	.area RSEG    (ABS,DATA)
      000000                        550 	.org 0x0000
                           000080   551 _P0	=	0x0080
                           000081   552 _SP	=	0x0081
                           000082   553 _DPL0	=	0x0082
                           000083   554 _DPH0	=	0x0083
                           000084   555 _DPL1	=	0x0084
                           000085   556 _DPH1	=	0x0085
                           000087   557 _PCON	=	0x0087
                           000088   558 _TCON	=	0x0088
                           000090   559 _P1	=	0x0090
                           000092   560 _DPS	=	0x0092
                           000098   561 _S0CON	=	0x0098
                           00009A   562 _IEN2	=	0x009a
                           00009B   563 _S1CON	=	0x009b
                           0000A0   564 _P2	=	0x00a0
                           0000A8   565 _IEN0	=	0x00a8
                           0000A9   566 _IP0	=	0x00a9
                           0000B8   567 _IEN1	=	0x00b8
                           0000B9   568 _IP1	=	0x00b9
                           0000C0   569 _IRCON	=	0x00c0
                           0000D0   570 _PSW	=	0x00d0
                           0000E0   571 _ACC	=	0x00e0
                           0000E8   572 _IRCON2	=	0x00e8
                           0000F0   573 _B	=	0x00f0
                           0000B4   574 _ADCCON1	=	0x00b4
                           0000B5   575 _ADCCON2	=	0x00b5
                           0000B6   576 _ADCCON3	=	0x00b6
                           0000BA   577 _ADCL	=	0x00ba
                           0000BB   578 _ADCH	=	0x00bb
                           0000BC   579 _RNDL	=	0x00bc
                           0000BD   580 _RNDH	=	0x00bd
                           0000B1   581 _ENCDI	=	0x00b1
                           0000B2   582 _ENCDO	=	0x00b2
                           0000B3   583 _ENCCS	=	0x00b3
                           0000D1   584 _DMAIRQ	=	0x00d1
                           0000D2   585 _DMA1CFGL	=	0x00d2
                           0000D3   586 _DMA1CFGH	=	0x00d3
                           0000D4   587 _DMA0CFGL	=	0x00d4
                           0000D5   588 _DMA0CFGH	=	0x00d5
                           0000D6   589 _DMAARM	=	0x00d6
                           0000D7   590 _DMAREQ	=	0x00d7
                           000089   591 _P0IFG	=	0x0089
                           00008A   592 _P1IFG	=	0x008a
                           00008B   593 _P2IFG	=	0x008b
                           00008C   594 _PICTL	=	0x008c
                           0000AB   595 _P0IEN	=	0x00ab
                           00008D   596 _P1IEN	=	0x008d
                           0000AC   597 _P2IEN	=	0x00ac
                           00008F   598 _P0INP	=	0x008f
                           0000F1   599 _PERCFG	=	0x00f1
                           0000F2   600 _APCFG	=	0x00f2
                           0000F3   601 _P0SEL	=	0x00f3
                           0000F4   602 _P1SEL	=	0x00f4
                           0000F5   603 _P2SEL	=	0x00f5
                           0000F6   604 _P1INP	=	0x00f6
                           0000F7   605 _P2INP	=	0x00f7
                           0000FD   606 _P0DIR	=	0x00fd
                           0000FE   607 _P1DIR	=	0x00fe
                           0000FF   608 _P2DIR	=	0x00ff
                           0000AE   609 _PMUX	=	0x00ae
                           000093   610 _MPAGE	=	0x0093
                           000093   611 __XPAGE	=	0x0093
                           0000C7   612 _MEMCTR	=	0x00c7
                           00009F   613 _FMAP	=	0x009f
                           00009F   614 _PSBANK	=	0x009f
                           000091   615 _RFIRQF1	=	0x0091
                           0000D9   616 _RFD	=	0x00d9
                           0000E1   617 _RFST	=	0x00e1
                           0000E9   618 _RFIRQF0	=	0x00e9
                           0000BF   619 _RFERRF	=	0x00bf
                           000095   620 _ST0	=	0x0095
                           000096   621 _ST1	=	0x0096
                           000097   622 _ST2	=	0x0097
                           0000AD   623 _STLOAD	=	0x00ad
                           0000BE   624 _SLEEPCMD	=	0x00be
                           00009D   625 _SLEEPSTA	=	0x009d
                           0000C6   626 _CLKCONCMD	=	0x00c6
                           00009E   627 _CLKCONSTA	=	0x009e
                           0000DA   628 _T1CC0L	=	0x00da
                           0000DB   629 _T1CC0H	=	0x00db
                           0000DC   630 _T1CC1L	=	0x00dc
                           0000DD   631 _T1CC1H	=	0x00dd
                           0000DE   632 _T1CC2L	=	0x00de
                           0000DF   633 _T1CC2H	=	0x00df
                           0000E2   634 _T1CNTL	=	0x00e2
                           0000E3   635 _T1CNTH	=	0x00e3
                           0000E4   636 _T1CTL	=	0x00e4
                           0000E5   637 _T1CCTL0	=	0x00e5
                           0000E6   638 _T1CCTL1	=	0x00e6
                           0000E7   639 _T1CCTL2	=	0x00e7
                           0000AF   640 _T1STAT	=	0x00af
                           000094   641 _T2CTRL	=	0x0094
                           00009C   642 _T2EVTCFG	=	0x009c
                           0000A1   643 _T2IRQF	=	0x00a1
                           0000A2   644 _T2M0	=	0x00a2
                           0000A3   645 _T2M1	=	0x00a3
                           0000A4   646 _T2MOVF0	=	0x00a4
                           0000A5   647 _T2MOVF1	=	0x00a5
                           0000A6   648 _T2MOVF2	=	0x00a6
                           0000A7   649 _T2IRQM	=	0x00a7
                           0000C3   650 _T2MSEL	=	0x00c3
                           0000CA   651 _T3CNT	=	0x00ca
                           0000CB   652 _T3CTL	=	0x00cb
                           0000CC   653 _T3CCTL0	=	0x00cc
                           0000CD   654 _T3CC0	=	0x00cd
                           0000CE   655 _T3CCTL1	=	0x00ce
                           0000CF   656 _T3CC1	=	0x00cf
                           0000EA   657 _T4CNT	=	0x00ea
                           0000EB   658 _T4CTL	=	0x00eb
                           0000EC   659 _T4CCTL0	=	0x00ec
                           0000ED   660 _T4CC0	=	0x00ed
                           0000EE   661 _T4CCTL1	=	0x00ee
                           0000EF   662 _T4CC1	=	0x00ef
                           0000D8   663 _TIMIF	=	0x00d8
                           000086   664 _U0CSR	=	0x0086
                           0000C1   665 _U0DBUF	=	0x00c1
                           0000C2   666 _U0BAUD	=	0x00c2
                           0000C4   667 _U0UCR	=	0x00c4
                           0000C5   668 _U0GCR	=	0x00c5
                           0000F8   669 _U1CSR	=	0x00f8
                           0000F9   670 _U1DBUF	=	0x00f9
                           0000FA   671 _U1BAUD	=	0x00fa
                           0000FB   672 _U1UCR	=	0x00fb
                           0000FC   673 _U1GCR	=	0x00fc
                           0000C9   674 _WDCTL	=	0x00c9
                                    675 ;--------------------------------------------------------
                                    676 ; special function bits
                                    677 ;--------------------------------------------------------
                                    678 	.area RSEG    (ABS,DATA)
      000000                        679 	.org 0x0000
                           000087   680 _P0_7	=	0x0087
                           000086   681 _P0_6	=	0x0086
                           000085   682 _P0_5	=	0x0085
                           000084   683 _P0_4	=	0x0084
                           000083   684 _P0_3	=	0x0083
                           000082   685 _P0_2	=	0x0082
                           000081   686 _P0_1	=	0x0081
                           000080   687 _P0_0	=	0x0080
                           00008F   688 _URX1IF	=	0x008f
                           00008D   689 _ADCIF	=	0x008d
                           00008B   690 _URX0IF	=	0x008b
                           00008A   691 _IT1	=	0x008a
                           000089   692 _RFERRIF	=	0x0089
                           000088   693 _IT0	=	0x0088
                           000097   694 _P1_7	=	0x0097
                           000096   695 _P1_6	=	0x0096
                           000095   696 _P1_5	=	0x0095
                           000094   697 _P1_4	=	0x0094
                           000093   698 _P1_3	=	0x0093
                           000092   699 _P1_2	=	0x0092
                           000091   700 _P1_1	=	0x0091
                           000090   701 _P1_0	=	0x0090
                           000099   702 _ENCIF_1	=	0x0099
                           000098   703 _ENCIF_0	=	0x0098
                           0000A7   704 _P2_7	=	0x00a7
                           0000A6   705 _P2_6	=	0x00a6
                           0000A5   706 _P2_5	=	0x00a5
                           0000A4   707 _P2_4	=	0x00a4
                           0000A3   708 _P2_3	=	0x00a3
                           0000A2   709 _P2_2	=	0x00a2
                           0000A1   710 _P2_1	=	0x00a1
                           0000A0   711 _P2_0	=	0x00a0
                           0000AF   712 _EA	=	0x00af
                           0000AD   713 _STIE	=	0x00ad
                           0000AC   714 _ENCIE	=	0x00ac
                           0000AB   715 _URX1IE	=	0x00ab
                           0000AA   716 _URX0IE	=	0x00aa
                           0000A9   717 _ADCIE	=	0x00a9
                           0000A8   718 _RFERRIE	=	0x00a8
                           0000BD   719 _P0IE	=	0x00bd
                           0000BC   720 _T4IE	=	0x00bc
                           0000BB   721 _T3IE	=	0x00bb
                           0000BA   722 _T2IE	=	0x00ba
                           0000B9   723 _T1IE	=	0x00b9
                           0000B8   724 _DMAIE	=	0x00b8
                           0000C7   725 _STIF	=	0x00c7
                           0000C5   726 _P0IF	=	0x00c5
                           0000C4   727 _T4IF	=	0x00c4
                           0000C3   728 _T3IF	=	0x00c3
                           0000C2   729 _T2IF	=	0x00c2
                           0000C1   730 _T1IF	=	0x00c1
                           0000C0   731 _DMAIF	=	0x00c0
                           0000D7   732 _CY	=	0x00d7
                           0000D6   733 _AC	=	0x00d6
                           0000D5   734 _F0	=	0x00d5
                           0000D4   735 _RS1	=	0x00d4
                           0000D3   736 _RS0	=	0x00d3
                           0000D2   737 _OV	=	0x00d2
                           0000D1   738 _F1	=	0x00d1
                           0000D0   739 _P	=	0x00d0
                           0000E7   740 _ACC_7	=	0x00e7
                           0000E6   741 _ACC_6	=	0x00e6
                           0000E5   742 _ACC_5	=	0x00e5
                           0000E4   743 _ACC_4	=	0x00e4
                           0000E3   744 _ACC_3	=	0x00e3
                           0000E2   745 _ACC_2	=	0x00e2
                           0000E1   746 _ACC_1	=	0x00e1
                           0000E0   747 _ACC_0	=	0x00e0
                           0000EC   748 _WDTIF	=	0x00ec
                           0000EB   749 _P1IF	=	0x00eb
                           0000EA   750 _UTX1IF	=	0x00ea
                           0000E9   751 _UTX0IF	=	0x00e9
                           0000E8   752 _P2IF	=	0x00e8
                           0000F7   753 _B_7	=	0x00f7
                           0000F6   754 _B_6	=	0x00f6
                           0000F5   755 _B_5	=	0x00f5
                           0000F4   756 _B_4	=	0x00f4
                           0000F3   757 _B_3	=	0x00f3
                           0000F2   758 _B_2	=	0x00f2
                           0000F1   759 _B_1	=	0x00f1
                           0000F0   760 _B_0	=	0x00f0
                           0000DE   761 _OVFIM	=	0x00de
                           0000DD   762 _T4CH1IF	=	0x00dd
                           0000DC   763 _T4CH0IF	=	0x00dc
                           0000DB   764 _T4OVFIF	=	0x00db
                           0000DA   765 _T3CH1IF	=	0x00da
                           0000D9   766 _T3CH0IF	=	0x00d9
                           0000D8   767 _T3OVFIF	=	0x00d8
                           0000FF   768 _MODE	=	0x00ff
                           0000FE   769 _RE	=	0x00fe
                           0000FD   770 _SLAVE	=	0x00fd
                           0000FC   771 _FE	=	0x00fc
                           0000FB   772 _ERR	=	0x00fb
                           0000FA   773 _RX_BYTE	=	0x00fa
                           0000F9   774 _TX_BYTE	=	0x00f9
                           0000F8   775 _ACTIVE	=	0x00f8
                                    776 ;--------------------------------------------------------
                                    777 ; overlayable register banks
                                    778 ;--------------------------------------------------------
                                    779 	.area REG_BANK_0	(REL,OVR,DATA)
      000000                        780 	.ds 8
                                    781 ;--------------------------------------------------------
                                    782 ; internal ram data
                                    783 ;--------------------------------------------------------
                                    784 	.area DSEG    (DATA)
                                    785 ;--------------------------------------------------------
                                    786 ; overlayable items in internal ram 
                                    787 ;--------------------------------------------------------
                                    788 ;--------------------------------------------------------
                                    789 ; indirectly addressable internal ram data
                                    790 ;--------------------------------------------------------
                                    791 	.area ISEG    (DATA)
                                    792 ;--------------------------------------------------------
                                    793 ; absolute internal ram data
                                    794 ;--------------------------------------------------------
                                    795 	.area IABS    (ABS,DATA)
                                    796 	.area IABS    (ABS,DATA)
                                    797 ;--------------------------------------------------------
                                    798 ; bit data
                                    799 ;--------------------------------------------------------
                                    800 	.area BSEG    (BIT)
                                    801 ;--------------------------------------------------------
                                    802 ; paged external ram data
                                    803 ;--------------------------------------------------------
                                    804 	.area PSEG    (PAG,XDATA)
                                    805 ;--------------------------------------------------------
                                    806 ; external ram data
                                    807 ;--------------------------------------------------------
                                    808 	.area XSEG    (XDATA)
                           0061A6   809 _MONMUX	=	0x61a6
                           0061A6   810 _OPAMPMC	=	0x61a6
                           006230   811 _I2CCFG	=	0x6230
                           006231   812 _I2CSTAT	=	0x6231
                           006232   813 _I2CDATA	=	0x6232
                           006233   814 _I2CADDR	=	0x6233
                           006234   815 _I2CWC	=	0x6234
                           006235   816 _I2CIO	=	0x6235
                           006243   817 _OBSSEL0	=	0x6243
                           006244   818 _OBSSEL1	=	0x6244
                           006245   819 _OBSSEL2	=	0x6245
                           006246   820 _OBSSEL3	=	0x6246
                           006247   821 _OBSSEL4	=	0x6247
                           006248   822 _OBSSEL5	=	0x6248
                           006249   823 _CHVER	=	0x6249
                           00624A   824 _CHIPID	=	0x624a
                           00624B   825 _TESTREG0	=	0x624b
                           006260   826 _DBGDATA	=	0x6260
                           006262   827 _SRCRC	=	0x6262
                           006264   828 _BATTMON	=	0x6264
                           006265   829 _IVCTRL	=	0x6265
                           006270   830 _FCTL	=	0x6270
                           006271   831 _FADDRL	=	0x6271
                           006272   832 _FADDRH	=	0x6272
                           006273   833 _FWDATA	=	0x6273
                           006276   834 _CHIPINFO0	=	0x6276
                           006277   835 _CHIPINFO1	=	0x6277
                           006281   836 _IRCTL	=	0x6281
                           006290   837 _CLD	=	0x6290
                           0062A0   838 _XX_T1CCTL0	=	0x62a0
                           0062A1   839 _XX_T1CCTL1	=	0x62a1
                           0062A2   840 _XX_T1CCTL2	=	0x62a2
                           0062A3   841 _T1CCTL3	=	0x62a3
                           0062A4   842 _T1CCTL4	=	0x62a4
                           0062A6   843 _XX_T1CC0L	=	0x62a6
                           0062A7   844 _XX_T1CC0H	=	0x62a7
                           0062A8   845 _XX_T1CC1L	=	0x62a8
                           0062A9   846 _XX_T1CC1H	=	0x62a9
                           0062AA   847 _XX_T1CC2L	=	0x62aa
                           0062AB   848 _XX_T1CC2H	=	0x62ab
                           0062AC   849 _T1CC3L	=	0x62ac
                           0062AD   850 _T1CC3H	=	0x62ad
                           0062AE   851 _T1CC4L	=	0x62ae
                           0062AF   852 _T1CC4H	=	0x62af
                           0062B0   853 _STCC	=	0x62b0
                           0062B1   854 _STCS	=	0x62b1
                           0062B2   855 _STCV0	=	0x62b2
                           0062B3   856 _STCV1	=	0x62b3
                           0062B4   857 _STCV2	=	0x62b4
                           0062C0   858 _OPAMPC	=	0x62c0
                           0062C1   859 _OPAMPS	=	0x62c1
                           0062D0   860 _CMPCTL	=	0x62d0
                           006000   861 _RFCORE_RAM	=	0x6000
                           006000   862 _RXFIFO	=	0x6000
                           006080   863 _TXFIFO	=	0x6080
                           006100   864 _SRC_ADDR_TABLE	=	0x6100
                           006160   865 _SRCRESMASK0	=	0x6160
                           006161   866 _SRCRESMASK1	=	0x6161
                           006162   867 _SRCRESMASK2	=	0x6162
                           006163   868 _SRCRESINDEX	=	0x6163
                           006164   869 _SRCEXTPENDEN0	=	0x6164
                           006165   870 _SRCEXTPENDEN1	=	0x6165
                           006166   871 _SRCEXTPENDEN2	=	0x6166
                           006167   872 _SRCSHORTPENDEN0	=	0x6167
                           006168   873 _SRCSHORTPENDEN1	=	0x6168
                           006169   874 _SRCSHORTPENDEN2	=	0x6169
                           00616A   875 _EXT_ADDR0	=	0x616a
                           00616B   876 _EXT_ADDR1	=	0x616b
                           00616C   877 _EXT_ADDR2	=	0x616c
                           00616D   878 _EXT_ADDR3	=	0x616d
                           00616E   879 _EXT_ADDR4	=	0x616e
                           00616F   880 _EXT_ADDR5	=	0x616f
                           006170   881 _EXT_ADDR6	=	0x6170
                           006171   882 _EXT_ADDR7	=	0x6171
                           006172   883 _PAN_ID0	=	0x6172
                           006173   884 _PAN_ID1	=	0x6173
                           006174   885 _SHORT_ADDR0	=	0x6174
                           006175   886 _SHORT_ADDR1	=	0x6175
                           006180   887 _FRMFILT0	=	0x6180
                           006181   888 _FRMFILT1	=	0x6181
                           006182   889 _SRCMATCH	=	0x6182
                           006183   890 _SRCSHORTEN0	=	0x6183
                           006184   891 _SRCSHORTEN1	=	0x6184
                           006185   892 _SRCSHORTEN2	=	0x6185
                           006186   893 _SRCEXTEN0	=	0x6186
                           006187   894 _SRCEXTEN1	=	0x6187
                           006188   895 _SRCEXTEN2	=	0x6188
                           006189   896 _FRMCTRL0	=	0x6189
                           00618A   897 _FRMCTRL1	=	0x618a
                           00618B   898 _RXENABLE	=	0x618b
                           00618C   899 _RXMASKSET	=	0x618c
                           00618D   900 _RXMASKCLR	=	0x618d
                           00618E   901 _FREQTUNE	=	0x618e
                           00618F   902 _FREQCTRL	=	0x618f
                           006190   903 _TXPOWER	=	0x6190
                           006191   904 _TXCTRL	=	0x6191
                           006192   905 _FSMSTAT0	=	0x6192
                           006193   906 _FSMSTAT1	=	0x6193
                           006194   907 _FIFOPCTRL	=	0x6194
                           006195   908 _FSMCTRL	=	0x6195
                           006196   909 _CCACTRL0	=	0x6196
                           006197   910 _CCACTRL1	=	0x6197
                           006198   911 _RSSI	=	0x6198
                           006199   912 _RSSISTAT	=	0x6199
                           00619A   913 _RXFIRST	=	0x619a
                           00619B   914 _RXFIFOCNT	=	0x619b
                           00619C   915 _TXFIFOCNT	=	0x619c
                           00619D   916 _RXFIRST_PTR	=	0x619d
                           00619E   917 _RXLAST_PTR	=	0x619e
                           00619F   918 _RXP1_PTR	=	0x619f
                           0061A1   919 _TXFIRST_PTR	=	0x61a1
                           0061A2   920 _TXLAST_PTR	=	0x61a2
                           0061A3   921 _RFIRQM0	=	0x61a3
                           0061A4   922 _RFIRQM1	=	0x61a4
                           0061A5   923 _RFERRM	=	0x61a5
                           0061A7   924 _RFRND	=	0x61a7
                           0061A8   925 _MDMCTRL0	=	0x61a8
                           0061A9   926 _MDMCTRL1	=	0x61a9
                           0061AA   927 _FREQEST	=	0x61aa
                           0061AB   928 _RXCTRL	=	0x61ab
                           0061AC   929 _FSCTRL	=	0x61ac
                           0061AD   930 _FSCAL0	=	0x61ad
                           0061AE   931 _FSCAL1	=	0x61ae
                           0061AF   932 _FSCAL2	=	0x61af
                           0061B0   933 _FSCAL3	=	0x61b0
                           0061B1   934 _AGCCTRL0	=	0x61b1
                           0061B2   935 _AGCCTRL1	=	0x61b2
                           0061B3   936 _AGCCTRL2	=	0x61b3
                           0061B4   937 _AGCCTRL3	=	0x61b4
                           0061B5   938 _ADCTEST0	=	0x61b5
                           0061B6   939 _ADCTEST1	=	0x61b6
                           0061B7   940 _ADCTEST2	=	0x61b7
                           0061B8   941 _MDMTEST0	=	0x61b8
                           0061B9   942 _MDMTEST1	=	0x61b9
                           0061BA   943 _DACTEST0	=	0x61ba
                           0061BB   944 _DACTEST1	=	0x61bb
                           0061BC   945 _DACTEST2	=	0x61bc
                           0061BD   946 _ATEST	=	0x61bd
                           0061BE   947 _PTEST0	=	0x61be
                           0061BF   948 _PTEST1	=	0x61bf
                           0061FA   949 _TXFILTCFG	=	0x61fa
                           0061EB   950 _RFC_OBS_CTRL0	=	0x61eb
                           0061EC   951 _RFC_OBS_CTRL1	=	0x61ec
                           0061ED   952 _RFC_OBS_CTRL2	=	0x61ed
                           0061C0   953 _CSPPROG0	=	0x61c0
                           0061C1   954 _CSPPROG1	=	0x61c1
                           0061C2   955 _CSPPROG2	=	0x61c2
                           0061C3   956 _CSPPROG3	=	0x61c3
                           0061C4   957 _CSPPROG4	=	0x61c4
                           0061C5   958 _CSPPROG5	=	0x61c5
                           0061C6   959 _CSPPROG6	=	0x61c6
                           0061C7   960 _CSPPROG7	=	0x61c7
                           0061C8   961 _CSPPROG8	=	0x61c8
                           0061C9   962 _CSPPROG9	=	0x61c9
                           0061CA   963 _CSPPROG10	=	0x61ca
                           0061CB   964 _CSPPROG11	=	0x61cb
                           0061CC   965 _CSPPROG12	=	0x61cc
                           0061CD   966 _CSPPROG13	=	0x61cd
                           0061CE   967 _CSPPROG14	=	0x61ce
                           0061CF   968 _CSPPROG15	=	0x61cf
                           0061D0   969 _CSPPROG16	=	0x61d0
                           0061D1   970 _CSPPROG17	=	0x61d1
                           0061D2   971 _CSPPROG18	=	0x61d2
                           0061D3   972 _CSPPROG19	=	0x61d3
                           0061D4   973 _CSPPROG20	=	0x61d4
                           0061D5   974 _CSPPROG21	=	0x61d5
                           0061D6   975 _CSPPROG22	=	0x61d6
                           0061D7   976 _CSPPROG23	=	0x61d7
                           0061E0   977 _CSPCTRL	=	0x61e0
                           0061E1   978 _CSPSTAT	=	0x61e1
                           0061E2   979 _CSPX	=	0x61e2
                           0061E3   980 _CSPY	=	0x61e3
                           0061E4   981 _CSPZ	=	0x61e4
                           0061E5   982 _CSPT	=	0x61e5
                           006200   983 _USBADDR	=	0x6200
                           006201   984 _USBPOW	=	0x6201
                           006202   985 _USBIIF	=	0x6202
                           006204   986 _USBOIF	=	0x6204
                           006206   987 _USBCIF	=	0x6206
                           006207   988 _USBIIE	=	0x6207
                           006209   989 _USBOIE	=	0x6209
                           00620B   990 _USBCIE	=	0x620b
                           00620C   991 _USBFRML	=	0x620c
                           00620D   992 _USBFRMH	=	0x620d
                           00620E   993 _USBINDEX	=	0x620e
                           00620F   994 _USBCTRL	=	0x620f
                           006210   995 _USBMAXI	=	0x6210
                           006211   996 _USBCS0	=	0x6211
                           006211   997 _USBCSIL	=	0x6211
                           006212   998 _USBCSIH	=	0x6212
                           006213   999 _USBMAXO	=	0x6213
                           006214  1000 _USBCSOL	=	0x6214
                           006215  1001 _USBCSOH	=	0x6215
                           006216  1002 _USBCNT0	=	0x6216
                           006216  1003 _USBCNTL	=	0x6216
                           006217  1004 _USBCNTH	=	0x6217
                           006220  1005 _USBF0	=	0x6220
                           006222  1006 _USBF1	=	0x6222
                           006224  1007 _USBF2	=	0x6224
                           006226  1008 _USBF3	=	0x6226
                           006228  1009 _USBF4	=	0x6228
                           00622A  1010 _USBF5	=	0x622a
                           007080  1011 _X_P0	=	0x7080
                           007086  1012 _X_U0CSR	=	0x7086
                           007089  1013 _X_P0IFG	=	0x7089
                           00708A  1014 _X_P1IFG	=	0x708a
                           00708B  1015 _X_P2IFG	=	0x708b
                           00708C  1016 _X_PICTL	=	0x708c
                           00708D  1017 _X_P1IEN	=	0x708d
                           00708F  1018 _X_P0INP	=	0x708f
                           007090  1019 _X_P1	=	0x7090
                           007091  1020 _X_RFIRQF1	=	0x7091
                           007093  1021 _X_MPAGE	=	0x7093
                           007093  1022 _X__XPAGE	=	0x7093
                           007094  1023 _X_T2CTRL	=	0x7094
                           007095  1024 _X_ST0	=	0x7095
                           007096  1025 _X_ST1	=	0x7096
                           007097  1026 _X_ST2	=	0x7097
                           00709C  1027 _X_T2EVTCFG	=	0x709c
                           00709D  1028 _X_SLEEPSTA	=	0x709d
                           00709E  1029 _X_CLKCONSTA	=	0x709e
                           00709F  1030 _X_FMAP	=	0x709f
                           00709F  1031 _X_PSBANK	=	0x709f
                           0070A0  1032 _X_P2	=	0x70a0
                           0070A1  1033 _X_T2IRQF	=	0x70a1
                           0070A2  1034 _X_T2M0	=	0x70a2
                           0070A3  1035 _X_T2M1	=	0x70a3
                           0070A4  1036 _X_T2MOVF0	=	0x70a4
                           0070A5  1037 _X_T2MOVF1	=	0x70a5
                           0070A6  1038 _X_T2MOVF2	=	0x70a6
                           0070A7  1039 _X_T2IRQM	=	0x70a7
                           0070AB  1040 _X_P0IEN	=	0x70ab
                           0070AC  1041 _X_P2IEN	=	0x70ac
                           0070AD  1042 _X_STLOAD	=	0x70ad
                           0070AE  1043 _X_PMUX	=	0x70ae
                           0070AF  1044 _X_T1STAT	=	0x70af
                           0070B1  1045 _X_ENCDI	=	0x70b1
                           0070B2  1046 _X_ENCDO	=	0x70b2
                           0070B3  1047 _X_ENCCS	=	0x70b3
                           0070B4  1048 _X_ADCCON1	=	0x70b4
                           0070B5  1049 _X_ADCCON2	=	0x70b5
                           0070B6  1050 _X_ADCCON3	=	0x70b6
                           0070BA  1051 _X_ADCL	=	0x70ba
                           0070BB  1052 _X_ADCH	=	0x70bb
                           0070BC  1053 _X_RNDL	=	0x70bc
                           0070BD  1054 _X_RNDH	=	0x70bd
                           0070BE  1055 _X_SLEEPCMD	=	0x70be
                           0070BF  1056 _X_RFERRF	=	0x70bf
                           0070C1  1057 _X_U0DBUF	=	0x70c1
                           0070C2  1058 _X_U0BAUD	=	0x70c2
                           0070C3  1059 _X_T2MSEL	=	0x70c3
                           0070C4  1060 _X_U0UCR	=	0x70c4
                           0070C5  1061 _X_U0GCR	=	0x70c5
                           0070C6  1062 _X_CLKCONCMD	=	0x70c6
                           0070C7  1063 _X_MEMCTR	=	0x70c7
                           0070C9  1064 _X_WDCTL	=	0x70c9
                           0070CA  1065 _X_T3CNT	=	0x70ca
                           0070CB  1066 _X_T3CTL	=	0x70cb
                           0070CC  1067 _X_T3CCTL0	=	0x70cc
                           0070CD  1068 _X_T3CC0	=	0x70cd
                           0070CE  1069 _X_T3CCTL1	=	0x70ce
                           0070CF  1070 _X_T3CC1	=	0x70cf
                           0070D1  1071 _X_DMAIRQ	=	0x70d1
                           0070D2  1072 _X_DMA1CFGL	=	0x70d2
                           0070D3  1073 _X_DMA1CFGH	=	0x70d3
                           0070D4  1074 _X_DMA0CFGL	=	0x70d4
                           0070D5  1075 _X_DMA0CFGH	=	0x70d5
                           0070D6  1076 _X_DMAARM	=	0x70d6
                           0070D7  1077 _X_DMAREQ	=	0x70d7
                           0070D8  1078 _X_TIMIF	=	0x70d8
                           0070D9  1079 _X_RFD	=	0x70d9
                           0070DA  1080 _X_T1CC0L	=	0x70da
                           0070DB  1081 _X_T1CC0H	=	0x70db
                           0070DC  1082 _X_T1CC1L	=	0x70dc
                           0070DD  1083 _X_T1CC1H	=	0x70dd
                           0070DE  1084 _X_T1CC2L	=	0x70de
                           0070DF  1085 _X_T1CC2H	=	0x70df
                           0070E1  1086 _X_RFST	=	0x70e1
                           0070E2  1087 _X_T1CNTL	=	0x70e2
                           0070E3  1088 _X_T1CNTH	=	0x70e3
                           0070E4  1089 _X_T1CTL	=	0x70e4
                           0070E5  1090 _X_T1CCTL0	=	0x70e5
                           0070E6  1091 _X_T1CCTL1	=	0x70e6
                           0070E7  1092 _X_T1CCTL2	=	0x70e7
                           0070E9  1093 _X_RFIRQF0	=	0x70e9
                           0070EA  1094 _X_T4CNT	=	0x70ea
                           0070EB  1095 _X_T4CTL	=	0x70eb
                           0070EC  1096 _X_T4CCTL0	=	0x70ec
                           0070ED  1097 _X_T4CC0	=	0x70ed
                           0070EE  1098 _X_T4CCTL1	=	0x70ee
                           0070EF  1099 _X_T4CC1	=	0x70ef
                           0070F1  1100 _X_PERCFG	=	0x70f1
                           0070F2  1101 _X_APCFG	=	0x70f2
                           0070F3  1102 _X_P0SEL	=	0x70f3
                           0070F4  1103 _X_P1SEL	=	0x70f4
                           0070F5  1104 _X_P2SEL	=	0x70f5
                           0070F6  1105 _X_P1INP	=	0x70f6
                           0070F7  1106 _X_P2INP	=	0x70f7
                           0070F8  1107 _X_U1CSR	=	0x70f8
                           0070F9  1108 _X_U1DBUF	=	0x70f9
                           0070FA  1109 _X_U1BAUD	=	0x70fa
                           0070FB  1110 _X_U1UCR	=	0x70fb
                           0070FC  1111 _X_U1GCR	=	0x70fc
                           0070FD  1112 _X_P0DIR	=	0x70fd
                           0070FE  1113 _X_P1DIR	=	0x70fe
                           0070FF  1114 _X_P2DIR	=	0x70ff
                           007800  1115 _X_INFOPAGE	=	0x7800
                           00780C  1116 _X_IEEE_ADDR	=	0x780c
                                   1117 ;--------------------------------------------------------
                                   1118 ; absolute external ram data
                                   1119 ;--------------------------------------------------------
                                   1120 	.area XABS    (ABS,XDATA)
                                   1121 ;--------------------------------------------------------
                                   1122 ; external initialized ram data
                                   1123 ;--------------------------------------------------------
                                   1124 	.area XISEG   (XDATA)
                                   1125 	.area HOME    (CODE)
                                   1126 	.area GSINIT0 (CODE)
                                   1127 	.area GSINIT1 (CODE)
                                   1128 	.area GSINIT2 (CODE)
                                   1129 	.area GSINIT3 (CODE)
                                   1130 	.area GSINIT4 (CODE)
                                   1131 	.area GSINIT5 (CODE)
                                   1132 	.area GSINIT  (CODE)
                                   1133 	.area GSFINAL (CODE)
                                   1134 	.area CSEG    (CODE)
                                   1135 ;--------------------------------------------------------
                                   1136 ; global & static initialisations
                                   1137 ;--------------------------------------------------------
                                   1138 	.area HOME    (CODE)
                                   1139 	.area GSINIT  (CODE)
                                   1140 	.area GSFINAL (CODE)
                                   1141 	.area GSINIT  (CODE)
                                   1142 ;--------------------------------------------------------
                                   1143 ; Home
                                   1144 ;--------------------------------------------------------
                                   1145 	.area HOME    (CODE)
                                   1146 	.area HOME    (CODE)
                                   1147 ;--------------------------------------------------------
                                   1148 ; code
                                   1149 ;--------------------------------------------------------
                                   1150 	.area CSEG    (CODE)
                                   1151 ;------------------------------------------------------------
                                   1152 ;Allocation info for local variables in function 'uip_split_output'
                                   1153 ;------------------------------------------------------------
                                   1154 ;tcplen                    Allocated to registers r6 r7 
                                   1155 ;len1                      Allocated to stack - sp -3
                                   1156 ;len2                      Allocated to stack - sp -1
                                   1157 ;------------------------------------------------------------
                                   1158 ;	/home/user/contiki/core/net/uip-split.c:54: uip_split_output(void)
                                   1159 ;	-----------------------------------------
                                   1160 ;	 function uip_split_output
                                   1161 ;	-----------------------------------------
      000000                       1162 _uip_split_output:
                           000007  1163 	ar7 = 0x07
                           000006  1164 	ar6 = 0x06
                           000005  1165 	ar5 = 0x05
                           000004  1166 	ar4 = 0x04
                           000003  1167 	ar3 = 0x03
                           000002  1168 	ar2 = 0x02
                           000001  1169 	ar1 = 0x01
                           000000  1170 	ar0 = 0x00
      000000 E5 81            [12] 1171 	mov	a,sp
      000002 24 04            [12] 1172 	add	a,#0x04
      000004 F5 81            [12] 1173 	mov	sp,a
                                   1174 ;	/home/user/contiki/core/net/uip-split.c:62: if(BUF->proto == UIP_PROTO_TCP &&
      000006 7Er0E            [12] 1175 	mov	r6,#(_uip_aligned_buf + 0x000e)
      000008 7Fs00            [12] 1176 	mov	r7,#((_uip_aligned_buf + 0x000e) >> 8)
      00000A 74 09            [12] 1177 	mov	a,#0x09
      00000C 2E               [12] 1178 	add	a,r6
      00000D F5 82            [12] 1179 	mov	dpl,a
      00000F E4               [12] 1180 	clr	a
      000010 3F               [12] 1181 	addc	a,r7
      000011 F5 83            [12] 1182 	mov	dph,a
      000013 E0               [24] 1183 	movx	a,@dptr
      000014 FF               [12] 1184 	mov	r7,a
      000015 BF 06 02         [24] 1185 	cjne	r7,#0x06,00117$
      000018 80 03            [24] 1186 	sjmp	00118$
      00001A                       1187 00117$:
      00001A 02r02r71         [24] 1188 	ljmp	00104$
      00001D                       1189 00118$:
                                   1190 ;	/home/user/contiki/core/net/uip-split.c:63: uip_len >= UIP_SPLIT_SIZE + UIP_TCPIP_HLEN) {
      00001D 90r00r00         [24] 1191 	mov	dptr,#_uip_len
      000020 E0               [24] 1192 	movx	a,@dptr
      000021 FE               [12] 1193 	mov	r6,a
      000022 A3               [24] 1194 	inc	dptr
      000023 E0               [24] 1195 	movx	a,@dptr
      000024 FF               [12] 1196 	mov	r7,a
      000025 C3               [12] 1197 	clr	c
      000026 EE               [12] 1198 	mov	a,r6
      000027 94 5E            [12] 1199 	subb	a,#0x5E
      000029 EF               [12] 1200 	mov	a,r7
      00002A 94 00            [12] 1201 	subb	a,#0x00
      00002C 50 03            [24] 1202 	jnc	00119$
      00002E 02r02r71         [24] 1203 	ljmp	00104$
      000031                       1204 00119$:
                                   1205 ;	/home/user/contiki/core/net/uip-split.c:65: tcplen = uip_len - UIP_TCPIP_HLEN;
      000031 EE               [12] 1206 	mov	a,r6
      000032 24 D8            [12] 1207 	add	a,#0xD8
      000034 FE               [12] 1208 	mov	r6,a
      000035 EF               [12] 1209 	mov	a,r7
      000036 34 FF            [12] 1210 	addc	a,#0xFF
                                   1211 ;	/home/user/contiki/core/net/uip-split.c:68: len1 = len2 = tcplen / 2;
      000038 FF               [12] 1212 	mov	r7,a
      000039 8E 04            [24] 1213 	mov	ar4,r6
      00003B C3               [12] 1214 	clr	c
      00003C 13               [12] 1215 	rrc	a
      00003D CC               [12] 1216 	xch	a,r4
      00003E 13               [12] 1217 	rrc	a
      00003F CC               [12] 1218 	xch	a,r4
      000040 FD               [12] 1219 	mov	r5,a
      000041 A8 81            [24] 1220 	mov	r0,sp
      000043 18               [12] 1221 	dec	r0
      000044 A6 04            [24] 1222 	mov	@r0,ar4
      000046 08               [12] 1223 	inc	r0
      000047 A6 05            [24] 1224 	mov	@r0,ar5
      000049 E5 81            [12] 1225 	mov	a,sp
      00004B 24 FD            [12] 1226 	add	a,#0xfd
      00004D F8               [12] 1227 	mov	r0,a
      00004E A6 04            [24] 1228 	mov	@r0,ar4
      000050 08               [12] 1229 	inc	r0
      000051 A6 05            [24] 1230 	mov	@r0,ar5
                                   1231 ;	/home/user/contiki/core/net/uip-split.c:69: if(len1 + len2 < tcplen) {
      000053 A8 81            [24] 1232 	mov	r0,sp
      000055 18               [12] 1233 	dec	r0
      000056 E6               [12] 1234 	mov	a,@r0
      000057 2C               [12] 1235 	add	a,r4
      000058 FC               [12] 1236 	mov	r4,a
      000059 08               [12] 1237 	inc	r0
      00005A E6               [12] 1238 	mov	a,@r0
      00005B 3D               [12] 1239 	addc	a,r5
      00005C FD               [12] 1240 	mov	r5,a
      00005D C3               [12] 1241 	clr	c
      00005E EC               [12] 1242 	mov	a,r4
      00005F 9E               [12] 1243 	subb	a,r6
      000060 ED               [12] 1244 	mov	a,r5
      000061 9F               [12] 1245 	subb	a,r7
      000062 50 09            [24] 1246 	jnc	00102$
                                   1247 ;	/home/user/contiki/core/net/uip-split.c:70: ++len2;
      000064 A8 81            [24] 1248 	mov	r0,sp
      000066 18               [12] 1249 	dec	r0
      000067 06               [12] 1250 	inc	@r0
      000068 B6 00 02         [24] 1251 	cjne	@r0,#0x00,00121$
      00006B 08               [12] 1252 	inc	r0
      00006C 06               [12] 1253 	inc	@r0
      00006D                       1254 00121$:
      00006D                       1255 00102$:
                                   1256 ;	/home/user/contiki/core/net/uip-split.c:75: uip_len = len1 + UIP_TCPIP_HLEN;
      00006D E5 81            [12] 1257 	mov	a,sp
      00006F 24 FD            [12] 1258 	add	a,#0xfd
      000071 F8               [12] 1259 	mov	r0,a
      000072 74 28            [12] 1260 	mov	a,#0x28
      000074 26               [12] 1261 	add	a,@r0
      000075 FC               [12] 1262 	mov	r4,a
      000076 E4               [12] 1263 	clr	a
      000077 08               [12] 1264 	inc	r0
      000078 36               [12] 1265 	addc	a,@r0
      000079 FD               [12] 1266 	mov	r5,a
      00007A 90r00r00         [24] 1267 	mov	dptr,#_uip_len
      00007D EC               [12] 1268 	mov	a,r4
      00007E F0               [24] 1269 	movx	@dptr,a
      00007F ED               [12] 1270 	mov	a,r5
      000080 A3               [24] 1271 	inc	dptr
      000081 F0               [24] 1272 	movx	@dptr,a
                                   1273 ;	/home/user/contiki/core/net/uip-split.c:82: BUF->len[0] = uip_len >> 8;
      000082 7Er0E            [12] 1274 	mov	r6,#(_uip_aligned_buf + 0x000e)
      000084 7Fs00            [12] 1275 	mov	r7,#((_uip_aligned_buf + 0x000e) >> 8)
      000086 8E 82            [24] 1276 	mov	dpl,r6
      000088 8F 83            [24] 1277 	mov	dph,r7
      00008A A3               [24] 1278 	inc	dptr
      00008B A3               [24] 1279 	inc	dptr
      00008C 8D 07            [24] 1280 	mov	ar7,r5
      00008E EF               [12] 1281 	mov	a,r7
      00008F F0               [24] 1282 	movx	@dptr,a
                                   1283 ;	/home/user/contiki/core/net/uip-split.c:83: BUF->len[1] = uip_len & 0xff;
      000090 7Er0E            [12] 1284 	mov	r6,#(_uip_aligned_buf + 0x000e)
      000092 7Fs00            [12] 1285 	mov	r7,#((_uip_aligned_buf + 0x000e) >> 8)
      000094 8E 82            [24] 1286 	mov	dpl,r6
      000096 8F 83            [24] 1287 	mov	dph,r7
      000098 A3               [24] 1288 	inc	dptr
      000099 A3               [24] 1289 	inc	dptr
      00009A A3               [24] 1290 	inc	dptr
      00009B EC               [12] 1291 	mov	a,r4
      00009C F0               [24] 1292 	movx	@dptr,a
                                   1293 ;	/home/user/contiki/core/net/uip-split.c:87: BUF->tcpchksum = 0;
      00009D 7Er0E            [12] 1294 	mov	r6,#(_uip_aligned_buf + 0x000e)
      00009F 7Fs00            [12] 1295 	mov	r7,#((_uip_aligned_buf + 0x000e) >> 8)
      0000A1 74 24            [12] 1296 	mov	a,#0x24
      0000A3 2E               [12] 1297 	add	a,r6
      0000A4 F5 82            [12] 1298 	mov	dpl,a
      0000A6 E4               [12] 1299 	clr	a
      0000A7 3F               [12] 1300 	addc	a,r7
      0000A8 F5 83            [12] 1301 	mov	dph,a
      0000AA E4               [12] 1302 	clr	a
      0000AB F0               [24] 1303 	movx	@dptr,a
      0000AC E4               [12] 1304 	clr	a
      0000AD A3               [24] 1305 	inc	dptr
      0000AE F0               [24] 1306 	movx	@dptr,a
                                   1307 ;	/home/user/contiki/core/net/uip-split.c:88: BUF->tcpchksum = ~(uip_tcpchksum());
      0000AF 7Er0E            [12] 1308 	mov	r6,#(_uip_aligned_buf + 0x000e)
      0000B1 7Fs00            [12] 1309 	mov	r7,#((_uip_aligned_buf + 0x000e) >> 8)
      0000B3 74 24            [12] 1310 	mov	a,#0x24
      0000B5 2E               [12] 1311 	add	a,r6
      0000B6 FE               [12] 1312 	mov	r6,a
      0000B7 E4               [12] 1313 	clr	a
      0000B8 3F               [12] 1314 	addc	a,r7
      0000B9 FF               [12] 1315 	mov	r7,a
      0000BA C0 07            [24] 1316 	push	ar7
      0000BC C0 06            [24] 1317 	push	ar6
      0000BE 12r00r00         [24] 1318 	lcall	_uip_tcpchksum
      0000C1 AC 82            [24] 1319 	mov	r4,dpl
      0000C3 AD 83            [24] 1320 	mov	r5,dph
      0000C5 D0 06            [24] 1321 	pop	ar6
      0000C7 D0 07            [24] 1322 	pop	ar7
      0000C9 EC               [12] 1323 	mov	a,r4
      0000CA F4               [12] 1324 	cpl	a
      0000CB FC               [12] 1325 	mov	r4,a
      0000CC ED               [12] 1326 	mov	a,r5
      0000CD F4               [12] 1327 	cpl	a
      0000CE FD               [12] 1328 	mov	r5,a
      0000CF 8E 82            [24] 1329 	mov	dpl,r6
      0000D1 8F 83            [24] 1330 	mov	dph,r7
      0000D3 EC               [12] 1331 	mov	a,r4
      0000D4 F0               [24] 1332 	movx	@dptr,a
      0000D5 ED               [12] 1333 	mov	a,r5
      0000D6 A3               [24] 1334 	inc	dptr
      0000D7 F0               [24] 1335 	movx	@dptr,a
                                   1336 ;	/home/user/contiki/core/net/uip-split.c:92: BUF->ipchksum = 0;
      0000D8 7Er0E            [12] 1337 	mov	r6,#(_uip_aligned_buf + 0x000e)
      0000DA 7Fs00            [12] 1338 	mov	r7,#((_uip_aligned_buf + 0x000e) >> 8)
      0000DC 74 0A            [12] 1339 	mov	a,#0x0A
      0000DE 2E               [12] 1340 	add	a,r6
      0000DF F5 82            [12] 1341 	mov	dpl,a
      0000E1 E4               [12] 1342 	clr	a
      0000E2 3F               [12] 1343 	addc	a,r7
      0000E3 F5 83            [12] 1344 	mov	dph,a
      0000E5 E4               [12] 1345 	clr	a
      0000E6 F0               [24] 1346 	movx	@dptr,a
      0000E7 E4               [12] 1347 	clr	a
      0000E8 A3               [24] 1348 	inc	dptr
      0000E9 F0               [24] 1349 	movx	@dptr,a
                                   1350 ;	/home/user/contiki/core/net/uip-split.c:93: BUF->ipchksum = ~(uip_ipchksum());
      0000EA 7Er0E            [12] 1351 	mov	r6,#(_uip_aligned_buf + 0x000e)
      0000EC 7Fs00            [12] 1352 	mov	r7,#((_uip_aligned_buf + 0x000e) >> 8)
      0000EE 74 0A            [12] 1353 	mov	a,#0x0A
      0000F0 2E               [12] 1354 	add	a,r6
      0000F1 FE               [12] 1355 	mov	r6,a
      0000F2 E4               [12] 1356 	clr	a
      0000F3 3F               [12] 1357 	addc	a,r7
      0000F4 FF               [12] 1358 	mov	r7,a
      0000F5 C0 07            [24] 1359 	push	ar7
      0000F7 C0 06            [24] 1360 	push	ar6
      0000F9 12r00r00         [24] 1361 	lcall	_uip_ipchksum
      0000FC AC 82            [24] 1362 	mov	r4,dpl
      0000FE AD 83            [24] 1363 	mov	r5,dph
      000100 D0 06            [24] 1364 	pop	ar6
      000102 D0 07            [24] 1365 	pop	ar7
      000104 EC               [12] 1366 	mov	a,r4
      000105 F4               [12] 1367 	cpl	a
      000106 FC               [12] 1368 	mov	r4,a
      000107 ED               [12] 1369 	mov	a,r5
      000108 F4               [12] 1370 	cpl	a
      000109 FD               [12] 1371 	mov	r5,a
      00010A 8E 82            [24] 1372 	mov	dpl,r6
      00010C 8F 83            [24] 1373 	mov	dph,r7
      00010E EC               [12] 1374 	mov	a,r4
      00010F F0               [24] 1375 	movx	@dptr,a
      000110 ED               [12] 1376 	mov	a,r5
      000111 A3               [24] 1377 	inc	dptr
      000112 F0               [24] 1378 	movx	@dptr,a
                                   1379 ;	/home/user/contiki/core/net/uip-split.c:101: tcpip_output();
      000113 12r00r00         [24] 1380 	lcall	_tcpip_output
                                   1381 ;	/home/user/contiki/core/net/uip-split.c:109: uip_len = len2 + UIP_TCPIP_HLEN;
      000116 A8 81            [24] 1382 	mov	r0,sp
      000118 18               [12] 1383 	dec	r0
      000119 74 28            [12] 1384 	mov	a,#0x28
      00011B 26               [12] 1385 	add	a,@r0
      00011C FE               [12] 1386 	mov	r6,a
      00011D E4               [12] 1387 	clr	a
      00011E 08               [12] 1388 	inc	r0
      00011F 36               [12] 1389 	addc	a,@r0
      000120 FF               [12] 1390 	mov	r7,a
      000121 90r00r00         [24] 1391 	mov	dptr,#_uip_len
      000124 EE               [12] 1392 	mov	a,r6
      000125 F0               [24] 1393 	movx	@dptr,a
      000126 EF               [12] 1394 	mov	a,r7
      000127 A3               [24] 1395 	inc	dptr
      000128 F0               [24] 1396 	movx	@dptr,a
                                   1397 ;	/home/user/contiki/core/net/uip-split.c:116: BUF->len[0] = uip_len >> 8;
      000129 7Cr0E            [12] 1398 	mov	r4,#(_uip_aligned_buf + 0x000e)
      00012B 7Ds00            [12] 1399 	mov	r5,#((_uip_aligned_buf + 0x000e) >> 8)
      00012D 8C 82            [24] 1400 	mov	dpl,r4
      00012F 8D 83            [24] 1401 	mov	dph,r5
      000131 A3               [24] 1402 	inc	dptr
      000132 A3               [24] 1403 	inc	dptr
      000133 8F 05            [24] 1404 	mov	ar5,r7
      000135 ED               [12] 1405 	mov	a,r5
      000136 F0               [24] 1406 	movx	@dptr,a
                                   1407 ;	/home/user/contiki/core/net/uip-split.c:117: BUF->len[1] = uip_len & 0xff;
      000137 7Cr0E            [12] 1408 	mov	r4,#(_uip_aligned_buf + 0x000e)
      000139 7Ds00            [12] 1409 	mov	r5,#((_uip_aligned_buf + 0x000e) >> 8)
      00013B 8C 82            [24] 1410 	mov	dpl,r4
      00013D 8D 83            [24] 1411 	mov	dph,r5
      00013F A3               [24] 1412 	inc	dptr
      000140 A3               [24] 1413 	inc	dptr
      000141 A3               [24] 1414 	inc	dptr
      000142 EE               [12] 1415 	mov	a,r6
      000143 F0               [24] 1416 	movx	@dptr,a
                                   1417 ;	/home/user/contiki/core/net/uip-split.c:121: memcpy(uip_appdata, (uint8_t *)uip_appdata + len1, len2);
      000144 90r00r00         [24] 1418 	mov	dptr,#_uip_appdata
      000147 E0               [24] 1419 	movx	a,@dptr
      000148 FD               [12] 1420 	mov	r5,a
      000149 A3               [24] 1421 	inc	dptr
      00014A E0               [24] 1422 	movx	a,@dptr
      00014B FE               [12] 1423 	mov	r6,a
      00014C A3               [24] 1424 	inc	dptr
      00014D E0               [24] 1425 	movx	a,@dptr
      00014E FF               [12] 1426 	mov	r7,a
      00014F 8D 02            [24] 1427 	mov	ar2,r5
      000151 8E 03            [24] 1428 	mov	ar3,r6
      000153 8F 04            [24] 1429 	mov	ar4,r7
      000155 E5 81            [12] 1430 	mov	a,sp
      000157 24 FD            [12] 1431 	add	a,#0xfd
      000159 F8               [12] 1432 	mov	r0,a
      00015A E6               [12] 1433 	mov	a,@r0
      00015B 2A               [12] 1434 	add	a,r2
      00015C FA               [12] 1435 	mov	r2,a
      00015D 08               [12] 1436 	inc	r0
      00015E E6               [12] 1437 	mov	a,@r0
      00015F 3B               [12] 1438 	addc	a,r3
      000160 FB               [12] 1439 	mov	r3,a
      000161 A8 81            [24] 1440 	mov	r0,sp
      000163 18               [12] 1441 	dec	r0
      000164 E6               [12] 1442 	mov	a,@r0
      000165 C0 E0            [24] 1443 	push	acc
      000167 08               [12] 1444 	inc	r0
      000168 E6               [12] 1445 	mov	a,@r0
      000169 C0 E0            [24] 1446 	push	acc
      00016B C0 02            [24] 1447 	push	ar2
      00016D C0 03            [24] 1448 	push	ar3
      00016F C0 04            [24] 1449 	push	ar4
      000171 8D 82            [24] 1450 	mov	dpl,r5
      000173 8E 83            [24] 1451 	mov	dph,r6
      000175 8F F0            [24] 1452 	mov	b,r7
      000177 12r00r00         [24] 1453 	lcall	_memcpy
      00017A E5 81            [12] 1454 	mov	a,sp
      00017C 24 FB            [12] 1455 	add	a,#0xfb
      00017E F5 81            [12] 1456 	mov	sp,a
                                   1457 ;	/home/user/contiki/core/net/uip-split.c:123: uip_add32(BUF->seqno, len1);
      000180 7Er0E            [12] 1458 	mov	r6,#(_uip_aligned_buf + 0x000e)
      000182 7Fs00            [12] 1459 	mov	r7,#((_uip_aligned_buf + 0x000e) >> 8)
      000184 74 18            [12] 1460 	mov	a,#0x18
      000186 2E               [12] 1461 	add	a,r6
      000187 FE               [12] 1462 	mov	r6,a
      000188 E4               [12] 1463 	clr	a
      000189 3F               [12] 1464 	addc	a,r7
      00018A FF               [12] 1465 	mov	r7,a
      00018B 7D 00            [12] 1466 	mov	r5,#0x00
      00018D E5 81            [12] 1467 	mov	a,sp
      00018F 24 FD            [12] 1468 	add	a,#0xfd
      000191 F8               [12] 1469 	mov	r0,a
      000192 E6               [12] 1470 	mov	a,@r0
      000193 C0 E0            [24] 1471 	push	acc
      000195 08               [12] 1472 	inc	r0
      000196 E6               [12] 1473 	mov	a,@r0
      000197 C0 E0            [24] 1474 	push	acc
      000199 8E 82            [24] 1475 	mov	dpl,r6
      00019B 8F 83            [24] 1476 	mov	dph,r7
      00019D 8D F0            [24] 1477 	mov	b,r5
      00019F 12r00r00         [24] 1478 	lcall	_uip_add32
      0001A2 15 81            [12] 1479 	dec	sp
      0001A4 15 81            [12] 1480 	dec	sp
                                   1481 ;	/home/user/contiki/core/net/uip-split.c:124: BUF->seqno[0] = uip_acc32[0];
      0001A6 7Er0E            [12] 1482 	mov	r6,#(_uip_aligned_buf + 0x000e)
      0001A8 7Fs00            [12] 1483 	mov	r7,#((_uip_aligned_buf + 0x000e) >> 8)
      0001AA 74 18            [12] 1484 	mov	a,#0x18
      0001AC 2E               [12] 1485 	add	a,r6
      0001AD FE               [12] 1486 	mov	r6,a
      0001AE E4               [12] 1487 	clr	a
      0001AF 3F               [12] 1488 	addc	a,r7
      0001B0 FF               [12] 1489 	mov	r7,a
      0001B1 90r00r00         [24] 1490 	mov	dptr,#_uip_acc32
      0001B4 E0               [24] 1491 	movx	a,@dptr
      0001B5 8E 82            [24] 1492 	mov	dpl,r6
      0001B7 8F 83            [24] 1493 	mov	dph,r7
      0001B9 F0               [24] 1494 	movx	@dptr,a
                                   1495 ;	/home/user/contiki/core/net/uip-split.c:125: BUF->seqno[1] = uip_acc32[1];
      0001BA 7Er0E            [12] 1496 	mov	r6,#(_uip_aligned_buf + 0x000e)
      0001BC 7Fs00            [12] 1497 	mov	r7,#((_uip_aligned_buf + 0x000e) >> 8)
      0001BE 74 19            [12] 1498 	mov	a,#0x19
      0001C0 2E               [12] 1499 	add	a,r6
      0001C1 FE               [12] 1500 	mov	r6,a
      0001C2 E4               [12] 1501 	clr	a
      0001C3 3F               [12] 1502 	addc	a,r7
      0001C4 FF               [12] 1503 	mov	r7,a
      0001C5 90r00r01         [24] 1504 	mov	dptr,#(_uip_acc32 + 0x0001)
      0001C8 E0               [24] 1505 	movx	a,@dptr
      0001C9 8E 82            [24] 1506 	mov	dpl,r6
      0001CB 8F 83            [24] 1507 	mov	dph,r7
      0001CD F0               [24] 1508 	movx	@dptr,a
                                   1509 ;	/home/user/contiki/core/net/uip-split.c:126: BUF->seqno[2] = uip_acc32[2];
      0001CE 7Er0E            [12] 1510 	mov	r6,#(_uip_aligned_buf + 0x000e)
      0001D0 7Fs00            [12] 1511 	mov	r7,#((_uip_aligned_buf + 0x000e) >> 8)
      0001D2 74 1A            [12] 1512 	mov	a,#0x1A
      0001D4 2E               [12] 1513 	add	a,r6
      0001D5 FE               [12] 1514 	mov	r6,a
      0001D6 E4               [12] 1515 	clr	a
      0001D7 3F               [12] 1516 	addc	a,r7
      0001D8 FF               [12] 1517 	mov	r7,a
      0001D9 90r00r02         [24] 1518 	mov	dptr,#(_uip_acc32 + 0x0002)
      0001DC E0               [24] 1519 	movx	a,@dptr
      0001DD 8E 82            [24] 1520 	mov	dpl,r6
      0001DF 8F 83            [24] 1521 	mov	dph,r7
      0001E1 F0               [24] 1522 	movx	@dptr,a
                                   1523 ;	/home/user/contiki/core/net/uip-split.c:127: BUF->seqno[3] = uip_acc32[3];
      0001E2 7Er0E            [12] 1524 	mov	r6,#(_uip_aligned_buf + 0x000e)
      0001E4 7Fs00            [12] 1525 	mov	r7,#((_uip_aligned_buf + 0x000e) >> 8)
      0001E6 74 1B            [12] 1526 	mov	a,#0x1B
      0001E8 2E               [12] 1527 	add	a,r6
      0001E9 FE               [12] 1528 	mov	r6,a
      0001EA E4               [12] 1529 	clr	a
      0001EB 3F               [12] 1530 	addc	a,r7
      0001EC FF               [12] 1531 	mov	r7,a
      0001ED 90r00r03         [24] 1532 	mov	dptr,#(_uip_acc32 + 0x0003)
      0001F0 E0               [24] 1533 	movx	a,@dptr
      0001F1 8E 82            [24] 1534 	mov	dpl,r6
      0001F3 8F 83            [24] 1535 	mov	dph,r7
      0001F5 F0               [24] 1536 	movx	@dptr,a
                                   1537 ;	/home/user/contiki/core/net/uip-split.c:130: BUF->tcpchksum = 0;
      0001F6 7Er0E            [12] 1538 	mov	r6,#(_uip_aligned_buf + 0x000e)
      0001F8 7Fs00            [12] 1539 	mov	r7,#((_uip_aligned_buf + 0x000e) >> 8)
      0001FA 74 24            [12] 1540 	mov	a,#0x24
      0001FC 2E               [12] 1541 	add	a,r6
      0001FD F5 82            [12] 1542 	mov	dpl,a
      0001FF E4               [12] 1543 	clr	a
      000200 3F               [12] 1544 	addc	a,r7
      000201 F5 83            [12] 1545 	mov	dph,a
      000203 E4               [12] 1546 	clr	a
      000204 F0               [24] 1547 	movx	@dptr,a
      000205 E4               [12] 1548 	clr	a
      000206 A3               [24] 1549 	inc	dptr
      000207 F0               [24] 1550 	movx	@dptr,a
                                   1551 ;	/home/user/contiki/core/net/uip-split.c:131: BUF->tcpchksum = ~(uip_tcpchksum());
      000208 7Er0E            [12] 1552 	mov	r6,#(_uip_aligned_buf + 0x000e)
      00020A 7Fs00            [12] 1553 	mov	r7,#((_uip_aligned_buf + 0x000e) >> 8)
      00020C 74 24            [12] 1554 	mov	a,#0x24
      00020E 2E               [12] 1555 	add	a,r6
      00020F FE               [12] 1556 	mov	r6,a
      000210 E4               [12] 1557 	clr	a
      000211 3F               [12] 1558 	addc	a,r7
      000212 FF               [12] 1559 	mov	r7,a
      000213 C0 07            [24] 1560 	push	ar7
      000215 C0 06            [24] 1561 	push	ar6
      000217 12r00r00         [24] 1562 	lcall	_uip_tcpchksum
      00021A AC 82            [24] 1563 	mov	r4,dpl
      00021C AD 83            [24] 1564 	mov	r5,dph
      00021E D0 06            [24] 1565 	pop	ar6
      000220 D0 07            [24] 1566 	pop	ar7
      000222 EC               [12] 1567 	mov	a,r4
      000223 F4               [12] 1568 	cpl	a
      000224 FC               [12] 1569 	mov	r4,a
      000225 ED               [12] 1570 	mov	a,r5
      000226 F4               [12] 1571 	cpl	a
      000227 FD               [12] 1572 	mov	r5,a
      000228 8E 82            [24] 1573 	mov	dpl,r6
      00022A 8F 83            [24] 1574 	mov	dph,r7
      00022C EC               [12] 1575 	mov	a,r4
      00022D F0               [24] 1576 	movx	@dptr,a
      00022E ED               [12] 1577 	mov	a,r5
      00022F A3               [24] 1578 	inc	dptr
      000230 F0               [24] 1579 	movx	@dptr,a
                                   1580 ;	/home/user/contiki/core/net/uip-split.c:135: BUF->ipchksum = 0;
      000231 7Er0E            [12] 1581 	mov	r6,#(_uip_aligned_buf + 0x000e)
      000233 7Fs00            [12] 1582 	mov	r7,#((_uip_aligned_buf + 0x000e) >> 8)
      000235 74 0A            [12] 1583 	mov	a,#0x0A
      000237 2E               [12] 1584 	add	a,r6
      000238 F5 82            [12] 1585 	mov	dpl,a
      00023A E4               [12] 1586 	clr	a
      00023B 3F               [12] 1587 	addc	a,r7
      00023C F5 83            [12] 1588 	mov	dph,a
      00023E E4               [12] 1589 	clr	a
      00023F F0               [24] 1590 	movx	@dptr,a
      000240 E4               [12] 1591 	clr	a
      000241 A3               [24] 1592 	inc	dptr
      000242 F0               [24] 1593 	movx	@dptr,a
                                   1594 ;	/home/user/contiki/core/net/uip-split.c:136: BUF->ipchksum = ~(uip_ipchksum());
      000243 7Er0E            [12] 1595 	mov	r6,#(_uip_aligned_buf + 0x000e)
      000245 7Fs00            [12] 1596 	mov	r7,#((_uip_aligned_buf + 0x000e) >> 8)
      000247 74 0A            [12] 1597 	mov	a,#0x0A
      000249 2E               [12] 1598 	add	a,r6
      00024A FE               [12] 1599 	mov	r6,a
      00024B E4               [12] 1600 	clr	a
      00024C 3F               [12] 1601 	addc	a,r7
      00024D FF               [12] 1602 	mov	r7,a
      00024E C0 07            [24] 1603 	push	ar7
      000250 C0 06            [24] 1604 	push	ar6
      000252 12r00r00         [24] 1605 	lcall	_uip_ipchksum
      000255 AC 82            [24] 1606 	mov	r4,dpl
      000257 AD 83            [24] 1607 	mov	r5,dph
      000259 D0 06            [24] 1608 	pop	ar6
      00025B D0 07            [24] 1609 	pop	ar7
      00025D EC               [12] 1610 	mov	a,r4
      00025E F4               [12] 1611 	cpl	a
      00025F FC               [12] 1612 	mov	r4,a
      000260 ED               [12] 1613 	mov	a,r5
      000261 F4               [12] 1614 	cpl	a
      000262 FD               [12] 1615 	mov	r5,a
      000263 8E 82            [24] 1616 	mov	dpl,r6
      000265 8F 83            [24] 1617 	mov	dph,r7
      000267 EC               [12] 1618 	mov	a,r4
      000268 F0               [24] 1619 	movx	@dptr,a
      000269 ED               [12] 1620 	mov	a,r5
      00026A A3               [24] 1621 	inc	dptr
      00026B F0               [24] 1622 	movx	@dptr,a
                                   1623 ;	/home/user/contiki/core/net/uip-split.c:144: tcpip_output();
      00026C 12r00r00         [24] 1624 	lcall	_tcpip_output
                                   1625 ;	/home/user/contiki/core/net/uip-split.c:146: return;
      00026F 80 03            [24] 1626 	sjmp	00106$
      000271                       1627 00104$:
                                   1628 ;	/home/user/contiki/core/net/uip-split.c:154: tcpip_output();
      000271 12r00r00         [24] 1629 	lcall	_tcpip_output
      000274                       1630 00106$:
      000274 E5 81            [12] 1631 	mov	a,sp
      000276 24 FC            [12] 1632 	add	a,#0xFC
      000278 F5 81            [12] 1633 	mov	sp,a
      00027A 22               [24] 1634 	ret
                                   1635 	.area CSEG    (CODE)
                                   1636 	.area CONST   (CODE)
                                   1637 	.area XINIT   (CODE)
                                   1638 	.area CABS    (ABS,CODE)
